#
# There is insufficient memory for the Java Runtime Environment to continue.
# Native memory allocation (malloc) failed to allocate 1104496 bytes for Chunk::new
# Possible reasons:
#   The system is out of physical RAM or swap space
#   The process is running with CompressedOops enabled, and the Java Heap may be blocking the growth of the native heap
# Possible solutions:
#   Reduce memory load on the system
#   Increase physical memory or swap space
#   Check if swap backing store is full
#   Decrease Java heap size (-Xmx/-Xms)
#   Decrease number of Java threads
#   Decrease Java thread stack sizes (-Xss)
#   Set larger code cache with -XX:ReservedCodeCacheSize=
#   JVM is running with Unscaled Compressed Oops mode in which the Java heap is
#     placed in the first 4GB address space. The Java Heap base address is the
#     maximum limit for the native heap growth. Please use -XX:HeapBaseMinAddress
#     to set the Java Heap base and to place the Java Heap above 4GB virtual address.
# This output file may be truncated or incomplete.
#
#  Out of Memory Error (./src/hotspot/share/memory/arena.cpp:197), pid=208, tid=11172
#
# JRE version: OpenJDK Runtime Environment JBR-11.0.12.7-1504.40-jcef (11.0.12+7) (build 11.0.12+7-b1504.40)
# Java VM: OpenJDK 64-Bit Server VM JBR-11.0.12.7-1504.40-jcef (11.0.12+7-b1504.40, mixed mode, tiered, compressed oops, g1 gc, windows-amd64)
# No core dump will be written. Minidumps are not enabled by default on client versions of Windows
#

---------------  S U M M A R Y ------------

Command Line: -XX:MaxMetaspaceSize=256m -XX:+HeapDumpOnOutOfMemoryError --add-opens=java.base/java.util=ALL-UNNAMED --add-opens=java.base/java.lang=ALL-UNNAMED --add-opens=java.base/java.lang.invoke=ALL-UNNAMED --add-opens=java.base/java.util=ALL-UNNAMED --add-opens=java.prefs/java.util.prefs=ALL-UNNAMED --add-opens=java.prefs/java.util.prefs=ALL-UNNAMED --add-opens=java.base/java.nio.charset=ALL-UNNAMED --add-opens=java.base/java.net=ALL-UNNAMED --add-opens=java.base/java.util.concurrent.atomic=ALL-UNNAMED -Xms256m -Xmx512m -Dfile.encoding=windows-1251 -Duser.country=RU -Duser.language=ru -Duser.variant org.gradle.launcher.daemon.bootstrap.GradleDaemon 7.1

Host: Intel(R) Core(TM) i7-7500U CPU @ 2.70GHz, 4 cores, 7G,  Windows 10 , 64 bit Build 19041 (10.0.19041.1202)
Time: Sun Apr 24 01:09:53 2022 RTZ 2 (зима) elapsed time: 3.739200 seconds (0d 0h 0m 3s)

---------------  T H R E A D  ---------------

Current thread (0x000002594842a000):  JavaThread "C2 CompilerThread0" daemon [_thread_in_native, id=11172, stack(0x000000c60b600000,0x000000c60b700000)]


Current CompileTask:
C2:   3739 2747  s!   4       jdk.internal.loader.URLClassPath::getLoader (194 bytes)

Stack: [0x000000c60b600000,0x000000c60b700000]
Native frames: (J=compiled Java code, j=interpreted, Vv=VM code, C=native code)
V  [jvm.dll+0x5ff40a]
V  [jvm.dll+0x783b65]
V  [jvm.dll+0x78517d]
V  [jvm.dll+0x785833]
V  [jvm.dll+0x249408]
V  [jvm.dll+0xc12ac]
V  [jvm.dll+0xc17dc]
V  [jvm.dll+0x35d02d]
V  [jvm.dll+0x32a383]
V  [jvm.dll+0x32987a]
V  [jvm.dll+0x201f92]
V  [jvm.dll+0x201124]
V  [jvm.dll+0x18ae6c]
V  [jvm.dll+0x20fb97]
V  [jvm.dll+0x20e3c1]
V  [jvm.dll+0x74b88f]
V  [jvm.dll+0x744355]
V  [jvm.dll+0x5fe316]
C  [ucrtbase.dll+0x21bb2]
C  [KERNEL32.DLL+0x17034]
C  [ntdll.dll+0x52651]


---------------  P R O C E S S  ---------------

Threads class SMR info:
_java_thread_list=0x000002594c26cb30, length=35, elements={
0x0000025930ff6800, 0x0000025947b9c000, 0x0000025947b92000, 0x0000025948420000,
0x0000025948423000, 0x0000025948425000, 0x000002594842a000, 0x000002594842e800,
0x0000025948437800, 0x00000259485ca800, 0x0000025948694000, 0x000002594ad86800,
0x00000259498e0000, 0x000002594aba6000, 0x000002594bb33000, 0x0000025949e69000,
0x000002594b19b800, 0x0000025949a8b800, 0x000002594af9f800, 0x0000025949ee3800,
0x000002594a9b6000, 0x000002594a9b3800, 0x000002594a9b0800, 0x000002594a9b4800,
0x000002594a9b5000, 0x000002594a9b7000, 0x000002594a9b1000, 0x000002594a9b2000,
0x000002594a9b2800, 0x000002594b608000, 0x000002594b605800, 0x000002594b604000,
0x000002594b604800, 0x000002594b606000, 0x000002594b607000
}

Java Threads: ( => current thread )
  0x0000025930ff6800 JavaThread "main" [_thread_blocked, id=10060, stack(0x000000c60aa00000,0x000000c60ab00000)]
  0x0000025947b9c000 JavaThread "Reference Handler" daemon [_thread_blocked, id=3444, stack(0x000000c60b100000,0x000000c60b200000)]
  0x0000025947b92000 JavaThread "Finalizer" daemon [_thread_blocked, id=4808, stack(0x000000c60b200000,0x000000c60b300000)]
  0x0000025948420000 JavaThread "Signal Dispatcher" daemon [_thread_blocked, id=6392, stack(0x000000c60b300000,0x000000c60b400000)]
  0x0000025948423000 JavaThread "Attach Listener" daemon [_thread_blocked, id=9788, stack(0x000000c60b400000,0x000000c60b500000)]
  0x0000025948425000 JavaThread "Service Thread" daemon [_thread_blocked, id=5340, stack(0x000000c60b500000,0x000000c60b600000)]
=>0x000002594842a000 JavaThread "C2 CompilerThread0" daemon [_thread_in_native, id=11172, stack(0x000000c60b600000,0x000000c60b700000)]
  0x000002594842e800 JavaThread "C1 CompilerThread0" daemon [_thread_in_native, id=10020, stack(0x000000c60b700000,0x000000c60b800000)]
  0x0000025948437800 JavaThread "Sweeper thread" daemon [_thread_blocked, id=10100, stack(0x000000c60b800000,0x000000c60b900000)]
  0x00000259485ca800 JavaThread "Common-Cleaner" daemon [_thread_blocked, id=9264, stack(0x000000c60b900000,0x000000c60ba00000)]
  0x0000025948694000 JavaThread "C2 CompilerThread1" daemon [_thread_in_native, id=9664, stack(0x000000c60bb00000,0x000000c60bc00000)]
  0x000002594ad86800 JavaThread "Daemon health stats" [_thread_blocked, id=11176, stack(0x000000c60bf00000,0x000000c60c000000)]
  0x00000259498e0000 JavaThread "Incoming local TCP Connector on port 60092" [_thread_in_native, id=7576, stack(0x000000c60c000000,0x000000c60c100000)]
  0x000002594aba6000 JavaThread "Daemon periodic checks" [_thread_blocked, id=10680, stack(0x000000c60c100000,0x000000c60c200000)]
  0x000002594bb33000 JavaThread "Daemon" [_thread_blocked, id=8092, stack(0x000000c60c200000,0x000000c60c300000)]
  0x0000025949e69000 JavaThread "Handler for socket connection from /127.0.0.1:60092 to /127.0.0.1:60093" [_thread_in_native, id=8156, stack(0x000000c60c300000,0x000000c60c400000)]
  0x000002594b19b800 JavaThread "Cancel handler" [_thread_blocked, id=6152, stack(0x000000c60c400000,0x000000c60c500000)]
  0x0000025949a8b800 JavaThread "Daemon worker" [_thread_in_Java, id=8216, stack(0x000000c60c500000,0x000000c60c600000)]
  0x000002594af9f800 JavaThread "Asynchronous log dispatcher for DefaultDaemonConnection: socket connection from /127.0.0.1:60092 to /127.0.0.1:60093" [_thread_blocked, id=4308, stack(0x000000c60c600000,0x000000c60c700000)]
  0x0000025949ee3800 JavaThread "Stdin handler" [_thread_blocked, id=8004, stack(0x000000c60c700000,0x000000c60c800000)]
  0x000002594a9b6000 JavaThread "Daemon client event forwarder" [_thread_blocked, id=5304, stack(0x000000c60c800000,0x000000c60c900000)]
  0x000002594a9b3800 JavaThread "Cache worker for journal cache (C:\Users\Lenovo\.gradle\caches\journal-1)" [_thread_blocked, id=4900, stack(0x000000c60c900000,0x000000c60ca00000)]
  0x000002594a9b0800 JavaThread "File lock request listener" [_thread_in_native, id=8516, stack(0x000000c60ca00000,0x000000c60cb00000)]
  0x000002594a9b4800 JavaThread "Cache worker for file hash cache (C:\Users\Lenovo\.gradle\caches\7.1\fileHashes)" [_thread_blocked, id=260, stack(0x000000c60cb00000,0x000000c60cc00000)]
  0x000002594a9b5000 JavaThread "Cache worker for file hash cache (C:\Users\Lenovo\IdeaProjects\softdev-2022-spring-task-3\.gradle\7.1\fileHashes)" [_thread_blocked, id=9736, stack(0x000000c60cc00000,0x000000c60cd00000)]
  0x000002594a9b7000 JavaThread "File watcher server" daemon [_thread_in_native, id=8372, stack(0x000000c60cd00000,0x000000c60ce00000)]
  0x000002594a9b1000 JavaThread "File watcher consumer" daemon [_thread_blocked, id=3428, stack(0x000000c60ce00000,0x000000c60cf00000)]
  0x000002594a9b2000 JavaThread "jar transforms" [_thread_blocked, id=7348, stack(0x000000c60cf00000,0x000000c60d000000)]
  0x000002594a9b2800 JavaThread "jar transforms Thread 2" [_thread_blocked, id=7940, stack(0x000000c60d000000,0x000000c60d100000)]
  0x000002594b608000 JavaThread "jar transforms Thread 3" [_thread_blocked, id=10468, stack(0x000000c60d100000,0x000000c60d200000)]
  0x000002594b605800 JavaThread "jar transforms Thread 4" [_thread_blocked, id=8176, stack(0x000000c60d200000,0x000000c60d300000)]
  0x000002594b604000 JavaThread "Cache worker for checksums cache (C:\Users\Lenovo\IdeaProjects\softdev-2022-spring-task-3\.gradle\checksums)" [_thread_blocked, id=11240, stack(0x000000c60d300000,0x000000c60d400000)]
  0x000002594b604800 JavaThread "Cache worker for cache directory md-supplier (C:\Users\Lenovo\.gradle\caches\7.1\md-supplier)" [_thread_blocked, id=10448, stack(0x000000c60d400000,0x000000c60d500000)]
  0x000002594b606000 JavaThread "Cache worker for cache directory md-rule (C:\Users\Lenovo\.gradle\caches\7.1\md-rule)" [_thread_blocked, id=1152, stack(0x000000c60d500000,0x000000c60d600000)]
  0x000002594b607000 JavaThread "Cache worker for execution history cache (C:\Users\Lenovo\.gradle\caches\7.1\executionHistory)" [_thread_blocked, id=10904, stack(0x000000c60d600000,0x000000c60d700000)]

Other Threads:
  0x0000025947b89800 VMThread "VM Thread" [stack: 0x000000c60b000000,0x000000c60b100000] [id=8536]
  0x0000025948607800 WatcherThread [stack: 0x000000c60ba00000,0x000000c60bb00000] [id=10332]
  0x0000025931010000 GCTaskThread "GC Thread#0" [stack: 0x000000c60ab00000,0x000000c60ac00000] [id=10956]
  0x000002594929b800 GCTaskThread "GC Thread#1" [stack: 0x000000c60bc00000,0x000000c60bd00000] [id=9976]
  0x0000025948ee6000 GCTaskThread "GC Thread#2" [stack: 0x000000c60bd00000,0x000000c60be00000] [id=10024]
  0x0000025949245800 GCTaskThread "GC Thread#3" [stack: 0x000000c60be00000,0x000000c60bf00000] [id=6788]
  0x0000025931021800 ConcurrentGCThread "G1 Main Marker" [stack: 0x000000c60ac00000,0x000000c60ad00000] [id=3008]
  0x0000025931024000 ConcurrentGCThread "G1 Conc#0" [stack: 0x000000c60ad00000,0x000000c60ae00000] [id=1452]
  0x00000259310de000 ConcurrentGCThread "G1 Refine#0" [stack: 0x000000c60ae00000,0x000000c60af00000] [id=2016]
  0x0000025947a20800 ConcurrentGCThread "G1 Young RemSet Sampling" [stack: 0x000000c60af00000,0x000000c60b000000] [id=7912]

Threads with active compile tasks:
C2 CompilerThread0   3751 2747  s!   4       jdk.internal.loader.URLClassPath::getLoader (194 bytes)
C1 CompilerThread0   3751 2883       3       org.codehaus.groovy.util.ManagedReference::<init> (40 bytes)
C2 CompilerThread1   3751 2731       4       jdk.internal.loader.URLClassPath::getResource (74 bytes)

VM state:not at safepoint (normal execution)

VM Mutex/Monitor currently owned by a thread: None

Heap address: 0x00000000e0000000, size: 512 MB, Compressed Oops mode: 32-bit
Narrow klass base: 0x0000000000000000, Narrow klass shift: 3
Compressed class space size: 260046848 Address: 0x0000000100000000

Heap:
 garbage-first heap   total 262144K, used 85118K [0x00000000e0000000, 0x0000000100000000)
  region size 1024K, 61 young (62464K), 8 survivors (8192K)
 Metaspace       used 33082K, capacity 34045K, committed 34176K, reserved 284672K
  class space    used 4413K, capacity 4729K, committed 4736K, reserved 253952K
Heap Regions: E=young(eden), S=young(survivor), O=old, HS=humongous(starts), HC=humongous(continues), CS=collection set, F=free, A=archive, TAMS=top-at-mark-start (previous, next)
|   0|0x00000000e0000000, 0x00000000e0100000, 0x00000000e0100000|100%| O|  |TAMS 0x00000000e0100000, 0x00000000e0000000| Untracked 
|   1|0x00000000e0100000, 0x00000000e0200000, 0x00000000e0200000|100%| O|  |TAMS 0x00000000e0200000, 0x00000000e0100000| Untracked 
|   2|0x00000000e0200000, 0x00000000e0300000, 0x00000000e0300000|100%| O|  |TAMS 0x00000000e0300000, 0x00000000e0200000| Untracked 
|   3|0x00000000e0300000, 0x00000000e0400000, 0x00000000e0400000|100%|HS|  |TAMS 0x00000000e0400000, 0x00000000e0300000| Complete 
|   4|0x00000000e0400000, 0x00000000e0500000, 0x00000000e0500000|100%|HC|  |TAMS 0x00000000e0500000, 0x00000000e0400000| Complete 
|   5|0x00000000e0500000, 0x00000000e0600000, 0x00000000e0600000|100%|HC|  |TAMS 0x00000000e0600000, 0x00000000e0500000| Complete 
|   6|0x00000000e0600000, 0x00000000e0700000, 0x00000000e0700000|100%| O|  |TAMS 0x00000000e0700000, 0x00000000e0600000| Untracked 
|   7|0x00000000e0700000, 0x00000000e0800000, 0x00000000e0800000|100%| O|  |TAMS 0x00000000e0800000, 0x00000000e0700000| Untracked 
|   8|0x00000000e0800000, 0x00000000e0900000, 0x00000000e0900000|100%| O|  |TAMS 0x00000000e0900000, 0x00000000e0800000| Untracked 
|   9|0x00000000e0900000, 0x00000000e0a00000, 0x00000000e0a00000|100%| O|  |TAMS 0x00000000e0a00000, 0x00000000e0900000| Untracked 
|  10|0x00000000e0a00000, 0x00000000e0b00000, 0x00000000e0b00000|100%| O|  |TAMS 0x00000000e0b00000, 0x00000000e0a00000| Untracked 
|  11|0x00000000e0b00000, 0x00000000e0c00000, 0x00000000e0c00000|100%| O|  |TAMS 0x00000000e0c00000, 0x00000000e0b00000| Untracked 
|  12|0x00000000e0c00000, 0x00000000e0d00000, 0x00000000e0d00000|100%| O|  |TAMS 0x00000000e0d00000, 0x00000000e0c00000| Untracked 
|  13|0x00000000e0d00000, 0x00000000e0d1fa00, 0x00000000e0e00000| 12%| O|  |TAMS 0x00000000e0d1fa00, 0x00000000e0d00000| Untracked 
|  14|0x00000000e0e00000, 0x00000000e0f00000, 0x00000000e0f00000|100%|HS|  |TAMS 0x00000000e0e00000, 0x00000000e0e00000| Complete 
|  15|0x00000000e0f00000, 0x00000000e1000000, 0x00000000e1000000|100%|HC|  |TAMS 0x00000000e0f00000, 0x00000000e0f00000| Complete 
|  16|0x00000000e1000000, 0x00000000e1100000, 0x00000000e1100000|100%|HS|  |TAMS 0x00000000e1000000, 0x00000000e1000000| Complete 
|  17|0x00000000e1100000, 0x00000000e1200000, 0x00000000e1200000|100%|HC|  |TAMS 0x00000000e1100000, 0x00000000e1100000| Complete 
|  18|0x00000000e1200000, 0x00000000e1300000, 0x00000000e1300000|100%|HC|  |TAMS 0x00000000e1200000, 0x00000000e1200000| Complete 
|  19|0x00000000e1300000, 0x00000000e1400000, 0x00000000e1400000|100%|HS|  |TAMS 0x00000000e1300000, 0x00000000e1300000| Complete 
|  20|0x00000000e1400000, 0x00000000e1500000, 0x00000000e1500000|100%|HS|  |TAMS 0x00000000e1400000, 0x00000000e1400000| Complete 
|  21|0x00000000e1500000, 0x00000000e1600000, 0x00000000e1600000|100%|HC|  |TAMS 0x00000000e1500000, 0x00000000e1500000| Complete 
|  22|0x00000000e1600000, 0x00000000e1700000, 0x00000000e1700000|100%|HC|  |TAMS 0x00000000e1600000, 0x00000000e1600000| Complete 
|  23|0x00000000e1700000, 0x00000000e1800000, 0x00000000e1800000|100%|HC|  |TAMS 0x00000000e1700000, 0x00000000e1700000| Complete 
|  24|0x00000000e1800000, 0x00000000e1800000, 0x00000000e1900000|  0%| F|  |TAMS 0x00000000e1800000, 0x00000000e1800000| Untracked 
|  25|0x00000000e1900000, 0x00000000e1900000, 0x00000000e1a00000|  0%| F|  |TAMS 0x00000000e1900000, 0x00000000e1900000| Untracked 
|  26|0x00000000e1a00000, 0x00000000e1a00000, 0x00000000e1b00000|  0%| F|  |TAMS 0x00000000e1a00000, 0x00000000e1a00000| Untracked 
|  27|0x00000000e1b00000, 0x00000000e1b00000, 0x00000000e1c00000|  0%| F|  |TAMS 0x00000000e1b00000, 0x00000000e1b00000| Untracked 
|  28|0x00000000e1c00000, 0x00000000e1c00000, 0x00000000e1d00000|  0%| F|  |TAMS 0x00000000e1c00000, 0x00000000e1c00000| Untracked 
|  29|0x00000000e1d00000, 0x00000000e1d00000, 0x00000000e1e00000|  0%| F|  |TAMS 0x00000000e1d00000, 0x00000000e1d00000| Untracked 
|  30|0x00000000e1e00000, 0x00000000e1e00000, 0x00000000e1f00000|  0%| F|  |TAMS 0x00000000e1e00000, 0x00000000e1e00000| Untracked 
|  31|0x00000000e1f00000, 0x00000000e1f00000, 0x00000000e2000000|  0%| F|  |TAMS 0x00000000e1f00000, 0x00000000e1f00000| Untracked 
|  32|0x00000000e2000000, 0x00000000e2000000, 0x00000000e2100000|  0%| F|  |TAMS 0x00000000e2000000, 0x00000000e2000000| Untracked 
|  33|0x00000000e2100000, 0x00000000e2100000, 0x00000000e2200000|  0%| F|  |TAMS 0x00000000e2100000, 0x00000000e2100000| Untracked 
|  34|0x00000000e2200000, 0x00000000e2200000, 0x00000000e2300000|  0%| F|  |TAMS 0x00000000e2200000, 0x00000000e2200000| Untracked 
|  35|0x00000000e2300000, 0x00000000e2300000, 0x00000000e2400000|  0%| F|  |TAMS 0x00000000e2300000, 0x00000000e2300000| Untracked 
|  36|0x00000000e2400000, 0x00000000e2400000, 0x00000000e2500000|  0%| F|  |TAMS 0x00000000e2400000, 0x00000000e2400000| Untracked 
|  37|0x00000000e2500000, 0x00000000e2500000, 0x00000000e2600000|  0%| F|  |TAMS 0x00000000e2500000, 0x00000000e2500000| Untracked 
|  38|0x00000000e2600000, 0x00000000e2600000, 0x00000000e2700000|  0%| F|  |TAMS 0x00000000e2600000, 0x00000000e2600000| Untracked 
|  39|0x00000000e2700000, 0x00000000e2700000, 0x00000000e2800000|  0%| F|  |TAMS 0x00000000e2700000, 0x00000000e2700000| Untracked 
|  40|0x00000000e2800000, 0x00000000e2800000, 0x00000000e2900000|  0%| F|  |TAMS 0x00000000e2800000, 0x00000000e2800000| Untracked 
|  41|0x00000000e2900000, 0x00000000e2900000, 0x00000000e2a00000|  0%| F|  |TAMS 0x00000000e2900000, 0x00000000e2900000| Untracked 
|  42|0x00000000e2a00000, 0x00000000e2a00000, 0x00000000e2b00000|  0%| F|  |TAMS 0x00000000e2a00000, 0x00000000e2a00000| Untracked 
|  43|0x00000000e2b00000, 0x00000000e2b00000, 0x00000000e2c00000|  0%| F|  |TAMS 0x00000000e2b00000, 0x00000000e2b00000| Untracked 
|  44|0x00000000e2c00000, 0x00000000e2c00000, 0x00000000e2d00000|  0%| F|  |TAMS 0x00000000e2c00000, 0x00000000e2c00000| Untracked 
|  45|0x00000000e2d00000, 0x00000000e2d00000, 0x00000000e2e00000|  0%| F|  |TAMS 0x00000000e2d00000, 0x00000000e2d00000| Untracked 
|  46|0x00000000e2e00000, 0x00000000e2e00000, 0x00000000e2f00000|  0%| F|  |TAMS 0x00000000e2e00000, 0x00000000e2e00000| Untracked 
|  47|0x00000000e2f00000, 0x00000000e2f00000, 0x00000000e3000000|  0%| F|  |TAMS 0x00000000e2f00000, 0x00000000e2f00000| Untracked 
|  48|0x00000000e3000000, 0x00000000e3000000, 0x00000000e3100000|  0%| F|  |TAMS 0x00000000e3000000, 0x00000000e3000000| Untracked 
|  49|0x00000000e3100000, 0x00000000e3100000, 0x00000000e3200000|  0%| F|  |TAMS 0x00000000e3100000, 0x00000000e3100000| Untracked 
|  50|0x00000000e3200000, 0x00000000e3200000, 0x00000000e3300000|  0%| F|  |TAMS 0x00000000e3200000, 0x00000000e3200000| Untracked 
|  51|0x00000000e3300000, 0x00000000e3300000, 0x00000000e3400000|  0%| F|  |TAMS 0x00000000e3300000, 0x00000000e3300000| Untracked 
|  52|0x00000000e3400000, 0x00000000e3400000, 0x00000000e3500000|  0%| F|  |TAMS 0x00000000e3400000, 0x00000000e3400000| Untracked 
|  53|0x00000000e3500000, 0x00000000e3500000, 0x00000000e3600000|  0%| F|  |TAMS 0x00000000e3500000, 0x00000000e3500000| Untracked 
|  54|0x00000000e3600000, 0x00000000e3600000, 0x00000000e3700000|  0%| F|  |TAMS 0x00000000e3600000, 0x00000000e3600000| Untracked 
|  55|0x00000000e3700000, 0x00000000e3700000, 0x00000000e3800000|  0%| F|  |TAMS 0x00000000e3700000, 0x00000000e3700000| Untracked 
|  56|0x00000000e3800000, 0x00000000e3800000, 0x00000000e3900000|  0%| F|  |TAMS 0x00000000e3800000, 0x00000000e3800000| Untracked 
|  57|0x00000000e3900000, 0x00000000e3900000, 0x00000000e3a00000|  0%| F|  |TAMS 0x00000000e3900000, 0x00000000e3900000| Untracked 
|  58|0x00000000e3a00000, 0x00000000e3a00000, 0x00000000e3b00000|  0%| F|  |TAMS 0x00000000e3a00000, 0x00000000e3a00000| Untracked 
|  59|0x00000000e3b00000, 0x00000000e3b00000, 0x00000000e3c00000|  0%| F|  |TAMS 0x00000000e3b00000, 0x00000000e3b00000| Untracked 
|  60|0x00000000e3c00000, 0x00000000e3c00000, 0x00000000e3d00000|  0%| F|  |TAMS 0x00000000e3c00000, 0x00000000e3c00000| Untracked 
|  61|0x00000000e3d00000, 0x00000000e3d00000, 0x00000000e3e00000|  0%| F|  |TAMS 0x00000000e3d00000, 0x00000000e3d00000| Untracked 
|  62|0x00000000e3e00000, 0x00000000e3e00000, 0x00000000e3f00000|  0%| F|  |TAMS 0x00000000e3e00000, 0x00000000e3e00000| Untracked 
|  63|0x00000000e3f00000, 0x00000000e3f00000, 0x00000000e4000000|  0%| F|  |TAMS 0x00000000e3f00000, 0x00000000e3f00000| Untracked 
|  64|0x00000000e4000000, 0x00000000e4000000, 0x00000000e4100000|  0%| F|  |TAMS 0x00000000e4000000, 0x00000000e4000000| Untracked 
|  65|0x00000000e4100000, 0x00000000e4100000, 0x00000000e4200000|  0%| F|  |TAMS 0x00000000e4100000, 0x00000000e4100000| Untracked 
|  66|0x00000000e4200000, 0x00000000e4200000, 0x00000000e4300000|  0%| F|  |TAMS 0x00000000e4200000, 0x00000000e4200000| Untracked 
|  67|0x00000000e4300000, 0x00000000e4300000, 0x00000000e4400000|  0%| F|  |TAMS 0x00000000e4300000, 0x00000000e4300000| Untracked 
|  68|0x00000000e4400000, 0x00000000e4400000, 0x00000000e4500000|  0%| F|  |TAMS 0x00000000e4400000, 0x00000000e4400000| Untracked 
|  69|0x00000000e4500000, 0x00000000e4500000, 0x00000000e4600000|  0%| F|  |TAMS 0x00000000e4500000, 0x00000000e4500000| Untracked 
|  70|0x00000000e4600000, 0x00000000e4600000, 0x00000000e4700000|  0%| F|  |TAMS 0x00000000e4600000, 0x00000000e4600000| Untracked 
|  71|0x00000000e4700000, 0x00000000e4700000, 0x00000000e4800000|  0%| F|  |TAMS 0x00000000e4700000, 0x00000000e4700000| Untracked 
|  72|0x00000000e4800000, 0x00000000e4800000, 0x00000000e4900000|  0%| F|  |TAMS 0x00000000e4800000, 0x00000000e4800000| Untracked 
|  73|0x00000000e4900000, 0x00000000e4900000, 0x00000000e4a00000|  0%| F|  |TAMS 0x00000000e4900000, 0x00000000e4900000| Untracked 
|  74|0x00000000e4a00000, 0x00000000e4a00000, 0x00000000e4b00000|  0%| F|  |TAMS 0x00000000e4a00000, 0x00000000e4a00000| Untracked 
|  75|0x00000000e4b00000, 0x00000000e4b00000, 0x00000000e4c00000|  0%| F|  |TAMS 0x00000000e4b00000, 0x00000000e4b00000| Untracked 
|  76|0x00000000e4c00000, 0x00000000e4c00000, 0x00000000e4d00000|  0%| F|  |TAMS 0x00000000e4c00000, 0x00000000e4c00000| Untracked 
|  77|0x00000000e4d00000, 0x00000000e4d00000, 0x00000000e4e00000|  0%| F|  |TAMS 0x00000000e4d00000, 0x00000000e4d00000| Untracked 
|  78|0x00000000e4e00000, 0x00000000e4e00000, 0x00000000e4f00000|  0%| F|  |TAMS 0x00000000e4e00000, 0x00000000e4e00000| Untracked 
|  79|0x00000000e4f00000, 0x00000000e4f00000, 0x00000000e5000000|  0%| F|  |TAMS 0x00000000e4f00000, 0x00000000e4f00000| Untracked 
|  80|0x00000000e5000000, 0x00000000e5000000, 0x00000000e5100000|  0%| F|  |TAMS 0x00000000e5000000, 0x00000000e5000000| Untracked 
|  81|0x00000000e5100000, 0x00000000e5100000, 0x00000000e5200000|  0%| F|  |TAMS 0x00000000e5100000, 0x00000000e5100000| Untracked 
|  82|0x00000000e5200000, 0x00000000e5200000, 0x00000000e5300000|  0%| F|  |TAMS 0x00000000e5200000, 0x00000000e5200000| Untracked 
|  83|0x00000000e5300000, 0x00000000e5300000, 0x00000000e5400000|  0%| F|  |TAMS 0x00000000e5300000, 0x00000000e5300000| Untracked 
|  84|0x00000000e5400000, 0x00000000e5400000, 0x00000000e5500000|  0%| F|  |TAMS 0x00000000e5400000, 0x00000000e5400000| Untracked 
|  85|0x00000000e5500000, 0x00000000e5500000, 0x00000000e5600000|  0%| F|  |TAMS 0x00000000e5500000, 0x00000000e5500000| Untracked 
|  86|0x00000000e5600000, 0x00000000e5600000, 0x00000000e5700000|  0%| F|  |TAMS 0x00000000e5600000, 0x00000000e5600000| Untracked 
|  87|0x00000000e5700000, 0x00000000e5700000, 0x00000000e5800000|  0%| F|  |TAMS 0x00000000e5700000, 0x00000000e5700000| Untracked 
|  88|0x00000000e5800000, 0x00000000e5800000, 0x00000000e5900000|  0%| F|  |TAMS 0x00000000e5800000, 0x00000000e5800000| Untracked 
|  89|0x00000000e5900000, 0x00000000e5900000, 0x00000000e5a00000|  0%| F|  |TAMS 0x00000000e5900000, 0x00000000e5900000| Untracked 
|  90|0x00000000e5a00000, 0x00000000e5a00000, 0x00000000e5b00000|  0%| F|  |TAMS 0x00000000e5a00000, 0x00000000e5a00000| Untracked 
|  91|0x00000000e5b00000, 0x00000000e5b00000, 0x00000000e5c00000|  0%| F|  |TAMS 0x00000000e5b00000, 0x00000000e5b00000| Untracked 
|  92|0x00000000e5c00000, 0x00000000e5c00000, 0x00000000e5d00000|  0%| F|  |TAMS 0x00000000e5c00000, 0x00000000e5c00000| Untracked 
|  93|0x00000000e5d00000, 0x00000000e5d00000, 0x00000000e5e00000|  0%| F|  |TAMS 0x00000000e5d00000, 0x00000000e5d00000| Untracked 
|  94|0x00000000e5e00000, 0x00000000e5e00000, 0x00000000e5f00000|  0%| F|  |TAMS 0x00000000e5e00000, 0x00000000e5e00000| Untracked 
|  95|0x00000000e5f00000, 0x00000000e5f00000, 0x00000000e6000000|  0%| F|  |TAMS 0x00000000e5f00000, 0x00000000e5f00000| Untracked 
|  96|0x00000000e6000000, 0x00000000e6000000, 0x00000000e6100000|  0%| F|  |TAMS 0x00000000e6000000, 0x00000000e6000000| Untracked 
|  97|0x00000000e6100000, 0x00000000e6100000, 0x00000000e6200000|  0%| F|  |TAMS 0x00000000e6100000, 0x00000000e6100000| Untracked 
|  98|0x00000000e6200000, 0x00000000e6200000, 0x00000000e6300000|  0%| F|  |TAMS 0x00000000e6200000, 0x00000000e6200000| Untracked 
|  99|0x00000000e6300000, 0x00000000e6300000, 0x00000000e6400000|  0%| F|  |TAMS 0x00000000e6300000, 0x00000000e6300000| Untracked 
| 100|0x00000000e6400000, 0x00000000e6400000, 0x00000000e6500000|  0%| F|  |TAMS 0x00000000e6400000, 0x00000000e6400000| Untracked 
| 101|0x00000000e6500000, 0x00000000e6500000, 0x00000000e6600000|  0%| F|  |TAMS 0x00000000e6500000, 0x00000000e6500000| Untracked 
| 102|0x00000000e6600000, 0x00000000e6600000, 0x00000000e6700000|  0%| F|  |TAMS 0x00000000e6600000, 0x00000000e6600000| Untracked 
| 103|0x00000000e6700000, 0x00000000e6700000, 0x00000000e6800000|  0%| F|  |TAMS 0x00000000e6700000, 0x00000000e6700000| Untracked 
| 104|0x00000000e6800000, 0x00000000e6800000, 0x00000000e6900000|  0%| F|  |TAMS 0x00000000e6800000, 0x00000000e6800000| Untracked 
| 105|0x00000000e6900000, 0x00000000e6900000, 0x00000000e6a00000|  0%| F|  |TAMS 0x00000000e6900000, 0x00000000e6900000| Untracked 
| 106|0x00000000e6a00000, 0x00000000e6a00000, 0x00000000e6b00000|  0%| F|  |TAMS 0x00000000e6a00000, 0x00000000e6a00000| Untracked 
| 107|0x00000000e6b00000, 0x00000000e6b00000, 0x00000000e6c00000|  0%| F|  |TAMS 0x00000000e6b00000, 0x00000000e6b00000| Untracked 
| 108|0x00000000e6c00000, 0x00000000e6c00000, 0x00000000e6d00000|  0%| F|  |TAMS 0x00000000e6c00000, 0x00000000e6c00000| Untracked 
| 109|0x00000000e6d00000, 0x00000000e6d00000, 0x00000000e6e00000|  0%| F|  |TAMS 0x00000000e6d00000, 0x00000000e6d00000| Untracked 
| 110|0x00000000e6e00000, 0x00000000e6e00000, 0x00000000e6f00000|  0%| F|  |TAMS 0x00000000e6e00000, 0x00000000e6e00000| Untracked 
| 111|0x00000000e6f00000, 0x00000000e6f00000, 0x00000000e7000000|  0%| F|  |TAMS 0x00000000e6f00000, 0x00000000e6f00000| Untracked 
| 112|0x00000000e7000000, 0x00000000e7000000, 0x00000000e7100000|  0%| F|  |TAMS 0x00000000e7000000, 0x00000000e7000000| Untracked 
| 113|0x00000000e7100000, 0x00000000e7100000, 0x00000000e7200000|  0%| F|  |TAMS 0x00000000e7100000, 0x00000000e7100000| Untracked 
| 114|0x00000000e7200000, 0x00000000e7200000, 0x00000000e7300000|  0%| F|  |TAMS 0x00000000e7200000, 0x00000000e7200000| Untracked 
| 115|0x00000000e7300000, 0x00000000e7300000, 0x00000000e7400000|  0%| F|  |TAMS 0x00000000e7300000, 0x00000000e7300000| Untracked 
| 116|0x00000000e7400000, 0x00000000e7400000, 0x00000000e7500000|  0%| F|  |TAMS 0x00000000e7400000, 0x00000000e7400000| Untracked 
| 117|0x00000000e7500000, 0x00000000e7500000, 0x00000000e7600000|  0%| F|  |TAMS 0x00000000e7500000, 0x00000000e7500000| Untracked 
| 118|0x00000000e7600000, 0x00000000e7600000, 0x00000000e7700000|  0%| F|  |TAMS 0x00000000e7600000, 0x00000000e7600000| Untracked 
| 119|0x00000000e7700000, 0x00000000e7700000, 0x00000000e7800000|  0%| F|  |TAMS 0x00000000e7700000, 0x00000000e7700000| Untracked 
| 120|0x00000000e7800000, 0x00000000e7800000, 0x00000000e7900000|  0%| F|  |TAMS 0x00000000e7800000, 0x00000000e7800000| Untracked 
| 121|0x00000000e7900000, 0x00000000e7900000, 0x00000000e7a00000|  0%| F|  |TAMS 0x00000000e7900000, 0x00000000e7900000| Untracked 
| 122|0x00000000e7a00000, 0x00000000e7a00000, 0x00000000e7b00000|  0%| F|  |TAMS 0x00000000e7a00000, 0x00000000e7a00000| Untracked 
| 123|0x00000000e7b00000, 0x00000000e7b00000, 0x00000000e7c00000|  0%| F|  |TAMS 0x00000000e7b00000, 0x00000000e7b00000| Untracked 
| 124|0x00000000e7c00000, 0x00000000e7c00000, 0x00000000e7d00000|  0%| F|  |TAMS 0x00000000e7c00000, 0x00000000e7c00000| Untracked 
| 125|0x00000000e7d00000, 0x00000000e7d00000, 0x00000000e7e00000|  0%| F|  |TAMS 0x00000000e7d00000, 0x00000000e7d00000| Untracked 
| 126|0x00000000e7e00000, 0x00000000e7e00000, 0x00000000e7f00000|  0%| F|  |TAMS 0x00000000e7e00000, 0x00000000e7e00000| Untracked 
| 127|0x00000000e7f00000, 0x00000000e7f00000, 0x00000000e8000000|  0%| F|  |TAMS 0x00000000e7f00000, 0x00000000e7f00000| Untracked 
| 128|0x00000000e8000000, 0x00000000e8000000, 0x00000000e8100000|  0%| F|  |TAMS 0x00000000e8000000, 0x00000000e8000000| Untracked 
| 129|0x00000000e8100000, 0x00000000e8100000, 0x00000000e8200000|  0%| F|  |TAMS 0x00000000e8100000, 0x00000000e8100000| Untracked 
| 130|0x00000000e8200000, 0x00000000e8200000, 0x00000000e8300000|  0%| F|  |TAMS 0x00000000e8200000, 0x00000000e8200000| Untracked 
| 131|0x00000000e8300000, 0x00000000e8300000, 0x00000000e8400000|  0%| F|  |TAMS 0x00000000e8300000, 0x00000000e8300000| Untracked 
| 132|0x00000000e8400000, 0x00000000e8400000, 0x00000000e8500000|  0%| F|  |TAMS 0x00000000e8400000, 0x00000000e8400000| Untracked 
| 133|0x00000000e8500000, 0x00000000e8500000, 0x00000000e8600000|  0%| F|  |TAMS 0x00000000e8500000, 0x00000000e8500000| Untracked 
| 134|0x00000000e8600000, 0x00000000e8600000, 0x00000000e8700000|  0%| F|  |TAMS 0x00000000e8600000, 0x00000000e8600000| Untracked 
| 135|0x00000000e8700000, 0x00000000e8700000, 0x00000000e8800000|  0%| F|  |TAMS 0x00000000e8700000, 0x00000000e8700000| Untracked 
| 136|0x00000000e8800000, 0x00000000e8800000, 0x00000000e8900000|  0%| F|  |TAMS 0x00000000e8800000, 0x00000000e8800000| Untracked 
| 137|0x00000000e8900000, 0x00000000e8900000, 0x00000000e8a00000|  0%| F|  |TAMS 0x00000000e8900000, 0x00000000e8900000| Untracked 
| 138|0x00000000e8a00000, 0x00000000e8a00000, 0x00000000e8b00000|  0%| F|  |TAMS 0x00000000e8a00000, 0x00000000e8a00000| Untracked 
| 139|0x00000000e8b00000, 0x00000000e8b00000, 0x00000000e8c00000|  0%| F|  |TAMS 0x00000000e8b00000, 0x00000000e8b00000| Untracked 
| 140|0x00000000e8c00000, 0x00000000e8c00000, 0x00000000e8d00000|  0%| F|  |TAMS 0x00000000e8c00000, 0x00000000e8c00000| Untracked 
| 141|0x00000000e8d00000, 0x00000000e8d00000, 0x00000000e8e00000|  0%| F|  |TAMS 0x00000000e8d00000, 0x00000000e8d00000| Untracked 
| 142|0x00000000e8e00000, 0x00000000e8e00000, 0x00000000e8f00000|  0%| F|  |TAMS 0x00000000e8e00000, 0x00000000e8e00000| Untracked 
| 143|0x00000000e8f00000, 0x00000000e8f00000, 0x00000000e9000000|  0%| F|  |TAMS 0x00000000e8f00000, 0x00000000e8f00000| Untracked 
| 144|0x00000000e9000000, 0x00000000e9000000, 0x00000000e9100000|  0%| F|  |TAMS 0x00000000e9000000, 0x00000000e9000000| Untracked 
| 145|0x00000000e9100000, 0x00000000e9100000, 0x00000000e9200000|  0%| F|  |TAMS 0x00000000e9100000, 0x00000000e9100000| Untracked 
| 146|0x00000000e9200000, 0x00000000e9200000, 0x00000000e9300000|  0%| F|  |TAMS 0x00000000e9200000, 0x00000000e9200000| Untracked 
| 147|0x00000000e9300000, 0x00000000e9300000, 0x00000000e9400000|  0%| F|  |TAMS 0x00000000e9300000, 0x00000000e9300000| Untracked 
| 148|0x00000000e9400000, 0x00000000e9400000, 0x00000000e9500000|  0%| F|  |TAMS 0x00000000e9400000, 0x00000000e9400000| Untracked 
| 149|0x00000000e9500000, 0x00000000e9500000, 0x00000000e9600000|  0%| F|  |TAMS 0x00000000e9500000, 0x00000000e9500000| Untracked 
| 150|0x00000000e9600000, 0x00000000e9600000, 0x00000000e9700000|  0%| F|  |TAMS 0x00000000e9600000, 0x00000000e9600000| Untracked 
| 151|0x00000000e9700000, 0x00000000e9700000, 0x00000000e9800000|  0%| F|  |TAMS 0x00000000e9700000, 0x00000000e9700000| Untracked 
| 152|0x00000000e9800000, 0x00000000e9800000, 0x00000000e9900000|  0%| F|  |TAMS 0x00000000e9800000, 0x00000000e9800000| Untracked 
| 153|0x00000000e9900000, 0x00000000e9900000, 0x00000000e9a00000|  0%| F|  |TAMS 0x00000000e9900000, 0x00000000e9900000| Untracked 
| 154|0x00000000e9a00000, 0x00000000e9a00000, 0x00000000e9b00000|  0%| F|  |TAMS 0x00000000e9a00000, 0x00000000e9a00000| Untracked 
| 155|0x00000000e9b00000, 0x00000000e9b00000, 0x00000000e9c00000|  0%| F|  |TAMS 0x00000000e9b00000, 0x00000000e9b00000| Untracked 
| 156|0x00000000e9c00000, 0x00000000e9c00000, 0x00000000e9d00000|  0%| F|  |TAMS 0x00000000e9c00000, 0x00000000e9c00000| Untracked 
| 157|0x00000000e9d00000, 0x00000000e9d00000, 0x00000000e9e00000|  0%| F|  |TAMS 0x00000000e9d00000, 0x00000000e9d00000| Untracked 
| 158|0x00000000e9e00000, 0x00000000e9e00000, 0x00000000e9f00000|  0%| F|  |TAMS 0x00000000e9e00000, 0x00000000e9e00000| Untracked 
| 159|0x00000000e9f00000, 0x00000000e9f00000, 0x00000000ea000000|  0%| F|  |TAMS 0x00000000e9f00000, 0x00000000e9f00000| Untracked 
| 160|0x00000000ea000000, 0x00000000ea000000, 0x00000000ea100000|  0%| F|  |TAMS 0x00000000ea000000, 0x00000000ea000000| Untracked 
| 161|0x00000000ea100000, 0x00000000ea100000, 0x00000000ea200000|  0%| F|  |TAMS 0x00000000ea100000, 0x00000000ea100000| Untracked 
| 162|0x00000000ea200000, 0x00000000ea200000, 0x00000000ea300000|  0%| F|  |TAMS 0x00000000ea200000, 0x00000000ea200000| Untracked 
| 163|0x00000000ea300000, 0x00000000ea300000, 0x00000000ea400000|  0%| F|  |TAMS 0x00000000ea300000, 0x00000000ea300000| Untracked 
| 164|0x00000000ea400000, 0x00000000ea400000, 0x00000000ea500000|  0%| F|  |TAMS 0x00000000ea400000, 0x00000000ea400000| Untracked 
| 165|0x00000000ea500000, 0x00000000ea500000, 0x00000000ea600000|  0%| F|  |TAMS 0x00000000ea500000, 0x00000000ea500000| Untracked 
| 166|0x00000000ea600000, 0x00000000ea600000, 0x00000000ea700000|  0%| F|  |TAMS 0x00000000ea600000, 0x00000000ea600000| Untracked 
| 167|0x00000000ea700000, 0x00000000ea700000, 0x00000000ea800000|  0%| F|  |TAMS 0x00000000ea700000, 0x00000000ea700000| Untracked 
| 168|0x00000000ea800000, 0x00000000ea800000, 0x00000000ea900000|  0%| F|  |TAMS 0x00000000ea800000, 0x00000000ea800000| Untracked 
| 169|0x00000000ea900000, 0x00000000ea900000, 0x00000000eaa00000|  0%| F|  |TAMS 0x00000000ea900000, 0x00000000ea900000| Untracked 
| 170|0x00000000eaa00000, 0x00000000eaa00000, 0x00000000eab00000|  0%| F|  |TAMS 0x00000000eaa00000, 0x00000000eaa00000| Untracked 
| 171|0x00000000eab00000, 0x00000000eab00000, 0x00000000eac00000|  0%| F|  |TAMS 0x00000000eab00000, 0x00000000eab00000| Untracked 
| 172|0x00000000eac00000, 0x00000000eac00000, 0x00000000ead00000|  0%| F|  |TAMS 0x00000000eac00000, 0x00000000eac00000| Untracked 
| 173|0x00000000ead00000, 0x00000000ead00000, 0x00000000eae00000|  0%| F|  |TAMS 0x00000000ead00000, 0x00000000ead00000| Untracked 
| 174|0x00000000eae00000, 0x00000000eae00000, 0x00000000eaf00000|  0%| F|  |TAMS 0x00000000eae00000, 0x00000000eae00000| Untracked 
| 175|0x00000000eaf00000, 0x00000000eaf00000, 0x00000000eb000000|  0%| F|  |TAMS 0x00000000eaf00000, 0x00000000eaf00000| Untracked 
| 176|0x00000000eb000000, 0x00000000eb000000, 0x00000000eb100000|  0%| F|  |TAMS 0x00000000eb000000, 0x00000000eb000000| Untracked 
| 177|0x00000000eb100000, 0x00000000eb100000, 0x00000000eb200000|  0%| F|  |TAMS 0x00000000eb100000, 0x00000000eb100000| Untracked 
| 178|0x00000000eb200000, 0x00000000eb200000, 0x00000000eb300000|  0%| F|  |TAMS 0x00000000eb200000, 0x00000000eb200000| Untracked 
| 179|0x00000000eb300000, 0x00000000eb300000, 0x00000000eb400000|  0%| F|  |TAMS 0x00000000eb300000, 0x00000000eb300000| Untracked 
| 180|0x00000000eb400000, 0x00000000eb400000, 0x00000000eb500000|  0%| F|  |TAMS 0x00000000eb400000, 0x00000000eb400000| Untracked 
| 181|0x00000000eb500000, 0x00000000eb500000, 0x00000000eb600000|  0%| F|  |TAMS 0x00000000eb500000, 0x00000000eb500000| Untracked 
| 182|0x00000000eb600000, 0x00000000eb600000, 0x00000000eb700000|  0%| F|  |TAMS 0x00000000eb600000, 0x00000000eb600000| Untracked 
| 183|0x00000000eb700000, 0x00000000eb700000, 0x00000000eb800000|  0%| F|  |TAMS 0x00000000eb700000, 0x00000000eb700000| Untracked 
| 184|0x00000000eb800000, 0x00000000eb800000, 0x00000000eb900000|  0%| F|  |TAMS 0x00000000eb800000, 0x00000000eb800000| Untracked 
| 185|0x00000000eb900000, 0x00000000eba00000, 0x00000000eba00000|100%| S|CS|TAMS 0x00000000eb900000, 0x00000000eb900000| Complete 
| 186|0x00000000eba00000, 0x00000000ebb00000, 0x00000000ebb00000|100%| S|CS|TAMS 0x00000000eba00000, 0x00000000eba00000| Complete 
| 187|0x00000000ebb00000, 0x00000000ebc00000, 0x00000000ebc00000|100%| S|CS|TAMS 0x00000000ebb00000, 0x00000000ebb00000| Complete 
| 188|0x00000000ebc00000, 0x00000000ebd00000, 0x00000000ebd00000|100%| S|CS|TAMS 0x00000000ebc00000, 0x00000000ebc00000| Complete 
| 189|0x00000000ebd00000, 0x00000000ebe00000, 0x00000000ebe00000|100%| S|CS|TAMS 0x00000000ebd00000, 0x00000000ebd00000| Complete 
| 190|0x00000000ebe00000, 0x00000000ebf00000, 0x00000000ebf00000|100%| S|CS|TAMS 0x00000000ebe00000, 0x00000000ebe00000| Complete 
| 191|0x00000000ebf00000, 0x00000000ec000000, 0x00000000ec000000|100%| S|CS|TAMS 0x00000000ebf00000, 0x00000000ebf00000| Complete 
| 192|0x00000000ec000000, 0x00000000ec100000, 0x00000000ec100000|100%| S|CS|TAMS 0x00000000ec000000, 0x00000000ec000000| Complete 
| 193|0x00000000ec100000, 0x00000000ec100000, 0x00000000ec200000|  0%| F|  |TAMS 0x00000000ec100000, 0x00000000ec100000| Untracked 
| 194|0x00000000ec200000, 0x00000000ec200000, 0x00000000ec300000|  0%| F|  |TAMS 0x00000000ec200000, 0x00000000ec200000| Untracked 
| 195|0x00000000ec300000, 0x00000000ec300000, 0x00000000ec400000|  0%| F|  |TAMS 0x00000000ec300000, 0x00000000ec300000| Untracked 
| 196|0x00000000ec400000, 0x00000000ec400000, 0x00000000ec500000|  0%| F|  |TAMS 0x00000000ec400000, 0x00000000ec400000| Untracked 
| 197|0x00000000ec500000, 0x00000000ec500000, 0x00000000ec600000|  0%| F|  |TAMS 0x00000000ec500000, 0x00000000ec500000| Untracked 
| 198|0x00000000ec600000, 0x00000000ec600000, 0x00000000ec700000|  0%| F|  |TAMS 0x00000000ec600000, 0x00000000ec600000| Untracked 
| 199|0x00000000ec700000, 0x00000000ec700000, 0x00000000ec800000|  0%| F|  |TAMS 0x00000000ec700000, 0x00000000ec700000| Untracked 
| 200|0x00000000ec800000, 0x00000000ec800000, 0x00000000ec900000|  0%| F|  |TAMS 0x00000000ec800000, 0x00000000ec800000| Untracked 
| 201|0x00000000ec900000, 0x00000000ec900000, 0x00000000eca00000|  0%| F|  |TAMS 0x00000000ec900000, 0x00000000ec900000| Untracked 
| 202|0x00000000eca00000, 0x00000000eca00000, 0x00000000ecb00000|  0%| F|  |TAMS 0x00000000eca00000, 0x00000000eca00000| Untracked 
| 203|0x00000000ecb00000, 0x00000000ecc00000, 0x00000000ecc00000|100%| E|  |TAMS 0x00000000ecb00000, 0x00000000ecb00000| Complete 
| 204|0x00000000ecc00000, 0x00000000ecd00000, 0x00000000ecd00000|100%| E|CS|TAMS 0x00000000ecc00000, 0x00000000ecc00000| Complete 
| 205|0x00000000ecd00000, 0x00000000ece00000, 0x00000000ece00000|100%| E|CS|TAMS 0x00000000ecd00000, 0x00000000ecd00000| Complete 
| 206|0x00000000ece00000, 0x00000000ecf00000, 0x00000000ecf00000|100%| E|CS|TAMS 0x00000000ece00000, 0x00000000ece00000| Complete 
| 207|0x00000000ecf00000, 0x00000000ed000000, 0x00000000ed000000|100%| E|CS|TAMS 0x00000000ecf00000, 0x00000000ecf00000| Complete 
| 208|0x00000000ed000000, 0x00000000ed100000, 0x00000000ed100000|100%| E|CS|TAMS 0x00000000ed000000, 0x00000000ed000000| Complete 
| 209|0x00000000ed100000, 0x00000000ed200000, 0x00000000ed200000|100%| E|CS|TAMS 0x00000000ed100000, 0x00000000ed100000| Complete 
| 210|0x00000000ed200000, 0x00000000ed300000, 0x00000000ed300000|100%| E|CS|TAMS 0x00000000ed200000, 0x00000000ed200000| Complete 
| 211|0x00000000ed300000, 0x00000000ed400000, 0x00000000ed400000|100%| E|CS|TAMS 0x00000000ed300000, 0x00000000ed300000| Complete 
| 212|0x00000000ed400000, 0x00000000ed500000, 0x00000000ed500000|100%| E|CS|TAMS 0x00000000ed400000, 0x00000000ed400000| Complete 
| 213|0x00000000ed500000, 0x00000000ed600000, 0x00000000ed600000|100%| E|CS|TAMS 0x00000000ed500000, 0x00000000ed500000| Complete 
| 214|0x00000000ed600000, 0x00000000ed700000, 0x00000000ed700000|100%| E|CS|TAMS 0x00000000ed600000, 0x00000000ed600000| Complete 
| 215|0x00000000ed700000, 0x00000000ed800000, 0x00000000ed800000|100%| E|CS|TAMS 0x00000000ed700000, 0x00000000ed700000| Complete 
| 216|0x00000000ed800000, 0x00000000ed900000, 0x00000000ed900000|100%| E|CS|TAMS 0x00000000ed800000, 0x00000000ed800000| Complete 
| 217|0x00000000ed900000, 0x00000000eda00000, 0x00000000eda00000|100%| E|CS|TAMS 0x00000000ed900000, 0x00000000ed900000| Complete 
| 218|0x00000000eda00000, 0x00000000edb00000, 0x00000000edb00000|100%| E|CS|TAMS 0x00000000eda00000, 0x00000000eda00000| Complete 
| 219|0x00000000edb00000, 0x00000000edc00000, 0x00000000edc00000|100%| E|CS|TAMS 0x00000000edb00000, 0x00000000edb00000| Complete 
| 220|0x00000000edc00000, 0x00000000edd00000, 0x00000000edd00000|100%| E|CS|TAMS 0x00000000edc00000, 0x00000000edc00000| Complete 
| 221|0x00000000edd00000, 0x00000000ede00000, 0x00000000ede00000|100%| E|CS|TAMS 0x00000000edd00000, 0x00000000edd00000| Complete 
| 222|0x00000000ede00000, 0x00000000edf00000, 0x00000000edf00000|100%| E|CS|TAMS 0x00000000ede00000, 0x00000000ede00000| Complete 
| 223|0x00000000edf00000, 0x00000000ee000000, 0x00000000ee000000|100%| E|CS|TAMS 0x00000000edf00000, 0x00000000edf00000| Complete 
| 224|0x00000000ee000000, 0x00000000ee100000, 0x00000000ee100000|100%| E|CS|TAMS 0x00000000ee000000, 0x00000000ee000000| Complete 
| 225|0x00000000ee100000, 0x00000000ee200000, 0x00000000ee200000|100%| E|CS|TAMS 0x00000000ee100000, 0x00000000ee100000| Complete 
| 226|0x00000000ee200000, 0x00000000ee300000, 0x00000000ee300000|100%| E|CS|TAMS 0x00000000ee200000, 0x00000000ee200000| Complete 
| 227|0x00000000ee300000, 0x00000000ee400000, 0x00000000ee400000|100%| E|CS|TAMS 0x00000000ee300000, 0x00000000ee300000| Complete 
| 228|0x00000000ee400000, 0x00000000ee500000, 0x00000000ee500000|100%| E|CS|TAMS 0x00000000ee400000, 0x00000000ee400000| Complete 
| 229|0x00000000ee500000, 0x00000000ee600000, 0x00000000ee600000|100%| E|CS|TAMS 0x00000000ee500000, 0x00000000ee500000| Complete 
| 230|0x00000000ee600000, 0x00000000ee700000, 0x00000000ee700000|100%| E|CS|TAMS 0x00000000ee600000, 0x00000000ee600000| Complete 
| 231|0x00000000ee700000, 0x00000000ee800000, 0x00000000ee800000|100%| E|CS|TAMS 0x00000000ee700000, 0x00000000ee700000| Complete 
| 232|0x00000000ee800000, 0x00000000ee900000, 0x00000000ee900000|100%| E|CS|TAMS 0x00000000ee800000, 0x00000000ee800000| Complete 
| 233|0x00000000ee900000, 0x00000000eea00000, 0x00000000eea00000|100%| E|CS|TAMS 0x00000000ee900000, 0x00000000ee900000| Complete 
| 234|0x00000000eea00000, 0x00000000eeb00000, 0x00000000eeb00000|100%| E|CS|TAMS 0x00000000eea00000, 0x00000000eea00000| Complete 
| 235|0x00000000eeb00000, 0x00000000eec00000, 0x00000000eec00000|100%| E|CS|TAMS 0x00000000eeb00000, 0x00000000eeb00000| Complete 
| 236|0x00000000eec00000, 0x00000000eed00000, 0x00000000eed00000|100%| E|CS|TAMS 0x00000000eec00000, 0x00000000eec00000| Complete 
| 237|0x00000000eed00000, 0x00000000eee00000, 0x00000000eee00000|100%| E|CS|TAMS 0x00000000eed00000, 0x00000000eed00000| Complete 
| 238|0x00000000eee00000, 0x00000000eef00000, 0x00000000eef00000|100%| E|CS|TAMS 0x00000000eee00000, 0x00000000eee00000| Complete 
| 239|0x00000000eef00000, 0x00000000ef000000, 0x00000000ef000000|100%| E|CS|TAMS 0x00000000eef00000, 0x00000000eef00000| Complete 
| 240|0x00000000ef000000, 0x00000000ef100000, 0x00000000ef100000|100%| E|CS|TAMS 0x00000000ef000000, 0x00000000ef000000| Complete 
| 241|0x00000000ef100000, 0x00000000ef200000, 0x00000000ef200000|100%| E|CS|TAMS 0x00000000ef100000, 0x00000000ef100000| Complete 
| 242|0x00000000ef200000, 0x00000000ef300000, 0x00000000ef300000|100%| E|CS|TAMS 0x00000000ef200000, 0x00000000ef200000| Complete 
| 243|0x00000000ef300000, 0x00000000ef400000, 0x00000000ef400000|100%| E|CS|TAMS 0x00000000ef300000, 0x00000000ef300000| Complete 
| 244|0x00000000ef400000, 0x00000000ef500000, 0x00000000ef500000|100%| E|CS|TAMS 0x00000000ef400000, 0x00000000ef400000| Complete 
| 245|0x00000000ef500000, 0x00000000ef600000, 0x00000000ef600000|100%| E|CS|TAMS 0x00000000ef500000, 0x00000000ef500000| Complete 
| 246|0x00000000ef600000, 0x00000000ef700000, 0x00000000ef700000|100%| E|CS|TAMS 0x00000000ef600000, 0x00000000ef600000| Complete 
| 247|0x00000000ef700000, 0x00000000ef800000, 0x00000000ef800000|100%| E|CS|TAMS 0x00000000ef700000, 0x00000000ef700000| Complete 
| 248|0x00000000ef800000, 0x00000000ef900000, 0x00000000ef900000|100%| E|CS|TAMS 0x00000000ef800000, 0x00000000ef800000| Complete 
| 249|0x00000000ef900000, 0x00000000efa00000, 0x00000000efa00000|100%| E|CS|TAMS 0x00000000ef900000, 0x00000000ef900000| Complete 
| 250|0x00000000efa00000, 0x00000000efb00000, 0x00000000efb00000|100%| E|CS|TAMS 0x00000000efa00000, 0x00000000efa00000| Complete 
| 251|0x00000000efb00000, 0x00000000efc00000, 0x00000000efc00000|100%| E|CS|TAMS 0x00000000efb00000, 0x00000000efb00000| Complete 
| 252|0x00000000efc00000, 0x00000000efd00000, 0x00000000efd00000|100%| E|CS|TAMS 0x00000000efc00000, 0x00000000efc00000| Complete 
| 253|0x00000000efd00000, 0x00000000efe00000, 0x00000000efe00000|100%| E|CS|TAMS 0x00000000efd00000, 0x00000000efd00000| Complete 
| 254|0x00000000efe00000, 0x00000000eff00000, 0x00000000eff00000|100%| E|CS|TAMS 0x00000000efe00000, 0x00000000efe00000| Complete 
| 255|0x00000000eff00000, 0x00000000f0000000, 0x00000000f0000000|100%| E|CS|TAMS 0x00000000eff00000, 0x00000000eff00000| Complete 

Card table byte_map: [0x0000025944360000,0x0000025944460000] _byte_map_base: 0x0000025943c60000

Marking Bits (Prev, Next): (CMBitMap*) 0x000002593101ed80, (CMBitMap*) 0x000002593101ed48
 Prev Bits: [0x0000025944d60000, 0x0000025945560000)
 Next Bits: [0x0000025944560000, 0x0000025944d60000)

Polling page: 0x000002592f7d0000

Metaspace:

Usage:
  Non-class:     28.63 MB capacity,    28.02 MB ( 98%) used,   541.85 KB (  2%) free+waste,    79.06 KB ( <1%) overhead. 
      Class:      4.62 MB capacity,     4.31 MB ( 93%) used,   273.45 KB (  6%) free+waste,    39.44 KB ( <1%) overhead. 
       Both:     33.25 MB capacity,    32.34 MB ( 97%) used,   815.30 KB (  2%) free+waste,   118.50 KB ( <1%) overhead. 

Virtual space:
  Non-class space:       30.00 MB reserved,      28.75 MB ( 96%) committed 
      Class space:      248.00 MB reserved,       4.63 MB (  2%) committed 
             Both:      278.00 MB reserved,      33.38 MB ( 12%) committed 

Chunk freelists:
   Non-Class:  58.00 KB
       Class:  6.00 KB
        Both:  64.00 KB

MaxMetaspaceSize: 256.00 MB
CompressedClassSpaceSize: 248.00 MB
Initial GC threshold: 20.80 MB
Current GC threshold: 35.00 MB
CDS: off

CodeHeap 'non-profiled nmethods': size=120064Kb used=1461Kb max_used=1461Kb free=118602Kb
 bounds [0x000002593c700000, 0x000002593c970000, 0x0000025943c40000]
CodeHeap 'profiled nmethods': size=120000Kb used=6031Kb max_used=6031Kb free=113969Kb
 bounds [0x00000259351d0000, 0x00000259357c0000, 0x000002593c700000]
CodeHeap 'non-nmethods': size=5696Kb used=1233Kb max_used=1266Kb free=4462Kb
 bounds [0x0000025934c40000, 0x0000025934eb0000, 0x00000259351d0000]
 total_blobs=3385 nmethods=2873 adapters=424
 compilation: enabled
              stopped_count=0, restarted_count=0
 full_count=0

Compilation events (20 events):
Event: 3.703 Thread 0x000002594842e800 2866       3       java.util.WeakHashMap::eq (19 bytes)
Event: 3.703 Thread 0x000002594842e800 nmethod 2866 0x00000259357a8590 code [0x00000259357a8760, 0x00000259357a8988]
Event: 3.703 Thread 0x000002594842e800 2863       1       java.lang.ClassValue::version (5 bytes)
Event: 3.703 Thread 0x000002594842e800 nmethod 2863 0x000002593c86c490 code [0x000002593c86c640, 0x000002593c86c6f8]
Event: 3.703 Thread 0x000002594842e800 2868       3       org.codehaus.groovy.util.ManagedReference::<init> (14 bytes)
Event: 3.703 Thread 0x000002594842e800 nmethod 2868 0x00000259357a8a90 code [0x00000259357a8c40, 0x00000259357a8da8]
Event: 3.703 Thread 0x000002594842e800 2870   !   3       org.codehaus.groovy.util.LazyReference::getLocked (85 bytes)
Event: 3.705 Thread 0x000002594842e800 nmethod 2870 0x00000259357a8e90 code [0x00000259357a91c0, 0x00000259357aa2f8]
Event: 3.705 Thread 0x000002594842e800 2871       3       java.lang.Class::copyMethods (36 bytes)
Event: 3.705 Thread 0x000002594842e800 nmethod 2871 0x00000259357aa990 code [0x00000259357aabe0, 0x00000259357ab598]
Event: 3.707 Thread 0x000002594842e800 2872       3       org.codehaus.groovy.util.LockableObject::tryRelease (45 bytes)
Event: 3.707 Thread 0x000002594842e800 nmethod 2872 0x00000259357ab910 code [0x00000259357abae0, 0x00000259357abda8]
Event: 3.707 Thread 0x000002594842e800 2873       3       java.util.concurrent.atomic.AtomicInteger::<init> (5 bytes)
Event: 3.707 Thread 0x000002594842e800 nmethod 2873 0x00000259357abe90 code [0x00000259357ac040, 0x00000259357ac1f8]
Event: 3.711 Thread 0x000002594842e800 2874       3       java.lang.ClassValue$Entry::version (8 bytes)
Event: 3.712 Thread 0x000002594842e800 nmethod 2874 0x00000259357ac310 code [0x00000259357ac4c0, 0x00000259357ac758]
Event: 3.712 Thread 0x000002594842e800 2875       3       java.lang.PublicMethods$MethodList::filter (104 bytes)
Event: 3.713 Thread 0x000002594842e800 nmethod 2875 0x00000259357ac810 code [0x00000259357aca80, 0x00000259357ad5f8]
Event: 3.730 Thread 0x000002594842e800 2876       1       java.util.logging.LogManager$LoggerContext::getOwner (5 bytes)
Event: 3.730 Thread 0x000002594842e800 nmethod 2876 0x000002593c86cb90 code [0x000002593c86cd40, 0x000002593c86cdf8]

GC Heap History (12 events):
Event: 0.392 GC heap before
{Heap before GC invocations=0 (full 0):
 garbage-first heap   total 262144K, used 19456K [0x00000000e0000000, 0x0000000100000000)
  region size 1024K, 14 young (14336K), 0 survivors (0K)
 Metaspace       used 6725K, capacity 6937K, committed 7168K, reserved 262144K
  class space    used 582K, capacity 650K, committed 768K, reserved 253952K
}
Event: 0.397 GC heap after
{Heap after GC invocations=1 (full 0):
 garbage-first heap   total 262144K, used 7535K [0x00000000e0000000, 0x0000000100000000)
  region size 1024K, 2 young (2048K), 2 survivors (2048K)
 Metaspace       used 6725K, capacity 6937K, committed 7168K, reserved 262144K
  class space    used 582K, capacity 650K, committed 768K, reserved 253952K
}
Event: 0.682 GC heap before
{Heap before GC invocations=1 (full 0):
 garbage-first heap   total 262144K, used 21871K [0x00000000e0000000, 0x0000000100000000)
  region size 1024K, 16 young (16384K), 2 survivors (2048K)
 Metaspace       used 10255K, capacity 10565K, committed 10624K, reserved 264192K
  class space    used 1067K, capacity 1139K, committed 1152K, reserved 253952K
}
Event: 0.684 GC heap after
{Heap after GC invocations=2 (full 0):
 garbage-first heap   total 262144K, used 9671K [0x00000000e0000000, 0x0000000100000000)
  region size 1024K, 2 young (2048K), 2 survivors (2048K)
 Metaspace       used 10255K, capacity 10565K, committed 10624K, reserved 264192K
  class space    used 1067K, capacity 1139K, committed 1152K, reserved 253952K
}
Event: 1.028 GC heap before
{Heap before GC invocations=2 (full 0):
 garbage-first heap   total 262144K, used 41415K [0x00000000e0000000, 0x0000000100000000)
  region size 1024K, 33 young (33792K), 2 survivors (2048K)
 Metaspace       used 11195K, capacity 11454K, committed 11520K, reserved 264192K
  class space    used 1170K, capacity 1243K, committed 1280K, reserved 253952K
}
Event: 1.031 GC heap after
{Heap after GC invocations=3 (full 0):
 garbage-first heap   total 262144K, used 13371K [0x00000000e0000000, 0x0000000100000000)
  region size 1024K, 5 young (5120K), 5 survivors (5120K)
 Metaspace       used 11195K, capacity 11454K, committed 11520K, reserved 264192K
  class space    used 1170K, capacity 1243K, committed 1280K, reserved 253952K
}
Event: 1.914 GC heap before
{Heap before GC invocations=3 (full 0):
 garbage-first heap   total 262144K, used 58427K [0x00000000e0000000, 0x0000000100000000)
  region size 1024K, 49 young (50176K), 5 survivors (5120K)
 Metaspace       used 18769K, capacity 19219K, committed 19328K, reserved 272384K
  class space    used 2250K, capacity 2401K, committed 2432K, reserved 253952K
}
Event: 1.921 GC heap after
{Heap after GC invocations=4 (full 0):
 garbage-first heap   total 262144K, used 16603K [0x00000000e0000000, 0x0000000100000000)
  region size 1024K, 7 young (7168K), 7 survivors (7168K)
 Metaspace       used 18769K, capacity 19219K, committed 19328K, reserved 272384K
  class space    used 2250K, capacity 2401K, committed 2432K, reserved 253952K
}
Event: 2.116 GC heap before
{Heap before GC invocations=4 (full 0):
 garbage-first heap   total 262144K, used 32987K [0x00000000e0000000, 0x0000000100000000)
  region size 1024K, 25 young (25600K), 7 survivors (7168K)
 Metaspace       used 20635K, capacity 21099K, committed 21248K, reserved 272384K
  class space    used 2528K, capacity 2708K, committed 2816K, reserved 253952K
}
Event: 2.122 GC heap after
{Heap after GC invocations=5 (full 0):
 garbage-first heap   total 262144K, used 17437K [0x00000000e0000000, 0x0000000100000000)
  region size 1024K, 4 young (4096K), 4 survivors (4096K)
 Metaspace       used 20635K, capacity 21099K, committed 21248K, reserved 272384K
  class space    used 2528K, capacity 2708K, committed 2816K, reserved 253952K
}
Event: 3.000 GC heap before
{Heap before GC invocations=6 (full 0):
 garbage-first heap   total 262144K, used 87069K [0x00000000e0000000, 0x0000000100000000)
  region size 1024K, 63 young (64512K), 4 survivors (4096K)
 Metaspace       used 26765K, capacity 27589K, committed 27648K, reserved 278528K
  class space    used 3527K, capacity 3810K, committed 3840K, reserved 253952K
}
Event: 3.009 GC heap after
{Heap after GC invocations=7 (full 0):
 garbage-first heap   total 262144K, used 31870K [0x00000000e0000000, 0x0000000100000000)
  region size 1024K, 8 young (8192K), 8 survivors (8192K)
 Metaspace       used 26765K, capacity 27589K, committed 27648K, reserved 278528K
  class space    used 3527K, capacity 3810K, committed 3840K, reserved 253952K
}

Deoptimization events (20 events):
Event: 3.563 Thread 0x0000025949a8b800 Uncommon trap: trap_request=0xffffffde fr.pc=0x000002593c7da92c relative=0x00000000000017ac
Event: 3.564 Thread 0x0000025949a8b800 Uncommon trap: reason=class_check action=maybe_recompile pc=0x000002593c7da92c method=java.io.BufferedInputStream.read([BII)I @ 101 c2
Event: 3.564 Thread 0x0000025949a8b800 DEOPT PACKING pc=0x000002593c7da92c sp=0x000000c60c5f8740
Event: 3.564 Thread 0x0000025949a8b800 DEOPT UNPACKING pc=0x0000025934c8a1af sp=0x000000c60c5f8610 mode 2
Event: 3.564 Thread 0x0000025949a8b800 Uncommon trap: trap_request=0xffffffde fr.pc=0x000002593c7da92c relative=0x00000000000017ac
Event: 3.564 Thread 0x0000025949a8b800 Uncommon trap: reason=class_check action=maybe_recompile pc=0x000002593c7da92c method=java.io.BufferedInputStream.read([BII)I @ 101 c2
Event: 3.564 Thread 0x0000025949a8b800 DEOPT PACKING pc=0x000002593c7da92c sp=0x000000c60c5f8740
Event: 3.564 Thread 0x0000025949a8b800 DEOPT UNPACKING pc=0x0000025934c8a1af sp=0x000000c60c5f8610 mode 2
Event: 3.564 Thread 0x0000025949a8b800 Uncommon trap: trap_request=0xffffffde fr.pc=0x000002593c7da92c relative=0x00000000000017ac
Event: 3.564 Thread 0x0000025949a8b800 Uncommon trap: reason=class_check action=maybe_recompile pc=0x000002593c7da92c method=java.io.BufferedInputStream.read([BII)I @ 101 c2
Event: 3.564 Thread 0x0000025949a8b800 DEOPT PACKING pc=0x000002593c7da92c sp=0x000000c60c5f8740
Event: 3.564 Thread 0x0000025949a8b800 DEOPT UNPACKING pc=0x0000025934c8a1af sp=0x000000c60c5f8610 mode 2
Event: 3.564 Thread 0x0000025949a8b800 Uncommon trap: trap_request=0xffffffde fr.pc=0x000002593c7da92c relative=0x00000000000017ac
Event: 3.564 Thread 0x0000025949a8b800 Uncommon trap: reason=class_check action=maybe_recompile pc=0x000002593c7da92c method=java.io.BufferedInputStream.read([BII)I @ 101 c2
Event: 3.564 Thread 0x0000025949a8b800 DEOPT PACKING pc=0x000002593c7da92c sp=0x000000c60c5f8740
Event: 3.564 Thread 0x0000025949a8b800 DEOPT UNPACKING pc=0x0000025934c8a1af sp=0x000000c60c5f8610 mode 2
Event: 3.565 Thread 0x0000025949a8b800 Uncommon trap: trap_request=0xffffffc6 fr.pc=0x000002593c828ca8 relative=0x0000000000000328
Event: 3.565 Thread 0x0000025949a8b800 Uncommon trap: reason=bimorphic_or_optimized_type_check action=maybe_recompile pc=0x000002593c828ca8 method=java.io.BufferedInputStream.read([BII)I @ 101 c2
Event: 3.565 Thread 0x0000025949a8b800 DEOPT PACKING pc=0x000002593c828ca8 sp=0x000000c60c5f8670
Event: 3.565 Thread 0x0000025949a8b800 DEOPT UNPACKING pc=0x0000025934c8a1af sp=0x000000c60c5f8628 mode 2

Classes redefined (0 events):
No events

Internal exceptions (20 events):
Event: 2.977 Thread 0x0000025949a8b800 Exception <a 'java/lang/NoSuchMethodError'{0x00000000ec242888}: <clinit>> (0x00000000ec242888) thrown at [./src/hotspot/share/prims/jni.cpp, line 1365]
Event: 2.978 Thread 0x0000025949a8b800 Exception <a 'java/lang/NoSuchMethodError'{0x00000000ec243fe8}: <clinit>> (0x00000000ec243fe8) thrown at [./src/hotspot/share/prims/jni.cpp, line 1365]
Event: 2.978 Thread 0x0000025949a8b800 Exception <a 'java/lang/NoSuchMethodError'{0x00000000ec245680}: <clinit>> (0x00000000ec245680) thrown at [./src/hotspot/share/prims/jni.cpp, line 1365]
Event: 2.978 Thread 0x0000025949a8b800 Exception <a 'java/lang/NoSuchMethodError'{0x00000000ec246910}: <clinit>> (0x00000000ec246910) thrown at [./src/hotspot/share/prims/jni.cpp, line 1365]
Event: 2.980 Thread 0x0000025949a8b800 Exception <a 'java/lang/NoSuchMethodError'{0x00000000ec28d4b8}: 'java.lang.Object java.lang.invoke.DirectMethodHandle$Holder.invokeSpecial(java.lang.Object, java.lang.Object, int, java.lang.Object, java.lang.Object, java.lang.Object)'> (0x00000000ec28d4b8) thrown at [./src/hotspot/share/interpreter/linkResolver.cpp, line 773]
Event: 3.083 Thread 0x0000025949a8b800 Exception <a 'java/lang/NoSuchMethodError'{0x00000000ef672aa8}: 'java.lang.Object java.lang.invoke.DirectMethodHandle$Holder.invokeSpecialIFC(java.lang.Object, java.lang.Object, java.lang.Object, java.lang.Object)'> (0x00000000ef672aa8) thrown at [./src/hotspot/share/interpreter/linkResolver.cpp, line 773]
Event: 3.096 Thread 0x0000025949a8b800 Exception <a 'java/lang/NoSuchMethodError'{0x00000000ef580990}: 'java.lang.Object java.lang.invoke.DirectMethodHandle$Holder.invokeSpecial(java.lang.Object, java.lang.Object, java.lang.Object, java.lang.Object, java.lang.Object, java.lang.Object, java.lang.Object, java.lang.Object, java.lang.Object, java.lang.Object, java.lang.Object, java.lang.Object, java.lang.Object)'> (0x00000000ef580990) thrown at [./src/hotspot/share/interpreter/linkResolver.cpp, line 773]
Event: 3.096 Thread 0x0000025949a8b800 Exception <a 'java/lang/NoSuchMethodError'{0x00000000ef5917f0}: 'java.lang.Object java.lang.invoke.DirectMethodHandle$Holder.invokeSpecial(java.lang.Object, java.lang.Object, java.lang.Object, java.lang.Object, java.lang.Object, java.lang.Object, java.lang.Object, java.lang.Object, java.lang.Object, java.lang.Object, java.lang.Object, java.lang.Object)'> (0x00000000ef5917f0) thrown at [./src/hotspot/share/interpreter/linkResolver.cpp, line 773]
Event: 3.097 Thread 0x0000025949a8b800 Exception <a 'java/lang/NoSuchMethodError'{0x00000000ef596918}: 'java.lang.Object java.lang.invoke.Invokers$Holder.linkToTargetMethod(java.lang.Object, java.lang.Object, java.lang.Object, java.lang.Object, java.lang.Object, java.lang.Object, java.lang.Object, java.lang.Object, java.lang.Object, java.lang.Object, java.lang.Object)'> (0x00000000ef596918) thrown at [./src/hotspot/share/interpreter/linkResolver.cpp, line 773]
Event: 3.107 Thread 0x0000025949a8b800 Exception <a 'java/lang/NoSuchMethodError'{0x00000000ef4cfcf8}: 'java.lang.Object java.lang.invoke.DirectMethodHandle$Holder.invokeSpecial(java.lang.Object, java.lang.Object, java.lang.Object, java.lang.Object, java.lang.Object, java.lang.Object, java.lang.Object, java.lang.Object, java.lang.Object, java.lang.Object, java.lang.Object, java.lang.Object, java.lang.Object, java.lang.Object)'> (0x00000000ef4cfcf8) thrown at [./src/hotspot/share/interpreter/linkResolver.cpp, line 773]
Event: 3.108 Thread 0x0000025949a8b800 Exception <a 'java/lang/NoSuchMethodError'{0x00000000ef4e1370}: 'java.lang.Object java.lang.invoke.Invokers$Holder.linkToTargetMethod(java.lang.Object, java.lang.Object, java.lang.Object, java.lang.Object, java.lang.Object, java.lang.Object, java.lang.Object, java.lang.Object, java.lang.Object, java.lang.Object, java.lang.Object, java.lang.Object)'> (0x00000000ef4e1370) thrown at [./src/hotspot/share/interpreter/linkResolver.cpp, line 773]
Event: 3.115 Thread 0x0000025949a8b800 Exception <a 'java/lang/NoSuchMethodError'{0x00000000ef36fa58}: 'java.lang.Object java.lang.invoke.DirectMethodHandle$Holder.invokeStaticInit(java.lang.Object, java.lang.Object, java.lang.Object, java.lang.Object)'> (0x00000000ef36fa58) thrown at [./src/hotspot/share/interpreter/linkResolver.cpp, line 773]
Event: 3.202 Thread 0x0000025949a8b800 Implicit null exception at 0x000002593c7e3775 to 0x000002593c7e393c
Event: 3.202 Thread 0x0000025949a8b800 Implicit null exception at 0x000002593c7f612f to 0x000002593c7f619d
Event: 3.513 Thread 0x0000025949a8b800 Exception <a 'java/lang/NoSuchMethodError'{0x00000000ed5cc6f0}: 'int java.lang.invoke.DirectMethodHandle$Holder.invokeStatic(java.lang.Object, java.lang.Object, java.lang.Object, java.lang.Object, java.lang.Object)'> (0x00000000ed5cc6f0) thrown at [./src/hotspot/share/interpreter/linkResolver.cpp, line 773]
Event: 3.549 Thread 0x0000025949a8b800 Exception <a 'java/lang/NoSuchMethodError'{0x00000000ed202b38}: 'void java.lang.invoke.DirectMethodHandle$Holder.invokeStaticInit(java.lang.Object, java.lang.Object, java.lang.Object, java.lang.Object)'> (0x00000000ed202b38) thrown at [./src/hotspot/share/interpreter/linkResolver.cpp, line 773]
Event: 3.628 Thread 0x0000025949a8b800 Exception <a 'java/lang/NoSuchMethodError'{0x00000000ece172b8}: 'void java.lang.invoke.DirectMethodHandle$Holder.invokeStaticInit(java.lang.Object, java.lang.Object, java.lang.Object)'> (0x00000000ece172b8) thrown at [./src/hotspot/share/interpreter/linkResolver.cpp, line 773]
Event: 3.633 Thread 0x0000025949a8b800 Exception <a 'java/lang/NoSuchMethodError'{0x00000000ece3db00}: 'void java.lang.invoke.DirectMethodHandle$Holder.invokeStaticInit(java.lang.Object, java.lang.Object, java.lang.Object, java.lang.Object, java.lang.Object)'> (0x00000000ece3db00) thrown at [./src/hotspot/share/interpreter/linkResolver.cpp, line 773]
Event: 3.685 Thread 0x0000025949a8b800 Exception <a 'java/lang/NoSuchMethodError'{0x00000000eceb3af0}: 'int java.lang.invoke.DirectMethodHandle$Holder.invokeStaticInit(java.lang.Object, java.lang.Object, java.lang.Object, java.lang.Object)'> (0x00000000eceb3af0) thrown at [./src/hotspot/share/interpreter/linkResolver.cpp, line 773]
Event: 3.686 Thread 0x0000025949a8b800 Exception <a 'java/lang/IncompatibleClassChangeError'{0x00000000ecebd2f8}: Found class java.lang.Object, but interface was expected> (0x00000000ecebd2f8) thrown at [./src/hotspot/share/interpreter/linkResolver.cpp, line 839]

Events (20 events):
Event: 3.708 loading class org/codehaus/groovy/runtime/GStringImpl
Event: 3.708 loading class org/codehaus/groovy/runtime/GStringImpl done
Event: 3.711 loading class java/io/UnsupportedEncodingException
Event: 3.711 loading class java/io/UnsupportedEncodingException done
Event: 3.715 loading class org/codehaus/groovy/runtime/DefaultGroovyMethods
Event: 3.715 loading class org/codehaus/groovy/runtime/DefaultGroovyMethods done
Event: 3.723 loading class java/lang/ArrayIndexOutOfBoundsException
Event: 3.723 loading class java/lang/ArrayIndexOutOfBoundsException done
Event: 3.723 loading class groovy/io/GroovyPrintWriter
Event: 3.723 loading class groovy/io/GroovyPrintWriter done
Event: 3.725 loading class org/codehaus/groovy/runtime/typehandling/GroovyCastException
Event: 3.725 loading class org/codehaus/groovy/runtime/typehandling/GroovyCastException done
Event: 3.729 loading class org/codehaus/groovy/runtime/metaclass/MissingPropertyExceptionNoStack
Event: 3.729 loading class org/codehaus/groovy/runtime/metaclass/MissingPropertyExceptionNoStack done
Event: 3.729 loading class org/codehaus/groovy/runtime/DefaultGroovyMethods$1
Event: 3.729 loading class org/codehaus/groovy/runtime/DefaultGroovyMethods$1 done
Event: 3.731 loading class org/codehaus/groovy/runtime/dgmimpl/NumberNumberPlus
Event: 3.731 loading class org/codehaus/groovy/runtime/dgmimpl/NumberNumberPlus done
Event: 3.731 loading class org/codehaus/groovy/runtime/dgmimpl/NumberNumberMetaMethod
Event: 3.731 loading class org/codehaus/groovy/runtime/dgmimpl/NumberNumberMetaMethod done


Dynamic libraries:
0x00007ff6c4150000 - 0x00007ff6c415a000 	C:\Program Files\JetBrains\IntelliJ IDEA Community Edition 2021.2.3\jbr\bin\java.exe
0x00007ff928850000 - 0x00007ff928a45000 	C:\Windows\SYSTEM32\ntdll.dll
0x00007ff927e70000 - 0x00007ff927f2e000 	C:\Windows\System32\KERNEL32.DLL
0x00007ff926250000 - 0x00007ff926519000 	C:\Windows\System32\KERNELBASE.dll
0x00007ff926150000 - 0x00007ff926250000 	C:\Windows\System32\ucrtbase.dll
0x00007ff91e390000 - 0x00007ff91e3a7000 	C:\Program Files\JetBrains\IntelliJ IDEA Community Edition 2021.2.3\jbr\bin\VCRUNTIME140.dll
0x00007ff91e3b0000 - 0x00007ff91e3c9000 	C:\Program Files\JetBrains\IntelliJ IDEA Community Edition 2021.2.3\jbr\bin\jli.dll
0x00007ff9275c0000 - 0x00007ff927761000 	C:\Windows\System32\USER32.dll
0x00007ff925f70000 - 0x00007ff925f92000 	C:\Windows\System32\win32u.dll
0x00007ff912300000 - 0x00007ff91259a000 	C:\Windows\WinSxS\amd64_microsoft.windows.common-controls_6595b64144ccf1df_6.0.19041.1110_none_60b5254171f9507e\COMCTL32.dll
0x00007ff927e40000 - 0x00007ff927e6b000 	C:\Windows\System32\GDI32.dll
0x00007ff927b60000 - 0x00007ff927bfe000 	C:\Windows\System32\msvcrt.dll
0x00007ff926520000 - 0x00007ff92662b000 	C:\Windows\System32\gdi32full.dll
0x00007ff925fa0000 - 0x00007ff92603d000 	C:\Windows\System32\msvcp_win.dll
0x00007ff927770000 - 0x00007ff9277a0000 	C:\Windows\System32\IMM32.DLL
0x00007ff8ffa10000 - 0x00007ff8ffaad000 	C:\Program Files\JetBrains\IntelliJ IDEA Community Edition 2021.2.3\jbr\bin\msvcp140.dll
0x00007ff8ddb60000 - 0x00007ff8de6b8000 	C:\Program Files\JetBrains\IntelliJ IDEA Community Edition 2021.2.3\jbr\bin\server\jvm.dll
0x00007ff926ca0000 - 0x00007ff926d4c000 	C:\Windows\System32\ADVAPI32.dll
0x00007ff926c00000 - 0x00007ff926c9b000 	C:\Windows\System32\sechost.dll
0x00007ff926960000 - 0x00007ff926a8a000 	C:\Windows\System32\RPCRT4.dll
0x00007ff926db0000 - 0x00007ff926db8000 	C:\Windows\System32\PSAPI.DLL
0x00007ff91f600000 - 0x00007ff91f609000 	C:\Windows\SYSTEM32\WSOCK32.dll
0x00007ff9143b0000 - 0x00007ff9143d7000 	C:\Windows\SYSTEM32\WINMM.dll
0x00007ff91e380000 - 0x00007ff91e38a000 	C:\Windows\SYSTEM32\VERSION.dll
0x00007ff927dd0000 - 0x00007ff927e3b000 	C:\Windows\System32\WS2_32.dll
0x00007ff923d90000 - 0x00007ff923da2000 	C:\Windows\SYSTEM32\kernel.appcore.dll
0x00007ff8e2700000 - 0x00007ff8e2711000 	C:\Program Files\JetBrains\IntelliJ IDEA Community Edition 2021.2.3\jbr\bin\verify.dll
0x00007ff911c80000 - 0x00007ff911e64000 	C:\Windows\SYSTEM32\DBGHELP.DLL
0x00007ff906cf0000 - 0x00007ff906d1c000 	C:\Windows\SYSTEM32\dbgcore.DLL
0x00007ff926090000 - 0x00007ff926113000 	C:\Windows\System32\bcryptPrimitives.dll
0x00007ff8e2630000 - 0x00007ff8e2659000 	C:\Program Files\JetBrains\IntelliJ IDEA Community Edition 2021.2.3\jbr\bin\java.dll
0x00007ff907440000 - 0x00007ff90744b000 	C:\Program Files\JetBrains\IntelliJ IDEA Community Edition 2021.2.3\jbr\bin\jimage.dll
0x00007ff8e26e0000 - 0x00007ff8e26f8000 	C:\Program Files\JetBrains\IntelliJ IDEA Community Edition 2021.2.3\jbr\bin\zip.dll
0x00007ff926e70000 - 0x00007ff9275af000 	C:\Windows\System32\SHELL32.dll
0x00007ff924070000 - 0x00007ff924800000 	C:\Windows\SYSTEM32\windows.storage.dll
0x00007ff927800000 - 0x00007ff927b55000 	C:\Windows\System32\combase.dll
0x00007ff9259c0000 - 0x00007ff9259ec000 	C:\Windows\SYSTEM32\Wldp.dll
0x00007ff928000000 - 0x00007ff9280ae000 	C:\Windows\System32\SHCORE.dll
0x00007ff9277a0000 - 0x00007ff9277f5000 	C:\Windows\System32\shlwapi.dll
0x00007ff925eb0000 - 0x00007ff925ecf000 	C:\Windows\SYSTEM32\profapi.dll
0x00007ff8e2610000 - 0x00007ff8e262a000 	C:\Program Files\JetBrains\IntelliJ IDEA Community Edition 2021.2.3\jbr\bin\net.dll
0x00007ff913520000 - 0x00007ff913628000 	C:\Windows\SYSTEM32\WINHTTP.dll
0x00007ff925720000 - 0x00007ff92578a000 	C:\Windows\system32\mswsock.dll
0x00007ff8e25f0000 - 0x00007ff8e2604000 	C:\Program Files\JetBrains\IntelliJ IDEA Community Edition 2021.2.3\jbr\bin\nio.dll
0x00007ff8e0ea0000 - 0x00007ff8e0ec7000 	C:\Users\Lenovo\.gradle\native\8bec1ad78214c89d9ad589b4d07fe93259594b29d510b10fafb7a158f7737e5d\windows-amd64\native-platform.dll
0x00007ff8d35b0000 - 0x00007ff8d36ed000 	C:\Users\Lenovo\.gradle\native\53dbd7edfb1c66fb8903c78663c9afc45aea4f116125fa6feffd364cf09443e8\windows-amd64\native-platform-file-events.dll
0x00007ff920230000 - 0x00007ff92023a000 	C:\Program Files\JetBrains\IntelliJ IDEA Community Edition 2021.2.3\jbr\bin\management.dll
0x00007ff91e4a0000 - 0x00007ff91e4ad000 	C:\Program Files\JetBrains\IntelliJ IDEA Community Edition 2021.2.3\jbr\bin\management_ext.dll
0x00007ff925920000 - 0x00007ff925938000 	C:\Windows\SYSTEM32\CRYPTSP.dll
0x00007ff925030000 - 0x00007ff925064000 	C:\Windows\system32\rsaenh.dll
0x00007ff926120000 - 0x00007ff926147000 	C:\Windows\System32\bcrypt.dll
0x00007ff925e30000 - 0x00007ff925e5e000 	C:\Windows\SYSTEM32\USERENV.dll
0x00007ff925910000 - 0x00007ff92591c000 	C:\Windows\SYSTEM32\CRYPTBASE.dll
0x00007ff9253c0000 - 0x00007ff9253fb000 	C:\Windows\SYSTEM32\IPHLPAPI.DLL
0x00007ff926bf0000 - 0x00007ff926bf8000 	C:\Windows\System32\NSI.dll
0x00007ff915a30000 - 0x00007ff915a47000 	C:\Windows\SYSTEM32\dhcpcsvc6.DLL
0x00007ff91c9e0000 - 0x00007ff91c9fd000 	C:\Windows\SYSTEM32\dhcpcsvc.DLL
0x00007ff925400000 - 0x00007ff9254cc000 	C:\Windows\SYSTEM32\DNSAPI.dll

dbghelp: loaded successfully - version: 4.0.5 - missing functions: none
symbol engine: initialized successfully - sym options: 0x614 - pdb path: .;C:\Program Files\JetBrains\IntelliJ IDEA Community Edition 2021.2.3\jbr\bin;C:\Windows\SYSTEM32;C:\Windows\WinSxS\amd64_microsoft.windows.common-controls_6595b64144ccf1df_6.0.19041.1110_none_60b5254171f9507e;C:\Program Files\JetBrains\IntelliJ IDEA Community Edition 2021.2.3\jbr\bin\server;C:\Users\Lenovo\.gradle\native\8bec1ad78214c89d9ad589b4d07fe93259594b29d510b10fafb7a158f7737e5d\windows-amd64;C:\Users\Lenovo\.gradle\native\53dbd7edfb1c66fb8903c78663c9afc45aea4f116125fa6feffd364cf09443e8\windows-amd64

VM Arguments:
jvm_args: -XX:MaxMetaspaceSize=256m -XX:+HeapDumpOnOutOfMemoryError --add-opens=java.base/java.util=ALL-UNNAMED --add-opens=java.base/java.lang=ALL-UNNAMED --add-opens=java.base/java.lang.invoke=ALL-UNNAMED --add-opens=java.base/java.util=ALL-UNNAMED --add-opens=java.prefs/java.util.prefs=ALL-UNNAMED --add-opens=java.prefs/java.util.prefs=ALL-UNNAMED --add-opens=java.base/java.nio.charset=ALL-UNNAMED --add-opens=java.base/java.net=ALL-UNNAMED --add-opens=java.base/java.util.concurrent.atomic=ALL-UNNAMED -Xms256m -Xmx512m -Dfile.encoding=windows-1251 -Duser.country=RU -Duser.language=ru -Duser.variant 
java_command: org.gradle.launcher.daemon.bootstrap.GradleDaemon 7.1
java_class_path (initial): C:\Users\Lenovo\.gradle\wrapper\dists\gradle-7.1-bin\4pslxx9lrxt5svtz5wbnb6tkz\gradle-7.1\lib\gradle-launcher-7.1.jar
Launcher Type: SUN_STANDARD

[Global flags]
     intx CICompilerCount                          = 3                                         {product} {ergonomic}
   size_t CompressedClassSpaceSize                 = 260046848                                 {product} {ergonomic}
     uint ConcGCThreads                            = 1                                         {product} {ergonomic}
     uint G1ConcRefinementThreads                  = 4                                         {product} {ergonomic}
   size_t G1HeapRegionSize                         = 1048576                                   {product} {ergonomic}
    uintx GCDrainStackTargetSize                   = 64                                        {product} {ergonomic}
     bool HeapDumpOnOutOfMemoryError               = true                                   {manageable} {command line}
   size_t InitialHeapSize                          = 268435456                                 {product} {command line}
   size_t MarkStackSize                            = 4194304                                   {product} {ergonomic}
   size_t MaxHeapSize                              = 536870912                                 {product} {command line}
   size_t MaxMetaspaceSize                         = 268435456                                 {product} {command line}
   size_t MaxNewSize                               = 321912832                                 {product} {ergonomic}
   size_t MinHeapDeltaBytes                        = 1048576                                   {product} {ergonomic}
    uintx NonNMethodCodeHeapSize                   = 5830732                                {pd product} {ergonomic}
    uintx NonProfiledCodeHeapSize                  = 122913754                              {pd product} {ergonomic}
    uintx ProfiledCodeHeapSize                     = 122913754                              {pd product} {ergonomic}
    uintx ReservedCodeCacheSize                    = 251658240                              {pd product} {ergonomic}
     bool SegmentedCodeCache                       = true                                      {product} {ergonomic}
     bool UseCompressedClassPointers               = true                                 {lp64_product} {ergonomic}
     bool UseCompressedOops                        = true                                 {lp64_product} {ergonomic}
     bool UseG1GC                                  = true                                      {product} {ergonomic}
     bool UseLargePagesIndividualAllocation        = false                                  {pd product} {ergonomic}

Logging:
Log output configuration:
 #0: stdout all=warning uptime,level,tags
 #1: stderr all=off uptime,level,tags

Environment Variables:
JAVA_HOME=C:\Program Files\Java\jdk-17.0.2
PATH=C:\Program Files\Common Files\Oracle\Java\javapath;C:\Windows\system32;C:\Windows;C:\Windows\System32\Wbem;C:\Windows\System32\WindowsPowerShell\v1.0\;C:\Program Files\Git\cmd;C:\Users\Lenovo\AppData\Local\Microsoft\WindowsApps;C:\Program Files\Java\jdk-17.0.2\bin;
USERNAME=Lenovo
OS=Windows_NT
PROCESSOR_IDENTIFIER=Intel64 Family 6 Model 142 Stepping 9, GenuineIntel



---------------  S Y S T E M  ---------------

OS: Windows 10 , 64 bit Build 19041 (10.0.19041.1202)
OS uptime: 2 days 1:50 hours

CPU:total 4 (initial active 4) (2 cores per cpu, 2 threads per core) family 6 model 142 stepping 9 microcode 0xb4, cmov, cx8, fxsr, mmx, sse, sse2, sse3, ssse3, sse4.1, sse4.2, popcnt, avx, avx2, aes, clmul, erms, 3dnowpref, lzcnt, ht, tsc, tscinvbit, bmi1, bmi2, adx, fma

Memory: 4k page, system-wide physical 8050M (427M free)
TotalPageFile size 8050M (AvailPageFile size 5M)
current process WorkingSet (physical memory assigned to process): 232M, peak: 232M
current process commit charge ("private bytes"): 425M, peak: 426M

vm_info: OpenJDK 64-Bit Server VM (11.0.12+7-b1504.40) for windows-amd64 JRE (11.0.12+7-b1504.40), built on Sep 23 2021 14:38:03 by "" with MS VC++ 14.0 (VS2015)

END.
