#
# There is insufficient memory for the Java Runtime Environment to continue.
# Native memory allocation (malloc) failed to allocate 1038496 bytes for Chunk::new
# Possible reasons:
#   The system is out of physical RAM or swap space
#   The process is running with CompressedOops enabled, and the Java Heap may be blocking the growth of the native heap
# Possible solutions:
#   Reduce memory load on the system
#   Increase physical memory or swap space
#   Check if swap backing store is full
#   Decrease Java heap size (-Xmx/-Xms)
#   Decrease number of Java threads
#   Decrease Java thread stack sizes (-Xss)
#   Set larger code cache with -XX:ReservedCodeCacheSize=
#   JVM is running with Unscaled Compressed Oops mode in which the Java heap is
#     placed in the first 4GB address space. The Java Heap base address is the
#     maximum limit for the native heap growth. Please use -XX:HeapBaseMinAddress
#     to set the Java Heap base and to place the Java Heap above 4GB virtual address.
# This output file may be truncated or incomplete.
#
#  Out of Memory Error (./src/hotspot/share/memory/arena.cpp:197), pid=4680, tid=10536
#
# JRE version: OpenJDK Runtime Environment JBR-11.0.12.7-1504.40-jcef (11.0.12+7) (build 11.0.12+7-b1504.40)
# Java VM: OpenJDK 64-Bit Server VM JBR-11.0.12.7-1504.40-jcef (11.0.12+7-b1504.40, mixed mode, tiered, compressed oops, g1 gc, windows-amd64)
# No core dump will be written. Minidumps are not enabled by default on client versions of Windows
#

---------------  S U M M A R Y ------------

Command Line: -XX:MaxMetaspaceSize=256m -XX:+HeapDumpOnOutOfMemoryError --add-opens=java.base/java.util=ALL-UNNAMED --add-opens=java.base/java.lang=ALL-UNNAMED --add-opens=java.base/java.lang.invoke=ALL-UNNAMED --add-opens=java.base/java.util=ALL-UNNAMED --add-opens=java.prefs/java.util.prefs=ALL-UNNAMED --add-opens=java.prefs/java.util.prefs=ALL-UNNAMED --add-opens=java.base/java.nio.charset=ALL-UNNAMED --add-opens=java.base/java.net=ALL-UNNAMED --add-opens=java.base/java.util.concurrent.atomic=ALL-UNNAMED -Xms256m -Xmx512m -Dfile.encoding=windows-1251 -Duser.country=RU -Duser.language=ru -Duser.variant org.gradle.launcher.daemon.bootstrap.GradleDaemon 7.1

Host: Intel(R) Core(TM) i7-7500U CPU @ 2.70GHz, 4 cores, 7G,  Windows 10 , 64 bit Build 19041 (10.0.19041.1202)
Time: Sun Apr 24 01:09:38 2022 RTZ 2 (зима) elapsed time: 3.236063 seconds (0d 0h 0m 3s)

---------------  T H R E A D  ---------------

Current thread (0x000002106e079000):  JavaThread "C2 CompilerThread1" daemon [_thread_in_native, id=10536, stack(0x000000d6d0000000,0x000000d6d0100000)]


Current CompileTask:
C2:   3236 2231   !   4       java.net.URLClassLoader$1::run (63 bytes)

Stack: [0x000000d6d0000000,0x000000d6d0100000]
Native frames: (J=compiled Java code, j=interpreted, Vv=VM code, C=native code)
V  [jvm.dll+0x5ff40a]
V  [jvm.dll+0x783b65]
V  [jvm.dll+0x78517d]
V  [jvm.dll+0x785833]
V  [jvm.dll+0x249408]
V  [jvm.dll+0xc12ac]
V  [jvm.dll+0xc17dc]
V  [jvm.dll+0x2be9c4]
V  [jvm.dll+0x51370b]
V  [jvm.dll+0x209d33]
V  [jvm.dll+0x203970]
V  [jvm.dll+0x2010af]
V  [jvm.dll+0x18ae6c]
V  [jvm.dll+0x20fb97]
V  [jvm.dll+0x20e3c1]
V  [jvm.dll+0x74b88f]
V  [jvm.dll+0x744355]
V  [jvm.dll+0x5fe316]
C  [ucrtbase.dll+0x21bb2]
C  [KERNEL32.DLL+0x17034]
C  [ntdll.dll+0x52651]


---------------  P R O C E S S  ---------------

Threads class SMR info:
_java_thread_list=0x00000210709c7310, length=31, elements={
0x0000021056807800, 0x000002106d3c4800, 0x000002106d3c6000, 0x000002106d3e4000,
0x000002106d3e5000, 0x000002106d3e9000, 0x000002106d3ee800, 0x000002106d3f3000,
0x000002106dd6a000, 0x000002106dd66800, 0x000002106e079000, 0x000002106dd69000,
0x000002106dd67800, 0x000002106dd66000, 0x000002106dd68800, 0x000002106dd64800,
0x000002106dd6b000, 0x000002106dd65000, 0x000002106fda9000, 0x000002106fda5800,
0x000002106fda9800, 0x000002106fdaa800, 0x000002106fda7000, 0x000002106fda8000,
0x000002106fda6800, 0x000002106fda4800, 0x000002106fdab000, 0x00000210719a0800,
0x000002107199f800, 0x00000210719a3000, 0x00000210719a1800
}

Java Threads: ( => current thread )
  0x0000021056807800 JavaThread "main" [_thread_blocked, id=7592, stack(0x000000d6cef00000,0x000000d6cf000000)]
  0x000002106d3c4800 JavaThread "Reference Handler" daemon [_thread_blocked, id=9612, stack(0x000000d6cf600000,0x000000d6cf700000)]
  0x000002106d3c6000 JavaThread "Finalizer" daemon [_thread_blocked, id=1788, stack(0x000000d6cf700000,0x000000d6cf800000)]
  0x000002106d3e4000 JavaThread "Signal Dispatcher" daemon [_thread_blocked, id=7108, stack(0x000000d6cf800000,0x000000d6cf900000)]
  0x000002106d3e5000 JavaThread "Attach Listener" daemon [_thread_blocked, id=7116, stack(0x000000d6cf900000,0x000000d6cfa00000)]
  0x000002106d3e9000 JavaThread "Service Thread" daemon [_thread_blocked, id=11192, stack(0x000000d6cfa00000,0x000000d6cfb00000)]
  0x000002106d3ee800 JavaThread "C2 CompilerThread0" daemon [_thread_in_native, id=3260, stack(0x000000d6cfb00000,0x000000d6cfc00000)]
  0x000002106d3f3000 JavaThread "C1 CompilerThread0" daemon [_thread_in_native, id=4688, stack(0x000000d6cfc00000,0x000000d6cfd00000)]
  0x000002106dd6a000 JavaThread "Sweeper thread" daemon [_thread_blocked, id=6256, stack(0x000000d6cfd00000,0x000000d6cfe00000)]
  0x000002106dd66800 JavaThread "Common-Cleaner" daemon [_thread_blocked, id=2696, stack(0x000000d6cfe00000,0x000000d6cff00000)]
=>0x000002106e079000 JavaThread "C2 CompilerThread1" daemon [_thread_in_native, id=10536, stack(0x000000d6d0000000,0x000000d6d0100000)]
  0x000002106dd69000 JavaThread "Daemon health stats" [_thread_blocked, id=10804, stack(0x000000d6d0400000,0x000000d6d0500000)]
  0x000002106dd67800 JavaThread "Incoming local TCP Connector on port 60073" [_thread_in_native, id=8128, stack(0x000000d6d0500000,0x000000d6d0600000)]
  0x000002106dd66000 JavaThread "Daemon periodic checks" [_thread_blocked, id=6536, stack(0x000000d6d0600000,0x000000d6d0700000)]
  0x000002106dd68800 JavaThread "Daemon" [_thread_blocked, id=5816, stack(0x000000d6d0700000,0x000000d6d0800000)]
  0x000002106dd64800 JavaThread "Handler for socket connection from /127.0.0.1:60073 to /127.0.0.1:60074" [_thread_in_native, id=9880, stack(0x000000d6d0800000,0x000000d6d0900000)]
  0x000002106dd6b000 JavaThread "Cancel handler" [_thread_blocked, id=1352, stack(0x000000d6d0900000,0x000000d6d0a00000)]
  0x000002106dd65000 JavaThread "Daemon worker" [_thread_in_native, id=6208, stack(0x000000d6d0a00000,0x000000d6d0b00000)]
  0x000002106fda9000 JavaThread "Asynchronous log dispatcher for DefaultDaemonConnection: socket connection from /127.0.0.1:60073 to /127.0.0.1:60074" [_thread_blocked, id=9424, stack(0x000000d6d0b00000,0x000000d6d0c00000)]
  0x000002106fda5800 JavaThread "Stdin handler" [_thread_blocked, id=8568, stack(0x000000d6d0c00000,0x000000d6d0d00000)]
  0x000002106fda9800 JavaThread "Daemon client event forwarder" [_thread_blocked, id=7284, stack(0x000000d6d0d00000,0x000000d6d0e00000)]
  0x000002106fdaa800 JavaThread "Cache worker for journal cache (C:\Users\Lenovo\.gradle\caches\journal-1)" [_thread_blocked, id=7572, stack(0x000000d6d0e00000,0x000000d6d0f00000)]
  0x000002106fda7000 JavaThread "File lock request listener" [_thread_in_native, id=6776, stack(0x000000d6d0f00000,0x000000d6d1000000)]
  0x000002106fda8000 JavaThread "Cache worker for file hash cache (C:\Users\Lenovo\.gradle\caches\7.1\fileHashes)" [_thread_blocked, id=3068, stack(0x000000d6d1000000,0x000000d6d1100000)]
  0x000002106fda6800 JavaThread "Cache worker for file hash cache (C:\Users\Lenovo\IdeaProjects\softdev-2022-spring-task-3\.gradle\7.1\fileHashes)" [_thread_blocked, id=8124, stack(0x000000d6d1100000,0x000000d6d1200000)]
  0x000002106fda4800 JavaThread "File watcher server" daemon [_thread_in_native, id=8628, stack(0x000000d6d1200000,0x000000d6d1300000)]
  0x000002106fdab000 JavaThread "File watcher consumer" daemon [_thread_blocked, id=10784, stack(0x000000d6d1300000,0x000000d6d1400000)]
  0x00000210719a0800 JavaThread "jar transforms" [_thread_blocked, id=7852, stack(0x000000d6d1400000,0x000000d6d1500000)]
  0x000002107199f800 JavaThread "jar transforms Thread 2" [_thread_blocked, id=8396, stack(0x000000d6d1500000,0x000000d6d1600000)]
  0x00000210719a3000 JavaThread "jar transforms Thread 3" [_thread_blocked, id=9152, stack(0x000000d6d1600000,0x000000d6d1700000)]
  0x00000210719a1800 JavaThread "jar transforms Thread 4" [_thread_blocked, id=2540, stack(0x000000d6d1700000,0x000000d6d1800000)]

Other Threads:
  0x000002106d3a2800 VMThread "VM Thread" [stack: 0x000000d6cf500000,0x000000d6cf600000] [id=8180]
  0x000002106df1a800 WatcherThread [stack: 0x000000d6cff00000,0x000000d6d0000000] [id=11132]
  0x0000021056822800 GCTaskThread "GC Thread#0" [stack: 0x000000d6cf000000,0x000000d6cf100000] [id=8656]
  0x000002106ea37000 GCTaskThread "GC Thread#1" [stack: 0x000000d6d0100000,0x000000d6d0200000] [id=8324]
  0x000002106e840800 GCTaskThread "GC Thread#2" [stack: 0x000000d6d0200000,0x000000d6d0300000] [id=6744]
  0x000002106e07f000 GCTaskThread "GC Thread#3" [stack: 0x000000d6d0300000,0x000000d6d0400000] [id=356]
  0x0000021056833800 ConcurrentGCThread "G1 Main Marker" [stack: 0x000000d6cf100000,0x000000d6cf200000] [id=8612]
  0x0000021056836800 ConcurrentGCThread "G1 Conc#0" [stack: 0x000000d6cf200000,0x000000d6cf300000] [id=10280]
  0x00000210568ed800 ConcurrentGCThread "G1 Refine#0" [stack: 0x000000d6cf300000,0x000000d6cf400000] [id=7696]
  0x000002106d236800 ConcurrentGCThread "G1 Young RemSet Sampling" [stack: 0x000000d6cf400000,0x000000d6cf500000] [id=9588]

Threads with active compile tasks:
C2 CompilerThread0   3251 2078       4       java.net.URLClassLoader$1::run (5 bytes)
C1 CompilerThread0   3251 2338       3       java.util.zip.ZipFile$Source::initCEN (697 bytes)
C2 CompilerThread1   3251 2231   !   4       java.net.URLClassLoader$1::run (63 bytes)

VM state:not at safepoint (normal execution)

VM Mutex/Monitor currently owned by a thread: None

Heap address: 0x00000000e0000000, size: 512 MB, Compressed Oops mode: 32-bit
Narrow klass base: 0x0000000000000000, Narrow klass shift: 3
Compressed class space size: 260046848 Address: 0x0000000100000000

Heap:
 garbage-first heap   total 262144K, used 33692K [0x00000000e0000000, 0x0000000100000000)
  region size 1024K, 8 young (8192K), 3 survivors (3072K)
 Metaspace       used 26364K, capacity 27135K, committed 27392K, reserved 278528K
  class space    used 3456K, capacity 3721K, committed 3840K, reserved 253952K
Heap Regions: E=young(eden), S=young(survivor), O=old, HS=humongous(starts), HC=humongous(continues), CS=collection set, F=free, A=archive, TAMS=top-at-mark-start (previous, next)
|   0|0x00000000e0000000, 0x00000000e0100000, 0x00000000e0100000|100%| O|  |TAMS 0x00000000e0100000, 0x00000000e0000000| Untracked 
|   1|0x00000000e0100000, 0x00000000e0200000, 0x00000000e0200000|100%| O|  |TAMS 0x00000000e0200000, 0x00000000e0100000| Untracked 
|   2|0x00000000e0200000, 0x00000000e0300000, 0x00000000e0300000|100%| O|  |TAMS 0x00000000e0300000, 0x00000000e0200000| Untracked 
|   3|0x00000000e0300000, 0x00000000e0400000, 0x00000000e0400000|100%|HS|  |TAMS 0x00000000e0400000, 0x00000000e0300000| Complete 
|   4|0x00000000e0400000, 0x00000000e0500000, 0x00000000e0500000|100%|HC|  |TAMS 0x00000000e0500000, 0x00000000e0400000| Complete 
|   5|0x00000000e0500000, 0x00000000e0600000, 0x00000000e0600000|100%|HC|  |TAMS 0x00000000e0600000, 0x00000000e0500000| Complete 
|   6|0x00000000e0600000, 0x00000000e0700000, 0x00000000e0700000|100%| O|  |TAMS 0x00000000e0700000, 0x00000000e0600000| Untracked 
|   7|0x00000000e0700000, 0x00000000e0800000, 0x00000000e0800000|100%| O|  |TAMS 0x00000000e0800000, 0x00000000e0700000| Untracked 
|   8|0x00000000e0800000, 0x00000000e0900000, 0x00000000e0900000|100%| O|  |TAMS 0x00000000e0900000, 0x00000000e0800000| Untracked 
|   9|0x00000000e0900000, 0x00000000e0a00000, 0x00000000e0a00000|100%| O|  |TAMS 0x00000000e0a00000, 0x00000000e0900000| Untracked 
|  10|0x00000000e0a00000, 0x00000000e0b00000, 0x00000000e0b00000|100%| O|  |TAMS 0x00000000e0afae00, 0x00000000e0a00000| Untracked 
|  11|0x00000000e0b00000, 0x00000000e0c00000, 0x00000000e0c00000|100%| O|  |TAMS 0x00000000e0b00000, 0x00000000e0b00000| Untracked 
|  12|0x00000000e0c00000, 0x00000000e0d00000, 0x00000000e0d00000|100%| O|  |TAMS 0x00000000e0c00000, 0x00000000e0c00000| Untracked 
|  13|0x00000000e0d00000, 0x00000000e0e00000, 0x00000000e0e00000|100%| O|  |TAMS 0x00000000e0d00000, 0x00000000e0d00000| Untracked 
|  14|0x00000000e0e00000, 0x00000000e0f00000, 0x00000000e0f00000|100%| O|  |TAMS 0x00000000e0e00000, 0x00000000e0e00000| Untracked 
|  15|0x00000000e0f00000, 0x00000000e0fe7000, 0x00000000e1000000| 90%| O|  |TAMS 0x00000000e0f00000, 0x00000000e0f00000| Untracked 
|  16|0x00000000e1000000, 0x00000000e1100000, 0x00000000e1100000|100%|HS|  |TAMS 0x00000000e1000000, 0x00000000e1000000| Complete 
|  17|0x00000000e1100000, 0x00000000e1200000, 0x00000000e1200000|100%|HC|  |TAMS 0x00000000e1100000, 0x00000000e1100000| Complete 
|  18|0x00000000e1200000, 0x00000000e1300000, 0x00000000e1300000|100%|HS|  |TAMS 0x00000000e1200000, 0x00000000e1200000| Complete 
|  19|0x00000000e1300000, 0x00000000e1400000, 0x00000000e1400000|100%|HC|  |TAMS 0x00000000e1300000, 0x00000000e1300000| Complete 
|  20|0x00000000e1400000, 0x00000000e1500000, 0x00000000e1500000|100%|HC|  |TAMS 0x00000000e1400000, 0x00000000e1400000| Complete 
|  21|0x00000000e1500000, 0x00000000e1600000, 0x00000000e1600000|100%|HS|  |TAMS 0x00000000e1500000, 0x00000000e1500000| Complete 
|  22|0x00000000e1600000, 0x00000000e1700000, 0x00000000e1700000|100%|HS|  |TAMS 0x00000000e1600000, 0x00000000e1600000| Complete 
|  23|0x00000000e1700000, 0x00000000e1800000, 0x00000000e1800000|100%|HC|  |TAMS 0x00000000e1700000, 0x00000000e1700000| Complete 
|  24|0x00000000e1800000, 0x00000000e1900000, 0x00000000e1900000|100%|HC|  |TAMS 0x00000000e1800000, 0x00000000e1800000| Complete 
|  25|0x00000000e1900000, 0x00000000e1a00000, 0x00000000e1a00000|100%|HC|  |TAMS 0x00000000e1900000, 0x00000000e1900000| Complete 
|  26|0x00000000e1a00000, 0x00000000e1a00000, 0x00000000e1b00000|  0%| F|  |TAMS 0x00000000e1a00000, 0x00000000e1a00000| Untracked 
|  27|0x00000000e1b00000, 0x00000000e1b00000, 0x00000000e1c00000|  0%| F|  |TAMS 0x00000000e1b00000, 0x00000000e1b00000| Untracked 
|  28|0x00000000e1c00000, 0x00000000e1c00000, 0x00000000e1d00000|  0%| F|  |TAMS 0x00000000e1c00000, 0x00000000e1c00000| Untracked 
|  29|0x00000000e1d00000, 0x00000000e1d00000, 0x00000000e1e00000|  0%| F|  |TAMS 0x00000000e1d00000, 0x00000000e1d00000| Untracked 
|  30|0x00000000e1e00000, 0x00000000e1e00000, 0x00000000e1f00000|  0%| F|  |TAMS 0x00000000e1e00000, 0x00000000e1e00000| Untracked 
|  31|0x00000000e1f00000, 0x00000000e1f00000, 0x00000000e2000000|  0%| F|  |TAMS 0x00000000e1f00000, 0x00000000e1f00000| Untracked 
|  32|0x00000000e2000000, 0x00000000e2000000, 0x00000000e2100000|  0%| F|  |TAMS 0x00000000e2000000, 0x00000000e2000000| Untracked 
|  33|0x00000000e2100000, 0x00000000e2100000, 0x00000000e2200000|  0%| F|  |TAMS 0x00000000e2100000, 0x00000000e2100000| Untracked 
|  34|0x00000000e2200000, 0x00000000e2200000, 0x00000000e2300000|  0%| F|  |TAMS 0x00000000e2200000, 0x00000000e2200000| Untracked 
|  35|0x00000000e2300000, 0x00000000e2300000, 0x00000000e2400000|  0%| F|  |TAMS 0x00000000e2300000, 0x00000000e2300000| Untracked 
|  36|0x00000000e2400000, 0x00000000e2400000, 0x00000000e2500000|  0%| F|  |TAMS 0x00000000e2400000, 0x00000000e2400000| Untracked 
|  37|0x00000000e2500000, 0x00000000e2500000, 0x00000000e2600000|  0%| F|  |TAMS 0x00000000e2500000, 0x00000000e2500000| Untracked 
|  38|0x00000000e2600000, 0x00000000e2600000, 0x00000000e2700000|  0%| F|  |TAMS 0x00000000e2600000, 0x00000000e2600000| Untracked 
|  39|0x00000000e2700000, 0x00000000e2700000, 0x00000000e2800000|  0%| F|  |TAMS 0x00000000e2700000, 0x00000000e2700000| Untracked 
|  40|0x00000000e2800000, 0x00000000e2800000, 0x00000000e2900000|  0%| F|  |TAMS 0x00000000e2800000, 0x00000000e2800000| Untracked 
|  41|0x00000000e2900000, 0x00000000e2900000, 0x00000000e2a00000|  0%| F|  |TAMS 0x00000000e2900000, 0x00000000e2900000| Untracked 
|  42|0x00000000e2a00000, 0x00000000e2a00000, 0x00000000e2b00000|  0%| F|  |TAMS 0x00000000e2a00000, 0x00000000e2a00000| Untracked 
|  43|0x00000000e2b00000, 0x00000000e2b00000, 0x00000000e2c00000|  0%| F|  |TAMS 0x00000000e2b00000, 0x00000000e2b00000| Untracked 
|  44|0x00000000e2c00000, 0x00000000e2c00000, 0x00000000e2d00000|  0%| F|  |TAMS 0x00000000e2c00000, 0x00000000e2c00000| Untracked 
|  45|0x00000000e2d00000, 0x00000000e2d00000, 0x00000000e2e00000|  0%| F|  |TAMS 0x00000000e2d00000, 0x00000000e2d00000| Untracked 
|  46|0x00000000e2e00000, 0x00000000e2e00000, 0x00000000e2f00000|  0%| F|  |TAMS 0x00000000e2e00000, 0x00000000e2e00000| Untracked 
|  47|0x00000000e2f00000, 0x00000000e2f00000, 0x00000000e3000000|  0%| F|  |TAMS 0x00000000e2f00000, 0x00000000e2f00000| Untracked 
|  48|0x00000000e3000000, 0x00000000e3000000, 0x00000000e3100000|  0%| F|  |TAMS 0x00000000e3000000, 0x00000000e3000000| Untracked 
|  49|0x00000000e3100000, 0x00000000e3100000, 0x00000000e3200000|  0%| F|  |TAMS 0x00000000e3100000, 0x00000000e3100000| Untracked 
|  50|0x00000000e3200000, 0x00000000e3200000, 0x00000000e3300000|  0%| F|  |TAMS 0x00000000e3200000, 0x00000000e3200000| Untracked 
|  51|0x00000000e3300000, 0x00000000e3300000, 0x00000000e3400000|  0%| F|  |TAMS 0x00000000e3300000, 0x00000000e3300000| Untracked 
|  52|0x00000000e3400000, 0x00000000e3400000, 0x00000000e3500000|  0%| F|  |TAMS 0x00000000e3400000, 0x00000000e3400000| Untracked 
|  53|0x00000000e3500000, 0x00000000e3500000, 0x00000000e3600000|  0%| F|  |TAMS 0x00000000e3500000, 0x00000000e3500000| Untracked 
|  54|0x00000000e3600000, 0x00000000e3600000, 0x00000000e3700000|  0%| F|  |TAMS 0x00000000e3600000, 0x00000000e3600000| Untracked 
|  55|0x00000000e3700000, 0x00000000e3700000, 0x00000000e3800000|  0%| F|  |TAMS 0x00000000e3700000, 0x00000000e3700000| Untracked 
|  56|0x00000000e3800000, 0x00000000e3800000, 0x00000000e3900000|  0%| F|  |TAMS 0x00000000e3800000, 0x00000000e3800000| Untracked 
|  57|0x00000000e3900000, 0x00000000e3900000, 0x00000000e3a00000|  0%| F|  |TAMS 0x00000000e3900000, 0x00000000e3900000| Untracked 
|  58|0x00000000e3a00000, 0x00000000e3a00000, 0x00000000e3b00000|  0%| F|  |TAMS 0x00000000e3a00000, 0x00000000e3a00000| Untracked 
|  59|0x00000000e3b00000, 0x00000000e3b00000, 0x00000000e3c00000|  0%| F|  |TAMS 0x00000000e3b00000, 0x00000000e3b00000| Untracked 
|  60|0x00000000e3c00000, 0x00000000e3c00000, 0x00000000e3d00000|  0%| F|  |TAMS 0x00000000e3c00000, 0x00000000e3c00000| Untracked 
|  61|0x00000000e3d00000, 0x00000000e3d00000, 0x00000000e3e00000|  0%| F|  |TAMS 0x00000000e3d00000, 0x00000000e3d00000| Untracked 
|  62|0x00000000e3e00000, 0x00000000e3e00000, 0x00000000e3f00000|  0%| F|  |TAMS 0x00000000e3e00000, 0x00000000e3e00000| Untracked 
|  63|0x00000000e3f00000, 0x00000000e3f00000, 0x00000000e4000000|  0%| F|  |TAMS 0x00000000e3f00000, 0x00000000e3f00000| Untracked 
|  64|0x00000000e4000000, 0x00000000e4000000, 0x00000000e4100000|  0%| F|  |TAMS 0x00000000e4000000, 0x00000000e4000000| Untracked 
|  65|0x00000000e4100000, 0x00000000e4100000, 0x00000000e4200000|  0%| F|  |TAMS 0x00000000e4100000, 0x00000000e4100000| Untracked 
|  66|0x00000000e4200000, 0x00000000e4200000, 0x00000000e4300000|  0%| F|  |TAMS 0x00000000e4200000, 0x00000000e4200000| Untracked 
|  67|0x00000000e4300000, 0x00000000e4300000, 0x00000000e4400000|  0%| F|  |TAMS 0x00000000e4300000, 0x00000000e4300000| Untracked 
|  68|0x00000000e4400000, 0x00000000e4400000, 0x00000000e4500000|  0%| F|  |TAMS 0x00000000e4400000, 0x00000000e4400000| Untracked 
|  69|0x00000000e4500000, 0x00000000e4500000, 0x00000000e4600000|  0%| F|  |TAMS 0x00000000e4500000, 0x00000000e4500000| Untracked 
|  70|0x00000000e4600000, 0x00000000e4600000, 0x00000000e4700000|  0%| F|  |TAMS 0x00000000e4600000, 0x00000000e4600000| Untracked 
|  71|0x00000000e4700000, 0x00000000e4700000, 0x00000000e4800000|  0%| F|  |TAMS 0x00000000e4700000, 0x00000000e4700000| Untracked 
|  72|0x00000000e4800000, 0x00000000e4800000, 0x00000000e4900000|  0%| F|  |TAMS 0x00000000e4800000, 0x00000000e4800000| Untracked 
|  73|0x00000000e4900000, 0x00000000e4900000, 0x00000000e4a00000|  0%| F|  |TAMS 0x00000000e4900000, 0x00000000e4900000| Untracked 
|  74|0x00000000e4a00000, 0x00000000e4a00000, 0x00000000e4b00000|  0%| F|  |TAMS 0x00000000e4a00000, 0x00000000e4a00000| Untracked 
|  75|0x00000000e4b00000, 0x00000000e4b00000, 0x00000000e4c00000|  0%| F|  |TAMS 0x00000000e4b00000, 0x00000000e4b00000| Untracked 
|  76|0x00000000e4c00000, 0x00000000e4c00000, 0x00000000e4d00000|  0%| F|  |TAMS 0x00000000e4c00000, 0x00000000e4c00000| Untracked 
|  77|0x00000000e4d00000, 0x00000000e4d00000, 0x00000000e4e00000|  0%| F|  |TAMS 0x00000000e4d00000, 0x00000000e4d00000| Untracked 
|  78|0x00000000e4e00000, 0x00000000e4e00000, 0x00000000e4f00000|  0%| F|  |TAMS 0x00000000e4e00000, 0x00000000e4e00000| Untracked 
|  79|0x00000000e4f00000, 0x00000000e4f00000, 0x00000000e5000000|  0%| F|  |TAMS 0x00000000e4f00000, 0x00000000e4f00000| Untracked 
|  80|0x00000000e5000000, 0x00000000e5000000, 0x00000000e5100000|  0%| F|  |TAMS 0x00000000e5000000, 0x00000000e5000000| Untracked 
|  81|0x00000000e5100000, 0x00000000e5100000, 0x00000000e5200000|  0%| F|  |TAMS 0x00000000e5100000, 0x00000000e5100000| Untracked 
|  82|0x00000000e5200000, 0x00000000e5200000, 0x00000000e5300000|  0%| F|  |TAMS 0x00000000e5200000, 0x00000000e5200000| Untracked 
|  83|0x00000000e5300000, 0x00000000e5300000, 0x00000000e5400000|  0%| F|  |TAMS 0x00000000e5300000, 0x00000000e5300000| Untracked 
|  84|0x00000000e5400000, 0x00000000e5400000, 0x00000000e5500000|  0%| F|  |TAMS 0x00000000e5400000, 0x00000000e5400000| Untracked 
|  85|0x00000000e5500000, 0x00000000e5500000, 0x00000000e5600000|  0%| F|  |TAMS 0x00000000e5500000, 0x00000000e5500000| Untracked 
|  86|0x00000000e5600000, 0x00000000e5600000, 0x00000000e5700000|  0%| F|  |TAMS 0x00000000e5600000, 0x00000000e5600000| Untracked 
|  87|0x00000000e5700000, 0x00000000e5700000, 0x00000000e5800000|  0%| F|  |TAMS 0x00000000e5700000, 0x00000000e5700000| Untracked 
|  88|0x00000000e5800000, 0x00000000e5800000, 0x00000000e5900000|  0%| F|  |TAMS 0x00000000e5800000, 0x00000000e5800000| Untracked 
|  89|0x00000000e5900000, 0x00000000e5900000, 0x00000000e5a00000|  0%| F|  |TAMS 0x00000000e5900000, 0x00000000e5900000| Untracked 
|  90|0x00000000e5a00000, 0x00000000e5a00000, 0x00000000e5b00000|  0%| F|  |TAMS 0x00000000e5a00000, 0x00000000e5a00000| Untracked 
|  91|0x00000000e5b00000, 0x00000000e5b00000, 0x00000000e5c00000|  0%| F|  |TAMS 0x00000000e5b00000, 0x00000000e5b00000| Untracked 
|  92|0x00000000e5c00000, 0x00000000e5c00000, 0x00000000e5d00000|  0%| F|  |TAMS 0x00000000e5c00000, 0x00000000e5c00000| Untracked 
|  93|0x00000000e5d00000, 0x00000000e5d00000, 0x00000000e5e00000|  0%| F|  |TAMS 0x00000000e5d00000, 0x00000000e5d00000| Untracked 
|  94|0x00000000e5e00000, 0x00000000e5e00000, 0x00000000e5f00000|  0%| F|  |TAMS 0x00000000e5e00000, 0x00000000e5e00000| Untracked 
|  95|0x00000000e5f00000, 0x00000000e5f00000, 0x00000000e6000000|  0%| F|  |TAMS 0x00000000e5f00000, 0x00000000e5f00000| Untracked 
|  96|0x00000000e6000000, 0x00000000e6000000, 0x00000000e6100000|  0%| F|  |TAMS 0x00000000e6000000, 0x00000000e6000000| Untracked 
|  97|0x00000000e6100000, 0x00000000e6100000, 0x00000000e6200000|  0%| F|  |TAMS 0x00000000e6100000, 0x00000000e6100000| Untracked 
|  98|0x00000000e6200000, 0x00000000e6200000, 0x00000000e6300000|  0%| F|  |TAMS 0x00000000e6200000, 0x00000000e6200000| Untracked 
|  99|0x00000000e6300000, 0x00000000e6300000, 0x00000000e6400000|  0%| F|  |TAMS 0x00000000e6300000, 0x00000000e6300000| Untracked 
| 100|0x00000000e6400000, 0x00000000e6400000, 0x00000000e6500000|  0%| F|  |TAMS 0x00000000e6400000, 0x00000000e6400000| Untracked 
| 101|0x00000000e6500000, 0x00000000e6500000, 0x00000000e6600000|  0%| F|  |TAMS 0x00000000e6500000, 0x00000000e6500000| Untracked 
| 102|0x00000000e6600000, 0x00000000e6600000, 0x00000000e6700000|  0%| F|  |TAMS 0x00000000e6600000, 0x00000000e6600000| Untracked 
| 103|0x00000000e6700000, 0x00000000e6700000, 0x00000000e6800000|  0%| F|  |TAMS 0x00000000e6700000, 0x00000000e6700000| Untracked 
| 104|0x00000000e6800000, 0x00000000e6800000, 0x00000000e6900000|  0%| F|  |TAMS 0x00000000e6800000, 0x00000000e6800000| Untracked 
| 105|0x00000000e6900000, 0x00000000e6900000, 0x00000000e6a00000|  0%| F|  |TAMS 0x00000000e6900000, 0x00000000e6900000| Untracked 
| 106|0x00000000e6a00000, 0x00000000e6a00000, 0x00000000e6b00000|  0%| F|  |TAMS 0x00000000e6a00000, 0x00000000e6a00000| Untracked 
| 107|0x00000000e6b00000, 0x00000000e6b00000, 0x00000000e6c00000|  0%| F|  |TAMS 0x00000000e6b00000, 0x00000000e6b00000| Untracked 
| 108|0x00000000e6c00000, 0x00000000e6c00000, 0x00000000e6d00000|  0%| F|  |TAMS 0x00000000e6c00000, 0x00000000e6c00000| Untracked 
| 109|0x00000000e6d00000, 0x00000000e6d00000, 0x00000000e6e00000|  0%| F|  |TAMS 0x00000000e6d00000, 0x00000000e6d00000| Untracked 
| 110|0x00000000e6e00000, 0x00000000e6e00000, 0x00000000e6f00000|  0%| F|  |TAMS 0x00000000e6e00000, 0x00000000e6e00000| Untracked 
| 111|0x00000000e6f00000, 0x00000000e6f00000, 0x00000000e7000000|  0%| F|  |TAMS 0x00000000e6f00000, 0x00000000e6f00000| Untracked 
| 112|0x00000000e7000000, 0x00000000e7000000, 0x00000000e7100000|  0%| F|  |TAMS 0x00000000e7000000, 0x00000000e7000000| Untracked 
| 113|0x00000000e7100000, 0x00000000e7100000, 0x00000000e7200000|  0%| F|  |TAMS 0x00000000e7100000, 0x00000000e7100000| Untracked 
| 114|0x00000000e7200000, 0x00000000e7200000, 0x00000000e7300000|  0%| F|  |TAMS 0x00000000e7200000, 0x00000000e7200000| Untracked 
| 115|0x00000000e7300000, 0x00000000e7300000, 0x00000000e7400000|  0%| F|  |TAMS 0x00000000e7300000, 0x00000000e7300000| Untracked 
| 116|0x00000000e7400000, 0x00000000e7400000, 0x00000000e7500000|  0%| F|  |TAMS 0x00000000e7400000, 0x00000000e7400000| Untracked 
| 117|0x00000000e7500000, 0x00000000e7500000, 0x00000000e7600000|  0%| F|  |TAMS 0x00000000e7500000, 0x00000000e7500000| Untracked 
| 118|0x00000000e7600000, 0x00000000e7600000, 0x00000000e7700000|  0%| F|  |TAMS 0x00000000e7600000, 0x00000000e7600000| Untracked 
| 119|0x00000000e7700000, 0x00000000e7700000, 0x00000000e7800000|  0%| F|  |TAMS 0x00000000e7700000, 0x00000000e7700000| Untracked 
| 120|0x00000000e7800000, 0x00000000e7800000, 0x00000000e7900000|  0%| F|  |TAMS 0x00000000e7800000, 0x00000000e7800000| Untracked 
| 121|0x00000000e7900000, 0x00000000e7900000, 0x00000000e7a00000|  0%| F|  |TAMS 0x00000000e7900000, 0x00000000e7900000| Untracked 
| 122|0x00000000e7a00000, 0x00000000e7a00000, 0x00000000e7b00000|  0%| F|  |TAMS 0x00000000e7a00000, 0x00000000e7a00000| Untracked 
| 123|0x00000000e7b00000, 0x00000000e7b00000, 0x00000000e7c00000|  0%| F|  |TAMS 0x00000000e7b00000, 0x00000000e7b00000| Untracked 
| 124|0x00000000e7c00000, 0x00000000e7c00000, 0x00000000e7d00000|  0%| F|  |TAMS 0x00000000e7c00000, 0x00000000e7c00000| Untracked 
| 125|0x00000000e7d00000, 0x00000000e7d00000, 0x00000000e7e00000|  0%| F|  |TAMS 0x00000000e7d00000, 0x00000000e7d00000| Untracked 
| 126|0x00000000e7e00000, 0x00000000e7e00000, 0x00000000e7f00000|  0%| F|  |TAMS 0x00000000e7e00000, 0x00000000e7e00000| Untracked 
| 127|0x00000000e7f00000, 0x00000000e7f00000, 0x00000000e8000000|  0%| F|  |TAMS 0x00000000e7f00000, 0x00000000e7f00000| Untracked 
| 128|0x00000000e8000000, 0x00000000e8000000, 0x00000000e8100000|  0%| F|  |TAMS 0x00000000e8000000, 0x00000000e8000000| Untracked 
| 129|0x00000000e8100000, 0x00000000e8100000, 0x00000000e8200000|  0%| F|  |TAMS 0x00000000e8100000, 0x00000000e8100000| Untracked 
| 130|0x00000000e8200000, 0x00000000e8200000, 0x00000000e8300000|  0%| F|  |TAMS 0x00000000e8200000, 0x00000000e8200000| Untracked 
| 131|0x00000000e8300000, 0x00000000e8300000, 0x00000000e8400000|  0%| F|  |TAMS 0x00000000e8300000, 0x00000000e8300000| Untracked 
| 132|0x00000000e8400000, 0x00000000e8400000, 0x00000000e8500000|  0%| F|  |TAMS 0x00000000e8400000, 0x00000000e8400000| Untracked 
| 133|0x00000000e8500000, 0x00000000e8500000, 0x00000000e8600000|  0%| F|  |TAMS 0x00000000e8500000, 0x00000000e8500000| Untracked 
| 134|0x00000000e8600000, 0x00000000e8600000, 0x00000000e8700000|  0%| F|  |TAMS 0x00000000e8600000, 0x00000000e8600000| Untracked 
| 135|0x00000000e8700000, 0x00000000e8700000, 0x00000000e8800000|  0%| F|  |TAMS 0x00000000e8700000, 0x00000000e8700000| Untracked 
| 136|0x00000000e8800000, 0x00000000e8800000, 0x00000000e8900000|  0%| F|  |TAMS 0x00000000e8800000, 0x00000000e8800000| Untracked 
| 137|0x00000000e8900000, 0x00000000e8900000, 0x00000000e8a00000|  0%| F|  |TAMS 0x00000000e8900000, 0x00000000e8900000| Untracked 
| 138|0x00000000e8a00000, 0x00000000e8a00000, 0x00000000e8b00000|  0%| F|  |TAMS 0x00000000e8a00000, 0x00000000e8a00000| Untracked 
| 139|0x00000000e8b00000, 0x00000000e8b00000, 0x00000000e8c00000|  0%| F|  |TAMS 0x00000000e8b00000, 0x00000000e8b00000| Untracked 
| 140|0x00000000e8c00000, 0x00000000e8c00000, 0x00000000e8d00000|  0%| F|  |TAMS 0x00000000e8c00000, 0x00000000e8c00000| Untracked 
| 141|0x00000000e8d00000, 0x00000000e8d00000, 0x00000000e8e00000|  0%| F|  |TAMS 0x00000000e8d00000, 0x00000000e8d00000| Untracked 
| 142|0x00000000e8e00000, 0x00000000e8e00000, 0x00000000e8f00000|  0%| F|  |TAMS 0x00000000e8e00000, 0x00000000e8e00000| Untracked 
| 143|0x00000000e8f00000, 0x00000000e8f00000, 0x00000000e9000000|  0%| F|  |TAMS 0x00000000e8f00000, 0x00000000e8f00000| Untracked 
| 144|0x00000000e9000000, 0x00000000e9000000, 0x00000000e9100000|  0%| F|  |TAMS 0x00000000e9000000, 0x00000000e9000000| Untracked 
| 145|0x00000000e9100000, 0x00000000e9100000, 0x00000000e9200000|  0%| F|  |TAMS 0x00000000e9100000, 0x00000000e9100000| Untracked 
| 146|0x00000000e9200000, 0x00000000e9200000, 0x00000000e9300000|  0%| F|  |TAMS 0x00000000e9200000, 0x00000000e9200000| Untracked 
| 147|0x00000000e9300000, 0x00000000e9300000, 0x00000000e9400000|  0%| F|  |TAMS 0x00000000e9300000, 0x00000000e9300000| Untracked 
| 148|0x00000000e9400000, 0x00000000e9400000, 0x00000000e9500000|  0%| F|  |TAMS 0x00000000e9400000, 0x00000000e9400000| Untracked 
| 149|0x00000000e9500000, 0x00000000e9500000, 0x00000000e9600000|  0%| F|  |TAMS 0x00000000e9500000, 0x00000000e9500000| Untracked 
| 150|0x00000000e9600000, 0x00000000e9600000, 0x00000000e9700000|  0%| F|  |TAMS 0x00000000e9600000, 0x00000000e9600000| Untracked 
| 151|0x00000000e9700000, 0x00000000e9700000, 0x00000000e9800000|  0%| F|  |TAMS 0x00000000e9700000, 0x00000000e9700000| Untracked 
| 152|0x00000000e9800000, 0x00000000e9800000, 0x00000000e9900000|  0%| F|  |TAMS 0x00000000e9800000, 0x00000000e9800000| Untracked 
| 153|0x00000000e9900000, 0x00000000e9900000, 0x00000000e9a00000|  0%| F|  |TAMS 0x00000000e9900000, 0x00000000e9900000| Untracked 
| 154|0x00000000e9a00000, 0x00000000e9a00000, 0x00000000e9b00000|  0%| F|  |TAMS 0x00000000e9a00000, 0x00000000e9a00000| Untracked 
| 155|0x00000000e9b00000, 0x00000000e9b00000, 0x00000000e9c00000|  0%| F|  |TAMS 0x00000000e9b00000, 0x00000000e9b00000| Untracked 
| 156|0x00000000e9c00000, 0x00000000e9c00000, 0x00000000e9d00000|  0%| F|  |TAMS 0x00000000e9c00000, 0x00000000e9c00000| Untracked 
| 157|0x00000000e9d00000, 0x00000000e9d00000, 0x00000000e9e00000|  0%| F|  |TAMS 0x00000000e9d00000, 0x00000000e9d00000| Untracked 
| 158|0x00000000e9e00000, 0x00000000e9e00000, 0x00000000e9f00000|  0%| F|  |TAMS 0x00000000e9e00000, 0x00000000e9e00000| Untracked 
| 159|0x00000000e9f00000, 0x00000000e9f00000, 0x00000000ea000000|  0%| F|  |TAMS 0x00000000e9f00000, 0x00000000e9f00000| Untracked 
| 160|0x00000000ea000000, 0x00000000ea000000, 0x00000000ea100000|  0%| F|  |TAMS 0x00000000ea000000, 0x00000000ea000000| Untracked 
| 161|0x00000000ea100000, 0x00000000ea100000, 0x00000000ea200000|  0%| F|  |TAMS 0x00000000ea100000, 0x00000000ea100000| Untracked 
| 162|0x00000000ea200000, 0x00000000ea200000, 0x00000000ea300000|  0%| F|  |TAMS 0x00000000ea200000, 0x00000000ea200000| Untracked 
| 163|0x00000000ea300000, 0x00000000ea300000, 0x00000000ea400000|  0%| F|  |TAMS 0x00000000ea300000, 0x00000000ea300000| Untracked 
| 164|0x00000000ea400000, 0x00000000ea400000, 0x00000000ea500000|  0%| F|  |TAMS 0x00000000ea400000, 0x00000000ea400000| Untracked 
| 165|0x00000000ea500000, 0x00000000ea500000, 0x00000000ea600000|  0%| F|  |TAMS 0x00000000ea500000, 0x00000000ea500000| Untracked 
| 166|0x00000000ea600000, 0x00000000ea600000, 0x00000000ea700000|  0%| F|  |TAMS 0x00000000ea600000, 0x00000000ea600000| Untracked 
| 167|0x00000000ea700000, 0x00000000ea700000, 0x00000000ea800000|  0%| F|  |TAMS 0x00000000ea700000, 0x00000000ea700000| Untracked 
| 168|0x00000000ea800000, 0x00000000ea800000, 0x00000000ea900000|  0%| F|  |TAMS 0x00000000ea800000, 0x00000000ea800000| Untracked 
| 169|0x00000000ea900000, 0x00000000ea900000, 0x00000000eaa00000|  0%| F|  |TAMS 0x00000000ea900000, 0x00000000ea900000| Untracked 
| 170|0x00000000eaa00000, 0x00000000eaa00000, 0x00000000eab00000|  0%| F|  |TAMS 0x00000000eaa00000, 0x00000000eaa00000| Untracked 
| 171|0x00000000eab00000, 0x00000000eab00000, 0x00000000eac00000|  0%| F|  |TAMS 0x00000000eab00000, 0x00000000eab00000| Untracked 
| 172|0x00000000eac00000, 0x00000000eac00000, 0x00000000ead00000|  0%| F|  |TAMS 0x00000000eac00000, 0x00000000eac00000| Untracked 
| 173|0x00000000ead00000, 0x00000000ead00000, 0x00000000eae00000|  0%| F|  |TAMS 0x00000000ead00000, 0x00000000ead00000| Untracked 
| 174|0x00000000eae00000, 0x00000000eae00000, 0x00000000eaf00000|  0%| F|  |TAMS 0x00000000eae00000, 0x00000000eae00000| Untracked 
| 175|0x00000000eaf00000, 0x00000000eaf00000, 0x00000000eb000000|  0%| F|  |TAMS 0x00000000eaf00000, 0x00000000eaf00000| Untracked 
| 176|0x00000000eb000000, 0x00000000eb000000, 0x00000000eb100000|  0%| F|  |TAMS 0x00000000eb000000, 0x00000000eb000000| Untracked 
| 177|0x00000000eb100000, 0x00000000eb100000, 0x00000000eb200000|  0%| F|  |TAMS 0x00000000eb100000, 0x00000000eb100000| Untracked 
| 178|0x00000000eb200000, 0x00000000eb200000, 0x00000000eb300000|  0%| F|  |TAMS 0x00000000eb200000, 0x00000000eb200000| Untracked 
| 179|0x00000000eb300000, 0x00000000eb300000, 0x00000000eb400000|  0%| F|  |TAMS 0x00000000eb300000, 0x00000000eb300000| Untracked 
| 180|0x00000000eb400000, 0x00000000eb400000, 0x00000000eb500000|  0%| F|  |TAMS 0x00000000eb400000, 0x00000000eb400000| Untracked 
| 181|0x00000000eb500000, 0x00000000eb500000, 0x00000000eb600000|  0%| F|  |TAMS 0x00000000eb500000, 0x00000000eb500000| Untracked 
| 182|0x00000000eb600000, 0x00000000eb600000, 0x00000000eb700000|  0%| F|  |TAMS 0x00000000eb600000, 0x00000000eb600000| Untracked 
| 183|0x00000000eb700000, 0x00000000eb700000, 0x00000000eb800000|  0%| F|  |TAMS 0x00000000eb700000, 0x00000000eb700000| Untracked 
| 184|0x00000000eb800000, 0x00000000eb800000, 0x00000000eb900000|  0%| F|  |TAMS 0x00000000eb800000, 0x00000000eb800000| Untracked 
| 185|0x00000000eb900000, 0x00000000eb900000, 0x00000000eba00000|  0%| F|  |TAMS 0x00000000eb900000, 0x00000000eb900000| Untracked 
| 186|0x00000000eba00000, 0x00000000eba00000, 0x00000000ebb00000|  0%| F|  |TAMS 0x00000000eba00000, 0x00000000eba00000| Untracked 
| 187|0x00000000ebb00000, 0x00000000ebb00000, 0x00000000ebc00000|  0%| F|  |TAMS 0x00000000ebb00000, 0x00000000ebb00000| Untracked 
| 188|0x00000000ebc00000, 0x00000000ebc00000, 0x00000000ebd00000|  0%| F|  |TAMS 0x00000000ebc00000, 0x00000000ebc00000| Untracked 
| 189|0x00000000ebd00000, 0x00000000ebd00000, 0x00000000ebe00000|  0%| F|  |TAMS 0x00000000ebd00000, 0x00000000ebd00000| Untracked 
| 190|0x00000000ebe00000, 0x00000000ebe00000, 0x00000000ebf00000|  0%| F|  |TAMS 0x00000000ebe00000, 0x00000000ebe00000| Untracked 
| 191|0x00000000ebf00000, 0x00000000ebf00000, 0x00000000ec000000|  0%| F|  |TAMS 0x00000000ebf00000, 0x00000000ebf00000| Untracked 
| 192|0x00000000ec000000, 0x00000000ec000000, 0x00000000ec100000|  0%| F|  |TAMS 0x00000000ec000000, 0x00000000ec000000| Untracked 
| 193|0x00000000ec100000, 0x00000000ec100000, 0x00000000ec200000|  0%| F|  |TAMS 0x00000000ec100000, 0x00000000ec100000| Untracked 
| 194|0x00000000ec200000, 0x00000000ec200000, 0x00000000ec300000|  0%| F|  |TAMS 0x00000000ec200000, 0x00000000ec200000| Untracked 
| 195|0x00000000ec300000, 0x00000000ec300000, 0x00000000ec400000|  0%| F|  |TAMS 0x00000000ec300000, 0x00000000ec300000| Untracked 
| 196|0x00000000ec400000, 0x00000000ec500000, 0x00000000ec500000|100%| S|CS|TAMS 0x00000000ec400000, 0x00000000ec400000| Complete 
| 197|0x00000000ec500000, 0x00000000ec600000, 0x00000000ec600000|100%| S|CS|TAMS 0x00000000ec500000, 0x00000000ec500000| Complete 
| 198|0x00000000ec600000, 0x00000000ec700000, 0x00000000ec700000|100%| S|CS|TAMS 0x00000000ec600000, 0x00000000ec600000| Complete 
| 199|0x00000000ec700000, 0x00000000ec700000, 0x00000000ec800000|  0%| F|  |TAMS 0x00000000ec700000, 0x00000000ec700000| Untracked 
| 200|0x00000000ec800000, 0x00000000ec800000, 0x00000000ec900000|  0%| F|  |TAMS 0x00000000ec800000, 0x00000000ec800000| Untracked 
| 201|0x00000000ec900000, 0x00000000ec900000, 0x00000000eca00000|  0%| F|  |TAMS 0x00000000ec900000, 0x00000000ec900000| Untracked 
| 202|0x00000000eca00000, 0x00000000eca00000, 0x00000000ecb00000|  0%| F|  |TAMS 0x00000000eca00000, 0x00000000eca00000| Untracked 
| 203|0x00000000ecb00000, 0x00000000ecb00000, 0x00000000ecc00000|  0%| F|  |TAMS 0x00000000ecb00000, 0x00000000ecb00000| Untracked 
| 204|0x00000000ecc00000, 0x00000000ecc00000, 0x00000000ecd00000|  0%| F|  |TAMS 0x00000000ecc00000, 0x00000000ecc00000| Untracked 
| 205|0x00000000ecd00000, 0x00000000ecd00000, 0x00000000ece00000|  0%| F|  |TAMS 0x00000000ecd00000, 0x00000000ecd00000| Untracked 
| 206|0x00000000ece00000, 0x00000000ece00000, 0x00000000ecf00000|  0%| F|  |TAMS 0x00000000ece00000, 0x00000000ece00000| Untracked 
| 207|0x00000000ecf00000, 0x00000000ecf00000, 0x00000000ed000000|  0%| F|  |TAMS 0x00000000ecf00000, 0x00000000ecf00000| Untracked 
| 208|0x00000000ed000000, 0x00000000ed000000, 0x00000000ed100000|  0%| F|  |TAMS 0x00000000ed000000, 0x00000000ed000000| Untracked 
| 209|0x00000000ed100000, 0x00000000ed100000, 0x00000000ed200000|  0%| F|  |TAMS 0x00000000ed100000, 0x00000000ed100000| Untracked 
| 210|0x00000000ed200000, 0x00000000ed200000, 0x00000000ed300000|  0%| F|  |TAMS 0x00000000ed200000, 0x00000000ed200000| Untracked 
| 211|0x00000000ed300000, 0x00000000ed300000, 0x00000000ed400000|  0%| F|  |TAMS 0x00000000ed300000, 0x00000000ed300000| Untracked 
| 212|0x00000000ed400000, 0x00000000ed400000, 0x00000000ed500000|  0%| F|  |TAMS 0x00000000ed400000, 0x00000000ed400000| Untracked 
| 213|0x00000000ed500000, 0x00000000ed500000, 0x00000000ed600000|  0%| F|  |TAMS 0x00000000ed500000, 0x00000000ed500000| Untracked 
| 214|0x00000000ed600000, 0x00000000ed600000, 0x00000000ed700000|  0%| F|  |TAMS 0x00000000ed600000, 0x00000000ed600000| Untracked 
| 215|0x00000000ed700000, 0x00000000ed700000, 0x00000000ed800000|  0%| F|  |TAMS 0x00000000ed700000, 0x00000000ed700000| Untracked 
| 216|0x00000000ed800000, 0x00000000ed800000, 0x00000000ed900000|  0%| F|  |TAMS 0x00000000ed800000, 0x00000000ed800000| Untracked 
| 217|0x00000000ed900000, 0x00000000ed900000, 0x00000000eda00000|  0%| F|  |TAMS 0x00000000ed900000, 0x00000000ed900000| Untracked 
| 218|0x00000000eda00000, 0x00000000eda00000, 0x00000000edb00000|  0%| F|  |TAMS 0x00000000eda00000, 0x00000000eda00000| Untracked 
| 219|0x00000000edb00000, 0x00000000edb00000, 0x00000000edc00000|  0%| F|  |TAMS 0x00000000edb00000, 0x00000000edb00000| Untracked 
| 220|0x00000000edc00000, 0x00000000edc00000, 0x00000000edd00000|  0%| F|  |TAMS 0x00000000edc00000, 0x00000000edc00000| Untracked 
| 221|0x00000000edd00000, 0x00000000edd00000, 0x00000000ede00000|  0%| F|  |TAMS 0x00000000edd00000, 0x00000000edd00000| Untracked 
| 222|0x00000000ede00000, 0x00000000ede00000, 0x00000000edf00000|  0%| F|  |TAMS 0x00000000ede00000, 0x00000000ede00000| Untracked 
| 223|0x00000000edf00000, 0x00000000edf00000, 0x00000000ee000000|  0%| F|  |TAMS 0x00000000edf00000, 0x00000000edf00000| Untracked 
| 224|0x00000000ee000000, 0x00000000ee000000, 0x00000000ee100000|  0%| F|  |TAMS 0x00000000ee000000, 0x00000000ee000000| Untracked 
| 225|0x00000000ee100000, 0x00000000ee100000, 0x00000000ee200000|  0%| F|  |TAMS 0x00000000ee100000, 0x00000000ee100000| Untracked 
| 226|0x00000000ee200000, 0x00000000ee200000, 0x00000000ee300000|  0%| F|  |TAMS 0x00000000ee200000, 0x00000000ee200000| Untracked 
| 227|0x00000000ee300000, 0x00000000ee300000, 0x00000000ee400000|  0%| F|  |TAMS 0x00000000ee300000, 0x00000000ee300000| Untracked 
| 228|0x00000000ee400000, 0x00000000ee400000, 0x00000000ee500000|  0%| F|  |TAMS 0x00000000ee400000, 0x00000000ee400000| Untracked 
| 229|0x00000000ee500000, 0x00000000ee500000, 0x00000000ee600000|  0%| F|  |TAMS 0x00000000ee500000, 0x00000000ee500000| Untracked 
| 230|0x00000000ee600000, 0x00000000ee600000, 0x00000000ee700000|  0%| F|  |TAMS 0x00000000ee600000, 0x00000000ee600000| Untracked 
| 231|0x00000000ee700000, 0x00000000ee700000, 0x00000000ee800000|  0%| F|  |TAMS 0x00000000ee700000, 0x00000000ee700000| Untracked 
| 232|0x00000000ee800000, 0x00000000ee800000, 0x00000000ee900000|  0%| F|  |TAMS 0x00000000ee800000, 0x00000000ee800000| Untracked 
| 233|0x00000000ee900000, 0x00000000ee900000, 0x00000000eea00000|  0%| F|  |TAMS 0x00000000ee900000, 0x00000000ee900000| Untracked 
| 234|0x00000000eea00000, 0x00000000eea00000, 0x00000000eeb00000|  0%| F|  |TAMS 0x00000000eea00000, 0x00000000eea00000| Untracked 
| 235|0x00000000eeb00000, 0x00000000eeb00000, 0x00000000eec00000|  0%| F|  |TAMS 0x00000000eeb00000, 0x00000000eeb00000| Untracked 
| 236|0x00000000eec00000, 0x00000000eec00000, 0x00000000eed00000|  0%| F|  |TAMS 0x00000000eec00000, 0x00000000eec00000| Untracked 
| 237|0x00000000eed00000, 0x00000000eed00000, 0x00000000eee00000|  0%| F|  |TAMS 0x00000000eed00000, 0x00000000eed00000| Untracked 
| 238|0x00000000eee00000, 0x00000000eee00000, 0x00000000eef00000|  0%| F|  |TAMS 0x00000000eee00000, 0x00000000eee00000| Untracked 
| 239|0x00000000eef00000, 0x00000000eef00000, 0x00000000ef000000|  0%| F|  |TAMS 0x00000000eef00000, 0x00000000eef00000| Untracked 
| 240|0x00000000ef000000, 0x00000000ef000000, 0x00000000ef100000|  0%| F|  |TAMS 0x00000000ef000000, 0x00000000ef000000| Untracked 
| 241|0x00000000ef100000, 0x00000000ef100000, 0x00000000ef200000|  0%| F|  |TAMS 0x00000000ef100000, 0x00000000ef100000| Untracked 
| 242|0x00000000ef200000, 0x00000000ef200000, 0x00000000ef300000|  0%| F|  |TAMS 0x00000000ef200000, 0x00000000ef200000| Untracked 
| 243|0x00000000ef300000, 0x00000000ef300000, 0x00000000ef400000|  0%| F|  |TAMS 0x00000000ef300000, 0x00000000ef300000| Untracked 
| 244|0x00000000ef400000, 0x00000000ef400000, 0x00000000ef500000|  0%| F|  |TAMS 0x00000000ef400000, 0x00000000ef400000| Untracked 
| 245|0x00000000ef500000, 0x00000000ef500000, 0x00000000ef600000|  0%| F|  |TAMS 0x00000000ef500000, 0x00000000ef500000| Untracked 
| 246|0x00000000ef600000, 0x00000000ef600000, 0x00000000ef700000|  0%| F|  |TAMS 0x00000000ef600000, 0x00000000ef600000| Untracked 
| 247|0x00000000ef700000, 0x00000000ef700000, 0x00000000ef800000|  0%| F|  |TAMS 0x00000000ef700000, 0x00000000ef700000| Untracked 
| 248|0x00000000ef800000, 0x00000000ef800000, 0x00000000ef900000|  0%| F|  |TAMS 0x00000000ef800000, 0x00000000ef800000| Untracked 
| 249|0x00000000ef900000, 0x00000000ef900000, 0x00000000efa00000|  0%| F|  |TAMS 0x00000000ef900000, 0x00000000ef900000| Untracked 
| 250|0x00000000efa00000, 0x00000000efa70000, 0x00000000efb00000| 43%| E|  |TAMS 0x00000000efa00000, 0x00000000efa00000| Complete 
| 251|0x00000000efb00000, 0x00000000efc00000, 0x00000000efc00000|100%| E|CS|TAMS 0x00000000efb00000, 0x00000000efb00000| Complete 
| 252|0x00000000efc00000, 0x00000000efd00000, 0x00000000efd00000|100%| E|CS|TAMS 0x00000000efc00000, 0x00000000efc00000| Complete 
| 253|0x00000000efd00000, 0x00000000efe00000, 0x00000000efe00000|100%| E|CS|TAMS 0x00000000efd00000, 0x00000000efd00000| Complete 
| 254|0x00000000efe00000, 0x00000000eff00000, 0x00000000eff00000|100%| E|CS|TAMS 0x00000000efe00000, 0x00000000efe00000| Complete 
| 255|0x00000000eff00000, 0x00000000f0000000, 0x00000000f0000000|100%| E|CS|TAMS 0x00000000eff00000, 0x00000000eff00000| Complete 

Card table byte_map: [0x0000021069b90000,0x0000021069c90000] _byte_map_base: 0x0000021069490000

Marking Bits (Prev, Next): (CMBitMap*) 0x0000021056830a00, (CMBitMap*) 0x00000210568309c8
 Prev Bits: [0x000002106a590000, 0x000002106ad90000)
 Next Bits: [0x0000021069d90000, 0x000002106a590000)

Polling page: 0x0000021055030000

Metaspace:

Usage:
  Non-class:     22.87 MB capacity,    22.37 MB ( 98%) used,   449.70 KB (  2%) free+waste,    56.75 KB ( <1%) overhead. 
      Class:      3.63 MB capacity,     3.38 MB ( 93%) used,   235.69 KB (  6%) free+waste,    28.75 KB ( <1%) overhead. 
       Both:     26.50 MB capacity,    25.75 MB ( 97%) used,   685.38 KB (  3%) free+waste,    85.50 KB ( <1%) overhead. 

Virtual space:
  Non-class space:       24.00 MB reserved,      23.00 MB ( 96%) committed 
      Class space:      248.00 MB reserved,       3.75 MB (  2%) committed 
             Both:      272.00 MB reserved,      26.75 MB ( 10%) committed 

Chunk freelists:
   Non-Class:  10.00 KB
       Class:  23.00 KB
        Both:  33.00 KB

MaxMetaspaceSize: 256.00 MB
CompressedClassSpaceSize: 248.00 MB
Initial GC threshold: 20.80 MB
Current GC threshold: 35.00 MB
CDS: off

CodeHeap 'non-profiled nmethods': size=120064Kb used=1215Kb max_used=1215Kb free=118848Kb
 bounds [0x0000021061f20000, 0x0000021062190000, 0x0000021069460000]
CodeHeap 'profiled nmethods': size=120000Kb used=4913Kb max_used=4913Kb free=115086Kb
 bounds [0x000002105a9f0000, 0x000002105aec0000, 0x0000021061f20000]
CodeHeap 'non-nmethods': size=5696Kb used=1229Kb max_used=1272Kb free=4466Kb
 bounds [0x000002105a460000, 0x000002105a6d0000, 0x000002105a9f0000]
 total_blobs=2823 nmethods=2323 adapters=412
 compilation: enabled
              stopped_count=0, restarted_count=0
 full_count=0

Compilation events (20 events):
Event: 3.192 Thread 0x000002106d3f3000 2324       1       org.gradle.cache.internal.btree.FileBackedBlockStore::access$300 (5 bytes)
Event: 3.192 Thread 0x000002106d3f3000 nmethod 2324 0x0000021062043090 code [0x0000021062043240, 0x00000210620432d8]
Event: 3.192 Thread 0x000002106d3f3000 2314       3       java.lang.invoke.MethodHandles$Lookup::maybeBindCaller (47 bytes)
Event: 3.193 Thread 0x000002106d3f3000 nmethod 2314 0x000002105aeb2810 code [0x000002105aeb2a60, 0x000002105aeb3348]
Event: 3.193 Thread 0x000002106d3f3000 2323       3       java.lang.invoke.TypeConvertingMethodAdapter::convertType (299 bytes)
Event: 3.198 Thread 0x000002106d3f3000 nmethod 2323 0x000002105aeb3690 code [0x000002105aeb3fa0, 0x000002105aeb8c88]
Event: 3.198 Thread 0x000002106d3f3000 2331       2       java.net.URL::equals (24 bytes)
Event: 3.198 Thread 0x000002106d3f3000 nmethod 2331 0x000002105aeba890 code [0x000002105aebaa40, 0x000002105aebac08]
Event: 3.198 Thread 0x000002106d3f3000 2332       2       java.net.URLStreamHandler::equals (45 bytes)
Event: 3.199 Thread 0x000002106d3f3000 nmethod 2332 0x000002105aebad10 code [0x000002105aebaee0, 0x000002105aebb098]
Event: 3.199 Thread 0x000002106d3f3000 2333       2       java.net.URLStreamHandler::sameFile (136 bytes)
Event: 3.199 Thread 0x000002106d3f3000 nmethod 2333 0x000002105aebb210 code [0x000002105aebb400, 0x000002105aebb6a8]
Event: 3.209 Thread 0x000002106d3f3000 2334       2       java.util.Arrays::sort (24 bytes)
Event: 3.209 Thread 0x000002106d3f3000 nmethod 2334 0x000002105aebb890 code [0x000002105aebba40, 0x000002105aebbb68]
Event: 3.209 Thread 0x000002106d3f3000 2335       2       com.google.common.collect.Hashing::smearedHash (16 bytes)
Event: 3.209 Thread 0x000002106d3f3000 nmethod 2335 0x000002105aebbc10 code [0x000002105aebbdc0, 0x000002105aebbf08]
Event: 3.213 Thread 0x000002106d3f3000 2336       2       java.io.ObjectStreamField::getTypeCode (9 bytes)
Event: 3.213 Thread 0x000002106d3f3000 nmethod 2336 0x000002105aebbf90 code [0x000002105aebc160, 0x000002105aebc3a8]
Event: 3.214 Thread 0x000002106d3f3000 2337       1       java.io.ObjectStreamField::isUnshared (5 bytes)
Event: 3.214 Thread 0x000002106d3f3000 nmethod 2337 0x0000021062043390 code [0x0000021062043540, 0x00000210620435f8]

GC Heap History (12 events):
Event: 0.423 GC heap before
{Heap before GC invocations=0 (full 0):
 garbage-first heap   total 262144K, used 19456K [0x00000000e0000000, 0x0000000100000000)
  region size 1024K, 14 young (14336K), 0 survivors (0K)
 Metaspace       used 6734K, capacity 6937K, committed 7168K, reserved 262144K
  class space    used 582K, capacity 650K, committed 768K, reserved 253952K
}
Event: 0.430 GC heap after
{Heap after GC invocations=1 (full 0):
 garbage-first heap   total 262144K, used 8068K [0x00000000e0000000, 0x0000000100000000)
  region size 1024K, 2 young (2048K), 2 survivors (2048K)
 Metaspace       used 6734K, capacity 6937K, committed 7168K, reserved 262144K
  class space    used 582K, capacity 650K, committed 768K, reserved 253952K
}
Event: 0.706 GC heap before
{Heap before GC invocations=1 (full 0):
 garbage-first heap   total 262144K, used 19332K [0x00000000e0000000, 0x0000000100000000)
  region size 1024K, 13 young (13312K), 2 survivors (2048K)
 Metaspace       used 10212K, capacity 10501K, committed 10624K, reserved 264192K
  class space    used 1067K, capacity 1139K, committed 1152K, reserved 253952K
}
Event: 0.710 GC heap after
{Heap after GC invocations=2 (full 0):
 garbage-first heap   total 262144K, used 9540K [0x00000000e0000000, 0x0000000100000000)
  region size 1024K, 2 young (2048K), 2 survivors (2048K)
 Metaspace       used 10212K, capacity 10501K, committed 10624K, reserved 264192K
  class space    used 1067K, capacity 1139K, committed 1152K, reserved 253952K
}
Event: 1.097 GC heap before
{Heap before GC invocations=2 (full 0):
 garbage-first heap   total 262144K, used 39236K [0x00000000e0000000, 0x0000000100000000)
  region size 1024K, 30 young (30720K), 2 survivors (2048K)
 Metaspace       used 11155K, capacity 11454K, committed 11520K, reserved 264192K
  class space    used 1169K, capacity 1243K, committed 1280K, reserved 253952K
}
Event: 1.099 GC heap after
{Heap after GC invocations=3 (full 0):
 garbage-first heap   total 262144K, used 12653K [0x00000000e0000000, 0x0000000100000000)
  region size 1024K, 4 young (4096K), 4 survivors (4096K)
 Metaspace       used 11155K, capacity 11454K, committed 11520K, reserved 264192K
  class space    used 1169K, capacity 1243K, committed 1280K, reserved 253952K
}
Event: 2.265 GC heap before
{Heap before GC invocations=3 (full 0):
 garbage-first heap   total 262144K, used 68973K [0x00000000e0000000, 0x0000000100000000)
  region size 1024K, 59 young (60416K), 4 survivors (4096K)
 Metaspace       used 19247K, capacity 19738K, committed 19968K, reserved 272384K
  class space    used 2333K, capacity 2467K, committed 2560K, reserved 253952K
}
Event: 2.272 GC heap after
{Heap after GC invocations=4 (full 0):
 garbage-first heap   total 262144K, used 16677K [0x00000000e0000000, 0x0000000100000000)
  region size 1024K, 8 young (8192K), 8 survivors (8192K)
 Metaspace       used 19247K, capacity 19738K, committed 19968K, reserved 272384K
  class space    used 2333K, capacity 2467K, committed 2560K, reserved 253952K
}
Event: 2.416 GC heap before
{Heap before GC invocations=4 (full 0):
 garbage-first heap   total 262144K, used 28965K [0x00000000e0000000, 0x0000000100000000)
  region size 1024K, 21 young (21504K), 8 survivors (8192K)
 Metaspace       used 20647K, capacity 21099K, committed 21248K, reserved 272384K
  class space    used 2528K, capacity 2708K, committed 2816K, reserved 253952K
}
Event: 2.424 GC heap after
{Heap after GC invocations=5 (full 0):
 garbage-first heap   total 262144K, used 17341K [0x00000000e0000000, 0x0000000100000000)
  region size 1024K, 6 young (6144K), 6 survivors (6144K)
 Metaspace       used 20647K, capacity 21099K, committed 21248K, reserved 272384K
  class space    used 2528K, capacity 2708K, committed 2816K, reserved 253952K
}
Event: 3.171 GC heap before
{Heap before GC invocations=6 (full 0):
 garbage-first heap   total 262144K, used 69565K [0x00000000e0000000, 0x0000000100000000)
  region size 1024K, 57 young (58368K), 6 survivors (6144K)
 Metaspace       used 26176K, capacity 26897K, committed 27008K, reserved 278528K
  class space    used 3427K, capacity 3670K, committed 3712K, reserved 253952K
}
Event: 3.180 GC heap after
{Heap after GC invocations=7 (full 0):
 garbage-first heap   total 262144K, used 19356K [0x00000000e0000000, 0x0000000100000000)
  region size 1024K, 3 young (3072K), 3 survivors (3072K)
 Metaspace       used 26176K, capacity 26897K, committed 27008K, reserved 278528K
  class space    used 3427K, capacity 3670K, committed 3712K, reserved 253952K
}

Deoptimization events (20 events):
Event: 3.198 Thread 0x000002106dd65000 Uncommon trap: trap_request=0xffffffc6 fr.pc=0x000002106202b4ec relative=0x000000000000342c
Event: 3.198 Thread 0x000002106dd65000 Uncommon trap: reason=bimorphic_or_optimized_type_check action=maybe_recompile pc=0x000002106202b4ec method=java.lang.ClassLoader.loadClass(Ljava/lang/String;Z)Ljava/lang/Class; @ 38 c2
Event: 3.198 Thread 0x000002106dd65000 DEOPT PACKING pc=0x000002106202b4ec sp=0x000000d6d0afbe20
Event: 3.198 Thread 0x000002106dd65000 DEOPT UNPACKING pc=0x000002105a4aa1af sp=0x000000d6d0afbe80 mode 2
Event: 3.206 Thread 0x000002106dd65000 Uncommon trap: trap_request=0xffffffc6 fr.pc=0x000002106202b4ec relative=0x000000000000342c
Event: 3.206 Thread 0x000002106dd65000 Uncommon trap: reason=bimorphic_or_optimized_type_check action=maybe_recompile pc=0x000002106202b4ec method=java.lang.ClassLoader.loadClass(Ljava/lang/String;Z)Ljava/lang/Class; @ 38 c2
Event: 3.206 Thread 0x000002106dd65000 DEOPT PACKING pc=0x000002106202b4ec sp=0x000000d6d0af8af0
Event: 3.206 Thread 0x000002106dd65000 DEOPT UNPACKING pc=0x000002105a4aa1af sp=0x000000d6d0af8b50 mode 2
Event: 3.207 Thread 0x000002106dd65000 Uncommon trap: trap_request=0xffffffc6 fr.pc=0x000002106202b4ec relative=0x000000000000342c
Event: 3.207 Thread 0x000002106dd65000 Uncommon trap: reason=bimorphic_or_optimized_type_check action=maybe_recompile pc=0x000002106202b4ec method=java.lang.ClassLoader.loadClass(Ljava/lang/String;Z)Ljava/lang/Class; @ 38 c2
Event: 3.207 Thread 0x000002106dd65000 DEOPT PACKING pc=0x000002106202b4ec sp=0x000000d6d0af8d80
Event: 3.207 Thread 0x000002106dd65000 DEOPT UNPACKING pc=0x000002105a4aa1af sp=0x000000d6d0af8de0 mode 2
Event: 3.207 Thread 0x000002106dd65000 Uncommon trap: trap_request=0xffffffc6 fr.pc=0x000002106202b4ec relative=0x000000000000342c
Event: 3.207 Thread 0x000002106dd65000 Uncommon trap: reason=bimorphic_or_optimized_type_check action=maybe_recompile pc=0x000002106202b4ec method=java.lang.ClassLoader.loadClass(Ljava/lang/String;Z)Ljava/lang/Class; @ 38 c2
Event: 3.207 Thread 0x000002106dd65000 DEOPT PACKING pc=0x000002106202b4ec sp=0x000000d6d0afa3f0
Event: 3.207 Thread 0x000002106dd65000 DEOPT UNPACKING pc=0x000002105a4aa1af sp=0x000000d6d0afa450 mode 2
Event: 3.222 Thread 0x000002106dd65000 Uncommon trap: trap_request=0xffffff4d fr.pc=0x0000021061faa8a8 relative=0x0000000000001d28
Event: 3.222 Thread 0x000002106dd65000 Uncommon trap: reason=unstable_if action=reinterpret pc=0x0000021061faa8a8 method=java.util.zip.ZipFile$Source.initCEN(ILjava/util/zip/ZipCoder;)V @ 621 c2
Event: 3.222 Thread 0x000002106dd65000 DEOPT PACKING pc=0x0000021061faa8a8 sp=0x000000d6d0af6450
Event: 3.222 Thread 0x000002106dd65000 DEOPT UNPACKING pc=0x000002105a4aa1af sp=0x000000d6d0af6438 mode 2

Classes redefined (0 events):
No events

Internal exceptions (20 events):
Event: 2.453 Thread 0x000002106dd65000 Exception <a 'java/lang/NoSuchMethodError'{0x00000000efe7dd30}: 'int java.lang.invoke.DirectMethodHandle$Holder.invokeSpecialIFC(java.lang.Object, java.lang.Object, java.lang.Object, java.lang.Object)'> (0x00000000efe7dd30) thrown at [./src/hotspot/share/interpreter/linkResolver.cpp, line 773]
Event: 2.456 Thread 0x000002106dd65000 Exception <a 'java/lang/NoSuchMethodError'{0x00000000efe8bb20}: 'java.lang.Object java.lang.invoke.DirectMethodHandle$Holder.invokeInterface(java.lang.Object, java.lang.Object, java.lang.Object)'> (0x00000000efe8bb20) thrown at [./src/hotspot/share/interpreter/linkResolver.cpp, line 773]
Event: 2.456 Thread 0x000002106dd65000 Exception <a 'java/lang/IncompatibleClassChangeError'{0x00000000efe8eff8}: Found class java.lang.Object, but interface was expected> (0x00000000efe8eff8) thrown at [./src/hotspot/share/interpreter/linkResolver.cpp, line 839]
Event: 2.486 Thread 0x000002106dd65000 Exception <a 'java/lang/NoSuchMethodError'{0x00000000efce2668}: 'void java.lang.invoke.DirectMethodHandle$Holder.invokeStatic(java.lang.Object, java.lang.Object, java.lang.Object, java.lang.Object, java.lang.Object)'> (0x00000000efce2668) thrown at [./src/hotspot/share/interpreter/linkResolver.cpp, line 773]
Event: 2.574 Thread 0x000002106dd65000 Exception <a 'java/lang/NoSuchMethodError'{0x00000000ef6e0268}: 'java.lang.Object java.lang.invoke.DirectMethodHandle$Holder.invokeSpecial(java.lang.Object, java.lang.Object, java.lang.Object, java.lang.Object, java.lang.Object, java.lang.Object, java.lang.Object, java.lang.Object, java.lang.Object)'> (0x00000000ef6e0268) thrown at [./src/hotspot/share/interpreter/linkResolver.cpp, line 773]
Event: 2.642 Thread 0x000002106dd65000 Exception <a 'java/lang/NoSuchMethodError'{0x00000000ee663ee0}: 'java.lang.Object java.lang.invoke.DirectMethodHandle$Holder.invokeVirtual(java.lang.Object, java.lang.Object, java.lang.Object, java.lang.Object)'> (0x00000000ee663ee0) thrown at [./src/hotspot/share/interpreter/linkResolver.cpp, line 773]
Event: 2.757 Thread 0x000002106dd65000 Exception <a 'java/lang/NoSuchMethodError'{0x00000000edf394a0}: 'void java.lang.invoke.DirectMethodHandle$Holder.invokeSpecial(java.lang.Object, java.lang.Object, java.lang.Object, java.lang.Object, java.lang.Object, java.lang.Object)'> (0x00000000edf394a0) thrown at [./src/hotspot/share/interpreter/linkResolver.cpp, line 773]
Event: 2.770 Thread 0x000002106dd65000 Exception <a 'java/lang/NoSuchMethodError'{0x00000000edf9fe68}: 'void java.lang.invoke.DirectMethodHandle$Holder.invokeSpecial(java.lang.Object, java.lang.Object, java.lang.Object, java.lang.Object, java.lang.Object, java.lang.Object, java.lang.Object)'> (0x00000000edf9fe68) thrown at [./src/hotspot/share/interpreter/linkResolver.cpp, line 773]
Event: 2.771 Thread 0x000002106dd65000 Exception <a 'java/lang/NoSuchMethodError'{0x00000000edfa8358}: 'java.lang.Object java.lang.invoke.Invokers$Holder.linkToTargetMethod(java.lang.Object, java.lang.Object, java.lang.Object, java.lang.Object, java.lang.Object, java.lang.Object)'> (0x00000000edfa8358) thrown at [./src/hotspot/share/interpreter/linkResolver.cpp, line 773]
Event: 2.825 Thread 0x000002106dd65000 Exception <a 'java/lang/NoSuchMethodError'{0x00000000edaf20d8}: 'java.lang.Object java.lang.invoke.Invokers$Holder.invoker(java.lang.Object, java.lang.Object, java.lang.Object, java.lang.Object, java.lang.Object)'> (0x00000000edaf20d8) thrown at [./src/hotspot/share/interpreter/linkResolver.cpp, line 773]
Event: 2.875 Thread 0x000002106dd65000 Exception <a 'java/lang/NoSuchMethodError'{0x00000000ed6e37c8}: 'int java.lang.invoke.DirectMethodHandle$Holder.invokeStaticInit(java.lang.Object, java.lang.Object, java.lang.Object)'> (0x00000000ed6e37c8) thrown at [./src/hotspot/share/interpreter/linkResolver.cpp, line 773]
Event: 2.963 Thread 0x000002106dd65000 Exception <a 'java/lang/NoSuchMethodError'{0x00000000ed1dab50}: 'void java.lang.invoke.DirectMethodHandle$Holder.invokeStaticInit(java.lang.Object, java.lang.Object)'> (0x00000000ed1dab50) thrown at [./src/hotspot/share/interpreter/linkResolver.cpp, line 773]
Event: 3.053 Thread 0x000002106dd65000 Exception <a 'java/lang/NoSuchMethodError'{0x00000000ecb69e18}: 'void java.lang.invoke.DirectMethodHandle$Holder.invokeStatic(java.lang.Object, java.lang.Object, java.lang.Object, java.lang.Object)'> (0x00000000ecb69e18) thrown at [./src/hotspot/share/interpreter/linkResolver.cpp, line 773]
Event: 3.060 Thread 0x000002106dd65000 Exception <a 'java/lang/NoSuchMethodError'{0x00000000ecb7d888}: 'int java.lang.invoke.DirectMethodHandle$Holder.invokeInterface(java.lang.Object, java.lang.Object)'> (0x00000000ecb7d888) thrown at [./src/hotspot/share/interpreter/linkResolver.cpp, line 773]
Event: 3.095 Thread 0x000002106fda8000 Exception <a 'java/lang/NoSuchMethodError'{0x00000000ec90a2a0}: 'void java.lang.invoke.DirectMethodHandle$Holder.invokeSpecial(java.lang.Object, java.lang.Object)'> (0x00000000ec90a2a0) thrown at [./src/hotspot/share/interpreter/linkResolver.cpp, line 773]
Event: 3.129 Thread 0x000002106dd65000 Exception <a 'java/lang/NoSuchMethodError'{0x00000000ec8aec68}: 'java.lang.Object java.lang.invoke.DirectMethodHandle$Holder.invokeStatic(java.lang.Object, java.lang.Object, int, java.lang.Object)'> (0x00000000ec8aec68) thrown at [./src/hotspot/share/interpreter/linkResolver.cpp, line 773]
Event: 3.129 Thread 0x000002106dd65000 Exception <a 'java/lang/NoSuchMethodError'{0x00000000ec8b8b60}: 'java.lang.Object java.lang.invoke.Invokers$Holder.linkToTargetMethod(java.lang.Object, int, java.lang.Object, java.lang.Object)'> (0x00000000ec8b8b60) thrown at [./src/hotspot/share/interpreter/linkResolver.cpp, line 773]
Event: 3.209 Thread 0x000002106dd65000 Exception <a 'java/lang/NoSuchMethodError'{0x00000000efedb620}: <clinit>> (0x00000000efedb620) thrown at [./src/hotspot/share/prims/jni.cpp, line 1365]
Event: 3.214 Thread 0x000002106dd65000 Exception <a 'java/lang/NoSuchMethodError'{0x00000000efd71810}: <clinit>> (0x00000000efd71810) thrown at [./src/hotspot/share/prims/jni.cpp, line 1365]
Event: 3.222 Thread 0x000002106dd65000 Implicit null exception at 0x0000021061fa9c71 to 0x0000021061faa889

Events (20 events):
Event: 3.212 loading class org/gradle/tooling/internal/consumer/versioning/VersionDetails
Event: 3.212 loading class org/gradle/tooling/internal/consumer/versioning/VersionDetails done
Event: 3.213 loading class org/gradle/tooling/internal/protocol/InternalBuildControllerVersion2
Event: 3.213 loading class org/gradle/tooling/internal/protocol/InternalBuildControllerVersion2 done
Event: 3.213 loading class org/gradle/tooling/internal/protocol/InternalBuildControllerVersion2
Event: 3.213 loading class org/gradle/tooling/internal/protocol/InternalBuildControllerVersion2 done
Event: 3.213 loading class org/gradle/tooling/internal/protocol/InternalBuildController
Event: 3.213 loading class org/gradle/tooling/internal/protocol/InternalBuildController done
Event: 3.213 loading class org/gradle/tooling/internal/protocol/InternalBuildController
Event: 3.213 loading class org/gradle/tooling/internal/protocol/InternalBuildController done
Event: 3.215 loading class org/jetbrains/plugins/gradle/model/ProjectImportActionWithCustomSerializer
Event: 3.215 loading class org/jetbrains/plugins/gradle/model/ProjectImportActionWithCustomSerializer done
Event: 3.223 loading class org/jetbrains/plugins/gradle/model/ProjectImportAction
Event: 3.223 loading class org/jetbrains/plugins/gradle/model/ProjectImportAction done
Event: 3.225 loading class org/jetbrains/plugins/gradle/model/ProjectImportAction$ModelConverter
Event: 3.225 loading class org/jetbrains/plugins/gradle/model/ProjectImportAction$ModelConverter done
Event: 3.225 loading class org/jetbrains/plugins/gradle/model/ProjectImportAction$GradleBuildConsumer
Event: 3.225 loading class org/jetbrains/plugins/gradle/model/ProjectImportAction$GradleBuildConsumer done
Event: 3.226 loading class org/jetbrains/plugins/gradle/tooling/serialization/internal/adapter/Supplier
Event: 3.226 loading class org/jetbrains/plugins/gradle/tooling/serialization/internal/adapter/Supplier done


Dynamic libraries:
0x00007ff6c4150000 - 0x00007ff6c415a000 	C:\Program Files\JetBrains\IntelliJ IDEA Community Edition 2021.2.3\jbr\bin\java.exe
0x00007ff928850000 - 0x00007ff928a45000 	C:\Windows\SYSTEM32\ntdll.dll
0x00007ff927e70000 - 0x00007ff927f2e000 	C:\Windows\System32\KERNEL32.DLL
0x00007ff926250000 - 0x00007ff926519000 	C:\Windows\System32\KERNELBASE.dll
0x00007ff926150000 - 0x00007ff926250000 	C:\Windows\System32\ucrtbase.dll
0x00007ff91e3b0000 - 0x00007ff91e3c9000 	C:\Program Files\JetBrains\IntelliJ IDEA Community Edition 2021.2.3\jbr\bin\jli.dll
0x00007ff91e390000 - 0x00007ff91e3a7000 	C:\Program Files\JetBrains\IntelliJ IDEA Community Edition 2021.2.3\jbr\bin\VCRUNTIME140.dll
0x00007ff9275c0000 - 0x00007ff927761000 	C:\Windows\System32\USER32.dll
0x00007ff925f70000 - 0x00007ff925f92000 	C:\Windows\System32\win32u.dll
0x00007ff927e40000 - 0x00007ff927e6b000 	C:\Windows\System32\GDI32.dll
0x00007ff912300000 - 0x00007ff91259a000 	C:\Windows\WinSxS\amd64_microsoft.windows.common-controls_6595b64144ccf1df_6.0.19041.1110_none_60b5254171f9507e\COMCTL32.dll
0x00007ff926520000 - 0x00007ff92662b000 	C:\Windows\System32\gdi32full.dll
0x00007ff927b60000 - 0x00007ff927bfe000 	C:\Windows\System32\msvcrt.dll
0x00007ff925fa0000 - 0x00007ff92603d000 	C:\Windows\System32\msvcp_win.dll
0x00007ff927770000 - 0x00007ff9277a0000 	C:\Windows\System32\IMM32.DLL
0x00007ff8ffa10000 - 0x00007ff8ffaad000 	C:\Program Files\JetBrains\IntelliJ IDEA Community Edition 2021.2.3\jbr\bin\msvcp140.dll
0x00007ff8ddb60000 - 0x00007ff8de6b8000 	C:\Program Files\JetBrains\IntelliJ IDEA Community Edition 2021.2.3\jbr\bin\server\jvm.dll
0x00007ff926ca0000 - 0x00007ff926d4c000 	C:\Windows\System32\ADVAPI32.dll
0x00007ff926c00000 - 0x00007ff926c9b000 	C:\Windows\System32\sechost.dll
0x00007ff926960000 - 0x00007ff926a8a000 	C:\Windows\System32\RPCRT4.dll
0x00007ff926db0000 - 0x00007ff926db8000 	C:\Windows\System32\PSAPI.DLL
0x00007ff91f600000 - 0x00007ff91f609000 	C:\Windows\SYSTEM32\WSOCK32.dll
0x00007ff9143b0000 - 0x00007ff9143d7000 	C:\Windows\SYSTEM32\WINMM.dll
0x00007ff927dd0000 - 0x00007ff927e3b000 	C:\Windows\System32\WS2_32.dll
0x00007ff91e380000 - 0x00007ff91e38a000 	C:\Windows\SYSTEM32\VERSION.dll
0x00007ff923d90000 - 0x00007ff923da2000 	C:\Windows\SYSTEM32\kernel.appcore.dll
0x00007ff8e2700000 - 0x00007ff8e2711000 	C:\Program Files\JetBrains\IntelliJ IDEA Community Edition 2021.2.3\jbr\bin\verify.dll
0x00007ff911c80000 - 0x00007ff911e64000 	C:\Windows\SYSTEM32\DBGHELP.DLL
0x00007ff906cf0000 - 0x00007ff906d1c000 	C:\Windows\SYSTEM32\dbgcore.DLL
0x00007ff926090000 - 0x00007ff926113000 	C:\Windows\System32\bcryptPrimitives.dll
0x00007ff8e2630000 - 0x00007ff8e2659000 	C:\Program Files\JetBrains\IntelliJ IDEA Community Edition 2021.2.3\jbr\bin\java.dll
0x00007ff907440000 - 0x00007ff90744b000 	C:\Program Files\JetBrains\IntelliJ IDEA Community Edition 2021.2.3\jbr\bin\jimage.dll
0x00007ff8e26e0000 - 0x00007ff8e26f8000 	C:\Program Files\JetBrains\IntelliJ IDEA Community Edition 2021.2.3\jbr\bin\zip.dll
0x00007ff926e70000 - 0x00007ff9275af000 	C:\Windows\System32\SHELL32.dll
0x00007ff924070000 - 0x00007ff924800000 	C:\Windows\SYSTEM32\windows.storage.dll
0x00007ff927800000 - 0x00007ff927b55000 	C:\Windows\System32\combase.dll
0x00007ff9259c0000 - 0x00007ff9259ec000 	C:\Windows\SYSTEM32\Wldp.dll
0x00007ff928000000 - 0x00007ff9280ae000 	C:\Windows\System32\SHCORE.dll
0x00007ff9277a0000 - 0x00007ff9277f5000 	C:\Windows\System32\shlwapi.dll
0x00007ff925eb0000 - 0x00007ff925ecf000 	C:\Windows\SYSTEM32\profapi.dll
0x00007ff8e2610000 - 0x00007ff8e262a000 	C:\Program Files\JetBrains\IntelliJ IDEA Community Edition 2021.2.3\jbr\bin\net.dll
0x00007ff913520000 - 0x00007ff913628000 	C:\Windows\SYSTEM32\WINHTTP.dll
0x00007ff925720000 - 0x00007ff92578a000 	C:\Windows\system32\mswsock.dll
0x00007ff8e25f0000 - 0x00007ff8e2604000 	C:\Program Files\JetBrains\IntelliJ IDEA Community Edition 2021.2.3\jbr\bin\nio.dll
0x00007ff8e0ea0000 - 0x00007ff8e0ec7000 	C:\Users\Lenovo\.gradle\native\8bec1ad78214c89d9ad589b4d07fe93259594b29d510b10fafb7a158f7737e5d\windows-amd64\native-platform.dll
0x00007ff8d35b0000 - 0x00007ff8d36ed000 	C:\Users\Lenovo\.gradle\native\53dbd7edfb1c66fb8903c78663c9afc45aea4f116125fa6feffd364cf09443e8\windows-amd64\native-platform-file-events.dll
0x00007ff920230000 - 0x00007ff92023a000 	C:\Program Files\JetBrains\IntelliJ IDEA Community Edition 2021.2.3\jbr\bin\management.dll
0x00007ff91e4a0000 - 0x00007ff91e4ad000 	C:\Program Files\JetBrains\IntelliJ IDEA Community Edition 2021.2.3\jbr\bin\management_ext.dll
0x00007ff925920000 - 0x00007ff925938000 	C:\Windows\SYSTEM32\CRYPTSP.dll
0x00007ff925030000 - 0x00007ff925064000 	C:\Windows\system32\rsaenh.dll
0x00007ff926120000 - 0x00007ff926147000 	C:\Windows\System32\bcrypt.dll
0x00007ff925e30000 - 0x00007ff925e5e000 	C:\Windows\SYSTEM32\USERENV.dll
0x00007ff925910000 - 0x00007ff92591c000 	C:\Windows\SYSTEM32\CRYPTBASE.dll
0x00007ff9253c0000 - 0x00007ff9253fb000 	C:\Windows\SYSTEM32\IPHLPAPI.DLL
0x00007ff926bf0000 - 0x00007ff926bf8000 	C:\Windows\System32\NSI.dll
0x00007ff915a30000 - 0x00007ff915a47000 	C:\Windows\SYSTEM32\dhcpcsvc6.DLL
0x00007ff91c9e0000 - 0x00007ff91c9fd000 	C:\Windows\SYSTEM32\dhcpcsvc.DLL
0x00007ff925400000 - 0x00007ff9254cc000 	C:\Windows\SYSTEM32\DNSAPI.dll

dbghelp: loaded successfully - version: 4.0.5 - missing functions: none
symbol engine: initialized successfully - sym options: 0x614 - pdb path: .;C:\Program Files\JetBrains\IntelliJ IDEA Community Edition 2021.2.3\jbr\bin;C:\Windows\SYSTEM32;C:\Windows\WinSxS\amd64_microsoft.windows.common-controls_6595b64144ccf1df_6.0.19041.1110_none_60b5254171f9507e;C:\Program Files\JetBrains\IntelliJ IDEA Community Edition 2021.2.3\jbr\bin\server;C:\Users\Lenovo\.gradle\native\8bec1ad78214c89d9ad589b4d07fe93259594b29d510b10fafb7a158f7737e5d\windows-amd64;C:\Users\Lenovo\.gradle\native\53dbd7edfb1c66fb8903c78663c9afc45aea4f116125fa6feffd364cf09443e8\windows-amd64

VM Arguments:
jvm_args: -XX:MaxMetaspaceSize=256m -XX:+HeapDumpOnOutOfMemoryError --add-opens=java.base/java.util=ALL-UNNAMED --add-opens=java.base/java.lang=ALL-UNNAMED --add-opens=java.base/java.lang.invoke=ALL-UNNAMED --add-opens=java.base/java.util=ALL-UNNAMED --add-opens=java.prefs/java.util.prefs=ALL-UNNAMED --add-opens=java.prefs/java.util.prefs=ALL-UNNAMED --add-opens=java.base/java.nio.charset=ALL-UNNAMED --add-opens=java.base/java.net=ALL-UNNAMED --add-opens=java.base/java.util.concurrent.atomic=ALL-UNNAMED -Xms256m -Xmx512m -Dfile.encoding=windows-1251 -Duser.country=RU -Duser.language=ru -Duser.variant 
java_command: org.gradle.launcher.daemon.bootstrap.GradleDaemon 7.1
java_class_path (initial): C:\Users\Lenovo\.gradle\wrapper\dists\gradle-7.1-bin\4pslxx9lrxt5svtz5wbnb6tkz\gradle-7.1\lib\gradle-launcher-7.1.jar
Launcher Type: SUN_STANDARD

[Global flags]
     intx CICompilerCount                          = 3                                         {product} {ergonomic}
   size_t CompressedClassSpaceSize                 = 260046848                                 {product} {ergonomic}
     uint ConcGCThreads                            = 1                                         {product} {ergonomic}
     uint G1ConcRefinementThreads                  = 4                                         {product} {ergonomic}
   size_t G1HeapRegionSize                         = 1048576                                   {product} {ergonomic}
    uintx GCDrainStackTargetSize                   = 64                                        {product} {ergonomic}
     bool HeapDumpOnOutOfMemoryError               = true                                   {manageable} {command line}
   size_t InitialHeapSize                          = 268435456                                 {product} {command line}
   size_t MarkStackSize                            = 4194304                                   {product} {ergonomic}
   size_t MaxHeapSize                              = 536870912                                 {product} {command line}
   size_t MaxMetaspaceSize                         = 268435456                                 {product} {command line}
   size_t MaxNewSize                               = 321912832                                 {product} {ergonomic}
   size_t MinHeapDeltaBytes                        = 1048576                                   {product} {ergonomic}
    uintx NonNMethodCodeHeapSize                   = 5830732                                {pd product} {ergonomic}
    uintx NonProfiledCodeHeapSize                  = 122913754                              {pd product} {ergonomic}
    uintx ProfiledCodeHeapSize                     = 122913754                              {pd product} {ergonomic}
    uintx ReservedCodeCacheSize                    = 251658240                              {pd product} {ergonomic}
     bool SegmentedCodeCache                       = true                                      {product} {ergonomic}
     bool UseCompressedClassPointers               = true                                 {lp64_product} {ergonomic}
     bool UseCompressedOops                        = true                                 {lp64_product} {ergonomic}
     bool UseG1GC                                  = true                                      {product} {ergonomic}
     bool UseLargePagesIndividualAllocation        = false                                  {pd product} {ergonomic}

Logging:
Log output configuration:
 #0: stdout all=warning uptime,level,tags
 #1: stderr all=off uptime,level,tags

Environment Variables:
JAVA_HOME=C:\Program Files\Java\jdk-17.0.2
PATH=C:\Program Files\Common Files\Oracle\Java\javapath;C:\Windows\system32;C:\Windows;C:\Windows\System32\Wbem;C:\Windows\System32\WindowsPowerShell\v1.0\;C:\Program Files\Git\cmd;C:\Users\Lenovo\AppData\Local\Microsoft\WindowsApps;C:\Program Files\Java\jdk-17.0.2\bin;
USERNAME=Lenovo
OS=Windows_NT
PROCESSOR_IDENTIFIER=Intel64 Family 6 Model 142 Stepping 9, GenuineIntel



---------------  S Y S T E M  ---------------

OS: Windows 10 , 64 bit Build 19041 (10.0.19041.1202)
OS uptime: 2 days 1:50 hours

CPU:total 4 (initial active 4) (2 cores per cpu, 2 threads per core) family 6 model 142 stepping 9 microcode 0xb4, cmov, cx8, fxsr, mmx, sse, sse2, sse3, ssse3, sse4.1, sse4.2, popcnt, avx, avx2, aes, clmul, erms, 3dnowpref, lzcnt, ht, tsc, tscinvbit, bmi1, bmi2, adx, fma

Memory: 4k page, system-wide physical 8050M (436M free)
TotalPageFile size 8050M (AvailPageFile size 10M)
current process WorkingSet (physical memory assigned to process): 218M, peak: 222M
current process commit charge ("private bytes"): 411M, peak: 418M

vm_info: OpenJDK 64-Bit Server VM (11.0.12+7-b1504.40) for windows-amd64 JRE (11.0.12+7-b1504.40), built on Sep 23 2021 14:38:03 by "" with MS VC++ 14.0 (VS2015)

END.
