#
# There is insufficient memory for the Java Runtime Environment to continue.
# Native memory allocation (malloc) failed to allocate 1266736 bytes for Chunk::new
# Possible reasons:
#   The system is out of physical RAM or swap space
#   The process is running with CompressedOops enabled, and the Java Heap may be blocking the growth of the native heap
# Possible solutions:
#   Reduce memory load on the system
#   Increase physical memory or swap space
#   Check if swap backing store is full
#   Decrease Java heap size (-Xmx/-Xms)
#   Decrease number of Java threads
#   Decrease Java thread stack sizes (-Xss)
#   Set larger code cache with -XX:ReservedCodeCacheSize=
#   JVM is running with Unscaled Compressed Oops mode in which the Java heap is
#     placed in the first 4GB address space. The Java Heap base address is the
#     maximum limit for the native heap growth. Please use -XX:HeapBaseMinAddress
#     to set the Java Heap base and to place the Java Heap above 4GB virtual address.
# This output file may be truncated or incomplete.
#
#  Out of Memory Error (src/hotspot/share/memory/arena.cpp:197), pid=8712, tid=8760
#
# JRE version: OpenJDK Runtime Environment JBR-11.0.14.1.1-2043.25-jcef (11.0.14.1+1) (build 11.0.14.1+1-b2043.25)
# Java VM: OpenJDK 64-Bit Server VM JBR-11.0.14.1.1-2043.25-jcef (11.0.14.1+1-b2043.25, mixed mode, tiered, compressed oops, g1 gc, windows-amd64)
# No core dump will be written. Minidumps are not enabled by default on client versions of Windows
#

---------------  S U M M A R Y ------------

Command Line: --add-opens=java.base/java.util=ALL-UNNAMED --add-opens=java.base/java.lang=ALL-UNNAMED --add-opens=java.base/java.lang.invoke=ALL-UNNAMED --add-opens=java.base/java.util=ALL-UNNAMED --add-opens=java.prefs/java.util.prefs=ALL-UNNAMED --add-opens=java.prefs/java.util.prefs=ALL-UNNAMED --add-opens=java.base/java.nio.charset=ALL-UNNAMED --add-opens=java.base/java.net=ALL-UNNAMED --add-opens=java.base/java.util.concurrent.atomic=ALL-UNNAMED -XX:MaxMetaspaceSize=256m -XX:+HeapDumpOnOutOfMemoryError -Xms256m -Xmx512m -Dfile.encoding=windows-1251 -Duser.country=RU -Duser.language=ru -Duser.variant org.gradle.launcher.daemon.bootstrap.GradleDaemon 7.2

Host: Intel(R) Core(TM) i7-7500U CPU @ 2.70GHz, 4 cores, 7G,  Windows 10 , 64 bit Build 19041 (10.0.19041.1202)
Time: Wed Jun  1 21:03:53 2022 RTZ 2 (зима) elapsed time: 13.586430 seconds (0d 0h 0m 13s)

---------------  T H R E A D  ---------------

Current thread (0x00000291eec82000):  JavaThread "C2 CompilerThread0" daemon [_thread_in_native, id=8760, stack(0x0000009f25e00000,0x0000009f25f00000)]


Current CompileTask:
C2:  13586 8564  s!   4       jdk.internal.loader.URLClassPath::getLoader (194 bytes)

Stack: [0x0000009f25e00000,0x0000009f25f00000]
Native frames: (J=compiled Java code, j=interpreted, Vv=VM code, C=native code)
V  [jvm.dll+0x61618a]
V  [jvm.dll+0x79c450]
V  [jvm.dll+0x79da6d]
V  [jvm.dll+0x79e143]
V  [jvm.dll+0x24c968]
V  [jvm.dll+0xc13dc]
V  [jvm.dll+0xc190c]
V  [jvm.dll+0x3632ed]
V  [jvm.dll+0x32e133]
V  [jvm.dll+0x32d62a]
V  [jvm.dll+0x204dd2]
V  [jvm.dll+0x203f57]
V  [jvm.dll+0x18b5e1]
V  [jvm.dll+0x212c6f]
V  [jvm.dll+0x211511]
V  [jvm.dll+0x762b9f]
V  [jvm.dll+0x75b755]
V  [jvm.dll+0x614df6]
C  [ucrtbase.dll+0x21bb2]
C  [KERNEL32.DLL+0x17034]
C  [ntdll.dll+0x52651]


---------------  P R O C E S S  ---------------

Threads class SMR info:
_java_thread_list=0x00000291f15bb9a0, length=95, elements={
0x00000291d76f7800, 0x00000291ee2ce800, 0x00000291ee2cf800, 0x00000291eec7b000,
0x00000291eec7c000, 0x00000291eec7e800, 0x00000291eec82000, 0x00000291ee2f6000,
0x00000291ee300800, 0x00000291eede5000, 0x00000291f0383000, 0x00000291f1ad3800,
0x00000291f0db5000, 0x00000291f1561000, 0x00000291f1438000, 0x00000291eef9a800,
0x00000291f1454800, 0x00000291f1278800, 0x00000291efe70800, 0x00000291f1286000,
0x00000291f1557800, 0x00000291f1558800, 0x00000291f155b000, 0x00000291f1559800,
0x00000291f155a000, 0x00000291f155c000, 0x00000291f155c800, 0x00000291f1557000,
0x00000291f155d800, 0x00000291f2d26800, 0x00000291f2d29000, 0x00000291f2d25000,
0x00000291f2d25800, 0x00000291f2d2c800, 0x00000291f2d2b800, 0x00000291f2d2f800,
0x00000291f2d2a800, 0x00000291f2d2a000, 0x00000291f2d31000, 0x00000291f2d32000,
0x00000291f2d30800, 0x00000291f2d2e800, 0x00000291f2d2d000, 0x00000291f2d2e000,
0x00000291f42f0000, 0x00000291f42f2800, 0x00000291f42ef000, 0x00000291f42f1800,
0x00000291f42f0800, 0x00000291f42f6800, 0x00000291f42f9000, 0x00000291f42f5800,
0x00000291f42f7000, 0x00000291f42f3000, 0x00000291f42f8000, 0x00000291f42f5000,
0x00000291f42f9800, 0x00000291f42f4000, 0x00000291f42fa800, 0x00000291f42fc000,
0x00000291f42fd000, 0x00000291f42fb800, 0x00000291f42fe000, 0x00000291f4191000,
0x00000291f4192000, 0x00000291f4190800, 0x00000291f418e800, 0x00000291f4192800,
0x00000291f418f800, 0x00000291f4195000, 0x00000291f4199800, 0x00000291f4193800,
0x00000291f419a000, 0x00000291f4197000, 0x00000291f4194800, 0x00000291f419b000,
0x00000291f419b800, 0x00000291f4196000, 0x00000291f4197800, 0x00000291f419c800,
0x00000291f419d800, 0x00000291f4198800, 0x00000291ef249000, 0x00000291ef246800,
0x00000291ef248000, 0x00000291ef24a000, 0x00000291ef244000, 0x00000291ef24a800,
0x00000291ef245000, 0x00000291ef247800, 0x00000291ef24b800, 0x00000291ef245800,
0x00000291ef250800, 0x00000291ef24c800, 0x00000291ef252000
}

Java Threads: ( => current thread )
  0x00000291d76f7800 JavaThread "main" [_thread_blocked, id=11152, stack(0x0000009f25200000,0x0000009f25300000)]
  0x00000291ee2ce800 JavaThread "Reference Handler" daemon [_thread_blocked, id=12872, stack(0x0000009f25900000,0x0000009f25a00000)]
  0x00000291ee2cf800 JavaThread "Finalizer" daemon [_thread_blocked, id=12144, stack(0x0000009f25a00000,0x0000009f25b00000)]
  0x00000291eec7b000 JavaThread "Signal Dispatcher" daemon [_thread_blocked, id=7288, stack(0x0000009f25b00000,0x0000009f25c00000)]
  0x00000291eec7c000 JavaThread "Attach Listener" daemon [_thread_blocked, id=11080, stack(0x0000009f25c00000,0x0000009f25d00000)]
  0x00000291eec7e800 JavaThread "Service Thread" daemon [_thread_blocked, id=2864, stack(0x0000009f25d00000,0x0000009f25e00000)]
=>0x00000291eec82000 JavaThread "C2 CompilerThread0" daemon [_thread_in_native, id=8760, stack(0x0000009f25e00000,0x0000009f25f00000)]
  0x00000291ee2f6000 JavaThread "C1 CompilerThread0" daemon [_thread_blocked, id=9328, stack(0x0000009f25f00000,0x0000009f26000000)]
  0x00000291ee300800 JavaThread "Sweeper thread" daemon [_thread_blocked, id=5056, stack(0x0000009f26000000,0x0000009f26100000)]
  0x00000291eede5000 JavaThread "Common-Cleaner" daemon [_thread_blocked, id=11972, stack(0x0000009f26100000,0x0000009f26200000)]
  0x00000291f0383000 JavaThread "Daemon health stats" [_thread_blocked, id=9676, stack(0x0000009f26700000,0x0000009f26800000)]
  0x00000291f1ad3800 JavaThread "Incoming local TCP Connector on port 62819" [_thread_in_native, id=12724, stack(0x0000009f26800000,0x0000009f26900000)]
  0x00000291f0db5000 JavaThread "Daemon" [_thread_blocked, id=12100, stack(0x0000009f26900000,0x0000009f26a00000)]
  0x00000291f1561000 JavaThread "Daemon periodic checks" [_thread_blocked, id=12928, stack(0x0000009f26a00000,0x0000009f26b00000)]
  0x00000291f1438000 JavaThread "Handler for socket connection from /127.0.0.1:62819 to /127.0.0.1:62820" [_thread_in_native, id=11672, stack(0x0000009f26b00000,0x0000009f26c00000)]
  0x00000291eef9a800 JavaThread "Cancel handler" [_thread_blocked, id=12888, stack(0x0000009f26300000,0x0000009f26400000)]
  0x00000291f1454800 JavaThread "Daemon worker" [_thread_blocked, id=11660, stack(0x0000009f26c00000,0x0000009f26d00000)]
  0x00000291f1278800 JavaThread "Asynchronous log dispatcher for DefaultDaemonConnection: socket connection from /127.0.0.1:62819 to /127.0.0.1:62820" [_thread_blocked, id=11312, stack(0x0000009f26d00000,0x0000009f26e00000)]
  0x00000291efe70800 JavaThread "Stdin handler" [_thread_blocked, id=12924, stack(0x0000009f26e00000,0x0000009f26f00000)]
  0x00000291f1286000 JavaThread "Daemon client event forwarder" [_thread_blocked, id=12720, stack(0x0000009f26f00000,0x0000009f27000000)]
  0x00000291f1557800 JavaThread "Cache worker for journal cache (C:\Users\Lenovo\.gradle\caches\journal-1)" [_thread_blocked, id=248, stack(0x0000009f27000000,0x0000009f27100000)]
  0x00000291f1558800 JavaThread "File lock request listener" [_thread_in_native, id=11516, stack(0x0000009f27100000,0x0000009f27200000)]
  0x00000291f155b000 JavaThread "Cache worker for file hash cache (C:\Users\Lenovo\.gradle\caches\7.2\fileHashes)" [_thread_blocked, id=2404, stack(0x0000009f27200000,0x0000009f27300000)]
  0x00000291f1559800 JavaThread "Cache worker for file hash cache (C:\Users\Lenovo\IdeaProjects\softdev-2022-spring-task-3\.gradle\7.2\fileHashes)" [_thread_blocked, id=12400, stack(0x0000009f27300000,0x0000009f27400000)]
  0x00000291f155a000 JavaThread "File watcher server" daemon [_thread_in_native, id=13080, stack(0x0000009f27400000,0x0000009f27500000)]
  0x00000291f155c000 JavaThread "File watcher consumer" daemon [_thread_blocked, id=13260, stack(0x0000009f27500000,0x0000009f27600000)]
  0x00000291f155c800 JavaThread "Cache worker for checksums cache (C:\Users\Lenovo\IdeaProjects\softdev-2022-spring-task-3\.gradle\checksums)" [_thread_blocked, id=6892, stack(0x0000009f27600000,0x0000009f27700000)]
  0x00000291f1557000 JavaThread "Cache worker for cache directory md-supplier (C:\Users\Lenovo\.gradle\caches\7.2\md-supplier)" [_thread_blocked, id=11796, stack(0x0000009f27700000,0x0000009f27800000)]
  0x00000291f155d800 JavaThread "Cache worker for cache directory md-rule (C:\Users\Lenovo\.gradle\caches\7.2\md-rule)" [_thread_blocked, id=13208, stack(0x0000009f27800000,0x0000009f27900000)]
  0x00000291f2d26800 JavaThread "Cache worker for execution history cache (C:\Users\Lenovo\.gradle\caches\7.2\executionHistory)" [_thread_blocked, id=8324, stack(0x0000009f27900000,0x0000009f27a00000)]
  0x00000291f2d29000 JavaThread "jar transforms" [_thread_blocked, id=12508, stack(0x0000009f27a00000,0x0000009f27b00000)]
  0x00000291f2d25000 JavaThread "jar transforms Thread 2" [_thread_blocked, id=10808, stack(0x0000009f27b00000,0x0000009f27c00000)]
  0x00000291f2d25800 JavaThread "Cache worker for file content cache (C:\Users\Lenovo\.gradle\caches\7.2\fileContent)" [_thread_blocked, id=12968, stack(0x0000009f27c00000,0x0000009f27d00000)]
  0x00000291f2d2c800 JavaThread "jar transforms Thread 3" [_thread_blocked, id=11792, stack(0x0000009f27d00000,0x0000009f27e00000)]
  0x00000291f2d2b800 JavaThread "jar transforms Thread 4" [_thread_blocked, id=10780, stack(0x0000009f27e00000,0x0000009f27f00000)]
  0x00000291f2d2f800 JavaThread "Cache worker for dependencies-accessors (C:\Users\Lenovo\IdeaProjects\softdev-2022-spring-task-3\.gradle\7.2\dependencies-accessors)" [_thread_blocked, id=12440, stack(0x0000009f27f00000,0x0000009f28000000)]
  0x00000291f2d2a800 JavaThread "Cache worker for Build Output Cleanup Cache (C:\Users\Lenovo\IdeaProjects\softdev-2022-spring-task-3\.gradle\buildOutputCleanup)" [_thread_blocked, id=904, stack(0x0000009f28000000,0x0000009f28100000)]
  0x00000291f2d2a000 JavaThread "Unconstrained build operations" [_thread_blocked, id=10076, stack(0x0000009f28100000,0x0000009f28200000)]
  0x00000291f2d31000 JavaThread "Unconstrained build operations Thread 2" [_thread_blocked, id=12672, stack(0x0000009f28200000,0x0000009f28300000)]
  0x00000291f2d32000 JavaThread "Unconstrained build operations Thread 3" [_thread_blocked, id=4480, stack(0x0000009f28300000,0x0000009f28400000)]
  0x00000291f2d30800 JavaThread "Unconstrained build operations Thread 4" [_thread_blocked, id=11072, stack(0x0000009f28400000,0x0000009f28500000)]
  0x00000291f2d2e800 JavaThread "Unconstrained build operations Thread 5" [_thread_blocked, id=10328, stack(0x0000009f28500000,0x0000009f28600000)]
  0x00000291f2d2d000 JavaThread "Unconstrained build operations Thread 6" [_thread_blocked, id=12752, stack(0x0000009f28600000,0x0000009f28700000)]
  0x00000291f2d2e000 JavaThread "Unconstrained build operations Thread 7" [_thread_blocked, id=6000, stack(0x0000009f28700000,0x0000009f28800000)]
  0x00000291f42f0000 JavaThread "Unconstrained build operations Thread 8" [_thread_blocked, id=1936, stack(0x0000009f28800000,0x0000009f28900000)]
  0x00000291f42f2800 JavaThread "Unconstrained build operations Thread 9" [_thread_blocked, id=11692, stack(0x0000009f28900000,0x0000009f28a00000)]
  0x00000291f42ef000 JavaThread "Unconstrained build operations Thread 10" [_thread_blocked, id=12040, stack(0x0000009f28a00000,0x0000009f28b00000)]
  0x00000291f42f1800 JavaThread "Unconstrained build operations Thread 11" [_thread_blocked, id=7576, stack(0x0000009f28b00000,0x0000009f28c00000)]
  0x00000291f42f0800 JavaThread "Unconstrained build operations Thread 12" [_thread_blocked, id=11184, stack(0x0000009f28c00000,0x0000009f28d00000)]
  0x00000291f42f6800 JavaThread "Unconstrained build operations Thread 13" [_thread_blocked, id=12420, stack(0x0000009f28d00000,0x0000009f28e00000)]
  0x00000291f42f9000 JavaThread "Memory manager" [_thread_blocked, id=11024, stack(0x0000009f28e00000,0x0000009f28f00000)]
  0x00000291f42f5800 JavaThread "Execution worker for ':'" [_thread_blocked, id=11936, stack(0x0000009f28f00000,0x0000009f29000000)]
  0x00000291f42f7000 JavaThread "Execution worker for ':' Thread 2" [_thread_blocked, id=11448, stack(0x0000009f29000000,0x0000009f29100000)]
  0x00000291f42f3000 JavaThread "Execution worker for ':' Thread 3" [_thread_blocked, id=12008, stack(0x0000009f29100000,0x0000009f29200000)]
  0x00000291f42f8000 JavaThread "Cache worker for execution history cache (C:\Users\Lenovo\IdeaProjects\softdev-2022-spring-task-3\.gradle\7.2\executionHistory)" [_thread_blocked, id=7828, stack(0x0000009f29200000,0x0000009f29300000)]
  0x00000291f42f5000 JavaThread "Unconstrained build operations Thread 14" [_thread_blocked, id=5448, stack(0x0000009f29300000,0x0000009f29400000)]
  0x00000291f42f9800 JavaThread "Unconstrained build operations Thread 15" [_thread_blocked, id=11532, stack(0x0000009f29400000,0x0000009f29500000)]
  0x00000291f42f4000 JavaThread "Unconstrained build operations Thread 16" [_thread_blocked, id=10700, stack(0x0000009f29500000,0x0000009f29600000)]
  0x00000291f42fa800 JavaThread "Unconstrained build operations Thread 17" [_thread_blocked, id=9900, stack(0x0000009f29600000,0x0000009f29700000)]
  0x00000291f42fc000 JavaThread "Unconstrained build operations Thread 18" [_thread_blocked, id=12900, stack(0x0000009f29700000,0x0000009f29800000)]
  0x00000291f42fd000 JavaThread "Unconstrained build operations Thread 19" [_thread_blocked, id=8404, stack(0x0000009f29800000,0x0000009f29900000)]
  0x00000291f42fb800 JavaThread "Unconstrained build operations Thread 20" [_thread_blocked, id=12716, stack(0x0000009f29900000,0x0000009f29a00000)]
  0x00000291f42fe000 JavaThread "Unconstrained build operations Thread 21" [_thread_blocked, id=12852, stack(0x0000009f29a00000,0x0000009f29b00000)]
  0x00000291f4191000 JavaThread "Unconstrained build operations Thread 22" [_thread_blocked, id=11736, stack(0x0000009f29b00000,0x0000009f29c00000)]
  0x00000291f4192000 JavaThread "Unconstrained build operations Thread 23" [_thread_blocked, id=7496, stack(0x0000009f29c00000,0x0000009f29d00000)]
  0x00000291f4190800 JavaThread "Unconstrained build operations Thread 24" [_thread_blocked, id=6324, stack(0x0000009f29d00000,0x0000009f29e00000)]
  0x00000291f418e800 JavaThread "Unconstrained build operations Thread 25" [_thread_blocked, id=10340, stack(0x0000009f29e00000,0x0000009f29f00000)]
  0x00000291f4192800 JavaThread "Unconstrained build operations Thread 26" [_thread_blocked, id=11848, stack(0x0000009f29f00000,0x0000009f2a000000)]
  0x00000291f418f800 JavaThread "Unconstrained build operations Thread 27" [_thread_blocked, id=2996, stack(0x0000009f2a000000,0x0000009f2a100000)]
  0x00000291f4195000 JavaThread "Unconstrained build operations Thread 28" [_thread_blocked, id=1796, stack(0x0000009f2a100000,0x0000009f2a200000)]
  0x00000291f4199800 JavaThread "Unconstrained build operations Thread 29" [_thread_blocked, id=9368, stack(0x0000009f2a200000,0x0000009f2a300000)]
  0x00000291f4193800 JavaThread "Unconstrained build operations Thread 30" [_thread_blocked, id=9056, stack(0x0000009f2a300000,0x0000009f2a400000)]
  0x00000291f419a000 JavaThread "Unconstrained build operations Thread 31" [_thread_blocked, id=11960, stack(0x0000009f2a400000,0x0000009f2a500000)]
  0x00000291f4197000 JavaThread "Unconstrained build operations Thread 32" [_thread_blocked, id=7720, stack(0x0000009f2a500000,0x0000009f2a600000)]
  0x00000291f4194800 JavaThread "Unconstrained build operations Thread 33" [_thread_blocked, id=12324, stack(0x0000009f2a600000,0x0000009f2a700000)]
  0x00000291f419b000 JavaThread "Unconstrained build operations Thread 34" [_thread_blocked, id=12536, stack(0x0000009f2a700000,0x0000009f2a800000)]
  0x00000291f419b800 JavaThread "Unconstrained build operations Thread 35" [_thread_blocked, id=11704, stack(0x0000009f2a800000,0x0000009f2a900000)]
  0x00000291f4196000 JavaThread "Unconstrained build operations Thread 36" [_thread_blocked, id=8316, stack(0x0000009f2a900000,0x0000009f2aa00000)]
  0x00000291f4197800 JavaThread "Unconstrained build operations Thread 37" [_thread_blocked, id=9804, stack(0x0000009f2aa00000,0x0000009f2ab00000)]
  0x00000291f419c800 JavaThread "Unconstrained build operations Thread 38" [_thread_blocked, id=7204, stack(0x0000009f2ab00000,0x0000009f2ac00000)]
  0x00000291f419d800 JavaThread "Unconstrained build operations Thread 39" [_thread_blocked, id=12180, stack(0x0000009f2ac00000,0x0000009f2ad00000)]
  0x00000291f4198800 JavaThread "Unconstrained build operations Thread 40" [_thread_blocked, id=7620, stack(0x0000009f2ad00000,0x0000009f2ae00000)]
  0x00000291ef249000 JavaThread "Cache worker for Java compile cache (C:\Users\Lenovo\.gradle\caches\7.2\javaCompile)" [_thread_blocked, id=11396, stack(0x0000009f2ae00000,0x0000009f2af00000)]
  0x00000291ef246800 JavaThread "Build operations" [_thread_blocked, id=2668, stack(0x0000009f2af00000,0x0000009f2b000000)]
  0x00000291ef248000 JavaThread "Build operations Thread 2" [_thread_blocked, id=3336, stack(0x0000009f2b000000,0x0000009f2b100000)]
  0x00000291ef24a000 JavaThread "Build operations Thread 3" [_thread_blocked, id=13084, stack(0x0000009f2b100000,0x0000009f2b200000)]
  0x00000291ef244000 JavaThread "Build operations Thread 4" [_thread_blocked, id=11664, stack(0x0000009f2b200000,0x0000009f2b300000)]
  0x00000291ef24a800 JavaThread "Dispatch org.gradle.api.internal.tasks.testing.results.AttachParentTestResultProcessor@54c4bc76" [_thread_blocked, id=13020, stack(0x0000009f2b600000,0x0000009f2b700000)]
  0x00000291ef245000 JavaThread "Dispatch org.gradle.api.internal.tasks.testing.processors.RestartEveryNTestClassProcessor@3dd339b9" [_thread_blocked, id=12596, stack(0x0000009f2b700000,0x0000009f2b800000)]
  0x00000291ef247800 JavaThread "Incoming local TCP Connector on port 62828" [_thread_in_native, id=7600, stack(0x0000009f2b800000,0x0000009f2b900000)]
  0x00000291ef24b800 JavaThread "Exec process" [_thread_in_native, id=1252, stack(0x0000009f2b900000,0x0000009f2ba00000)]
  0x00000291ef245800 JavaThread "DisconnectableInputStream source reader" daemon [_thread_blocked, id=13124, stack(0x0000009f2ba00000,0x0000009f2bb00000)]
  0x00000291ef250800 JavaThread "Exec process Thread 2" [_thread_in_native, id=4732, stack(0x0000009f2bb00000,0x0000009f2bc00000)]
  0x00000291ef24c800 JavaThread "Exec process Thread 3" [_thread_in_native, id=12676, stack(0x0000009f2bc00000,0x0000009f2bd00000)]
  0x00000291ef252000 JavaThread "Exec process Thread 4" [_thread_in_native, id=13300, stack(0x0000009f2bd00000,0x0000009f2be00000)]

Other Threads:
  0x00000291ee2ab800 VMThread "VM Thread" [stack: 0x0000009f25800000,0x0000009f25900000] [id=4304]
  0x00000291eedfa800 WatcherThread [stack: 0x0000009f26200000,0x0000009f26300000] [id=12416]
  0x00000291d7711800 GCTaskThread "GC Thread#0" [stack: 0x0000009f25300000,0x0000009f25400000] [id=8496]
  0x00000291ef936000 GCTaskThread "GC Thread#1" [stack: 0x0000009f26400000,0x0000009f26500000] [id=10584]
  0x00000291ef2cd000 GCTaskThread "GC Thread#2" [stack: 0x0000009f26500000,0x0000009f26600000] [id=12972]
  0x00000291ef6c6000 GCTaskThread "GC Thread#3" [stack: 0x0000009f26600000,0x0000009f26700000] [id=10776]
  0x00000291d7723000 ConcurrentGCThread "G1 Main Marker" [stack: 0x0000009f25400000,0x0000009f25500000] [id=11232]
  0x00000291d7726800 ConcurrentGCThread "G1 Conc#0" [stack: 0x0000009f25500000,0x0000009f25600000] [id=8616]
  0x00000291d77de800 ConcurrentGCThread "G1 Refine#0" [stack: 0x0000009f25600000,0x0000009f25700000] [id=4728]
  0x00000291f12fa800 ConcurrentGCThread "G1 Refine#1" [stack: 0x0000009f2b300000,0x0000009f2b400000] [id=12696]
  0x00000291f12fb800 ConcurrentGCThread "G1 Refine#2" [stack: 0x0000009f2b400000,0x0000009f2b500000] [id=12712]
  0x00000291f25bd800 ConcurrentGCThread "G1 Refine#3" [stack: 0x0000009f2b500000,0x0000009f2b600000] [id=9264]
  0x00000291ee147000 ConcurrentGCThread "G1 Young RemSet Sampling" [stack: 0x0000009f25700000,0x0000009f25800000] [id=9788]

Threads with active compile tasks:
C2 CompilerThread0  13609 8564  s!   4       jdk.internal.loader.URLClassPath::getLoader (194 bytes)

VM state:not at safepoint (normal execution)

VM Mutex/Monitor currently owned by a thread: None

Heap address: 0x00000000e0000000, size: 512 MB, Compressed Oops mode: 32-bit
Narrow klass base: 0x0000000000000000, Narrow klass shift: 3
Compressed class space size: 260046848 Address: 0x0000000100000000

Heap:
 garbage-first heap   total 262144K, used 161792K [0x00000000e0000000, 0x0000000100000000)
  region size 1024K, 114 young (116736K), 19 survivors (19456K)
 Metaspace       used 72677K, capacity 75160K, committed 75344K, reserved 319488K
  class space    used 9443K, capacity 10382K, committed 10496K, reserved 253952K
Heap Regions: E=young(eden), S=young(survivor), O=old, HS=humongous(starts), HC=humongous(continues), CS=collection set, F=free, A=archive, TAMS=top-at-mark-start (previous, next)
|   0|0x00000000e0000000, 0x00000000e0100000, 0x00000000e0100000|100%| O|  |TAMS 0x00000000e0100000, 0x00000000e0000000| Untracked 
|   1|0x00000000e0100000, 0x00000000e0200000, 0x00000000e0200000|100%| O|  |TAMS 0x00000000e0200000, 0x00000000e0100000| Untracked 
|   2|0x00000000e0200000, 0x00000000e0300000, 0x00000000e0300000|100%| O|  |TAMS 0x00000000e0300000, 0x00000000e0200000| Untracked 
|   3|0x00000000e0300000, 0x00000000e0400000, 0x00000000e0400000|100%|HS|  |TAMS 0x00000000e0400000, 0x00000000e0300000| Complete 
|   4|0x00000000e0400000, 0x00000000e0500000, 0x00000000e0500000|100%|HC|  |TAMS 0x00000000e0500000, 0x00000000e0400000| Complete 
|   5|0x00000000e0500000, 0x00000000e0600000, 0x00000000e0600000|100%|HC|  |TAMS 0x00000000e0600000, 0x00000000e0500000| Complete 
|   6|0x00000000e0600000, 0x00000000e0700000, 0x00000000e0700000|100%| O|  |TAMS 0x00000000e0700000, 0x00000000e0600000| Untracked 
|   7|0x00000000e0700000, 0x00000000e0800000, 0x00000000e0800000|100%| O|  |TAMS 0x00000000e0800000, 0x00000000e0700000| Untracked 
|   8|0x00000000e0800000, 0x00000000e0900000, 0x00000000e0900000|100%| O|  |TAMS 0x00000000e0900000, 0x00000000e0800000| Untracked 
|   9|0x00000000e0900000, 0x00000000e0a00000, 0x00000000e0a00000|100%| O|  |TAMS 0x00000000e0a00000, 0x00000000e0900000| Untracked 
|  10|0x00000000e0a00000, 0x00000000e0b00000, 0x00000000e0b00000|100%| O|  |TAMS 0x00000000e0b00000, 0x00000000e0a00000| Untracked 
|  11|0x00000000e0b00000, 0x00000000e0c00000, 0x00000000e0c00000|100%| O|  |TAMS 0x00000000e0c00000, 0x00000000e0b00000| Untracked 
|  12|0x00000000e0c00000, 0x00000000e0d00000, 0x00000000e0d00000|100%| O|  |TAMS 0x00000000e0d00000, 0x00000000e0c00000| Untracked 
|  13|0x00000000e0d00000, 0x00000000e0e00000, 0x00000000e0e00000|100%| O|  |TAMS 0x00000000e0e00000, 0x00000000e0d00000| Untracked 
|  14|0x00000000e0e00000, 0x00000000e0f00000, 0x00000000e0f00000|100%| O|  |TAMS 0x00000000e0f00000, 0x00000000e0e00000| Untracked 
|  15|0x00000000e0f00000, 0x00000000e1000000, 0x00000000e1000000|100%| O|  |TAMS 0x00000000e1000000, 0x00000000e0f00000| Untracked 
|  16|0x00000000e1000000, 0x00000000e1100000, 0x00000000e1100000|100%| O|  |TAMS 0x00000000e1100000, 0x00000000e1000000| Untracked 
|  17|0x00000000e1100000, 0x00000000e1200000, 0x00000000e1200000|100%| O|  |TAMS 0x00000000e1200000, 0x00000000e1100000| Untracked 
|  18|0x00000000e1200000, 0x00000000e1300000, 0x00000000e1300000|100%| O|  |TAMS 0x00000000e1300000, 0x00000000e1200000| Untracked 
|  19|0x00000000e1300000, 0x00000000e1400000, 0x00000000e1400000|100%| O|  |TAMS 0x00000000e1400000, 0x00000000e1300000| Untracked 
|  20|0x00000000e1400000, 0x00000000e1500000, 0x00000000e1500000|100%| O|  |TAMS 0x00000000e1500000, 0x00000000e1400000| Untracked 
|  21|0x00000000e1500000, 0x00000000e1600000, 0x00000000e1600000|100%| O|  |TAMS 0x00000000e1600000, 0x00000000e1500000| Untracked 
|  22|0x00000000e1600000, 0x00000000e1700000, 0x00000000e1700000|100%| O|  |TAMS 0x00000000e1700000, 0x00000000e1600000| Untracked 
|  23|0x00000000e1700000, 0x00000000e1800000, 0x00000000e1800000|100%| O|  |TAMS 0x00000000e1800000, 0x00000000e1700000| Untracked 
|  24|0x00000000e1800000, 0x00000000e1900000, 0x00000000e1900000|100%| O|  |TAMS 0x00000000e1900000, 0x00000000e1800000| Untracked 
|  25|0x00000000e1900000, 0x00000000e1a00000, 0x00000000e1a00000|100%| O|  |TAMS 0x00000000e1a00000, 0x00000000e1900000| Untracked 
|  26|0x00000000e1a00000, 0x00000000e1b00000, 0x00000000e1b00000|100%| O|  |TAMS 0x00000000e1b00000, 0x00000000e1a00000| Untracked 
|  27|0x00000000e1b00000, 0x00000000e1c00000, 0x00000000e1c00000|100%| O|  |TAMS 0x00000000e1c00000, 0x00000000e1b00000| Untracked 
|  28|0x00000000e1c00000, 0x00000000e1d00000, 0x00000000e1d00000|100%| O|  |TAMS 0x00000000e1d00000, 0x00000000e1c00000| Untracked 
|  29|0x00000000e1d00000, 0x00000000e1e00000, 0x00000000e1e00000|100%| O|  |TAMS 0x00000000e1e00000, 0x00000000e1d00000| Untracked 
|  30|0x00000000e1e00000, 0x00000000e1f00000, 0x00000000e1f00000|100%| O|  |TAMS 0x00000000e1f00000, 0x00000000e1e00000| Untracked 
|  31|0x00000000e1f00000, 0x00000000e2000000, 0x00000000e2000000|100%| O|  |TAMS 0x00000000e2000000, 0x00000000e1f00000| Untracked 
|  32|0x00000000e2000000, 0x00000000e2100000, 0x00000000e2100000|100%| O|  |TAMS 0x00000000e2100000, 0x00000000e2000000| Untracked 
|  33|0x00000000e2100000, 0x00000000e2200000, 0x00000000e2200000|100%| O|  |TAMS 0x00000000e2200000, 0x00000000e2100000| Untracked 
|  34|0x00000000e2200000, 0x00000000e2300000, 0x00000000e2300000|100%| O|  |TAMS 0x00000000e2300000, 0x00000000e2200000| Untracked 
|  35|0x00000000e2300000, 0x00000000e2400000, 0x00000000e2400000|100%| O|  |TAMS 0x00000000e2400000, 0x00000000e2300000| Untracked 
|  36|0x00000000e2400000, 0x00000000e2500000, 0x00000000e2500000|100%| O|  |TAMS 0x00000000e2500000, 0x00000000e2400000| Untracked 
|  37|0x00000000e2500000, 0x00000000e2600000, 0x00000000e2600000|100%| O|  |TAMS 0x00000000e2600000, 0x00000000e2500000| Untracked 
|  38|0x00000000e2600000, 0x00000000e2700000, 0x00000000e2700000|100%| O|  |TAMS 0x00000000e2600000, 0x00000000e2600000| Untracked 
|  39|0x00000000e2700000, 0x00000000e2800000, 0x00000000e2800000|100%| O|  |TAMS 0x00000000e2700000, 0x00000000e2700000| Untracked 
|  40|0x00000000e2800000, 0x00000000e2900000, 0x00000000e2900000|100%| O|  |TAMS 0x00000000e2800000, 0x00000000e2800000| Untracked 
|  41|0x00000000e2900000, 0x00000000e2a00000, 0x00000000e2a00000|100%| O|  |TAMS 0x00000000e2900000, 0x00000000e2900000| Untracked 
|  42|0x00000000e2a00000, 0x00000000e2b00000, 0x00000000e2b00000|100%| O|  |TAMS 0x00000000e2a00000, 0x00000000e2a00000| Untracked 
|  43|0x00000000e2b00000, 0x00000000e2c00000, 0x00000000e2c00000|100%| O|  |TAMS 0x00000000e2b00000, 0x00000000e2b00000| Untracked 
|  44|0x00000000e2c00000, 0x00000000e2d00000, 0x00000000e2d00000|100%| O|  |TAMS 0x00000000e2c00000, 0x00000000e2c00000| Untracked 
|  45|0x00000000e2d00000, 0x00000000e2e00000, 0x00000000e2e00000|100%| O|  |TAMS 0x00000000e2d00000, 0x00000000e2d00000| Untracked 
|  46|0x00000000e2e00000, 0x00000000e2e00000, 0x00000000e2f00000|  0%| F|  |TAMS 0x00000000e2e00000, 0x00000000e2e00000| Untracked 
|  47|0x00000000e2f00000, 0x00000000e2f00000, 0x00000000e3000000|  0%| F|  |TAMS 0x00000000e2f00000, 0x00000000e2f00000| Untracked 
|  48|0x00000000e3000000, 0x00000000e3000000, 0x00000000e3100000|  0%| F|  |TAMS 0x00000000e3000000, 0x00000000e3000000| Untracked 
|  49|0x00000000e3100000, 0x00000000e3100000, 0x00000000e3200000|  0%| F|  |TAMS 0x00000000e3100000, 0x00000000e3100000| Untracked 
|  50|0x00000000e3200000, 0x00000000e3200000, 0x00000000e3300000|  0%| F|  |TAMS 0x00000000e3200000, 0x00000000e3200000| Untracked 
|  51|0x00000000e3300000, 0x00000000e3300000, 0x00000000e3400000|  0%| F|  |TAMS 0x00000000e3300000, 0x00000000e3300000| Untracked 
|  52|0x00000000e3400000, 0x00000000e3400000, 0x00000000e3500000|  0%| F|  |TAMS 0x00000000e3400000, 0x00000000e3400000| Untracked 
|  53|0x00000000e3500000, 0x00000000e3500000, 0x00000000e3600000|  0%| F|  |TAMS 0x00000000e3500000, 0x00000000e3500000| Untracked 
|  54|0x00000000e3600000, 0x00000000e3600000, 0x00000000e3700000|  0%| F|  |TAMS 0x00000000e3600000, 0x00000000e3600000| Untracked 
|  55|0x00000000e3700000, 0x00000000e3700000, 0x00000000e3800000|  0%| F|  |TAMS 0x00000000e3700000, 0x00000000e3700000| Untracked 
|  56|0x00000000e3800000, 0x00000000e3800000, 0x00000000e3900000|  0%| F|  |TAMS 0x00000000e3800000, 0x00000000e3800000| Untracked 
|  57|0x00000000e3900000, 0x00000000e3900000, 0x00000000e3a00000|  0%| F|  |TAMS 0x00000000e3900000, 0x00000000e3900000| Untracked 
|  58|0x00000000e3a00000, 0x00000000e3a00000, 0x00000000e3b00000|  0%| F|  |TAMS 0x00000000e3a00000, 0x00000000e3a00000| Untracked 
|  59|0x00000000e3b00000, 0x00000000e3b00000, 0x00000000e3c00000|  0%| F|  |TAMS 0x00000000e3b00000, 0x00000000e3b00000| Untracked 
|  60|0x00000000e3c00000, 0x00000000e3c00000, 0x00000000e3d00000|  0%| F|  |TAMS 0x00000000e3c00000, 0x00000000e3c00000| Untracked 
|  61|0x00000000e3d00000, 0x00000000e3d00000, 0x00000000e3e00000|  0%| F|  |TAMS 0x00000000e3d00000, 0x00000000e3d00000| Untracked 
|  62|0x00000000e3e00000, 0x00000000e3e00000, 0x00000000e3f00000|  0%| F|  |TAMS 0x00000000e3e00000, 0x00000000e3e00000| Untracked 
|  63|0x00000000e3f00000, 0x00000000e3f00000, 0x00000000e4000000|  0%| F|  |TAMS 0x00000000e3f00000, 0x00000000e3f00000| Untracked 
|  64|0x00000000e4000000, 0x00000000e4000000, 0x00000000e4100000|  0%| F|  |TAMS 0x00000000e4000000, 0x00000000e4000000| Untracked 
|  65|0x00000000e4100000, 0x00000000e4100000, 0x00000000e4200000|  0%| F|  |TAMS 0x00000000e4100000, 0x00000000e4100000| Untracked 
|  66|0x00000000e4200000, 0x00000000e4200000, 0x00000000e4300000|  0%| F|  |TAMS 0x00000000e4200000, 0x00000000e4200000| Untracked 
|  67|0x00000000e4300000, 0x00000000e4300000, 0x00000000e4400000|  0%| F|  |TAMS 0x00000000e4300000, 0x00000000e4300000| Untracked 
|  68|0x00000000e4400000, 0x00000000e4400000, 0x00000000e4500000|  0%| F|  |TAMS 0x00000000e4400000, 0x00000000e4400000| Untracked 
|  69|0x00000000e4500000, 0x00000000e4500000, 0x00000000e4600000|  0%| F|  |TAMS 0x00000000e4500000, 0x00000000e4500000| Untracked 
|  70|0x00000000e4600000, 0x00000000e4600000, 0x00000000e4700000|  0%| F|  |TAMS 0x00000000e4600000, 0x00000000e4600000| Untracked 
|  71|0x00000000e4700000, 0x00000000e4700000, 0x00000000e4800000|  0%| F|  |TAMS 0x00000000e4700000, 0x00000000e4700000| Untracked 
|  72|0x00000000e4800000, 0x00000000e4800000, 0x00000000e4900000|  0%| F|  |TAMS 0x00000000e4800000, 0x00000000e4800000| Untracked 
|  73|0x00000000e4900000, 0x00000000e4900000, 0x00000000e4a00000|  0%| F|  |TAMS 0x00000000e4900000, 0x00000000e4900000| Untracked 
|  74|0x00000000e4a00000, 0x00000000e4a00000, 0x00000000e4b00000|  0%| F|  |TAMS 0x00000000e4a00000, 0x00000000e4a00000| Untracked 
|  75|0x00000000e4b00000, 0x00000000e4b00000, 0x00000000e4c00000|  0%| F|  |TAMS 0x00000000e4b00000, 0x00000000e4b00000| Untracked 
|  76|0x00000000e4c00000, 0x00000000e4c00000, 0x00000000e4d00000|  0%| F|  |TAMS 0x00000000e4c00000, 0x00000000e4c00000| Untracked 
|  77|0x00000000e4d00000, 0x00000000e4d00000, 0x00000000e4e00000|  0%| F|  |TAMS 0x00000000e4d00000, 0x00000000e4d00000| Untracked 
|  78|0x00000000e4e00000, 0x00000000e4e00000, 0x00000000e4f00000|  0%| F|  |TAMS 0x00000000e4e00000, 0x00000000e4e00000| Untracked 
|  79|0x00000000e4f00000, 0x00000000e4f00000, 0x00000000e5000000|  0%| F|  |TAMS 0x00000000e4f00000, 0x00000000e4f00000| Untracked 
|  80|0x00000000e5000000, 0x00000000e5000000, 0x00000000e5100000|  0%| F|  |TAMS 0x00000000e5000000, 0x00000000e5000000| Untracked 
|  81|0x00000000e5100000, 0x00000000e5100000, 0x00000000e5200000|  0%| F|  |TAMS 0x00000000e5100000, 0x00000000e5100000| Untracked 
|  82|0x00000000e5200000, 0x00000000e5200000, 0x00000000e5300000|  0%| F|  |TAMS 0x00000000e5200000, 0x00000000e5200000| Untracked 
|  83|0x00000000e5300000, 0x00000000e5300000, 0x00000000e5400000|  0%| F|  |TAMS 0x00000000e5300000, 0x00000000e5300000| Untracked 
|  84|0x00000000e5400000, 0x00000000e5400000, 0x00000000e5500000|  0%| F|  |TAMS 0x00000000e5400000, 0x00000000e5400000| Untracked 
|  85|0x00000000e5500000, 0x00000000e5500000, 0x00000000e5600000|  0%| F|  |TAMS 0x00000000e5500000, 0x00000000e5500000| Untracked 
|  86|0x00000000e5600000, 0x00000000e5600000, 0x00000000e5700000|  0%| F|  |TAMS 0x00000000e5600000, 0x00000000e5600000| Untracked 
|  87|0x00000000e5700000, 0x00000000e5700000, 0x00000000e5800000|  0%| F|  |TAMS 0x00000000e5700000, 0x00000000e5700000| Untracked 
|  88|0x00000000e5800000, 0x00000000e5800000, 0x00000000e5900000|  0%| F|  |TAMS 0x00000000e5800000, 0x00000000e5800000| Untracked 
|  89|0x00000000e5900000, 0x00000000e5900000, 0x00000000e5a00000|  0%| F|  |TAMS 0x00000000e5900000, 0x00000000e5900000| Untracked 
|  90|0x00000000e5a00000, 0x00000000e5b00000, 0x00000000e5b00000|100%| S|CS|TAMS 0x00000000e5a00000, 0x00000000e5a00000| Complete 
|  91|0x00000000e5b00000, 0x00000000e5c00000, 0x00000000e5c00000|100%| S|CS|TAMS 0x00000000e5b00000, 0x00000000e5b00000| Complete 
|  92|0x00000000e5c00000, 0x00000000e5d00000, 0x00000000e5d00000|100%| S|CS|TAMS 0x00000000e5c00000, 0x00000000e5c00000| Complete 
|  93|0x00000000e5d00000, 0x00000000e5e00000, 0x00000000e5e00000|100%| S|CS|TAMS 0x00000000e5d00000, 0x00000000e5d00000| Complete 
|  94|0x00000000e5e00000, 0x00000000e5f00000, 0x00000000e5f00000|100%| S|CS|TAMS 0x00000000e5e00000, 0x00000000e5e00000| Complete 
|  95|0x00000000e5f00000, 0x00000000e6000000, 0x00000000e6000000|100%| S|CS|TAMS 0x00000000e5f00000, 0x00000000e5f00000| Complete 
|  96|0x00000000e6000000, 0x00000000e6100000, 0x00000000e6100000|100%| S|CS|TAMS 0x00000000e6000000, 0x00000000e6000000| Complete 
|  97|0x00000000e6100000, 0x00000000e6200000, 0x00000000e6200000|100%| S|CS|TAMS 0x00000000e6100000, 0x00000000e6100000| Complete 
|  98|0x00000000e6200000, 0x00000000e6300000, 0x00000000e6300000|100%| S|CS|TAMS 0x00000000e6200000, 0x00000000e6200000| Complete 
|  99|0x00000000e6300000, 0x00000000e6400000, 0x00000000e6400000|100%| S|CS|TAMS 0x00000000e6300000, 0x00000000e6300000| Complete 
| 100|0x00000000e6400000, 0x00000000e6500000, 0x00000000e6500000|100%| S|CS|TAMS 0x00000000e6400000, 0x00000000e6400000| Complete 
| 101|0x00000000e6500000, 0x00000000e6600000, 0x00000000e6600000|100%| S|CS|TAMS 0x00000000e6500000, 0x00000000e6500000| Complete 
| 102|0x00000000e6600000, 0x00000000e6700000, 0x00000000e6700000|100%| S|CS|TAMS 0x00000000e6600000, 0x00000000e6600000| Complete 
| 103|0x00000000e6700000, 0x00000000e6800000, 0x00000000e6800000|100%| S|CS|TAMS 0x00000000e6700000, 0x00000000e6700000| Complete 
| 104|0x00000000e6800000, 0x00000000e6900000, 0x00000000e6900000|100%| S|CS|TAMS 0x00000000e6800000, 0x00000000e6800000| Complete 
| 105|0x00000000e6900000, 0x00000000e6a00000, 0x00000000e6a00000|100%| S|CS|TAMS 0x00000000e6900000, 0x00000000e6900000| Complete 
| 106|0x00000000e6a00000, 0x00000000e6b00000, 0x00000000e6b00000|100%| S|CS|TAMS 0x00000000e6a00000, 0x00000000e6a00000| Complete 
| 107|0x00000000e6b00000, 0x00000000e6c00000, 0x00000000e6c00000|100%| S|CS|TAMS 0x00000000e6b00000, 0x00000000e6b00000| Complete 
| 108|0x00000000e6c00000, 0x00000000e6d00000, 0x00000000e6d00000|100%| S|CS|TAMS 0x00000000e6c00000, 0x00000000e6c00000| Complete 
| 109|0x00000000e6d00000, 0x00000000e6d00000, 0x00000000e6e00000|  0%| F|  |TAMS 0x00000000e6d00000, 0x00000000e6d00000| Untracked 
| 110|0x00000000e6e00000, 0x00000000e6e00000, 0x00000000e6f00000|  0%| F|  |TAMS 0x00000000e6e00000, 0x00000000e6e00000| Untracked 
| 111|0x00000000e6f00000, 0x00000000e6f00000, 0x00000000e7000000|  0%| F|  |TAMS 0x00000000e6f00000, 0x00000000e6f00000| Untracked 
| 112|0x00000000e7000000, 0x00000000e7000000, 0x00000000e7100000|  0%| F|  |TAMS 0x00000000e7000000, 0x00000000e7000000| Untracked 
| 113|0x00000000e7100000, 0x00000000e7100000, 0x00000000e7200000|  0%| F|  |TAMS 0x00000000e7100000, 0x00000000e7100000| Untracked 
| 114|0x00000000e7200000, 0x00000000e7200000, 0x00000000e7300000|  0%| F|  |TAMS 0x00000000e7200000, 0x00000000e7200000| Untracked 
| 115|0x00000000e7300000, 0x00000000e7300000, 0x00000000e7400000|  0%| F|  |TAMS 0x00000000e7300000, 0x00000000e7300000| Untracked 
| 116|0x00000000e7400000, 0x00000000e7400000, 0x00000000e7500000|  0%| F|  |TAMS 0x00000000e7400000, 0x00000000e7400000| Untracked 
| 117|0x00000000e7500000, 0x00000000e7500000, 0x00000000e7600000|  0%| F|  |TAMS 0x00000000e7500000, 0x00000000e7500000| Untracked 
| 118|0x00000000e7600000, 0x00000000e7600000, 0x00000000e7700000|  0%| F|  |TAMS 0x00000000e7600000, 0x00000000e7600000| Untracked 
| 119|0x00000000e7700000, 0x00000000e7700000, 0x00000000e7800000|  0%| F|  |TAMS 0x00000000e7700000, 0x00000000e7700000| Untracked 
| 120|0x00000000e7800000, 0x00000000e7800000, 0x00000000e7900000|  0%| F|  |TAMS 0x00000000e7800000, 0x00000000e7800000| Untracked 
| 121|0x00000000e7900000, 0x00000000e7900000, 0x00000000e7a00000|  0%| F|  |TAMS 0x00000000e7900000, 0x00000000e7900000| Untracked 
| 122|0x00000000e7a00000, 0x00000000e7a00000, 0x00000000e7b00000|  0%| F|  |TAMS 0x00000000e7a00000, 0x00000000e7a00000| Untracked 
| 123|0x00000000e7b00000, 0x00000000e7b00000, 0x00000000e7c00000|  0%| F|  |TAMS 0x00000000e7b00000, 0x00000000e7b00000| Untracked 
| 124|0x00000000e7c00000, 0x00000000e7c00000, 0x00000000e7d00000|  0%| F|  |TAMS 0x00000000e7c00000, 0x00000000e7c00000| Untracked 
| 125|0x00000000e7d00000, 0x00000000e7d00000, 0x00000000e7e00000|  0%| F|  |TAMS 0x00000000e7d00000, 0x00000000e7d00000| Untracked 
| 126|0x00000000e7e00000, 0x00000000e7e00000, 0x00000000e7f00000|  0%| F|  |TAMS 0x00000000e7e00000, 0x00000000e7e00000| Untracked 
| 127|0x00000000e7f00000, 0x00000000e7f00000, 0x00000000e8000000|  0%| F|  |TAMS 0x00000000e7f00000, 0x00000000e7f00000| Untracked 
| 128|0x00000000e8000000, 0x00000000e8000000, 0x00000000e8100000|  0%| F|  |TAMS 0x00000000e8000000, 0x00000000e8000000| Untracked 
| 129|0x00000000e8100000, 0x00000000e8100000, 0x00000000e8200000|  0%| F|  |TAMS 0x00000000e8100000, 0x00000000e8100000| Untracked 
| 130|0x00000000e8200000, 0x00000000e8200000, 0x00000000e8300000|  0%| F|  |TAMS 0x00000000e8200000, 0x00000000e8200000| Untracked 
| 131|0x00000000e8300000, 0x00000000e8300000, 0x00000000e8400000|  0%| F|  |TAMS 0x00000000e8300000, 0x00000000e8300000| Untracked 
| 132|0x00000000e8400000, 0x00000000e8400000, 0x00000000e8500000|  0%| F|  |TAMS 0x00000000e8400000, 0x00000000e8400000| Untracked 
| 133|0x00000000e8500000, 0x00000000e8500000, 0x00000000e8600000|  0%| F|  |TAMS 0x00000000e8500000, 0x00000000e8500000| Untracked 
| 134|0x00000000e8600000, 0x00000000e8600000, 0x00000000e8700000|  0%| F|  |TAMS 0x00000000e8600000, 0x00000000e8600000| Untracked 
| 135|0x00000000e8700000, 0x00000000e8700000, 0x00000000e8800000|  0%| F|  |TAMS 0x00000000e8700000, 0x00000000e8700000| Untracked 
| 136|0x00000000e8800000, 0x00000000e8800000, 0x00000000e8900000|  0%| F|  |TAMS 0x00000000e8800000, 0x00000000e8800000| Untracked 
| 137|0x00000000e8900000, 0x00000000e8900000, 0x00000000e8a00000|  0%| F|  |TAMS 0x00000000e8900000, 0x00000000e8900000| Untracked 
| 138|0x00000000e8a00000, 0x00000000e8a00000, 0x00000000e8b00000|  0%| F|  |TAMS 0x00000000e8a00000, 0x00000000e8a00000| Untracked 
| 139|0x00000000e8b00000, 0x00000000e8b00000, 0x00000000e8c00000|  0%| F|  |TAMS 0x00000000e8b00000, 0x00000000e8b00000| Untracked 
| 140|0x00000000e8c00000, 0x00000000e8c00000, 0x00000000e8d00000|  0%| F|  |TAMS 0x00000000e8c00000, 0x00000000e8c00000| Untracked 
| 141|0x00000000e8d00000, 0x00000000e8d00000, 0x00000000e8e00000|  0%| F|  |TAMS 0x00000000e8d00000, 0x00000000e8d00000| Untracked 
| 142|0x00000000e8e00000, 0x00000000e8e00000, 0x00000000e8f00000|  0%| F|  |TAMS 0x00000000e8e00000, 0x00000000e8e00000| Untracked 
| 143|0x00000000e8f00000, 0x00000000e8f00000, 0x00000000e9000000|  0%| F|  |TAMS 0x00000000e8f00000, 0x00000000e8f00000| Untracked 
| 144|0x00000000e9000000, 0x00000000e9000000, 0x00000000e9100000|  0%| F|  |TAMS 0x00000000e9000000, 0x00000000e9000000| Untracked 
| 145|0x00000000e9100000, 0x00000000e9100000, 0x00000000e9200000|  0%| F|  |TAMS 0x00000000e9100000, 0x00000000e9100000| Untracked 
| 146|0x00000000e9200000, 0x00000000e9200000, 0x00000000e9300000|  0%| F|  |TAMS 0x00000000e9200000, 0x00000000e9200000| Untracked 
| 147|0x00000000e9300000, 0x00000000e9300000, 0x00000000e9400000|  0%| F|  |TAMS 0x00000000e9300000, 0x00000000e9300000| Untracked 
| 148|0x00000000e9400000, 0x00000000e9400000, 0x00000000e9500000|  0%| F|  |TAMS 0x00000000e9400000, 0x00000000e9400000| Untracked 
| 149|0x00000000e9500000, 0x00000000e9500000, 0x00000000e9600000|  0%| F|  |TAMS 0x00000000e9500000, 0x00000000e9500000| Untracked 
| 150|0x00000000e9600000, 0x00000000e9600000, 0x00000000e9700000|  0%| F|  |TAMS 0x00000000e9600000, 0x00000000e9600000| Untracked 
| 151|0x00000000e9700000, 0x00000000e9700000, 0x00000000e9800000|  0%| F|  |TAMS 0x00000000e9700000, 0x00000000e9700000| Untracked 
| 152|0x00000000e9800000, 0x00000000e9800000, 0x00000000e9900000|  0%| F|  |TAMS 0x00000000e9800000, 0x00000000e9800000| Untracked 
| 153|0x00000000e9900000, 0x00000000e9900000, 0x00000000e9a00000|  0%| F|  |TAMS 0x00000000e9900000, 0x00000000e9900000| Untracked 
| 154|0x00000000e9a00000, 0x00000000e9a00000, 0x00000000e9b00000|  0%| F|  |TAMS 0x00000000e9a00000, 0x00000000e9a00000| Untracked 
| 155|0x00000000e9b00000, 0x00000000e9b00000, 0x00000000e9c00000|  0%| F|  |TAMS 0x00000000e9b00000, 0x00000000e9b00000| Untracked 
| 156|0x00000000e9c00000, 0x00000000e9c00000, 0x00000000e9d00000|  0%| F|  |TAMS 0x00000000e9c00000, 0x00000000e9c00000| Untracked 
| 157|0x00000000e9d00000, 0x00000000e9d00000, 0x00000000e9e00000|  0%| F|  |TAMS 0x00000000e9d00000, 0x00000000e9d00000| Untracked 
| 158|0x00000000e9e00000, 0x00000000e9e00000, 0x00000000e9f00000|  0%| F|  |TAMS 0x00000000e9e00000, 0x00000000e9e00000| Untracked 
| 159|0x00000000e9f00000, 0x00000000e9f00000, 0x00000000ea000000|  0%| F|  |TAMS 0x00000000e9f00000, 0x00000000e9f00000| Untracked 
| 160|0x00000000ea000000, 0x00000000ea000000, 0x00000000ea100000|  0%| F|  |TAMS 0x00000000ea000000, 0x00000000ea000000| Untracked 
| 161|0x00000000ea100000, 0x00000000ea12cd58, 0x00000000ea200000| 17%| E|  |TAMS 0x00000000ea100000, 0x00000000ea100000| Complete 
| 162|0x00000000ea200000, 0x00000000ea300000, 0x00000000ea300000|100%| E|CS|TAMS 0x00000000ea200000, 0x00000000ea200000| Complete 
| 163|0x00000000ea300000, 0x00000000ea400000, 0x00000000ea400000|100%| E|CS|TAMS 0x00000000ea300000, 0x00000000ea300000| Complete 
| 164|0x00000000ea400000, 0x00000000ea500000, 0x00000000ea500000|100%| E|CS|TAMS 0x00000000ea400000, 0x00000000ea400000| Complete 
| 165|0x00000000ea500000, 0x00000000ea600000, 0x00000000ea600000|100%| E|CS|TAMS 0x00000000ea500000, 0x00000000ea500000| Complete 
| 166|0x00000000ea600000, 0x00000000ea700000, 0x00000000ea700000|100%| E|CS|TAMS 0x00000000ea600000, 0x00000000ea600000| Complete 
| 167|0x00000000ea700000, 0x00000000ea800000, 0x00000000ea800000|100%| E|CS|TAMS 0x00000000ea700000, 0x00000000ea700000| Complete 
| 168|0x00000000ea800000, 0x00000000ea900000, 0x00000000ea900000|100%| E|CS|TAMS 0x00000000ea800000, 0x00000000ea800000| Complete 
| 169|0x00000000ea900000, 0x00000000eaa00000, 0x00000000eaa00000|100%| E|CS|TAMS 0x00000000ea900000, 0x00000000ea900000| Complete 
| 170|0x00000000eaa00000, 0x00000000eab00000, 0x00000000eab00000|100%| E|CS|TAMS 0x00000000eaa00000, 0x00000000eaa00000| Complete 
| 171|0x00000000eab00000, 0x00000000eac00000, 0x00000000eac00000|100%| E|CS|TAMS 0x00000000eab00000, 0x00000000eab00000| Complete 
| 172|0x00000000eac00000, 0x00000000ead00000, 0x00000000ead00000|100%| E|CS|TAMS 0x00000000eac00000, 0x00000000eac00000| Complete 
| 173|0x00000000ead00000, 0x00000000eae00000, 0x00000000eae00000|100%| E|CS|TAMS 0x00000000ead00000, 0x00000000ead00000| Complete 
| 174|0x00000000eae00000, 0x00000000eaf00000, 0x00000000eaf00000|100%| E|CS|TAMS 0x00000000eae00000, 0x00000000eae00000| Complete 
| 175|0x00000000eaf00000, 0x00000000eb000000, 0x00000000eb000000|100%| E|CS|TAMS 0x00000000eaf00000, 0x00000000eaf00000| Complete 
| 176|0x00000000eb000000, 0x00000000eb100000, 0x00000000eb100000|100%| E|CS|TAMS 0x00000000eb000000, 0x00000000eb000000| Complete 
| 177|0x00000000eb100000, 0x00000000eb200000, 0x00000000eb200000|100%| E|CS|TAMS 0x00000000eb100000, 0x00000000eb100000| Complete 
| 178|0x00000000eb200000, 0x00000000eb300000, 0x00000000eb300000|100%| E|CS|TAMS 0x00000000eb200000, 0x00000000eb200000| Complete 
| 179|0x00000000eb300000, 0x00000000eb400000, 0x00000000eb400000|100%| E|CS|TAMS 0x00000000eb300000, 0x00000000eb300000| Complete 
| 180|0x00000000eb400000, 0x00000000eb500000, 0x00000000eb500000|100%| E|CS|TAMS 0x00000000eb400000, 0x00000000eb400000| Complete 
| 181|0x00000000eb500000, 0x00000000eb600000, 0x00000000eb600000|100%| E|CS|TAMS 0x00000000eb500000, 0x00000000eb500000| Complete 
| 182|0x00000000eb600000, 0x00000000eb700000, 0x00000000eb700000|100%| E|CS|TAMS 0x00000000eb600000, 0x00000000eb600000| Complete 
| 183|0x00000000eb700000, 0x00000000eb800000, 0x00000000eb800000|100%| E|CS|TAMS 0x00000000eb700000, 0x00000000eb700000| Complete 
| 184|0x00000000eb800000, 0x00000000eb900000, 0x00000000eb900000|100%| E|CS|TAMS 0x00000000eb800000, 0x00000000eb800000| Complete 
| 185|0x00000000eb900000, 0x00000000eba00000, 0x00000000eba00000|100%| E|CS|TAMS 0x00000000eb900000, 0x00000000eb900000| Complete 
| 186|0x00000000eba00000, 0x00000000ebb00000, 0x00000000ebb00000|100%| E|CS|TAMS 0x00000000eba00000, 0x00000000eba00000| Complete 
| 187|0x00000000ebb00000, 0x00000000ebc00000, 0x00000000ebc00000|100%| E|CS|TAMS 0x00000000ebb00000, 0x00000000ebb00000| Complete 
| 188|0x00000000ebc00000, 0x00000000ebd00000, 0x00000000ebd00000|100%| E|CS|TAMS 0x00000000ebc00000, 0x00000000ebc00000| Complete 
| 189|0x00000000ebd00000, 0x00000000ebe00000, 0x00000000ebe00000|100%| E|CS|TAMS 0x00000000ebd00000, 0x00000000ebd00000| Complete 
| 190|0x00000000ebe00000, 0x00000000ebf00000, 0x00000000ebf00000|100%| E|CS|TAMS 0x00000000ebe00000, 0x00000000ebe00000| Complete 
| 191|0x00000000ebf00000, 0x00000000ec000000, 0x00000000ec000000|100%| E|CS|TAMS 0x00000000ebf00000, 0x00000000ebf00000| Complete 
| 192|0x00000000ec000000, 0x00000000ec100000, 0x00000000ec100000|100%| E|CS|TAMS 0x00000000ec000000, 0x00000000ec000000| Complete 
| 193|0x00000000ec100000, 0x00000000ec200000, 0x00000000ec200000|100%| E|CS|TAMS 0x00000000ec100000, 0x00000000ec100000| Complete 
| 194|0x00000000ec200000, 0x00000000ec300000, 0x00000000ec300000|100%| E|CS|TAMS 0x00000000ec200000, 0x00000000ec200000| Complete 
| 195|0x00000000ec300000, 0x00000000ec400000, 0x00000000ec400000|100%| E|CS|TAMS 0x00000000ec300000, 0x00000000ec300000| Complete 
| 196|0x00000000ec400000, 0x00000000ec500000, 0x00000000ec500000|100%| E|CS|TAMS 0x00000000ec400000, 0x00000000ec400000| Complete 
| 197|0x00000000ec500000, 0x00000000ec600000, 0x00000000ec600000|100%| E|CS|TAMS 0x00000000ec500000, 0x00000000ec500000| Complete 
| 198|0x00000000ec600000, 0x00000000ec700000, 0x00000000ec700000|100%| E|CS|TAMS 0x00000000ec600000, 0x00000000ec600000| Complete 
| 199|0x00000000ec700000, 0x00000000ec800000, 0x00000000ec800000|100%| E|CS|TAMS 0x00000000ec700000, 0x00000000ec700000| Complete 
| 200|0x00000000ec800000, 0x00000000ec900000, 0x00000000ec900000|100%| E|CS|TAMS 0x00000000ec800000, 0x00000000ec800000| Complete 
| 201|0x00000000ec900000, 0x00000000eca00000, 0x00000000eca00000|100%| E|CS|TAMS 0x00000000ec900000, 0x00000000ec900000| Complete 
| 202|0x00000000eca00000, 0x00000000ecb00000, 0x00000000ecb00000|100%| E|CS|TAMS 0x00000000eca00000, 0x00000000eca00000| Complete 
| 203|0x00000000ecb00000, 0x00000000ecc00000, 0x00000000ecc00000|100%| E|CS|TAMS 0x00000000ecb00000, 0x00000000ecb00000| Complete 
| 204|0x00000000ecc00000, 0x00000000ecd00000, 0x00000000ecd00000|100%| E|CS|TAMS 0x00000000ecc00000, 0x00000000ecc00000| Complete 
| 205|0x00000000ecd00000, 0x00000000ece00000, 0x00000000ece00000|100%| E|CS|TAMS 0x00000000ecd00000, 0x00000000ecd00000| Complete 
| 206|0x00000000ece00000, 0x00000000ecf00000, 0x00000000ecf00000|100%| E|CS|TAMS 0x00000000ece00000, 0x00000000ece00000| Complete 
| 207|0x00000000ecf00000, 0x00000000ed000000, 0x00000000ed000000|100%| E|CS|TAMS 0x00000000ecf00000, 0x00000000ecf00000| Complete 
| 208|0x00000000ed000000, 0x00000000ed100000, 0x00000000ed100000|100%| E|CS|TAMS 0x00000000ed000000, 0x00000000ed000000| Complete 
| 209|0x00000000ed100000, 0x00000000ed200000, 0x00000000ed200000|100%| E|CS|TAMS 0x00000000ed100000, 0x00000000ed100000| Complete 
| 210|0x00000000ed200000, 0x00000000ed300000, 0x00000000ed300000|100%| E|CS|TAMS 0x00000000ed200000, 0x00000000ed200000| Complete 
| 211|0x00000000ed300000, 0x00000000ed400000, 0x00000000ed400000|100%| E|CS|TAMS 0x00000000ed300000, 0x00000000ed300000| Complete 
| 212|0x00000000ed400000, 0x00000000ed500000, 0x00000000ed500000|100%| E|CS|TAMS 0x00000000ed400000, 0x00000000ed400000| Complete 
| 213|0x00000000ed500000, 0x00000000ed600000, 0x00000000ed600000|100%| E|CS|TAMS 0x00000000ed500000, 0x00000000ed500000| Complete 
| 214|0x00000000ed600000, 0x00000000ed700000, 0x00000000ed700000|100%| E|CS|TAMS 0x00000000ed600000, 0x00000000ed600000| Complete 
| 215|0x00000000ed700000, 0x00000000ed800000, 0x00000000ed800000|100%| E|CS|TAMS 0x00000000ed700000, 0x00000000ed700000| Complete 
| 216|0x00000000ed800000, 0x00000000ed900000, 0x00000000ed900000|100%| E|CS|TAMS 0x00000000ed800000, 0x00000000ed800000| Complete 
| 217|0x00000000ed900000, 0x00000000eda00000, 0x00000000eda00000|100%| E|CS|TAMS 0x00000000ed900000, 0x00000000ed900000| Complete 
| 218|0x00000000eda00000, 0x00000000edb00000, 0x00000000edb00000|100%| E|CS|TAMS 0x00000000eda00000, 0x00000000eda00000| Complete 
| 219|0x00000000edb00000, 0x00000000edc00000, 0x00000000edc00000|100%| E|CS|TAMS 0x00000000edb00000, 0x00000000edb00000| Complete 
| 220|0x00000000edc00000, 0x00000000edd00000, 0x00000000edd00000|100%| E|CS|TAMS 0x00000000edc00000, 0x00000000edc00000| Complete 
| 221|0x00000000edd00000, 0x00000000ede00000, 0x00000000ede00000|100%| E|CS|TAMS 0x00000000edd00000, 0x00000000edd00000| Complete 
| 222|0x00000000ede00000, 0x00000000edf00000, 0x00000000edf00000|100%| E|CS|TAMS 0x00000000ede00000, 0x00000000ede00000| Complete 
| 223|0x00000000edf00000, 0x00000000ee000000, 0x00000000ee000000|100%| E|CS|TAMS 0x00000000edf00000, 0x00000000edf00000| Complete 
| 224|0x00000000ee000000, 0x00000000ee100000, 0x00000000ee100000|100%| E|CS|TAMS 0x00000000ee000000, 0x00000000ee000000| Complete 
| 225|0x00000000ee100000, 0x00000000ee200000, 0x00000000ee200000|100%| E|CS|TAMS 0x00000000ee100000, 0x00000000ee100000| Complete 
| 226|0x00000000ee200000, 0x00000000ee300000, 0x00000000ee300000|100%| E|CS|TAMS 0x00000000ee200000, 0x00000000ee200000| Complete 
| 227|0x00000000ee300000, 0x00000000ee400000, 0x00000000ee400000|100%| E|CS|TAMS 0x00000000ee300000, 0x00000000ee300000| Complete 
| 228|0x00000000ee400000, 0x00000000ee500000, 0x00000000ee500000|100%| E|CS|TAMS 0x00000000ee400000, 0x00000000ee400000| Complete 
| 229|0x00000000ee500000, 0x00000000ee600000, 0x00000000ee600000|100%| E|CS|TAMS 0x00000000ee500000, 0x00000000ee500000| Complete 
| 230|0x00000000ee600000, 0x00000000ee700000, 0x00000000ee700000|100%| E|CS|TAMS 0x00000000ee600000, 0x00000000ee600000| Complete 
| 231|0x00000000ee700000, 0x00000000ee800000, 0x00000000ee800000|100%| E|CS|TAMS 0x00000000ee700000, 0x00000000ee700000| Complete 
| 232|0x00000000ee800000, 0x00000000ee900000, 0x00000000ee900000|100%| E|CS|TAMS 0x00000000ee800000, 0x00000000ee800000| Complete 
| 233|0x00000000ee900000, 0x00000000eea00000, 0x00000000eea00000|100%| E|CS|TAMS 0x00000000ee900000, 0x00000000ee900000| Complete 
| 234|0x00000000eea00000, 0x00000000eeb00000, 0x00000000eeb00000|100%| E|CS|TAMS 0x00000000eea00000, 0x00000000eea00000| Complete 
| 235|0x00000000eeb00000, 0x00000000eec00000, 0x00000000eec00000|100%| E|  |TAMS 0x00000000eeb00000, 0x00000000eeb00000| Complete 
| 236|0x00000000eec00000, 0x00000000eed00000, 0x00000000eed00000|100%| E|CS|TAMS 0x00000000eec00000, 0x00000000eec00000| Complete 
| 237|0x00000000eed00000, 0x00000000eee00000, 0x00000000eee00000|100%| E|CS|TAMS 0x00000000eed00000, 0x00000000eed00000| Complete 
| 238|0x00000000eee00000, 0x00000000eef00000, 0x00000000eef00000|100%| E|CS|TAMS 0x00000000eee00000, 0x00000000eee00000| Complete 
| 239|0x00000000eef00000, 0x00000000ef000000, 0x00000000ef000000|100%| E|CS|TAMS 0x00000000eef00000, 0x00000000eef00000| Complete 
| 240|0x00000000ef000000, 0x00000000ef100000, 0x00000000ef100000|100%| E|CS|TAMS 0x00000000ef000000, 0x00000000ef000000| Complete 
| 241|0x00000000ef100000, 0x00000000ef200000, 0x00000000ef200000|100%| E|CS|TAMS 0x00000000ef100000, 0x00000000ef100000| Complete 
| 242|0x00000000ef200000, 0x00000000ef300000, 0x00000000ef300000|100%| E|CS|TAMS 0x00000000ef200000, 0x00000000ef200000| Complete 
| 243|0x00000000ef300000, 0x00000000ef400000, 0x00000000ef400000|100%| E|CS|TAMS 0x00000000ef300000, 0x00000000ef300000| Complete 
| 244|0x00000000ef400000, 0x00000000ef500000, 0x00000000ef500000|100%| E|CS|TAMS 0x00000000ef400000, 0x00000000ef400000| Complete 
| 245|0x00000000ef500000, 0x00000000ef600000, 0x00000000ef600000|100%| E|CS|TAMS 0x00000000ef500000, 0x00000000ef500000| Complete 
| 246|0x00000000ef600000, 0x00000000ef700000, 0x00000000ef700000|100%| E|CS|TAMS 0x00000000ef600000, 0x00000000ef600000| Complete 
| 247|0x00000000ef700000, 0x00000000ef800000, 0x00000000ef800000|100%| E|CS|TAMS 0x00000000ef700000, 0x00000000ef700000| Complete 
| 248|0x00000000ef800000, 0x00000000ef900000, 0x00000000ef900000|100%| E|CS|TAMS 0x00000000ef800000, 0x00000000ef800000| Complete 
| 249|0x00000000ef900000, 0x00000000efa00000, 0x00000000efa00000|100%| E|CS|TAMS 0x00000000ef900000, 0x00000000ef900000| Complete 
| 250|0x00000000efa00000, 0x00000000efb00000, 0x00000000efb00000|100%| E|CS|TAMS 0x00000000efa00000, 0x00000000efa00000| Complete 
| 251|0x00000000efb00000, 0x00000000efc00000, 0x00000000efc00000|100%| E|CS|TAMS 0x00000000efb00000, 0x00000000efb00000| Complete 
| 252|0x00000000efc00000, 0x00000000efd00000, 0x00000000efd00000|100%| E|CS|TAMS 0x00000000efc00000, 0x00000000efc00000| Complete 
| 253|0x00000000efd00000, 0x00000000efe00000, 0x00000000efe00000|100%| E|CS|TAMS 0x00000000efd00000, 0x00000000efd00000| Complete 
| 254|0x00000000efe00000, 0x00000000eff00000, 0x00000000eff00000|100%| E|CS|TAMS 0x00000000efe00000, 0x00000000efe00000| Complete 
| 255|0x00000000eff00000, 0x00000000f0000000, 0x00000000f0000000|100%| E|CS|TAMS 0x00000000eff00000, 0x00000000eff00000| Complete 

Card table byte_map: [0x00000291eaaa0000,0x00000291eaba0000] _byte_map_base: 0x00000291ea3a0000

Marking Bits (Prev, Next): (CMBitMap*) 0x00000291d77206e0, (CMBitMap*) 0x00000291d77206a8
 Prev Bits: [0x00000291eb4a0000, 0x00000291ebca0000)
 Next Bits: [0x00000291eaca0000, 0x00000291eb4a0000)

Polling page: 0x00000291d5f10000

Metaspace:

Usage:
  Non-class:     63.26 MB capacity,    61.75 MB ( 98%) used,     1.25 MB (  2%) free+waste,   261.50 KB ( <1%) overhead. 
      Class:     10.14 MB capacity,     9.22 MB ( 91%) used,   813.11 KB (  8%) free+waste,   125.88 KB (  1%) overhead. 
       Both:     73.40 MB capacity,    70.97 MB ( 97%) used,     2.05 MB (  3%) free+waste,   387.38 KB ( <1%) overhead. 

Virtual space:
  Non-class space:       64.00 MB reserved,      63.33 MB ( 99%) committed 
      Class space:      248.00 MB reserved,      10.25 MB (  4%) committed 
             Both:      312.00 MB reserved,      73.58 MB ( 24%) committed 

Chunk freelists:
   Non-Class:  6.00 KB
       Class:  18.00 KB
        Both:  24.00 KB

MaxMetaspaceSize: 256.00 MB
CompressedClassSpaceSize: 248.00 MB
Initial GC threshold: 20.80 MB
Current GC threshold: 98.55 MB
CDS: off

CodeHeap 'non-profiled nmethods': size=120064Kb used=3420Kb max_used=3420Kb free=116643Kb
 bounds [0x00000291e2e20000, 0x00000291e3180000, 0x00000291ea360000]
CodeHeap 'profiled nmethods': size=120000Kb used=16264Kb max_used=16264Kb free=103735Kb
 bounds [0x00000291db8f0000, 0x00000291dc8e0000, 0x00000291e2e20000]
CodeHeap 'non-nmethods': size=5696Kb used=2331Kb max_used=2382Kb free=3364Kb
 bounds [0x00000291db360000, 0x00000291db5d0000, 0x00000291db8f0000]
 total_blobs=9370 nmethods=8527 adapters=755
 compilation: enabled
              stopped_count=0, restarted_count=0
 full_count=0

Compilation events (20 events):
Event: 13.449 Thread 0x00000291ee2f6000 8727       2       java.security.ProtectionDomain::<init> (99 bytes)
Event: 13.449 Thread 0x00000291ee2f6000 nmethod 8727 0x00000291dc8cef10 code [0x00000291dc8cf100, 0x00000291dc8cf668]
Event: 13.458 Thread 0x00000291ee2f6000 8728       2       com.google.common.base.Joiner::toString (24 bytes)
Event: 13.459 Thread 0x00000291ee2f6000 nmethod 8728 0x00000291dc8cf810 code [0x00000291dc8cf9e0, 0x00000291dc8cfc78]
Event: 13.462 Thread 0x00000291ee2f6000 8729       2       java.lang.ProcessEnvironment$CheckedEntrySet$1::hasNext (10 bytes)
Event: 13.462 Thread 0x00000291ee2f6000 nmethod 8729 0x00000291dc8cfd90 code [0x00000291dc8cff40, 0x00000291dc8d0068]
Event: 13.462 Thread 0x00000291ee2f6000 8730       2       java.lang.ProcessEnvironment$CheckedEntry::getKey (5 bytes)
Event: 13.462 Thread 0x00000291ee2f6000 nmethod 8730 0x00000291dc8d0110 code [0x00000291dc8d02c0, 0x00000291dc8d0408]
Event: 13.462 Thread 0x00000291ee2f6000 8731       2       java.lang.ProcessEnvironment$CheckedEntry::getKey (13 bytes)
Event: 13.462 Thread 0x00000291ee2f6000 nmethod 8731 0x00000291dc8d0510 code [0x00000291dc8d06c0, 0x00000291dc8d0808]
Event: 13.465 Thread 0x00000291ee2f6000 8736   !   2       java.lang.invoke.LambdaForm::lambdaName (49 bytes)
Event: 13.465 Thread 0x00000291ee2f6000 nmethod 8736 0x00000291dc8d0910 code [0x00000291dc8d0ac0, 0x00000291dc8d0bb8]
Event: 13.465 Thread 0x00000291ee2f6000 8737       2       java.lang.invoke.InvokerBytecodeGenerator::classFilePrologue (86 bytes)
Event: 13.466 Thread 0x00000291ee2f6000 nmethod 8737 0x00000291dc8d0c90 code [0x00000291dc8d0f00, 0x00000291dc8d15e8]
Event: 13.466 Thread 0x00000291ee2f6000 8738       2       java.lang.invoke.InvokerBytecodeGenerator::bogusMethod (74 bytes)
Event: 13.466 Thread 0x00000291ee2f6000 nmethod 8738 0x00000291dc8d1910 code [0x00000291dc8d1ac0, 0x00000291dc8d1bb8]
Event: 13.471 Thread 0x00000291ee2f6000 8743  s    2       java.io.DataOutputStream::write (14 bytes)
Event: 13.472 Thread 0x00000291ee2f6000 nmethod 8743 0x00000291dc8d1c90 code [0x00000291dc8d1e40, 0x00000291dc8d20e8]
Event: 13.511 Thread 0x00000291eec82000 nmethod 8705 0x00000291e3173190 code [0x00000291e31734a0, 0x00000291e3176570]
Event: 13.511 Thread 0x00000291eec82000 8564  s!   4       jdk.internal.loader.URLClassPath::getLoader (194 bytes)

GC Heap History (20 events):
Event: 1.280 GC heap before
{Heap before GC invocations=1 (full 0):
 garbage-first heap   total 262144K, used 20193K [0x00000000e0000000, 0x0000000100000000)
  region size 1024K, 14 young (14336K), 2 survivors (2048K)
 Metaspace       used 10309K, capacity 10613K, committed 10880K, reserved 264192K
  class space    used 1051K, capacity 1139K, committed 1152K, reserved 253952K
}
Event: 1.282 GC heap after
{Heap after GC invocations=2 (full 0):
 garbage-first heap   total 262144K, used 9657K [0x00000000e0000000, 0x0000000100000000)
  region size 1024K, 2 young (2048K), 2 survivors (2048K)
 Metaspace       used 10309K, capacity 10613K, committed 10880K, reserved 264192K
  class space    used 1051K, capacity 1139K, committed 1152K, reserved 253952K
}
Event: 1.788 GC heap before
{Heap before GC invocations=2 (full 0):
 garbage-first heap   total 262144K, used 39353K [0x00000000e0000000, 0x0000000100000000)
  region size 1024K, 31 young (31744K), 2 survivors (2048K)
 Metaspace       used 11307K, capacity 11568K, committed 11776K, reserved 266240K
  class space    used 1154K, capacity 1244K, committed 1280K, reserved 253952K
}
Event: 1.792 GC heap after
{Heap after GC invocations=3 (full 0):
 garbage-first heap   total 262144K, used 13841K [0x00000000e0000000, 0x0000000100000000)
  region size 1024K, 4 young (4096K), 4 survivors (4096K)
 Metaspace       used 11307K, capacity 11568K, committed 11776K, reserved 266240K
  class space    used 1154K, capacity 1244K, committed 1280K, reserved 253952K
}
Event: 3.290 GC heap before
{Heap before GC invocations=3 (full 0):
 garbage-first heap   total 262144K, used 55825K [0x00000000e0000000, 0x0000000100000000)
  region size 1024K, 45 young (46080K), 4 survivors (4096K)
 Metaspace       used 18773K, capacity 19255K, committed 19328K, reserved 272384K
  class space    used 2224K, capacity 2386K, committed 2432K, reserved 253952K
}
Event: 3.299 GC heap after
{Heap after GC invocations=4 (full 0):
 garbage-first heap   total 262144K, used 16613K [0x00000000e0000000, 0x0000000100000000)
  region size 1024K, 6 young (6144K), 6 survivors (6144K)
 Metaspace       used 18773K, capacity 19255K, committed 19328K, reserved 272384K
  class space    used 2224K, capacity 2386K, committed 2432K, reserved 253952K
}
Event: 3.565 GC heap before
{Heap before GC invocations=4 (full 0):
 garbage-first heap   total 262144K, used 34021K [0x00000000e0000000, 0x0000000100000000)
  region size 1024K, 24 young (24576K), 6 survivors (6144K)
 Metaspace       used 20713K, capacity 21141K, committed 21296K, reserved 274432K
  class space    used 2501K, capacity 2631K, committed 2688K, reserved 253952K
}
Event: 3.573 GC heap after
{Heap after GC invocations=5 (full 0):
 garbage-first heap   total 262144K, used 17585K [0x00000000e0000000, 0x0000000100000000)
  region size 1024K, 4 young (4096K), 4 survivors (4096K)
 Metaspace       used 20713K, capacity 21141K, committed 21296K, reserved 274432K
  class space    used 2501K, capacity 2631K, committed 2688K, reserved 253952K
}
Event: 4.351 GC heap before
{Heap before GC invocations=6 (full 0):
 garbage-first heap   total 262144K, used 82097K [0x00000000e0000000, 0x0000000100000000)
  region size 1024K, 67 young (68608K), 4 survivors (4096K)
 Metaspace       used 26787K, capacity 27434K, committed 27696K, reserved 278528K
  class space    used 3474K, capacity 3674K, committed 3712K, reserved 253952K
}
Event: 4.361 GC heap after
{Heap after GC invocations=7 (full 0):
 garbage-first heap   total 262144K, used 19765K [0x00000000e0000000, 0x0000000100000000)
  region size 1024K, 6 young (6144K), 6 survivors (6144K)
 Metaspace       used 26787K, capacity 27434K, committed 27696K, reserved 278528K
  class space    used 3474K, capacity 3674K, committed 3712K, reserved 253952K
}
Event: 5.253 GC heap before
{Heap before GC invocations=7 (full 0):
 garbage-first heap   total 262144K, used 69941K [0x00000000e0000000, 0x0000000100000000)
  region size 1024K, 56 young (57344K), 6 survivors (6144K)
 Metaspace       used 35025K, capacity 35795K, committed 35920K, reserved 286720K
  class space    used 4495K, capacity 4825K, committed 4864K, reserved 253952K
}
Event: 5.268 GC heap after
{Heap after GC invocations=8 (full 0):
 garbage-first heap   total 262144K, used 22663K [0x00000000e0000000, 0x0000000100000000)
  region size 1024K, 9 young (9216K), 9 survivors (9216K)
 Metaspace       used 35025K, capacity 35795K, committed 35920K, reserved 286720K
  class space    used 4495K, capacity 4825K, committed 4864K, reserved 253952K
}
Event: 7.008 GC heap before
{Heap before GC invocations=9 (full 0):
 garbage-first heap   total 262144K, used 156807K [0x00000000e0000000, 0x0000000100000000)
  region size 1024K, 137 young (140288K), 9 survivors (9216K)
 Metaspace       used 46322K, capacity 47442K, committed 47568K, reserved 296960K
  class space    used 5870K, capacity 6267K, committed 6272K, reserved 253952K
}
Event: 7.033 GC heap after
{Heap after GC invocations=10 (full 0):
 garbage-first heap   total 262144K, used 29350K [0x00000000e0000000, 0x0000000100000000)
  region size 1024K, 15 young (15360K), 15 survivors (15360K)
 Metaspace       used 46322K, capacity 47442K, committed 47568K, reserved 296960K
  class space    used 5870K, capacity 6267K, committed 6272K, reserved 253952K
}
Event: 9.304 GC heap before
{Heap before GC invocations=10 (full 0):
 garbage-first heap   total 262144K, used 170662K [0x00000000e0000000, 0x0000000100000000)
  region size 1024K, 153 young (156672K), 15 survivors (15360K)
 Metaspace       used 56151K, capacity 57882K, committed 58064K, reserved 305152K
  class space    used 7326K, capacity 7977K, committed 8064K, reserved 253952K
}
Event: 9.341 GC heap after
{Heap after GC invocations=11 (full 0):
 garbage-first heap   total 262144K, used 39141K [0x00000000e0000000, 0x0000000100000000)
  region size 1024K, 20 young (20480K), 20 survivors (20480K)
 Metaspace       used 56151K, capacity 57882K, committed 58064K, reserved 305152K
  class space    used 7326K, capacity 7977K, committed 8064K, reserved 253952K
}
Event: 10.012 GC heap before
{Heap before GC invocations=11 (full 0):
 garbage-first heap   total 262144K, used 115941K [0x00000000e0000000, 0x0000000100000000)
  region size 1024K, 96 young (98304K), 20 survivors (20480K)
 Metaspace       used 58466K, capacity 60234K, committed 60296K, reserved 307200K
  class space    used 7731K, capacity 8436K, committed 8448K, reserved 253952K
}
Event: 10.073 GC heap after
{Heap after GC invocations=12 (full 0):
 garbage-first heap   total 262144K, used 47104K [0x00000000e0000000, 0x0000000100000000)
  region size 1024K, 8 young (8192K), 8 survivors (8192K)
 Metaspace       used 58466K, capacity 60234K, committed 60296K, reserved 307200K
  class space    used 7731K, capacity 8436K, committed 8448K, reserved 253952K
}
Event: 12.182 GC heap before
{Heap before GC invocations=13 (full 0):
 garbage-first heap   total 262144K, used 189440K [0x00000000e0000000, 0x0000000100000000)
  region size 1024K, 147 young (150528K), 8 survivors (8192K)
 Metaspace       used 69945K, capacity 72272K, committed 72400K, reserved 317440K
  class space    used 9169K, capacity 10072K, committed 10112K, reserved 253952K
}
Event: 12.216 GC heap after
{Heap after GC invocations=14 (full 0):
 garbage-first heap   total 262144K, used 66560K [0x00000000e0000000, 0x0000000100000000)
  region size 1024K, 19 young (19456K), 19 survivors (19456K)
 Metaspace       used 69945K, capacity 72272K, committed 72400K, reserved 317440K
  class space    used 9169K, capacity 10072K, committed 10112K, reserved 253952K
}

Deoptimization events (20 events):
Event: 13.440 Thread 0x00000291ef245000 Uncommon trap: trap_request=0xffffffc6 fr.pc=0x00000291e2fc4ea4 relative=0x0000000000000724
Event: 13.440 Thread 0x00000291ef245000 Uncommon trap: reason=bimorphic_or_optimized_type_check action=maybe_recompile pc=0x00000291e2fc4ea4 method=java.util.regex.Pattern$Start.match(Ljava/util/regex/Matcher;ILjava/lang/CharSequence;)Z @ 44 c2
Event: 13.440 Thread 0x00000291ef245000 DEOPT PACKING pc=0x00000291e2fc4ea4 sp=0x0000009f2b7fda50
Event: 13.440 Thread 0x00000291ef245000 DEOPT UNPACKING pc=0x00000291db3aa1af sp=0x0000009f2b7fda30 mode 2
Event: 13.441 Thread 0x00000291ef245000 Uncommon trap: trap_request=0xffffffde fr.pc=0x00000291e2f2e614 relative=0x0000000000000334
Event: 13.441 Thread 0x00000291ef245000 Uncommon trap: reason=class_check action=maybe_recompile pc=0x00000291e2f2e614 method=java.io.DataOutputStream.write(I)V @ 5 c2
Event: 13.441 Thread 0x00000291ef245000 DEOPT PACKING pc=0x00000291e2f2e614 sp=0x0000009f2b7fdce0
Event: 13.441 Thread 0x00000291ef245000 DEOPT UNPACKING pc=0x00000291db3aa1af sp=0x0000009f2b7fdcb8 mode 2
Event: 13.441 Thread 0x00000291ef245000 Uncommon trap: trap_request=0xffffffde fr.pc=0x00000291e2f2e614 relative=0x0000000000000334
Event: 13.441 Thread 0x00000291ef245000 Uncommon trap: reason=class_check action=maybe_recompile pc=0x00000291e2f2e614 method=java.io.DataOutputStream.write(I)V @ 5 c2
Event: 13.441 Thread 0x00000291ef245000 DEOPT PACKING pc=0x00000291e2f2e614 sp=0x0000009f2b7fdce0
Event: 13.441 Thread 0x00000291ef245000 DEOPT UNPACKING pc=0x00000291db3aa1af sp=0x0000009f2b7fdcb8 mode 2
Event: 13.441 Thread 0x00000291ef245000 Uncommon trap: trap_request=0xffffffde fr.pc=0x00000291e2f2e614 relative=0x0000000000000334
Event: 13.441 Thread 0x00000291ef245000 Uncommon trap: reason=class_check action=maybe_recompile pc=0x00000291e2f2e614 method=java.io.DataOutputStream.write(I)V @ 5 c2
Event: 13.441 Thread 0x00000291ef245000 DEOPT PACKING pc=0x00000291e2f2e614 sp=0x0000009f2b7fdce0
Event: 13.441 Thread 0x00000291ef245000 DEOPT UNPACKING pc=0x00000291db3aa1af sp=0x0000009f2b7fdcb8 mode 2
Event: 13.441 Thread 0x00000291ef245000 Uncommon trap: trap_request=0xffffffde fr.pc=0x00000291e2f2e614 relative=0x0000000000000334
Event: 13.441 Thread 0x00000291ef245000 Uncommon trap: reason=class_check action=maybe_recompile pc=0x00000291e2f2e614 method=java.io.DataOutputStream.write(I)V @ 5 c2
Event: 13.441 Thread 0x00000291ef245000 DEOPT PACKING pc=0x00000291e2f2e614 sp=0x0000009f2b7fdce0
Event: 13.441 Thread 0x00000291ef245000 DEOPT UNPACKING pc=0x00000291db3aa1af sp=0x0000009f2b7fdcb8 mode 2

Classes redefined (0 events):
No events

Internal exceptions (20 events):
Event: 13.304 Thread 0x00000291f1454800 Exception <a 'java/lang/ClassNotFoundException'{0x00000000eaed2378}: org/gradle/launcher/daemon/bootstrap/DaemonMainCustomizer> (0x00000000eaed2378) thrown at [src/hotspot/share/classfile/systemDictionary.cpp, line 230]
Event: 13.309 Thread 0x00000291f1454800 Exception <a 'java/lang/ClassNotFoundException'{0x00000000ead40e08}: org/gradle/internal/classloader/VisitableURLClassLoaderBeanInfo> (0x00000000ead40e08) thrown at [src/hotspot/share/classfile/systemDictionary.cpp, line 230]
Event: 13.309 Thread 0x00000291f1454800 Exception <a 'java/lang/ClassNotFoundException'{0x00000000ead48c28}: java/net/URLClassLoaderBeanInfo> (0x00000000ead48c28) thrown at [src/hotspot/share/classfile/systemDictionary.cpp, line 230]
Event: 13.310 Thread 0x00000291f1454800 Exception <a 'java/lang/ClassNotFoundException'{0x00000000ead50d58}: java/security/SecureClassLoaderBeanInfo> (0x00000000ead50d58) thrown at [src/hotspot/share/classfile/systemDictionary.cpp, line 230]
Event: 13.310 Thread 0x00000291f1454800 Exception <a 'java/lang/ClassNotFoundException'{0x00000000ead59370}: java/lang/ClassLoaderBeanInfo> (0x00000000ead59370) thrown at [src/hotspot/share/classfile/systemDictionary.cpp, line 230]
Event: 13.310 Thread 0x00000291f1454800 Exception <a 'java/lang/ClassNotFoundException'{0x00000000ead61408}: java/lang/ClassLoaderCustomizer> (0x00000000ead61408) thrown at [src/hotspot/share/classfile/systemDictionary.cpp, line 230]
Event: 13.313 Thread 0x00000291f1454800 Exception <a 'java/lang/ClassNotFoundException'{0x00000000ead78430}: java/security/SecureClassLoaderCustomizer> (0x00000000ead78430) thrown at [src/hotspot/share/classfile/systemDictionary.cpp, line 230]
Event: 13.314 Thread 0x00000291f1454800 Exception <a 'java/lang/ClassNotFoundException'{0x00000000ead82590}: java/net/URLClassLoaderCustomizer> (0x00000000ead82590) thrown at [src/hotspot/share/classfile/systemDictionary.cpp, line 230]
Event: 13.315 Thread 0x00000291f1454800 Exception <a 'java/lang/ClassNotFoundException'{0x00000000eadaade8}: org/gradle/internal/classloader/VisitableURLClassLoaderCustomizer> (0x00000000eadaade8) thrown at [src/hotspot/share/classfile/systemDictionary.cpp, line 230]
Event: 13.368 Thread 0x00000291f1454800 Exception <a 'java/lang/ClassNotFoundException'{0x00000000ea8ace98}: org/gradle/api/internal/tasks/testing/DecoratingTestDescriptorBeanInfo> (0x00000000ea8ace98) thrown at [src/hotspot/share/classfile/systemDictionary.cpp, line 230]
Event: 13.369 Thread 0x00000291f1454800 Exception <a 'java/lang/ClassNotFoundException'{0x00000000ea8e7360}: org/gradle/api/internal/tasks/testing/DecoratingTestDescriptorCustomizer> (0x00000000ea8e7360) thrown at [src/hotspot/share/classfile/systemDictionary.cpp, line 230]
Event: 13.443 Thread 0x00000291ef245000 Exception <a 'java/lang/NoSuchMethodError'{0x00000000ea3cc038}: <clinit>> (0x00000000ea3cc038) thrown at [src/hotspot/share/prims/jni.cpp, line 1366]
Event: 13.445 Thread 0x00000291ef245000 Exception <a 'java/lang/NoSuchMethodError'{0x00000000ea3e18f8}: <clinit>> (0x00000000ea3e18f8) thrown at [src/hotspot/share/prims/jni.cpp, line 1366]
Event: 13.445 Thread 0x00000291ef245000 Exception <a 'java/lang/NoSuchMethodError'{0x00000000ea3e3920}: <clinit>> (0x00000000ea3e3920) thrown at [src/hotspot/share/prims/jni.cpp, line 1366]
Event: 13.464 Thread 0x00000291ef24b800 Exception <a 'java/lang/NoSuchMethodError'{0x00000000ea289ee8}: 'void java.lang.invoke.DirectMethodHandle$Holder.invokeStatic(java.lang.Object, long)'> (0x00000000ea289ee8) thrown at [src/hotspot/share/interpreter/linkResolver.cpp, line 773]
Event: 13.465 Thread 0x00000291ef24b800 Exception <a 'java/lang/NoSuchMethodError'{0x00000000ea28f100}: 'java.lang.Object java.lang.invoke.DirectMethodHandle$Holder.invokeStatic(java.lang.Object, long)'> (0x00000000ea28f100) thrown at [src/hotspot/share/interpreter/linkResolver.cpp, line 773]
Event: 13.465 Thread 0x00000291ef24b800 Exception <a 'java/lang/NoSuchMethodError'{0x00000000ea2951d8}: 'java.lang.Object java.lang.invoke.Invokers$Holder.linkToTargetMethod(long, java.lang.Object)'> (0x00000000ea2951d8) thrown at [src/hotspot/share/interpreter/linkResolver.cpp, line 773]
Event: 13.468 Thread 0x00000291ef24b800 Exception <a 'java/lang/NoSuchMethodError'{0x00000000ea29d768}: 'java.lang.Object java.lang.invoke.DirectMethodHandle$Holder.invokeStaticInit(java.lang.Object, java.lang.Object, long, java.lang.Object)'> (0x00000000ea29d768) thrown at [src/hotspot/share/interpreter/linkResolver.cpp, line 773]
Event: 13.468 Thread 0x00000291ef24b800 Exception <a 'java/lang/NoSuchMethodError'{0x00000000ea2a3658}: 'java.lang.Object java.lang.invoke.DirectMethodHandle$Holder.invokeStatic(java.lang.Object, java.lang.Object, long)'> (0x00000000ea2a3658) thrown at [src/hotspot/share/interpreter/linkResolver.cpp, line 773]
Event: 13.469 Thread 0x00000291ef24b800 Exception <a 'java/lang/NoSuchMethodError'{0x00000000ea2a9928}: 'java.lang.Object java.lang.invoke.Invokers$Holder.linkToTargetMethod(java.lang.Object, long, java.lang.Object)'> (0x00000000ea2a9928) thrown at [src/hotspot/share/interpreter/linkResolver.cpp, line 773]

Events (20 events):
Event: 13.461 loading class net/rubygrapefruit/platform/internal/jni/WindowsHandleFunctions
Event: 13.461 loading class net/rubygrapefruit/platform/internal/jni/WindowsHandleFunctions done
Event: 13.461 loading class java/lang/ProcessImpl
Event: 13.462 loading class java/lang/ProcessImpl done
Event: 13.465 loading class java/lang/ProcessHandleImpl
Event: 13.466 loading class java/lang/ProcessHandleImpl done
Event: 13.469 loading class java/lang/ProcessImpl$2
Event: 13.469 loading class java/lang/ProcessImpl$2 done
Event: 13.469 loading class java/lang/Process$PipeInputStream
Event: 13.469 loading class java/lang/Process$PipeInputStream done
Event: 13.470 loading class org/gradle/util/internal/DisconnectableInputStream$ThreadExecuter
Event: 13.470 loading class org/gradle/util/internal/DisconnectableInputStream$ThreadExecuter done
Event: 13.470 loading class org/gradle/util/internal/DisconnectableInputStream$1
Event: 13.470 loading class org/gradle/util/internal/DisconnectableInputStream$1 done
Event: 13.470 Thread 0x00000291ef245800 Thread added: 0x00000291ef245800
Event: 13.470 loading class org/gradle/process/internal/streams/ExecOutputHandleRunner
Event: 13.470 loading class org/gradle/process/internal/streams/ExecOutputHandleRunner done
Event: 13.472 Thread 0x00000291ef250800 Thread added: 0x00000291ef250800
Event: 13.472 Thread 0x00000291ef24c800 Thread added: 0x00000291ef24c800
Event: 13.473 Thread 0x00000291ef252000 Thread added: 0x00000291ef252000


Dynamic libraries:
0x00007ff756eb0000 - 0x00007ff756eba000 	C:\Program Files\JetBrains\IntelliJ IDEA Community Edition 2022.1\jbr\bin\java.exe
0x00007ffcbe410000 - 0x00007ffcbe605000 	C:\Windows\SYSTEM32\ntdll.dll
0x00007ffcbdb70000 - 0x00007ffcbdc2e000 	C:\Windows\System32\KERNEL32.DLL
0x00007ffcbbe90000 - 0x00007ffcbc159000 	C:\Windows\System32\KERNELBASE.dll
0x00007ffcbc160000 - 0x00007ffcbc260000 	C:\Windows\System32\ucrtbase.dll
0x00007ffcb3390000 - 0x00007ffcb33a9000 	C:\Program Files\JetBrains\IntelliJ IDEA Community Edition 2022.1\jbr\bin\jli.dll
0x00007ffcbd3d0000 - 0x00007ffcbd571000 	C:\Windows\System32\USER32.dll
0x00007ffcbbd50000 - 0x00007ffcbbd72000 	C:\Windows\System32\win32u.dll
0x00007ffcbdf20000 - 0x00007ffcbdf4b000 	C:\Windows\System32\GDI32.dll
0x00007ffcbbc40000 - 0x00007ffcbbd4b000 	C:\Windows\System32\gdi32full.dll
0x00007ffcaccd0000 - 0x00007ffcacce6000 	C:\Program Files\JetBrains\IntelliJ IDEA Community Edition 2022.1\jbr\bin\VCRUNTIME140.dll
0x00007ffcbc3c0000 - 0x00007ffcbc45d000 	C:\Windows\System32\msvcp_win.dll
0x00007ffca9540000 - 0x00007ffca97da000 	C:\Windows\WinSxS\amd64_microsoft.windows.common-controls_6595b64144ccf1df_6.0.19041.1110_none_60b5254171f9507e\COMCTL32.dll
0x00007ffcbc460000 - 0x00007ffcbc4fe000 	C:\Windows\System32\msvcrt.dll
0x00007ffcbd580000 - 0x00007ffcbd5b0000 	C:\Windows\System32\IMM32.DLL
0x00007ffc8e610000 - 0x00007ffc8e6ba000 	C:\Program Files\JetBrains\IntelliJ IDEA Community Edition 2022.1\jbr\bin\msvcp140.dll
0x00007ffc774d0000 - 0x00007ffc7804a000 	C:\Program Files\JetBrains\IntelliJ IDEA Community Edition 2022.1\jbr\bin\server\jvm.dll
0x00007ffcbd620000 - 0x00007ffcbd6cc000 	C:\Windows\System32\ADVAPI32.dll
0x00007ffcbd940000 - 0x00007ffcbd9db000 	C:\Windows\System32\sechost.dll
0x00007ffcbdce0000 - 0x00007ffcbde0a000 	C:\Windows\System32\RPCRT4.dll
0x00007ffcbd1b0000 - 0x00007ffcbd1b8000 	C:\Windows\System32\PSAPI.DLL
0x00007ffcb6650000 - 0x00007ffcb6659000 	C:\Windows\SYSTEM32\WSOCK32.dll
0x00007ffcbdb00000 - 0x00007ffcbdb6b000 	C:\Windows\System32\WS2_32.dll
0x00007ffcab3e0000 - 0x00007ffcab407000 	C:\Windows\SYSTEM32\WINMM.dll
0x00007ffcb4f60000 - 0x00007ffcb4f6a000 	C:\Windows\SYSTEM32\VERSION.dll
0x00007ffcb9a30000 - 0x00007ffcb9a42000 	C:\Windows\SYSTEM32\kernel.appcore.dll
0x00007ffcb6630000 - 0x00007ffcb6641000 	C:\Program Files\JetBrains\IntelliJ IDEA Community Edition 2022.1\jbr\bin\verify.dll
0x00007ffc9ce50000 - 0x00007ffc9d034000 	C:\Windows\SYSTEM32\DBGHELP.DLL
0x00007ffc9cc90000 - 0x00007ffc9ccbc000 	C:\Windows\SYSTEM32\dbgcore.DLL
0x00007ffcbbb30000 - 0x00007ffcbbbb3000 	C:\Windows\System32\bcryptPrimitives.dll
0x00007ffcb4e70000 - 0x00007ffcb4e99000 	C:\Program Files\JetBrains\IntelliJ IDEA Community Edition 2022.1\jbr\bin\java.dll
0x00007ffcb6620000 - 0x00007ffcb662b000 	C:\Program Files\JetBrains\IntelliJ IDEA Community Edition 2022.1\jbr\bin\jimage.dll
0x00007ffcb4030000 - 0x00007ffcb4049000 	C:\Program Files\JetBrains\IntelliJ IDEA Community Edition 2022.1\jbr\bin\zip.dll
0x00007ffcbc5e0000 - 0x00007ffcbcd1f000 	C:\Windows\System32\SHELL32.dll
0x00007ffcb9c30000 - 0x00007ffcba3c0000 	C:\Windows\SYSTEM32\windows.storage.dll
0x00007ffcbcd20000 - 0x00007ffcbd075000 	C:\Windows\System32\combase.dll
0x00007ffcbb580000 - 0x00007ffcbb5ac000 	C:\Windows\SYSTEM32\Wldp.dll
0x00007ffcbde10000 - 0x00007ffcbdebe000 	C:\Windows\System32\SHCORE.dll
0x00007ffcbdec0000 - 0x00007ffcbdf15000 	C:\Windows\System32\shlwapi.dll
0x00007ffcbba70000 - 0x00007ffcbba8f000 	C:\Windows\SYSTEM32\profapi.dll
0x00007ffcb4010000 - 0x00007ffcb402a000 	C:\Program Files\JetBrains\IntelliJ IDEA Community Edition 2022.1\jbr\bin\net.dll
0x00007ffca8bf0000 - 0x00007ffca8cf8000 	C:\Windows\SYSTEM32\WINHTTP.dll
0x00007ffcbb2e0000 - 0x00007ffcbb34a000 	C:\Windows\system32\mswsock.dll
0x00007ffcb3ea0000 - 0x00007ffcb3eb4000 	C:\Program Files\JetBrains\IntelliJ IDEA Community Edition 2022.1\jbr\bin\nio.dll
0x00007ffca7e80000 - 0x00007ffca7ea7000 	C:\Users\Lenovo\.gradle\native\e1d6ef7f7dcc3fd88c89a11ec53ec762bb8ba0a96d01ffa2cd45eb1d1d8dd5c5\windows-amd64\native-platform.dll
0x00007ffc737b0000 - 0x00007ffc738f4000 	C:\Users\Lenovo\.gradle\native\5664cfc778a61ccfe75a443a1ab52a65af34e5dc3c78e0209fed803814484fcb\windows-amd64\native-platform-file-events.dll
0x00007ffcb65b0000 - 0x00007ffcb65ba000 	C:\Program Files\JetBrains\IntelliJ IDEA Community Edition 2022.1\jbr\bin\management.dll
0x00007ffcb5fc0000 - 0x00007ffcb5fcd000 	C:\Program Files\JetBrains\IntelliJ IDEA Community Edition 2022.1\jbr\bin\management_ext.dll
0x00007ffcbb4e0000 - 0x00007ffcbb4f8000 	C:\Windows\SYSTEM32\CRYPTSP.dll
0x00007ffcbabf0000 - 0x00007ffcbac24000 	C:\Windows\system32\rsaenh.dll
0x00007ffcbbbc0000 - 0x00007ffcbbbe7000 	C:\Windows\System32\bcrypt.dll
0x00007ffcbba30000 - 0x00007ffcbba5e000 	C:\Windows\SYSTEM32\USERENV.dll
0x00007ffcbb4d0000 - 0x00007ffcbb4dc000 	C:\Windows\SYSTEM32\CRYPTBASE.dll
0x00007ffcbaf80000 - 0x00007ffcbafbb000 	C:\Windows\SYSTEM32\IPHLPAPI.DLL
0x00007ffcbd5b0000 - 0x00007ffcbd5b8000 	C:\Windows\System32\NSI.dll
0x00007ffcb0650000 - 0x00007ffcb0667000 	C:\Windows\SYSTEM32\dhcpcsvc6.DLL
0x00007ffcb1fe0000 - 0x00007ffcb1ffd000 	C:\Windows\SYSTEM32\dhcpcsvc.DLL
0x00007ffcbafd0000 - 0x00007ffcbb09c000 	C:\Windows\SYSTEM32\DNSAPI.dll

dbghelp: loaded successfully - version: 4.0.5 - missing functions: none
symbol engine: initialized successfully - sym options: 0x614 - pdb path: .;C:\Program Files\JetBrains\IntelliJ IDEA Community Edition 2022.1\jbr\bin;C:\Windows\SYSTEM32;C:\Windows\WinSxS\amd64_microsoft.windows.common-controls_6595b64144ccf1df_6.0.19041.1110_none_60b5254171f9507e;C:\Program Files\JetBrains\IntelliJ IDEA Community Edition 2022.1\jbr\bin\server;C:\Users\Lenovo\.gradle\native\e1d6ef7f7dcc3fd88c89a11ec53ec762bb8ba0a96d01ffa2cd45eb1d1d8dd5c5\windows-amd64;C:\Users\Lenovo\.gradle\native\5664cfc778a61ccfe75a443a1ab52a65af34e5dc3c78e0209fed803814484fcb\windows-amd64

VM Arguments:
jvm_args: --add-opens=java.base/java.util=ALL-UNNAMED --add-opens=java.base/java.lang=ALL-UNNAMED --add-opens=java.base/java.lang.invoke=ALL-UNNAMED --add-opens=java.base/java.util=ALL-UNNAMED --add-opens=java.prefs/java.util.prefs=ALL-UNNAMED --add-opens=java.prefs/java.util.prefs=ALL-UNNAMED --add-opens=java.base/java.nio.charset=ALL-UNNAMED --add-opens=java.base/java.net=ALL-UNNAMED --add-opens=java.base/java.util.concurrent.atomic=ALL-UNNAMED -XX:MaxMetaspaceSize=256m -XX:+HeapDumpOnOutOfMemoryError -Xms256m -Xmx512m -Dfile.encoding=windows-1251 -Duser.country=RU -Duser.language=ru -Duser.variant 
java_command: org.gradle.launcher.daemon.bootstrap.GradleDaemon 7.2
java_class_path (initial): C:\Users\Lenovo\.gradle\wrapper\dists\gradle-7.2-bin\2dnblmf4td7x66yl1d74lt32g\gradle-7.2\lib\gradle-launcher-7.2.jar
Launcher Type: SUN_STANDARD

[Global flags]
     intx CICompilerCount                          = 3                                         {product} {ergonomic}
   size_t CompressedClassSpaceSize                 = 260046848                                 {product} {ergonomic}
     uint ConcGCThreads                            = 1                                         {product} {ergonomic}
     uint G1ConcRefinementThreads                  = 4                                         {product} {ergonomic}
   size_t G1HeapRegionSize                         = 1048576                                   {product} {ergonomic}
    uintx GCDrainStackTargetSize                   = 64                                        {product} {ergonomic}
     bool HeapDumpOnOutOfMemoryError               = true                                   {manageable} {command line}
   size_t InitialHeapSize                          = 268435456                                 {product} {command line}
   size_t MarkStackSize                            = 4194304                                   {product} {ergonomic}
   size_t MaxHeapSize                              = 536870912                                 {product} {command line}
   size_t MaxMetaspaceSize                         = 268435456                                 {product} {command line}
   size_t MaxNewSize                               = 321912832                                 {product} {ergonomic}
   size_t MinHeapDeltaBytes                        = 1048576                                   {product} {ergonomic}
    uintx NonNMethodCodeHeapSize                   = 5830732                                {pd product} {ergonomic}
    uintx NonProfiledCodeHeapSize                  = 122913754                              {pd product} {ergonomic}
    uintx ProfiledCodeHeapSize                     = 122913754                              {pd product} {ergonomic}
    uintx ReservedCodeCacheSize                    = 251658240                              {pd product} {ergonomic}
     bool SegmentedCodeCache                       = true                                      {product} {ergonomic}
     bool UseCompressedClassPointers               = true                                 {lp64_product} {ergonomic}
     bool UseCompressedOops                        = true                                 {lp64_product} {ergonomic}
     bool UseG1GC                                  = true                                      {product} {ergonomic}
     bool UseLargePagesIndividualAllocation        = false                                  {pd product} {ergonomic}

Logging:
Log output configuration:
 #0: stdout all=warning uptime,level,tags
 #1: stderr all=off uptime,level,tags

Environment Variables:
JAVA_HOME=C:\Program Files\Java\jdk-17.0.2
PATH=C:\Program Files\Common Files\Oracle\Java\javapath;C:\Windows\system32;C:\Windows;C:\Windows\System32\Wbem;C:\Windows\System32\WindowsPowerShell\v1.0\;C:\Program Files\Git\cmd;C:\Users\Lenovo\AppData\Roaming\Microsoft\Windows\Start Menu\Programs\Python 3.10;C:\Users\Lenovo\AppData\Local\Programs\Python\Python310\Scripts\;C:\Users\Lenovo\AppData\Local\Programs\Python\Python310\;C:\Users\Lenovo\AppData\Local\Microsoft\WindowsApps;C:\Program Files\Java\jdk-17.0.2\bin;C:\Users\Lenovo\AppData\Local\Pandoc\;C:\Users\Lenovo\AppData\Roaming\Microsoft\Windows\Start Menu\Programs\Python 3.10;
USERNAME=Lenovo
OS=Windows_NT
PROCESSOR_IDENTIFIER=Intel64 Family 6 Model 142 Stepping 9, GenuineIntel



---------------  S Y S T E M  ---------------

OS: Windows 10 , 64 bit Build 19041 (10.0.19041.1202)
OS uptime: 2 days 2:51 hours

CPU:total 4 (initial active 4) (2 cores per cpu, 2 threads per core) family 6 model 142 stepping 9 microcode 0xb4, cmov, cx8, fxsr, mmx, sse, sse2, sse3, ssse3, sse4.1, sse4.2, popcnt, avx, avx2, aes, clmul, erms, 3dnowpref, lzcnt, ht, tsc, tscinvbit, bmi1, bmi2, adx, fma

Memory: 4k page, system-wide physical 8050M (209M free)
TotalPageFile size 8050M (AvailPageFile size 5M)
current process WorkingSet (physical memory assigned to process): 428M, peak: 429M
current process commit charge ("private bytes"): 497M, peak: 498M

vm_info: OpenJDK 64-Bit Server VM (11.0.14.1+1-b2043.25) for windows-amd64 JRE (11.0.14.1+1-b2043.25), built on Mar 30 2022 06:22:56 by "" with MS VC++ 14.0 (VS2015)

END.
