#
# There is insufficient memory for the Java Runtime Environment to continue.
# Native memory allocation (malloc) failed to allocate 1220176 bytes for Chunk::new
# Possible reasons:
#   The system is out of physical RAM or swap space
#   The process is running with CompressedOops enabled, and the Java Heap may be blocking the growth of the native heap
# Possible solutions:
#   Reduce memory load on the system
#   Increase physical memory or swap space
#   Check if swap backing store is full
#   Decrease Java heap size (-Xmx/-Xms)
#   Decrease number of Java threads
#   Decrease Java thread stack sizes (-Xss)
#   Set larger code cache with -XX:ReservedCodeCacheSize=
#   JVM is running with Unscaled Compressed Oops mode in which the Java heap is
#     placed in the first 4GB address space. The Java Heap base address is the
#     maximum limit for the native heap growth. Please use -XX:HeapBaseMinAddress
#     to set the Java Heap base and to place the Java Heap above 4GB virtual address.
# This output file may be truncated or incomplete.
#
#  Out of Memory Error (./src/hotspot/share/memory/arena.cpp:197), pid=6160, tid=7100
#
# JRE version: OpenJDK Runtime Environment JBR-11.0.12.7-1504.40-jcef (11.0.12+7) (build 11.0.12+7-b1504.40)
# Java VM: OpenJDK 64-Bit Server VM JBR-11.0.12.7-1504.40-jcef (11.0.12+7-b1504.40, mixed mode, tiered, compressed oops, g1 gc, windows-amd64)
# No core dump will be written. Minidumps are not enabled by default on client versions of Windows
#

---------------  S U M M A R Y ------------

Command Line: --add-opens=java.base/java.util=ALL-UNNAMED --add-opens=java.base/java.lang=ALL-UNNAMED --add-opens=java.base/java.lang.invoke=ALL-UNNAMED --add-opens=java.base/java.util=ALL-UNNAMED --add-opens=java.prefs/java.util.prefs=ALL-UNNAMED --add-opens=java.prefs/java.util.prefs=ALL-UNNAMED --add-opens=java.base/java.nio.charset=ALL-UNNAMED --add-opens=java.base/java.net=ALL-UNNAMED --add-opens=java.base/java.util.concurrent.atomic=ALL-UNNAMED -XX:MaxMetaspaceSize=256m -XX:+HeapDumpOnOutOfMemoryError -Xms256m -Xmx512m -Dfile.encoding=windows-1251 -Duser.country=RU -Duser.language=ru -Duser.variant org.gradle.launcher.daemon.bootstrap.GradleDaemon 7.1

Host: Intel(R) Core(TM) i7-7500U CPU @ 2.70GHz, 4 cores, 7G,  Windows 10 , 64 bit Build 19041 (10.0.19041.1202)
Time: Sat Apr 23 18:36:43 2022 RTZ 2 (зима) elapsed time: 82.154003 seconds (0d 0h 1m 22s)

---------------  T H R E A D  ---------------

Current thread (0x0000023d1da6e000):  JavaThread "C2 CompilerThread0" daemon [_thread_in_native, id=7100, stack(0x0000007f1bc00000,0x0000007f1bd00000)]


Current CompileTask:
C2:  82154 7455       4       java.util.AbstractCollection::addAll (42 bytes)

Stack: [0x0000007f1bc00000,0x0000007f1bd00000]
Native frames: (J=compiled Java code, j=interpreted, Vv=VM code, C=native code)
V  [jvm.dll+0x5ff40a]
V  [jvm.dll+0x783b65]
V  [jvm.dll+0x78517d]
V  [jvm.dll+0x785833]
V  [jvm.dll+0x249408]
V  [jvm.dll+0xc12ac]
V  [jvm.dll+0xc17dc]
V  [jvm.dll+0x35cfeb]
V  [jvm.dll+0x32a383]
V  [jvm.dll+0x32987a]
V  [jvm.dll+0x201f92]
V  [jvm.dll+0x201124]
V  [jvm.dll+0x18ae6c]
V  [jvm.dll+0x20fb97]
V  [jvm.dll+0x20e3c1]
V  [jvm.dll+0x74b88f]
V  [jvm.dll+0x744355]
V  [jvm.dll+0x5fe316]
C  [ucrtbase.dll+0x21bb2]
C  [KERNEL32.DLL+0x17034]
C  [ntdll.dll+0x52651]


---------------  P R O C E S S  ---------------

Threads class SMR info:
_java_thread_list=0x0000023d209b4420, length=69, elements={
0x0000023d06ed8000, 0x0000023d1da43800, 0x0000023d1da4e800, 0x0000023d1da65800,
0x0000023d1da69000, 0x0000023d1da6b000, 0x0000023d1da6e000, 0x0000023d1da72000,
0x0000023d1e3d4000, 0x0000023d1e53e000, 0x0000023d1e53e800, 0x0000023d1e53c000,
0x0000023d1e53f800, 0x0000023d21576000, 0x0000023d21573000, 0x0000023d21574800,
0x0000023d21571000, 0x0000023d21570800, 0x0000023d2225a800, 0x0000023d22261000,
0x0000023d2225e800, 0x0000023d2225d000, 0x0000023d22260000, 0x0000023d2225c000,
0x0000023d204ea000, 0x0000023d213b2000, 0x0000023d213b0800, 0x0000023d213b1000,
0x0000023d213b7000, 0x0000023d213b5000, 0x0000023d213b8800, 0x0000023d213b7800,
0x0000023d213b2800, 0x0000023d213b9800, 0x0000023d213b3800, 0x0000023d213ba000,
0x0000023d213b4800, 0x0000023d28060800, 0x0000023d213bb000, 0x0000023d213bb800,
0x0000023d213b6000, 0x0000023d213bc800, 0x0000023d213bd800, 0x0000023d213be000,
0x0000023d213bf000, 0x0000023d204e8800, 0x0000023d204e3000, 0x0000023d204e7000,
0x0000023d204e5800, 0x0000023d204e9800, 0x0000023d204e6000, 0x0000023d204e7800,
0x0000023d204e3800, 0x0000023d204e4800, 0x0000023d204ef000, 0x0000023d204ee800,
0x0000023d204ed800, 0x0000023d204f0000, 0x0000023d204eb000, 0x0000023d204f0800,
0x0000023d204f1800, 0x0000023d204ec000, 0x0000023d204ec800, 0x0000023d22262800,
0x0000023d22263800, 0x0000023d2225f800, 0x0000023d2225e000, 0x0000023d22269000,
0x0000023d22265000
}

Java Threads: ( => current thread )
  0x0000023d06ed8000 JavaThread "main" [_thread_blocked, id=9600, stack(0x0000007f1b000000,0x0000007f1b100000)]
  0x0000023d1da43800 JavaThread "Reference Handler" daemon [_thread_blocked, id=9588, stack(0x0000007f1b700000,0x0000007f1b800000)]
  0x0000023d1da4e800 JavaThread "Finalizer" daemon [_thread_blocked, id=1332, stack(0x0000007f1b800000,0x0000007f1b900000)]
  0x0000023d1da65800 JavaThread "Signal Dispatcher" daemon [_thread_blocked, id=5564, stack(0x0000007f1b900000,0x0000007f1ba00000)]
  0x0000023d1da69000 JavaThread "Attach Listener" daemon [_thread_blocked, id=4696, stack(0x0000007f1ba00000,0x0000007f1bb00000)]
  0x0000023d1da6b000 JavaThread "Service Thread" daemon [_thread_blocked, id=280, stack(0x0000007f1bb00000,0x0000007f1bc00000)]
=>0x0000023d1da6e000 JavaThread "C2 CompilerThread0" daemon [_thread_in_native, id=7100, stack(0x0000007f1bc00000,0x0000007f1bd00000)]
  0x0000023d1da72000 JavaThread "C1 CompilerThread0" daemon [_thread_blocked, id=536, stack(0x0000007f1bd00000,0x0000007f1be00000)]
  0x0000023d1e3d4000 JavaThread "Sweeper thread" daemon [_thread_blocked, id=8472, stack(0x0000007f1be00000,0x0000007f1bf00000)]
  0x0000023d1e53e000 JavaThread "Common-Cleaner" daemon [_thread_blocked, id=7716, stack(0x0000007f1bf00000,0x0000007f1c000000)]
  0x0000023d1e53e800 JavaThread "Daemon health stats" [_thread_blocked, id=8964, stack(0x0000007f1c500000,0x0000007f1c600000)]
  0x0000023d1e53c000 JavaThread "Incoming local TCP Connector on port 55468" [_thread_in_native, id=7484, stack(0x0000007f1c600000,0x0000007f1c700000)]
  0x0000023d1e53f800 JavaThread "Daemon periodic checks" [_thread_blocked, id=9720, stack(0x0000007f1c700000,0x0000007f1c800000)]
  0x0000023d21576000 JavaThread "Cache worker for journal cache (C:\Users\Lenovo\.gradle\caches\journal-1)" [_thread_blocked, id=9380, stack(0x0000007f1cf00000,0x0000007f1d000000)]
  0x0000023d21573000 JavaThread "File lock request listener" [_thread_in_native, id=4816, stack(0x0000007f1d000000,0x0000007f1d100000)]
  0x0000023d21574800 JavaThread "Cache worker for file hash cache (C:\Users\Lenovo\.gradle\caches\7.1\fileHashes)" [_thread_blocked, id=9004, stack(0x0000007f1d100000,0x0000007f1d200000)]
  0x0000023d21571000 JavaThread "File watcher server" daemon [_thread_in_native, id=8096, stack(0x0000007f1d300000,0x0000007f1d400000)]
  0x0000023d21570800 JavaThread "File watcher consumer" daemon [_thread_blocked, id=10156, stack(0x0000007f1d400000,0x0000007f1d500000)]
  0x0000023d2225a800 JavaThread "Cache worker for execution history cache (C:\Users\Lenovo\.gradle\caches\7.1\executionHistory)" [_thread_blocked, id=11116, stack(0x0000007f1d800000,0x0000007f1d900000)]
  0x0000023d22261000 JavaThread "jar transforms" [_thread_blocked, id=9164, stack(0x0000007f1d900000,0x0000007f1da00000)]
  0x0000023d2225e800 JavaThread "jar transforms Thread 2" [_thread_blocked, id=8532, stack(0x0000007f1da00000,0x0000007f1db00000)]
  0x0000023d2225d000 JavaThread "Cache worker for file content cache (C:\Users\Lenovo\.gradle\caches\7.1\fileContent)" [_thread_blocked, id=2716, stack(0x0000007f1db00000,0x0000007f1dc00000)]
  0x0000023d22260000 JavaThread "jar transforms Thread 3" [_thread_blocked, id=10336, stack(0x0000007f1dc00000,0x0000007f1dd00000)]
  0x0000023d2225c000 JavaThread "jar transforms Thread 4" [_thread_blocked, id=9168, stack(0x0000007f1dd00000,0x0000007f1de00000)]
  0x0000023d204ea000 JavaThread "Memory manager" [_thread_blocked, id=4016, stack(0x0000007f1f100000,0x0000007f1f200000)]
  0x0000023d213b2000 JavaThread "Cache worker for Java compile cache (C:\Users\Lenovo\.gradle\caches\7.1\javaCompile)" [_thread_blocked, id=4048, stack(0x0000007f1fb00000,0x0000007f1fc00000)]
  0x0000023d213b0800 JavaThread "Daemon Thread 2" [_thread_blocked, id=6588, stack(0x0000007f1ad00000,0x0000007f1ae00000)]
  0x0000023d213b1000 JavaThread "Handler for socket connection from /127.0.0.1:55468 to /127.0.0.1:55510" [_thread_in_native, id=10320, stack(0x0000007f1ae00000,0x0000007f1af00000)]
  0x0000023d213b7000 JavaThread "Cancel handler" [_thread_blocked, id=4968, stack(0x0000007f1c800000,0x0000007f1c900000)]
  0x0000023d213b5000 JavaThread "Daemon worker Thread 2" [_thread_blocked, id=8484, stack(0x0000007f1c900000,0x0000007f1ca00000)]
  0x0000023d213b8800 JavaThread "Asynchronous log dispatcher for DefaultDaemonConnection: socket connection from /127.0.0.1:55468 to /127.0.0.1:55510" [_thread_blocked, id=4908, stack(0x0000007f1ca00000,0x0000007f1cb00000)]
  0x0000023d213b7800 JavaThread "Stdin handler" [_thread_blocked, id=10608, stack(0x0000007f1cb00000,0x0000007f1cc00000)]
  0x0000023d213b2800 JavaThread "Daemon client event forwarder" [_thread_blocked, id=2064, stack(0x0000007f1cc00000,0x0000007f1cd00000)]
  0x0000023d213b9800 JavaThread "Cache worker for file hash cache (C:\Users\Lenovo\IdeaProjects\softdev-2022-spring-task-3\.gradle\7.1\fileHashes)" [_thread_blocked, id=6196, stack(0x0000007f1cd00000,0x0000007f1ce00000)]
  0x0000023d213b3800 JavaThread "Cache worker for checksums cache (C:\Users\Lenovo\IdeaProjects\softdev-2022-spring-task-3\.gradle\checksums)" [_thread_blocked, id=10668, stack(0x0000007f1ce00000,0x0000007f1cf00000)]
  0x0000023d213ba000 JavaThread "Cache worker for cache directory md-supplier (C:\Users\Lenovo\.gradle\caches\7.1\md-supplier)" [_thread_blocked, id=7084, stack(0x0000007f1d200000,0x0000007f1d300000)]
  0x0000023d213b4800 JavaThread "Cache worker for cache directory md-rule (C:\Users\Lenovo\.gradle\caches\7.1\md-rule)" [_thread_blocked, id=4560, stack(0x0000007f1d500000,0x0000007f1d600000)]
  0x0000023d28060800 JavaThread "C2 CompilerThread1" daemon [_thread_blocked, id=10620, stack(0x0000007f1d600000,0x0000007f1d700000)]
  0x0000023d213bb000 JavaThread "Cache worker for dependencies-accessors (C:\Users\Lenovo\IdeaProjects\softdev-2022-spring-task-3\.gradle\7.1\dependencies-accessors)" [_thread_blocked, id=10812, stack(0x0000007f1d700000,0x0000007f1d800000)]
  0x0000023d213bb800 JavaThread "Cache worker for Build Output Cleanup Cache (C:\Users\Lenovo\IdeaProjects\softdev-2022-spring-task-3\.gradle\buildOutputCleanup)" [_thread_blocked, id=660, stack(0x0000007f1de00000,0x0000007f1df00000)]
  0x0000023d213b6000 JavaThread "Unconstrained build operations" [_thread_blocked, id=6180, stack(0x0000007f1df00000,0x0000007f1e000000)]
  0x0000023d213bc800 JavaThread "Unconstrained build operations Thread 2" [_thread_blocked, id=6248, stack(0x0000007f1e000000,0x0000007f1e100000)]
  0x0000023d213bd800 JavaThread "Unconstrained build operations Thread 3" [_thread_blocked, id=7112, stack(0x0000007f1e100000,0x0000007f1e200000)]
  0x0000023d213be000 JavaThread "Unconstrained build operations Thread 4" [_thread_blocked, id=8396, stack(0x0000007f1e200000,0x0000007f1e300000)]
  0x0000023d213bf000 JavaThread "Unconstrained build operations Thread 5" [_thread_blocked, id=124, stack(0x0000007f1e300000,0x0000007f1e400000)]
  0x0000023d204e8800 JavaThread "Unconstrained build operations Thread 6" [_thread_blocked, id=7124, stack(0x0000007f1e400000,0x0000007f1e500000)]
  0x0000023d204e3000 JavaThread "Unconstrained build operations Thread 7" [_thread_blocked, id=4400, stack(0x0000007f1e500000,0x0000007f1e600000)]
  0x0000023d204e7000 JavaThread "Unconstrained build operations Thread 8" [_thread_blocked, id=10612, stack(0x0000007f1e600000,0x0000007f1e700000)]
  0x0000023d204e5800 JavaThread "Unconstrained build operations Thread 9" [_thread_blocked, id=8136, stack(0x0000007f1e700000,0x0000007f1e800000)]
  0x0000023d204e9800 JavaThread "Unconstrained build operations Thread 10" [_thread_blocked, id=2864, stack(0x0000007f1e800000,0x0000007f1e900000)]
  0x0000023d204e6000 JavaThread "Unconstrained build operations Thread 11" [_thread_blocked, id=6464, stack(0x0000007f1e900000,0x0000007f1ea00000)]
  0x0000023d204e7800 JavaThread "Unconstrained build operations Thread 12" [_thread_blocked, id=9472, stack(0x0000007f1ea00000,0x0000007f1eb00000)]
  0x0000023d204e3800 JavaThread "Unconstrained build operations Thread 13" [_thread_blocked, id=3452, stack(0x0000007f1eb00000,0x0000007f1ec00000)]
  0x0000023d204e4800 JavaThread "Unconstrained build operations Thread 14" [_thread_blocked, id=944, stack(0x0000007f1ec00000,0x0000007f1ed00000)]
  0x0000023d204ef000 JavaThread "Unconstrained build operations Thread 15" [_thread_blocked, id=5860, stack(0x0000007f1ed00000,0x0000007f1ee00000)]
  0x0000023d204ee800 JavaThread "Unconstrained build operations Thread 16" [_thread_blocked, id=10084, stack(0x0000007f1ee00000,0x0000007f1ef00000)]
  0x0000023d204ed800 JavaThread "Unconstrained build operations Thread 17" [_thread_blocked, id=11132, stack(0x0000007f1ef00000,0x0000007f1f000000)]
  0x0000023d204f0000 JavaThread "Execution worker for ':'" [_thread_blocked, id=10728, stack(0x0000007f1f000000,0x0000007f1f100000)]
  0x0000023d204eb000 JavaThread "Execution worker for ':' Thread 2" [_thread_blocked, id=10772, stack(0x0000007f1f200000,0x0000007f1f300000)]
  0x0000023d204f0800 JavaThread "Execution worker for ':' Thread 3" [_thread_blocked, id=10636, stack(0x0000007f1f300000,0x0000007f1f400000)]
  0x0000023d204f1800 JavaThread "Cache worker for execution history cache (C:\Users\Lenovo\IdeaProjects\softdev-2022-spring-task-3\.gradle\7.1\executionHistory)" [_thread_blocked, id=10880, stack(0x0000007f1f400000,0x0000007f1f500000)]
  0x0000023d204ec000 JavaThread "Unconstrained build operations Thread 18" [_thread_blocked, id=6404, stack(0x0000007f1f500000,0x0000007f1f600000)]
  0x0000023d204ec800 JavaThread "Unconstrained build operations Thread 19" [_thread_blocked, id=5600, stack(0x0000007f1f600000,0x0000007f1f700000)]
  0x0000023d22262800 JavaThread "Unconstrained build operations Thread 20" [_thread_blocked, id=5648, stack(0x0000007f1f700000,0x0000007f1f800000)]
  0x0000023d22263800 JavaThread "Unconstrained build operations Thread 21" [_thread_blocked, id=6676, stack(0x0000007f1f800000,0x0000007f1f900000)]
  0x0000023d2225f800 JavaThread "Unconstrained build operations Thread 22" [_thread_blocked, id=10508, stack(0x0000007f1f900000,0x0000007f1fa00000)]
  0x0000023d2225e000 JavaThread "Exec process" [_thread_in_native, id=5956, stack(0x0000007f1fa00000,0x0000007f1fb00000)]
  0x0000023d22269000 JavaThread "Exec process Thread 2" [_thread_in_native, id=8244, stack(0x0000007f1fc00000,0x0000007f1fd00000)]
  0x0000023d22265000 JavaThread "Exec process Thread 3" [_thread_in_native, id=6224, stack(0x0000007f1fd00000,0x0000007f1fe00000)]

Other Threads:
  0x0000023d1da21800 VMThread "VM Thread" [stack: 0x0000007f1b600000,0x0000007f1b700000] [id=7336]
  0x0000023d1e541800 WatcherThread [stack: 0x0000007f1c000000,0x0000007f1c100000] [id=7228]
  0x0000023d06ef1800 GCTaskThread "GC Thread#0" [stack: 0x0000007f1b100000,0x0000007f1b200000] [id=9936]
  0x0000023d1f197800 GCTaskThread "GC Thread#1" [stack: 0x0000007f1c200000,0x0000007f1c300000] [id=7172]
  0x0000023d1ea9a000 GCTaskThread "GC Thread#2" [stack: 0x0000007f1c300000,0x0000007f1c400000] [id=4068]
  0x0000023d1e875800 GCTaskThread "GC Thread#3" [stack: 0x0000007f1c400000,0x0000007f1c500000] [id=10852]
  0x0000023d06f02800 ConcurrentGCThread "G1 Main Marker" [stack: 0x0000007f1b200000,0x0000007f1b300000] [id=10736]
  0x0000023d06f05800 ConcurrentGCThread "G1 Conc#0" [stack: 0x0000007f1b300000,0x0000007f1b400000] [id=3600]
  0x0000023d1d8b6800 ConcurrentGCThread "G1 Refine#0" [stack: 0x0000007f1b400000,0x0000007f1b500000] [id=11216]
  0x0000023d1d8b7800 ConcurrentGCThread "G1 Young RemSet Sampling" [stack: 0x0000007f1b500000,0x0000007f1b600000] [id=9152]

Threads with active compile tasks:
C2 CompilerThread0  82172 7455       4       java.util.AbstractCollection::addAll (42 bytes)

VM state:not at safepoint (normal execution)

VM Mutex/Monitor currently owned by a thread: None

Heap address: 0x00000000e0000000, size: 512 MB, Compressed Oops mode: 32-bit
Narrow klass base: 0x0000000000000000, Narrow klass shift: 3
Compressed class space size: 260046848 Address: 0x0000000100000000

Heap:
 garbage-first heap   total 262144K, used 88807K [0x00000000e0000000, 0x0000000100000000)
  region size 1024K, 62 young (63488K), 15 survivors (15360K)
 Metaspace       used 71007K, capacity 73174K, committed 73464K, reserved 317440K
  class space    used 9337K, capacity 10156K, committed 10240K, reserved 253952K
Heap Regions: E=young(eden), S=young(survivor), O=old, HS=humongous(starts), HC=humongous(continues), CS=collection set, F=free, A=archive, TAMS=top-at-mark-start (previous, next)
|   0|0x00000000e0000000, 0x00000000e0100000, 0x00000000e0100000|100%| O|  |TAMS 0x00000000e0100000, 0x00000000e0000000| Untracked 
|   1|0x00000000e0100000, 0x00000000e0200000, 0x00000000e0200000|100%| O|  |TAMS 0x00000000e0200000, 0x00000000e0100000| Untracked 
|   2|0x00000000e0200000, 0x00000000e0300000, 0x00000000e0300000|100%| O|  |TAMS 0x00000000e0300000, 0x00000000e0200000| Untracked 
|   3|0x00000000e0300000, 0x00000000e0400000, 0x00000000e0400000|100%|HS|  |TAMS 0x00000000e0400000, 0x00000000e0300000| Complete 
|   4|0x00000000e0400000, 0x00000000e0500000, 0x00000000e0500000|100%|HC|  |TAMS 0x00000000e0500000, 0x00000000e0400000| Complete 
|   5|0x00000000e0500000, 0x00000000e0600000, 0x00000000e0600000|100%|HC|  |TAMS 0x00000000e0600000, 0x00000000e0500000| Complete 
|   6|0x00000000e0600000, 0x00000000e0700000, 0x00000000e0700000|100%| O|  |TAMS 0x00000000e0700000, 0x00000000e0600000| Untracked 
|   7|0x00000000e0700000, 0x00000000e0800000, 0x00000000e0800000|100%| O|  |TAMS 0x00000000e0800000, 0x00000000e0700000| Untracked 
|   8|0x00000000e0800000, 0x00000000e0900000, 0x00000000e0900000|100%| O|  |TAMS 0x00000000e0900000, 0x00000000e0800000| Untracked 
|   9|0x00000000e0900000, 0x00000000e0a00000, 0x00000000e0a00000|100%| O|  |TAMS 0x00000000e0a00000, 0x00000000e0900000| Untracked 
|  10|0x00000000e0a00000, 0x00000000e0b00000, 0x00000000e0b00000|100%| O|  |TAMS 0x00000000e0b00000, 0x00000000e0a00000| Untracked 
|  11|0x00000000e0b00000, 0x00000000e0c00000, 0x00000000e0c00000|100%| O|  |TAMS 0x00000000e0c00000, 0x00000000e0b00000| Untracked 
|  12|0x00000000e0c00000, 0x00000000e0d00000, 0x00000000e0d00000|100%| O|  |TAMS 0x00000000e0d00000, 0x00000000e0c00000| Untracked 
|  13|0x00000000e0d00000, 0x00000000e0e00000, 0x00000000e0e00000|100%| O|  |TAMS 0x00000000e0e00000, 0x00000000e0d00000| Untracked 
|  14|0x00000000e0e00000, 0x00000000e0f00000, 0x00000000e0f00000|100%| O|  |TAMS 0x00000000e0f00000, 0x00000000e0e00000| Untracked 
|  15|0x00000000e0f00000, 0x00000000e1000000, 0x00000000e1000000|100%| O|  |TAMS 0x00000000e1000000, 0x00000000e0f00000| Untracked 
|  16|0x00000000e1000000, 0x00000000e1100000, 0x00000000e1100000|100%| O|  |TAMS 0x00000000e1100000, 0x00000000e1000000| Untracked 
|  17|0x00000000e1100000, 0x00000000e1200000, 0x00000000e1200000|100%| O|  |TAMS 0x00000000e1200000, 0x00000000e1100000| Untracked 
|  18|0x00000000e1200000, 0x00000000e1300000, 0x00000000e1300000|100%| O|  |TAMS 0x00000000e1300000, 0x00000000e1200000| Untracked 
|  19|0x00000000e1300000, 0x00000000e1400000, 0x00000000e1400000|100%| O|  |TAMS 0x00000000e1400000, 0x00000000e1300000| Untracked 
|  20|0x00000000e1400000, 0x00000000e1500000, 0x00000000e1500000|100%| O|  |TAMS 0x00000000e1500000, 0x00000000e1400000| Untracked 
|  21|0x00000000e1500000, 0x00000000e1600000, 0x00000000e1600000|100%| O|  |TAMS 0x00000000e1600000, 0x00000000e1500000| Untracked 
|  22|0x00000000e1600000, 0x00000000e1700000, 0x00000000e1700000|100%| O|  |TAMS 0x00000000e1700000, 0x00000000e1600000| Untracked 
|  23|0x00000000e1700000, 0x00000000e1800000, 0x00000000e1800000|100%| O|  |TAMS 0x00000000e1800000, 0x00000000e1700000| Untracked 
|  24|0x00000000e1800000, 0x00000000e1900000, 0x00000000e1900000|100%| O|  |TAMS 0x00000000e1900000, 0x00000000e1800000| Untracked 
|  25|0x00000000e1900000, 0x00000000e1a00000, 0x00000000e1a00000|100%| O|  |TAMS 0x00000000e1a00000, 0x00000000e1900000| Untracked 
|  26|0x00000000e1a00000, 0x00000000e1b00000, 0x00000000e1b00000|100%| O|  |TAMS 0x00000000e1b00000, 0x00000000e1a00000| Untracked 
|  27|0x00000000e1b00000, 0x00000000e1b00000, 0x00000000e1c00000|  0%| F|  |TAMS 0x00000000e1b00000, 0x00000000e1b00000| Untracked 
|  28|0x00000000e1c00000, 0x00000000e1c00000, 0x00000000e1d00000|  0%| F|  |TAMS 0x00000000e1c00000, 0x00000000e1c00000| Untracked 
|  29|0x00000000e1d00000, 0x00000000e1d00000, 0x00000000e1e00000|  0%| F|  |TAMS 0x00000000e1d00000, 0x00000000e1d00000| Untracked 
|  30|0x00000000e1e00000, 0x00000000e1e00000, 0x00000000e1f00000|  0%| F|  |TAMS 0x00000000e1e00000, 0x00000000e1e00000| Untracked 
|  31|0x00000000e1f00000, 0x00000000e1f00000, 0x00000000e2000000|  0%| F|  |TAMS 0x00000000e1f00000, 0x00000000e1f00000| Untracked 
|  32|0x00000000e2000000, 0x00000000e2000000, 0x00000000e2100000|  0%| F|  |TAMS 0x00000000e2000000, 0x00000000e2000000| Untracked 
|  33|0x00000000e2100000, 0x00000000e2100000, 0x00000000e2200000|  0%| F|  |TAMS 0x00000000e2100000, 0x00000000e2100000| Untracked 
|  34|0x00000000e2200000, 0x00000000e2200000, 0x00000000e2300000|  0%| F|  |TAMS 0x00000000e2200000, 0x00000000e2200000| Untracked 
|  35|0x00000000e2300000, 0x00000000e2300000, 0x00000000e2400000|  0%| F|  |TAMS 0x00000000e2300000, 0x00000000e2300000| Untracked 
|  36|0x00000000e2400000, 0x00000000e2400000, 0x00000000e2500000|  0%| F|  |TAMS 0x00000000e2400000, 0x00000000e2400000| Untracked 
|  37|0x00000000e2500000, 0x00000000e2500000, 0x00000000e2600000|  0%| F|  |TAMS 0x00000000e2500000, 0x00000000e2500000| Untracked 
|  38|0x00000000e2600000, 0x00000000e2600000, 0x00000000e2700000|  0%| F|  |TAMS 0x00000000e2600000, 0x00000000e2600000| Untracked 
|  39|0x00000000e2700000, 0x00000000e2700000, 0x00000000e2800000|  0%| F|  |TAMS 0x00000000e2700000, 0x00000000e2700000| Untracked 
|  40|0x00000000e2800000, 0x00000000e2800000, 0x00000000e2900000|  0%| F|  |TAMS 0x00000000e2800000, 0x00000000e2800000| Untracked 
|  41|0x00000000e2900000, 0x00000000e2900000, 0x00000000e2a00000|  0%| F|  |TAMS 0x00000000e2900000, 0x00000000e2900000| Untracked 
|  42|0x00000000e2a00000, 0x00000000e2a00000, 0x00000000e2b00000|  0%| F|  |TAMS 0x00000000e2a00000, 0x00000000e2a00000| Untracked 
|  43|0x00000000e2b00000, 0x00000000e2b00000, 0x00000000e2c00000|  0%| F|  |TAMS 0x00000000e2b00000, 0x00000000e2b00000| Untracked 
|  44|0x00000000e2c00000, 0x00000000e2c00000, 0x00000000e2d00000|  0%| F|  |TAMS 0x00000000e2c00000, 0x00000000e2c00000| Untracked 
|  45|0x00000000e2d00000, 0x00000000e2d00000, 0x00000000e2e00000|  0%| F|  |TAMS 0x00000000e2d00000, 0x00000000e2d00000| Untracked 
|  46|0x00000000e2e00000, 0x00000000e2e00000, 0x00000000e2f00000|  0%| F|  |TAMS 0x00000000e2e00000, 0x00000000e2e00000| Untracked 
|  47|0x00000000e2f00000, 0x00000000e2f00000, 0x00000000e3000000|  0%| F|  |TAMS 0x00000000e2f00000, 0x00000000e2f00000| Untracked 
|  48|0x00000000e3000000, 0x00000000e3000000, 0x00000000e3100000|  0%| F|  |TAMS 0x00000000e3000000, 0x00000000e3000000| Untracked 
|  49|0x00000000e3100000, 0x00000000e3100000, 0x00000000e3200000|  0%| F|  |TAMS 0x00000000e3100000, 0x00000000e3100000| Untracked 
|  50|0x00000000e3200000, 0x00000000e3200000, 0x00000000e3300000|  0%| F|  |TAMS 0x00000000e3200000, 0x00000000e3200000| Untracked 
|  51|0x00000000e3300000, 0x00000000e3300000, 0x00000000e3400000|  0%| F|  |TAMS 0x00000000e3300000, 0x00000000e3300000| Untracked 
|  52|0x00000000e3400000, 0x00000000e3400000, 0x00000000e3500000|  0%| F|  |TAMS 0x00000000e3400000, 0x00000000e3400000| Untracked 
|  53|0x00000000e3500000, 0x00000000e3500000, 0x00000000e3600000|  0%| F|  |TAMS 0x00000000e3500000, 0x00000000e3500000| Untracked 
|  54|0x00000000e3600000, 0x00000000e3600000, 0x00000000e3700000|  0%| F|  |TAMS 0x00000000e3600000, 0x00000000e3600000| Untracked 
|  55|0x00000000e3700000, 0x00000000e3700000, 0x00000000e3800000|  0%| F|  |TAMS 0x00000000e3700000, 0x00000000e3700000| Untracked 
|  56|0x00000000e3800000, 0x00000000e3800000, 0x00000000e3900000|  0%| F|  |TAMS 0x00000000e3800000, 0x00000000e3800000| Untracked 
|  57|0x00000000e3900000, 0x00000000e3900000, 0x00000000e3a00000|  0%| F|  |TAMS 0x00000000e3900000, 0x00000000e3900000| Untracked 
|  58|0x00000000e3a00000, 0x00000000e3a00000, 0x00000000e3b00000|  0%| F|  |TAMS 0x00000000e3a00000, 0x00000000e3a00000| Untracked 
|  59|0x00000000e3b00000, 0x00000000e3b00000, 0x00000000e3c00000|  0%| F|  |TAMS 0x00000000e3b00000, 0x00000000e3b00000| Untracked 
|  60|0x00000000e3c00000, 0x00000000e3c00000, 0x00000000e3d00000|  0%| F|  |TAMS 0x00000000e3c00000, 0x00000000e3c00000| Untracked 
|  61|0x00000000e3d00000, 0x00000000e3d00000, 0x00000000e3e00000|  0%| F|  |TAMS 0x00000000e3d00000, 0x00000000e3d00000| Untracked 
|  62|0x00000000e3e00000, 0x00000000e3e00000, 0x00000000e3f00000|  0%| F|  |TAMS 0x00000000e3e00000, 0x00000000e3e00000| Untracked 
|  63|0x00000000e3f00000, 0x00000000e3f00000, 0x00000000e4000000|  0%| F|  |TAMS 0x00000000e3f00000, 0x00000000e3f00000| Untracked 
|  64|0x00000000e4000000, 0x00000000e4000000, 0x00000000e4100000|  0%| F|  |TAMS 0x00000000e4000000, 0x00000000e4000000| Untracked 
|  65|0x00000000e4100000, 0x00000000e4100000, 0x00000000e4200000|  0%| F|  |TAMS 0x00000000e4100000, 0x00000000e4100000| Untracked 
|  66|0x00000000e4200000, 0x00000000e4200000, 0x00000000e4300000|  0%| F|  |TAMS 0x00000000e4200000, 0x00000000e4200000| Untracked 
|  67|0x00000000e4300000, 0x00000000e4300000, 0x00000000e4400000|  0%| F|  |TAMS 0x00000000e4300000, 0x00000000e4300000| Untracked 
|  68|0x00000000e4400000, 0x00000000e4400000, 0x00000000e4500000|  0%| F|  |TAMS 0x00000000e4400000, 0x00000000e4400000| Untracked 
|  69|0x00000000e4500000, 0x00000000e4500000, 0x00000000e4600000|  0%| F|  |TAMS 0x00000000e4500000, 0x00000000e4500000| Untracked 
|  70|0x00000000e4600000, 0x00000000e4600000, 0x00000000e4700000|  0%| F|  |TAMS 0x00000000e4600000, 0x00000000e4600000| Untracked 
|  71|0x00000000e4700000, 0x00000000e4700000, 0x00000000e4800000|  0%| F|  |TAMS 0x00000000e4700000, 0x00000000e4700000| Untracked 
|  72|0x00000000e4800000, 0x00000000e4800000, 0x00000000e4900000|  0%| F|  |TAMS 0x00000000e4800000, 0x00000000e4800000| Untracked 
|  73|0x00000000e4900000, 0x00000000e4900000, 0x00000000e4a00000|  0%| F|  |TAMS 0x00000000e4900000, 0x00000000e4900000| Untracked 
|  74|0x00000000e4a00000, 0x00000000e4a00000, 0x00000000e4b00000|  0%| F|  |TAMS 0x00000000e4a00000, 0x00000000e4a00000| Untracked 
|  75|0x00000000e4b00000, 0x00000000e4b00000, 0x00000000e4c00000|  0%| F|  |TAMS 0x00000000e4b00000, 0x00000000e4b00000| Untracked 
|  76|0x00000000e4c00000, 0x00000000e4c00000, 0x00000000e4d00000|  0%| F|  |TAMS 0x00000000e4c00000, 0x00000000e4c00000| Untracked 
|  77|0x00000000e4d00000, 0x00000000e4d00000, 0x00000000e4e00000|  0%| F|  |TAMS 0x00000000e4d00000, 0x00000000e4d00000| Untracked 
|  78|0x00000000e4e00000, 0x00000000e4e00000, 0x00000000e4f00000|  0%| F|  |TAMS 0x00000000e4e00000, 0x00000000e4e00000| Untracked 
|  79|0x00000000e4f00000, 0x00000000e4f00000, 0x00000000e5000000|  0%| F|  |TAMS 0x00000000e4f00000, 0x00000000e4f00000| Untracked 
|  80|0x00000000e5000000, 0x00000000e5000000, 0x00000000e5100000|  0%| F|  |TAMS 0x00000000e5000000, 0x00000000e5000000| Untracked 
|  81|0x00000000e5100000, 0x00000000e5100000, 0x00000000e5200000|  0%| F|  |TAMS 0x00000000e5100000, 0x00000000e5100000| Untracked 
|  82|0x00000000e5200000, 0x00000000e5200000, 0x00000000e5300000|  0%| F|  |TAMS 0x00000000e5200000, 0x00000000e5200000| Untracked 
|  83|0x00000000e5300000, 0x00000000e5300000, 0x00000000e5400000|  0%| F|  |TAMS 0x00000000e5300000, 0x00000000e5300000| Untracked 
|  84|0x00000000e5400000, 0x00000000e5400000, 0x00000000e5500000|  0%| F|  |TAMS 0x00000000e5400000, 0x00000000e5400000| Untracked 
|  85|0x00000000e5500000, 0x00000000e5500000, 0x00000000e5600000|  0%| F|  |TAMS 0x00000000e5500000, 0x00000000e5500000| Untracked 
|  86|0x00000000e5600000, 0x00000000e5600000, 0x00000000e5700000|  0%| F|  |TAMS 0x00000000e5600000, 0x00000000e5600000| Untracked 
|  87|0x00000000e5700000, 0x00000000e5700000, 0x00000000e5800000|  0%| F|  |TAMS 0x00000000e5700000, 0x00000000e5700000| Untracked 
|  88|0x00000000e5800000, 0x00000000e5800000, 0x00000000e5900000|  0%| F|  |TAMS 0x00000000e5800000, 0x00000000e5800000| Untracked 
|  89|0x00000000e5900000, 0x00000000e5900000, 0x00000000e5a00000|  0%| F|  |TAMS 0x00000000e5900000, 0x00000000e5900000| Untracked 
|  90|0x00000000e5a00000, 0x00000000e5ab9da8, 0x00000000e5b00000| 72%| S|CS|TAMS 0x00000000e5a00000, 0x00000000e5a00000| Complete 
|  91|0x00000000e5b00000, 0x00000000e5c00000, 0x00000000e5c00000|100%| S|CS|TAMS 0x00000000e5b00000, 0x00000000e5b00000| Complete 
|  92|0x00000000e5c00000, 0x00000000e5d00000, 0x00000000e5d00000|100%| S|CS|TAMS 0x00000000e5c00000, 0x00000000e5c00000| Complete 
|  93|0x00000000e5d00000, 0x00000000e5e00000, 0x00000000e5e00000|100%| S|CS|TAMS 0x00000000e5d00000, 0x00000000e5d00000| Complete 
|  94|0x00000000e5e00000, 0x00000000e5f00000, 0x00000000e5f00000|100%| S|CS|TAMS 0x00000000e5e00000, 0x00000000e5e00000| Complete 
|  95|0x00000000e5f00000, 0x00000000e6000000, 0x00000000e6000000|100%| S|CS|TAMS 0x00000000e5f00000, 0x00000000e5f00000| Complete 
|  96|0x00000000e6000000, 0x00000000e6100000, 0x00000000e6100000|100%| S|CS|TAMS 0x00000000e6000000, 0x00000000e6000000| Complete 
|  97|0x00000000e6100000, 0x00000000e6200000, 0x00000000e6200000|100%| S|CS|TAMS 0x00000000e6100000, 0x00000000e6100000| Complete 
|  98|0x00000000e6200000, 0x00000000e6300000, 0x00000000e6300000|100%| S|CS|TAMS 0x00000000e6200000, 0x00000000e6200000| Complete 
|  99|0x00000000e6300000, 0x00000000e6400000, 0x00000000e6400000|100%| S|CS|TAMS 0x00000000e6300000, 0x00000000e6300000| Complete 
| 100|0x00000000e6400000, 0x00000000e6500000, 0x00000000e6500000|100%| S|CS|TAMS 0x00000000e6400000, 0x00000000e6400000| Complete 
| 101|0x00000000e6500000, 0x00000000e6600000, 0x00000000e6600000|100%| S|CS|TAMS 0x00000000e6500000, 0x00000000e6500000| Complete 
| 102|0x00000000e6600000, 0x00000000e6700000, 0x00000000e6700000|100%| S|CS|TAMS 0x00000000e6600000, 0x00000000e6600000| Complete 
| 103|0x00000000e6700000, 0x00000000e6800000, 0x00000000e6800000|100%| S|CS|TAMS 0x00000000e6700000, 0x00000000e6700000| Complete 
| 104|0x00000000e6800000, 0x00000000e6900000, 0x00000000e6900000|100%| S|CS|TAMS 0x00000000e6800000, 0x00000000e6800000| Complete 
| 105|0x00000000e6900000, 0x00000000e6900000, 0x00000000e6a00000|  0%| F|  |TAMS 0x00000000e6900000, 0x00000000e6900000| Untracked 
| 106|0x00000000e6a00000, 0x00000000e6a00000, 0x00000000e6b00000|  0%| F|  |TAMS 0x00000000e6a00000, 0x00000000e6a00000| Untracked 
| 107|0x00000000e6b00000, 0x00000000e6b00000, 0x00000000e6c00000|  0%| F|  |TAMS 0x00000000e6b00000, 0x00000000e6b00000| Untracked 
| 108|0x00000000e6c00000, 0x00000000e6c00000, 0x00000000e6d00000|  0%| F|  |TAMS 0x00000000e6c00000, 0x00000000e6c00000| Untracked 
| 109|0x00000000e6d00000, 0x00000000e6d00000, 0x00000000e6e00000|  0%| F|  |TAMS 0x00000000e6d00000, 0x00000000e6d00000| Untracked 
| 110|0x00000000e6e00000, 0x00000000e6e00000, 0x00000000e6f00000|  0%| F|  |TAMS 0x00000000e6e00000, 0x00000000e6e00000| Untracked 
| 111|0x00000000e6f00000, 0x00000000e6f00000, 0x00000000e7000000|  0%| F|  |TAMS 0x00000000e6f00000, 0x00000000e6f00000| Untracked 
| 112|0x00000000e7000000, 0x00000000e7000000, 0x00000000e7100000|  0%| F|  |TAMS 0x00000000e7000000, 0x00000000e7000000| Untracked 
| 113|0x00000000e7100000, 0x00000000e7100000, 0x00000000e7200000|  0%| F|  |TAMS 0x00000000e7100000, 0x00000000e7100000| Untracked 
| 114|0x00000000e7200000, 0x00000000e7200000, 0x00000000e7300000|  0%| F|  |TAMS 0x00000000e7200000, 0x00000000e7200000| Untracked 
| 115|0x00000000e7300000, 0x00000000e7300000, 0x00000000e7400000|  0%| F|  |TAMS 0x00000000e7300000, 0x00000000e7300000| Untracked 
| 116|0x00000000e7400000, 0x00000000e7400000, 0x00000000e7500000|  0%| F|  |TAMS 0x00000000e7400000, 0x00000000e7400000| Untracked 
| 117|0x00000000e7500000, 0x00000000e7500000, 0x00000000e7600000|  0%| F|  |TAMS 0x00000000e7500000, 0x00000000e7500000| Untracked 
| 118|0x00000000e7600000, 0x00000000e7600000, 0x00000000e7700000|  0%| F|  |TAMS 0x00000000e7600000, 0x00000000e7600000| Untracked 
| 119|0x00000000e7700000, 0x00000000e7700000, 0x00000000e7800000|  0%| F|  |TAMS 0x00000000e7700000, 0x00000000e7700000| Untracked 
| 120|0x00000000e7800000, 0x00000000e7800000, 0x00000000e7900000|  0%| F|  |TAMS 0x00000000e7800000, 0x00000000e7800000| Untracked 
| 121|0x00000000e7900000, 0x00000000e7900000, 0x00000000e7a00000|  0%| F|  |TAMS 0x00000000e7900000, 0x00000000e7900000| Untracked 
| 122|0x00000000e7a00000, 0x00000000e7a00000, 0x00000000e7b00000|  0%| F|  |TAMS 0x00000000e7a00000, 0x00000000e7a00000| Untracked 
| 123|0x00000000e7b00000, 0x00000000e7b00000, 0x00000000e7c00000|  0%| F|  |TAMS 0x00000000e7b00000, 0x00000000e7b00000| Untracked 
| 124|0x00000000e7c00000, 0x00000000e7c00000, 0x00000000e7d00000|  0%| F|  |TAMS 0x00000000e7c00000, 0x00000000e7c00000| Untracked 
| 125|0x00000000e7d00000, 0x00000000e7d00000, 0x00000000e7e00000|  0%| F|  |TAMS 0x00000000e7d00000, 0x00000000e7d00000| Untracked 
| 126|0x00000000e7e00000, 0x00000000e7e00000, 0x00000000e7f00000|  0%| F|  |TAMS 0x00000000e7e00000, 0x00000000e7e00000| Untracked 
| 127|0x00000000e7f00000, 0x00000000e7f00000, 0x00000000e8000000|  0%| F|  |TAMS 0x00000000e7f00000, 0x00000000e7f00000| Untracked 
| 128|0x00000000e8000000, 0x00000000e8000000, 0x00000000e8100000|  0%| F|  |TAMS 0x00000000e8000000, 0x00000000e8000000| Untracked 
| 129|0x00000000e8100000, 0x00000000e8100000, 0x00000000e8200000|  0%| F|  |TAMS 0x00000000e8100000, 0x00000000e8100000| Untracked 
| 130|0x00000000e8200000, 0x00000000e8200000, 0x00000000e8300000|  0%| F|  |TAMS 0x00000000e8200000, 0x00000000e8200000| Untracked 
| 131|0x00000000e8300000, 0x00000000e8300000, 0x00000000e8400000|  0%| F|  |TAMS 0x00000000e8300000, 0x00000000e8300000| Untracked 
| 132|0x00000000e8400000, 0x00000000e8400000, 0x00000000e8500000|  0%| F|  |TAMS 0x00000000e8400000, 0x00000000e8400000| Untracked 
| 133|0x00000000e8500000, 0x00000000e8500000, 0x00000000e8600000|  0%| F|  |TAMS 0x00000000e8500000, 0x00000000e8500000| Untracked 
| 134|0x00000000e8600000, 0x00000000e8600000, 0x00000000e8700000|  0%| F|  |TAMS 0x00000000e8600000, 0x00000000e8600000| Untracked 
| 135|0x00000000e8700000, 0x00000000e8700000, 0x00000000e8800000|  0%| F|  |TAMS 0x00000000e8700000, 0x00000000e8700000| Untracked 
| 136|0x00000000e8800000, 0x00000000e8800000, 0x00000000e8900000|  0%| F|  |TAMS 0x00000000e8800000, 0x00000000e8800000| Untracked 
| 137|0x00000000e8900000, 0x00000000e8900000, 0x00000000e8a00000|  0%| F|  |TAMS 0x00000000e8900000, 0x00000000e8900000| Untracked 
| 138|0x00000000e8a00000, 0x00000000e8a00000, 0x00000000e8b00000|  0%| F|  |TAMS 0x00000000e8a00000, 0x00000000e8a00000| Untracked 
| 139|0x00000000e8b00000, 0x00000000e8b00000, 0x00000000e8c00000|  0%| F|  |TAMS 0x00000000e8b00000, 0x00000000e8b00000| Untracked 
| 140|0x00000000e8c00000, 0x00000000e8c00000, 0x00000000e8d00000|  0%| F|  |TAMS 0x00000000e8c00000, 0x00000000e8c00000| Untracked 
| 141|0x00000000e8d00000, 0x00000000e8d00000, 0x00000000e8e00000|  0%| F|  |TAMS 0x00000000e8d00000, 0x00000000e8d00000| Untracked 
| 142|0x00000000e8e00000, 0x00000000e8e00000, 0x00000000e8f00000|  0%| F|  |TAMS 0x00000000e8e00000, 0x00000000e8e00000| Untracked 
| 143|0x00000000e8f00000, 0x00000000e8f00000, 0x00000000e9000000|  0%| F|  |TAMS 0x00000000e8f00000, 0x00000000e8f00000| Untracked 
| 144|0x00000000e9000000, 0x00000000e9000000, 0x00000000e9100000|  0%| F|  |TAMS 0x00000000e9000000, 0x00000000e9000000| Untracked 
| 145|0x00000000e9100000, 0x00000000e9100000, 0x00000000e9200000|  0%| F|  |TAMS 0x00000000e9100000, 0x00000000e9100000| Untracked 
| 146|0x00000000e9200000, 0x00000000e9200000, 0x00000000e9300000|  0%| F|  |TAMS 0x00000000e9200000, 0x00000000e9200000| Untracked 
| 147|0x00000000e9300000, 0x00000000e9300000, 0x00000000e9400000|  0%| F|  |TAMS 0x00000000e9300000, 0x00000000e9300000| Untracked 
| 148|0x00000000e9400000, 0x00000000e9400000, 0x00000000e9500000|  0%| F|  |TAMS 0x00000000e9400000, 0x00000000e9400000| Untracked 
| 149|0x00000000e9500000, 0x00000000e9500000, 0x00000000e9600000|  0%| F|  |TAMS 0x00000000e9500000, 0x00000000e9500000| Untracked 
| 150|0x00000000e9600000, 0x00000000e9600000, 0x00000000e9700000|  0%| F|  |TAMS 0x00000000e9600000, 0x00000000e9600000| Untracked 
| 151|0x00000000e9700000, 0x00000000e9700000, 0x00000000e9800000|  0%| F|  |TAMS 0x00000000e9700000, 0x00000000e9700000| Untracked 
| 152|0x00000000e9800000, 0x00000000e9800000, 0x00000000e9900000|  0%| F|  |TAMS 0x00000000e9800000, 0x00000000e9800000| Untracked 
| 153|0x00000000e9900000, 0x00000000e9900000, 0x00000000e9a00000|  0%| F|  |TAMS 0x00000000e9900000, 0x00000000e9900000| Untracked 
| 154|0x00000000e9a00000, 0x00000000e9a00000, 0x00000000e9b00000|  0%| F|  |TAMS 0x00000000e9a00000, 0x00000000e9a00000| Untracked 
| 155|0x00000000e9b00000, 0x00000000e9b00000, 0x00000000e9c00000|  0%| F|  |TAMS 0x00000000e9b00000, 0x00000000e9b00000| Untracked 
| 156|0x00000000e9c00000, 0x00000000e9c00000, 0x00000000e9d00000|  0%| F|  |TAMS 0x00000000e9c00000, 0x00000000e9c00000| Untracked 
| 157|0x00000000e9d00000, 0x00000000e9d00000, 0x00000000e9e00000|  0%| F|  |TAMS 0x00000000e9d00000, 0x00000000e9d00000| Untracked 
| 158|0x00000000e9e00000, 0x00000000e9e00000, 0x00000000e9f00000|  0%| F|  |TAMS 0x00000000e9e00000, 0x00000000e9e00000| Untracked 
| 159|0x00000000e9f00000, 0x00000000e9f00000, 0x00000000ea000000|  0%| F|  |TAMS 0x00000000e9f00000, 0x00000000e9f00000| Untracked 
| 160|0x00000000ea000000, 0x00000000ea000000, 0x00000000ea100000|  0%| F|  |TAMS 0x00000000ea000000, 0x00000000ea000000| Untracked 
| 161|0x00000000ea100000, 0x00000000ea100000, 0x00000000ea200000|  0%| F|  |TAMS 0x00000000ea100000, 0x00000000ea100000| Untracked 
| 162|0x00000000ea200000, 0x00000000ea200000, 0x00000000ea300000|  0%| F|  |TAMS 0x00000000ea200000, 0x00000000ea200000| Untracked 
| 163|0x00000000ea300000, 0x00000000ea300000, 0x00000000ea400000|  0%| F|  |TAMS 0x00000000ea300000, 0x00000000ea300000| Untracked 
| 164|0x00000000ea400000, 0x00000000ea400000, 0x00000000ea500000|  0%| F|  |TAMS 0x00000000ea400000, 0x00000000ea400000| Untracked 
| 165|0x00000000ea500000, 0x00000000ea500000, 0x00000000ea600000|  0%| F|  |TAMS 0x00000000ea500000, 0x00000000ea500000| Untracked 
| 166|0x00000000ea600000, 0x00000000ea600000, 0x00000000ea700000|  0%| F|  |TAMS 0x00000000ea600000, 0x00000000ea600000| Untracked 
| 167|0x00000000ea700000, 0x00000000ea700000, 0x00000000ea800000|  0%| F|  |TAMS 0x00000000ea700000, 0x00000000ea700000| Untracked 
| 168|0x00000000ea800000, 0x00000000ea800000, 0x00000000ea900000|  0%| F|  |TAMS 0x00000000ea800000, 0x00000000ea800000| Untracked 
| 169|0x00000000ea900000, 0x00000000ea900000, 0x00000000eaa00000|  0%| F|  |TAMS 0x00000000ea900000, 0x00000000ea900000| Untracked 
| 170|0x00000000eaa00000, 0x00000000eaa00000, 0x00000000eab00000|  0%| F|  |TAMS 0x00000000eaa00000, 0x00000000eaa00000| Untracked 
| 171|0x00000000eab00000, 0x00000000eab00000, 0x00000000eac00000|  0%| F|  |TAMS 0x00000000eab00000, 0x00000000eab00000| Untracked 
| 172|0x00000000eac00000, 0x00000000eac00000, 0x00000000ead00000|  0%| F|  |TAMS 0x00000000eac00000, 0x00000000eac00000| Untracked 
| 173|0x00000000ead00000, 0x00000000ead00000, 0x00000000eae00000|  0%| F|  |TAMS 0x00000000ead00000, 0x00000000ead00000| Untracked 
| 174|0x00000000eae00000, 0x00000000eae00000, 0x00000000eaf00000|  0%| F|  |TAMS 0x00000000eae00000, 0x00000000eae00000| Untracked 
| 175|0x00000000eaf00000, 0x00000000eaf00000, 0x00000000eb000000|  0%| F|  |TAMS 0x00000000eaf00000, 0x00000000eaf00000| Untracked 
| 176|0x00000000eb000000, 0x00000000eb000000, 0x00000000eb100000|  0%| F|  |TAMS 0x00000000eb000000, 0x00000000eb000000| Untracked 
| 177|0x00000000eb100000, 0x00000000eb100000, 0x00000000eb200000|  0%| F|  |TAMS 0x00000000eb100000, 0x00000000eb100000| Untracked 
| 178|0x00000000eb200000, 0x00000000eb200000, 0x00000000eb300000|  0%| F|  |TAMS 0x00000000eb200000, 0x00000000eb200000| Untracked 
| 179|0x00000000eb300000, 0x00000000eb300000, 0x00000000eb400000|  0%| F|  |TAMS 0x00000000eb300000, 0x00000000eb300000| Untracked 
| 180|0x00000000eb400000, 0x00000000eb400000, 0x00000000eb500000|  0%| F|  |TAMS 0x00000000eb400000, 0x00000000eb400000| Untracked 
| 181|0x00000000eb500000, 0x00000000eb500000, 0x00000000eb600000|  0%| F|  |TAMS 0x00000000eb500000, 0x00000000eb500000| Untracked 
| 182|0x00000000eb600000, 0x00000000eb600000, 0x00000000eb700000|  0%| F|  |TAMS 0x00000000eb600000, 0x00000000eb600000| Untracked 
| 183|0x00000000eb700000, 0x00000000eb700000, 0x00000000eb800000|  0%| F|  |TAMS 0x00000000eb700000, 0x00000000eb700000| Untracked 
| 184|0x00000000eb800000, 0x00000000eb800000, 0x00000000eb900000|  0%| F|  |TAMS 0x00000000eb800000, 0x00000000eb800000| Untracked 
| 185|0x00000000eb900000, 0x00000000eb900000, 0x00000000eba00000|  0%| F|  |TAMS 0x00000000eb900000, 0x00000000eb900000| Untracked 
| 186|0x00000000eba00000, 0x00000000eba00000, 0x00000000ebb00000|  0%| F|  |TAMS 0x00000000eba00000, 0x00000000eba00000| Untracked 
| 187|0x00000000ebb00000, 0x00000000ebb00000, 0x00000000ebc00000|  0%| F|  |TAMS 0x00000000ebb00000, 0x00000000ebb00000| Untracked 
| 188|0x00000000ebc00000, 0x00000000ebc00000, 0x00000000ebd00000|  0%| F|  |TAMS 0x00000000ebc00000, 0x00000000ebc00000| Untracked 
| 189|0x00000000ebd00000, 0x00000000ebd00000, 0x00000000ebe00000|  0%| F|  |TAMS 0x00000000ebd00000, 0x00000000ebd00000| Untracked 
| 190|0x00000000ebe00000, 0x00000000ebe00000, 0x00000000ebf00000|  0%| F|  |TAMS 0x00000000ebe00000, 0x00000000ebe00000| Untracked 
| 191|0x00000000ebf00000, 0x00000000ebf00000, 0x00000000ec000000|  0%| F|  |TAMS 0x00000000ebf00000, 0x00000000ebf00000| Untracked 
| 192|0x00000000ec000000, 0x00000000ec000000, 0x00000000ec100000|  0%| F|  |TAMS 0x00000000ec000000, 0x00000000ec000000| Untracked 
| 193|0x00000000ec100000, 0x00000000ec100000, 0x00000000ec200000|  0%| F|  |TAMS 0x00000000ec100000, 0x00000000ec100000| Untracked 
| 194|0x00000000ec200000, 0x00000000ec200000, 0x00000000ec300000|  0%| F|  |TAMS 0x00000000ec200000, 0x00000000ec200000| Untracked 
| 195|0x00000000ec300000, 0x00000000ec300000, 0x00000000ec400000|  0%| F|  |TAMS 0x00000000ec300000, 0x00000000ec300000| Untracked 
| 196|0x00000000ec400000, 0x00000000ec400000, 0x00000000ec500000|  0%| F|  |TAMS 0x00000000ec400000, 0x00000000ec400000| Untracked 
| 197|0x00000000ec500000, 0x00000000ec500000, 0x00000000ec600000|  0%| F|  |TAMS 0x00000000ec500000, 0x00000000ec500000| Untracked 
| 198|0x00000000ec600000, 0x00000000ec600000, 0x00000000ec700000|  0%| F|  |TAMS 0x00000000ec600000, 0x00000000ec600000| Untracked 
| 199|0x00000000ec700000, 0x00000000ec700000, 0x00000000ec800000|  0%| F|  |TAMS 0x00000000ec700000, 0x00000000ec700000| Untracked 
| 200|0x00000000ec800000, 0x00000000ec800000, 0x00000000ec900000|  0%| F|  |TAMS 0x00000000ec800000, 0x00000000ec800000| Untracked 
| 201|0x00000000ec900000, 0x00000000ec900000, 0x00000000eca00000|  0%| F|  |TAMS 0x00000000ec900000, 0x00000000ec900000| Untracked 
| 202|0x00000000eca00000, 0x00000000eca00000, 0x00000000ecb00000|  0%| F|  |TAMS 0x00000000eca00000, 0x00000000eca00000| Untracked 
| 203|0x00000000ecb00000, 0x00000000ecb00000, 0x00000000ecc00000|  0%| F|  |TAMS 0x00000000ecb00000, 0x00000000ecb00000| Untracked 
| 204|0x00000000ecc00000, 0x00000000ecc00000, 0x00000000ecd00000|  0%| F|  |TAMS 0x00000000ecc00000, 0x00000000ecc00000| Untracked 
| 205|0x00000000ecd00000, 0x00000000ecd00000, 0x00000000ece00000|  0%| F|  |TAMS 0x00000000ecd00000, 0x00000000ecd00000| Untracked 
| 206|0x00000000ece00000, 0x00000000ece00000, 0x00000000ecf00000|  0%| F|  |TAMS 0x00000000ece00000, 0x00000000ece00000| Untracked 
| 207|0x00000000ecf00000, 0x00000000ecf00000, 0x00000000ed000000|  0%| F|  |TAMS 0x00000000ecf00000, 0x00000000ecf00000| Untracked 
| 208|0x00000000ed000000, 0x00000000ed000000, 0x00000000ed100000|  0%| F|  |TAMS 0x00000000ed000000, 0x00000000ed000000| Untracked 
| 209|0x00000000ed100000, 0x00000000ed200000, 0x00000000ed200000|100%| E|  |TAMS 0x00000000ed100000, 0x00000000ed100000| Complete 
| 210|0x00000000ed200000, 0x00000000ed300000, 0x00000000ed300000|100%| E|CS|TAMS 0x00000000ed200000, 0x00000000ed200000| Complete 
| 211|0x00000000ed300000, 0x00000000ed400000, 0x00000000ed400000|100%| E|CS|TAMS 0x00000000ed300000, 0x00000000ed300000| Complete 
| 212|0x00000000ed400000, 0x00000000ed500000, 0x00000000ed500000|100%| E|CS|TAMS 0x00000000ed400000, 0x00000000ed400000| Complete 
| 213|0x00000000ed500000, 0x00000000ed600000, 0x00000000ed600000|100%| E|CS|TAMS 0x00000000ed500000, 0x00000000ed500000| Complete 
| 214|0x00000000ed600000, 0x00000000ed700000, 0x00000000ed700000|100%| E|CS|TAMS 0x00000000ed600000, 0x00000000ed600000| Complete 
| 215|0x00000000ed700000, 0x00000000ed800000, 0x00000000ed800000|100%| E|CS|TAMS 0x00000000ed700000, 0x00000000ed700000| Complete 
| 216|0x00000000ed800000, 0x00000000ed900000, 0x00000000ed900000|100%| E|CS|TAMS 0x00000000ed800000, 0x00000000ed800000| Complete 
| 217|0x00000000ed900000, 0x00000000eda00000, 0x00000000eda00000|100%| E|CS|TAMS 0x00000000ed900000, 0x00000000ed900000| Complete 
| 218|0x00000000eda00000, 0x00000000edb00000, 0x00000000edb00000|100%| E|CS|TAMS 0x00000000eda00000, 0x00000000eda00000| Complete 
| 219|0x00000000edb00000, 0x00000000edc00000, 0x00000000edc00000|100%| E|CS|TAMS 0x00000000edb00000, 0x00000000edb00000| Complete 
| 220|0x00000000edc00000, 0x00000000edd00000, 0x00000000edd00000|100%| E|CS|TAMS 0x00000000edc00000, 0x00000000edc00000| Complete 
| 221|0x00000000edd00000, 0x00000000ede00000, 0x00000000ede00000|100%| E|CS|TAMS 0x00000000edd00000, 0x00000000edd00000| Complete 
| 222|0x00000000ede00000, 0x00000000edf00000, 0x00000000edf00000|100%| E|CS|TAMS 0x00000000ede00000, 0x00000000ede00000| Complete 
| 223|0x00000000edf00000, 0x00000000ee000000, 0x00000000ee000000|100%| E|CS|TAMS 0x00000000edf00000, 0x00000000edf00000| Complete 
| 224|0x00000000ee000000, 0x00000000ee100000, 0x00000000ee100000|100%| E|CS|TAMS 0x00000000ee000000, 0x00000000ee000000| Complete 
| 225|0x00000000ee100000, 0x00000000ee200000, 0x00000000ee200000|100%| E|CS|TAMS 0x00000000ee100000, 0x00000000ee100000| Complete 
| 226|0x00000000ee200000, 0x00000000ee300000, 0x00000000ee300000|100%| E|CS|TAMS 0x00000000ee200000, 0x00000000ee200000| Complete 
| 227|0x00000000ee300000, 0x00000000ee400000, 0x00000000ee400000|100%| E|CS|TAMS 0x00000000ee300000, 0x00000000ee300000| Complete 
| 228|0x00000000ee400000, 0x00000000ee500000, 0x00000000ee500000|100%| E|CS|TAMS 0x00000000ee400000, 0x00000000ee400000| Complete 
| 229|0x00000000ee500000, 0x00000000ee600000, 0x00000000ee600000|100%| E|CS|TAMS 0x00000000ee500000, 0x00000000ee500000| Complete 
| 230|0x00000000ee600000, 0x00000000ee700000, 0x00000000ee700000|100%| E|CS|TAMS 0x00000000ee600000, 0x00000000ee600000| Complete 
| 231|0x00000000ee700000, 0x00000000ee800000, 0x00000000ee800000|100%| E|CS|TAMS 0x00000000ee700000, 0x00000000ee700000| Complete 
| 232|0x00000000ee800000, 0x00000000ee900000, 0x00000000ee900000|100%| E|CS|TAMS 0x00000000ee800000, 0x00000000ee800000| Complete 
| 233|0x00000000ee900000, 0x00000000eea00000, 0x00000000eea00000|100%| E|CS|TAMS 0x00000000ee900000, 0x00000000ee900000| Complete 
| 234|0x00000000eea00000, 0x00000000eeb00000, 0x00000000eeb00000|100%| E|CS|TAMS 0x00000000eea00000, 0x00000000eea00000| Complete 
| 235|0x00000000eeb00000, 0x00000000eec00000, 0x00000000eec00000|100%| E|CS|TAMS 0x00000000eeb00000, 0x00000000eeb00000| Complete 
| 236|0x00000000eec00000, 0x00000000eed00000, 0x00000000eed00000|100%| E|CS|TAMS 0x00000000eec00000, 0x00000000eec00000| Complete 
| 237|0x00000000eed00000, 0x00000000eee00000, 0x00000000eee00000|100%| E|CS|TAMS 0x00000000eed00000, 0x00000000eed00000| Complete 
| 238|0x00000000eee00000, 0x00000000eef00000, 0x00000000eef00000|100%| E|CS|TAMS 0x00000000eee00000, 0x00000000eee00000| Complete 
| 239|0x00000000eef00000, 0x00000000ef000000, 0x00000000ef000000|100%| E|CS|TAMS 0x00000000eef00000, 0x00000000eef00000| Complete 
| 240|0x00000000ef000000, 0x00000000ef100000, 0x00000000ef100000|100%| E|CS|TAMS 0x00000000ef000000, 0x00000000ef000000| Complete 
| 241|0x00000000ef100000, 0x00000000ef200000, 0x00000000ef200000|100%| E|CS|TAMS 0x00000000ef100000, 0x00000000ef100000| Complete 
| 242|0x00000000ef200000, 0x00000000ef300000, 0x00000000ef300000|100%| E|CS|TAMS 0x00000000ef200000, 0x00000000ef200000| Complete 
| 243|0x00000000ef300000, 0x00000000ef400000, 0x00000000ef400000|100%| E|CS|TAMS 0x00000000ef300000, 0x00000000ef300000| Complete 
| 244|0x00000000ef400000, 0x00000000ef500000, 0x00000000ef500000|100%| E|CS|TAMS 0x00000000ef400000, 0x00000000ef400000| Complete 
| 245|0x00000000ef500000, 0x00000000ef600000, 0x00000000ef600000|100%| E|CS|TAMS 0x00000000ef500000, 0x00000000ef500000| Complete 
| 246|0x00000000ef600000, 0x00000000ef700000, 0x00000000ef700000|100%| E|CS|TAMS 0x00000000ef600000, 0x00000000ef600000| Complete 
| 247|0x00000000ef700000, 0x00000000ef800000, 0x00000000ef800000|100%| E|CS|TAMS 0x00000000ef700000, 0x00000000ef700000| Complete 
| 248|0x00000000ef800000, 0x00000000ef900000, 0x00000000ef900000|100%| E|CS|TAMS 0x00000000ef800000, 0x00000000ef800000| Complete 
| 249|0x00000000ef900000, 0x00000000efa00000, 0x00000000efa00000|100%| E|CS|TAMS 0x00000000ef900000, 0x00000000ef900000| Complete 
| 250|0x00000000efa00000, 0x00000000efb00000, 0x00000000efb00000|100%| E|  |TAMS 0x00000000efa00000, 0x00000000efa00000| Complete 
| 251|0x00000000efb00000, 0x00000000efc00000, 0x00000000efc00000|100%| E|CS|TAMS 0x00000000efb00000, 0x00000000efb00000| Complete 
| 252|0x00000000efc00000, 0x00000000efd00000, 0x00000000efd00000|100%| E|CS|TAMS 0x00000000efc00000, 0x00000000efc00000| Complete 
| 253|0x00000000efd00000, 0x00000000efe00000, 0x00000000efe00000|100%| E|CS|TAMS 0x00000000efd00000, 0x00000000efd00000| Complete 
| 254|0x00000000efe00000, 0x00000000eff00000, 0x00000000eff00000|100%| E|CS|TAMS 0x00000000efe00000, 0x00000000efe00000| Complete 
| 255|0x00000000eff00000, 0x00000000f0000000, 0x00000000f0000000|100%| E|CS|TAMS 0x00000000eff00000, 0x00000000eff00000| Complete 

Card table byte_map: [0x0000023d1a240000,0x0000023d1a340000] _byte_map_base: 0x0000023d19b40000

Marking Bits (Prev, Next): (CMBitMap*) 0x0000023d06effa38, (CMBitMap*) 0x0000023d06effa70
 Prev Bits: [0x0000023d1a440000, 0x0000023d1ac40000)
 Next Bits: [0x0000023d1ac40000, 0x0000023d1b440000)

Polling page: 0x0000023d05620000

Metaspace:

Usage:
  Non-class:     61.54 MB capacity,    60.22 MB ( 98%) used,     1.09 MB (  2%) free+waste,   236.25 KB ( <1%) overhead. 
      Class:      9.92 MB capacity,     9.12 MB ( 92%) used,   704.80 KB (  7%) free+waste,   113.31 KB (  1%) overhead. 
       Both:     71.46 MB capacity,    69.34 MB ( 97%) used,     1.77 MB (  2%) free+waste,   349.56 KB ( <1%) overhead. 

Virtual space:
  Non-class space:       62.00 MB reserved,      61.74 MB (>99%) committed 
      Class space:      248.00 MB reserved,      10.00 MB (  4%) committed 
             Both:      310.00 MB reserved,      71.74 MB ( 23%) committed 

Chunk freelists:
   Non-Class:  14.00 KB
       Class:  0 bytes
        Both:  14.00 KB

MaxMetaspaceSize: 256.00 MB
CompressedClassSpaceSize: 248.00 MB
Initial GC threshold: 20.80 MB
Current GC threshold: 116.66 MB
CDS: off

CodeHeap 'non-profiled nmethods': size=120064Kb used=4175Kb max_used=4175Kb free=115888Kb
 bounds [0x0000023d125e0000, 0x0000023d12a00000, 0x0000023d19b20000]
CodeHeap 'profiled nmethods': size=120000Kb used=15512Kb max_used=15512Kb free=104487Kb
 bounds [0x0000023d0b0b0000, 0x0000023d0bfe0000, 0x0000023d125e0000]
CodeHeap 'non-nmethods': size=5696Kb used=2349Kb max_used=2396Kb free=3346Kb
 bounds [0x0000023d0ab20000, 0x0000023d0ad90000, 0x0000023d0b0b0000]
 total_blobs=8627 nmethods=7767 adapters=771
 compilation: enabled
              stopped_count=0, restarted_count=0
 full_count=0

Compilation events (20 events):
Event: 82.086 Thread 0x0000023d1da72000 7819       2       java.lang.StringUTF16::length (5 bytes)
Event: 82.086 Thread 0x0000023d1da72000 nmethod 7819 0x0000023d0bfd2a10 code [0x0000023d0bfd2bc0, 0x0000023d0bfd2c98]
Event: 82.092 Thread 0x0000023d1da72000 7822       2       java.lang.ProcessEnvironment$CheckedEntry::getKey (5 bytes)
Event: 82.092 Thread 0x0000023d1da72000 nmethod 7822 0x0000023d0bfd2d90 code [0x0000023d0bfd2f40, 0x0000023d0bfd3088]
Event: 82.092 Thread 0x0000023d1da72000 7823       2       java.lang.ProcessEnvironment$CheckedEntry::getKey (13 bytes)
Event: 82.092 Thread 0x0000023d1da72000 nmethod 7823 0x0000023d0bfd3190 code [0x0000023d0bfd3340, 0x0000023d0bfd3488]
Event: 82.092 Thread 0x0000023d1da72000 7820       2       java.lang.ProcessEnvironment$CheckedEntry::getValue (5 bytes)
Event: 82.092 Thread 0x0000023d1da72000 nmethod 7820 0x0000023d0bfd3590 code [0x0000023d0bfd3740, 0x0000023d0bfd3888]
Event: 82.092 Thread 0x0000023d1da72000 7821       2       java.lang.ProcessEnvironment$CheckedEntry::getValue (13 bytes)
Event: 82.092 Thread 0x0000023d1da72000 nmethod 7821 0x0000023d0bfd3990 code [0x0000023d0bfd3b40, 0x0000023d0bfd3c88]
Event: 82.093 Thread 0x0000023d1da72000 7824       2       java.util.TimSort::mergeHi (732 bytes)
Event: 82.095 Thread 0x0000023d1da72000 nmethod 7824 0x0000023d0bfd3d90 code [0x0000023d0bfd4080, 0x0000023d0bfd5978]
Event: 82.110 Thread 0x0000023d1da6e000 nmethod 7404 0x0000023d129d9410 code [0x0000023d129d9ae0, 0x0000023d129e1358]
Event: 82.110 Thread 0x0000023d1da6e000 7455       4       java.util.AbstractCollection::addAll (42 bytes)
Event: 82.133 Thread 0x0000023d28060800 nmethod 7463 0x0000023d129e4190 code [0x0000023d129e4800, 0x0000023d129ed1b0]
Event: 82.134 Thread 0x0000023d28060800 7696       4       java.lang.AbstractStringBuilder::append (45 bytes)
Event: 82.139 Thread 0x0000023d28060800 nmethod 7696 0x0000023d129f0c90 code [0x0000023d129f0e60, 0x0000023d129f1538]
Event: 82.139 Thread 0x0000023d28060800 7693       4       java.lang.String::getBytes (44 bytes)
Event: 82.141 Thread 0x0000023d28060800 nmethod 7693 0x0000023d129f1890 code [0x0000023d129f1a20, 0x0000023d129f1c18]
Event: 82.141 Thread 0x0000023d28060800 7738       4       com.google.common.collect.ImmutableSet$Builder::add (47 bytes)

GC Heap History (20 events):
Event: 0.687 GC heap before
{Heap before GC invocations=1 (full 0):
 garbage-first heap   total 262144K, used 21870K [0x00000000e0000000, 0x0000000100000000)
  region size 1024K, 16 young (16384K), 2 survivors (2048K)
 Metaspace       used 10247K, capacity 10557K, committed 10624K, reserved 264192K
  class space    used 1068K, capacity 1139K, committed 1152K, reserved 253952K
}
Event: 0.690 GC heap after
{Heap after GC invocations=2 (full 0):
 garbage-first heap   total 262144K, used 9475K [0x00000000e0000000, 0x0000000100000000)
  region size 1024K, 2 young (2048K), 2 survivors (2048K)
 Metaspace       used 10247K, capacity 10557K, committed 10624K, reserved 264192K
  class space    used 1068K, capacity 1139K, committed 1152K, reserved 253952K
}
Event: 1.104 GC heap before
{Heap before GC invocations=2 (full 0):
 garbage-first heap   total 262144K, used 40195K [0x00000000e0000000, 0x0000000100000000)
  region size 1024K, 32 young (32768K), 2 survivors (2048K)
 Metaspace       used 11199K, capacity 11510K, committed 11776K, reserved 266240K
  class space    used 1169K, capacity 1243K, committed 1280K, reserved 253952K
}
Event: 1.109 GC heap after
{Heap after GC invocations=3 (full 0):
 garbage-first heap   total 262144K, used 13195K [0x00000000e0000000, 0x0000000100000000)
  region size 1024K, 4 young (4096K), 4 survivors (4096K)
 Metaspace       used 11199K, capacity 11510K, committed 11776K, reserved 266240K
  class space    used 1169K, capacity 1243K, committed 1280K, reserved 253952K
}
Event: 2.059 GC heap before
{Heap before GC invocations=3 (full 0):
 garbage-first heap   total 262144K, used 57227K [0x00000000e0000000, 0x0000000100000000)
  region size 1024K, 47 young (48128K), 4 survivors (4096K)
 Metaspace       used 18115K, capacity 18517K, committed 18688K, reserved 270336K
  class space    used 2171K, capacity 2286K, committed 2304K, reserved 253952K
}
Event: 2.066 GC heap after
{Heap after GC invocations=4 (full 0):
 garbage-first heap   total 262144K, used 16706K [0x00000000e0000000, 0x0000000100000000)
  region size 1024K, 6 young (6144K), 6 survivors (6144K)
 Metaspace       used 18115K, capacity 18517K, committed 18688K, reserved 270336K
  class space    used 2171K, capacity 2286K, committed 2304K, reserved 253952K
}
Event: 2.274 GC heap before
{Heap before GC invocations=4 (full 0):
 garbage-first heap   total 262144K, used 36162K [0x00000000e0000000, 0x0000000100000000)
  region size 1024K, 26 young (26624K), 6 survivors (6144K)
 Metaspace       used 20561K, capacity 21092K, committed 21248K, reserved 272384K
  class space    used 2527K, capacity 2701K, committed 2816K, reserved 253952K
}
Event: 2.279 GC heap after
{Heap after GC invocations=5 (full 0):
 garbage-first heap   total 262144K, used 17693K [0x00000000e0000000, 0x0000000100000000)
  region size 1024K, 4 young (4096K), 4 survivors (4096K)
 Metaspace       used 20561K, capacity 21092K, committed 21248K, reserved 272384K
  class space    used 2527K, capacity 2701K, committed 2816K, reserved 253952K
}
Event: 2.918 GC heap before
{Heap before GC invocations=6 (full 0):
 garbage-first heap   total 262144K, used 71965K [0x00000000e0000000, 0x0000000100000000)
  region size 1024K, 58 young (59392K), 4 survivors (4096K)
 Metaspace       used 25921K, capacity 26575K, committed 26752K, reserved 278528K
  class space    used 3397K, capacity 3618K, committed 3712K, reserved 253952K
}
Event: 2.928 GC heap after
{Heap after GC invocations=7 (full 0):
 garbage-first heap   total 262144K, used 19583K [0x00000000e0000000, 0x0000000100000000)
  region size 1024K, 6 young (6144K), 6 survivors (6144K)
 Metaspace       used 25921K, capacity 26575K, committed 26752K, reserved 278528K
  class space    used 3397K, capacity 3618K, committed 3712K, reserved 253952K
}
Event: 3.938 GC heap before
{Heap before GC invocations=7 (full 0):
 garbage-first heap   total 262144K, used 75903K [0x00000000e0000000, 0x0000000100000000)
  region size 1024K, 62 young (63488K), 6 survivors (6144K)
 Metaspace       used 34848K, capacity 35602K, committed 35840K, reserved 286720K
  class space    used 4556K, capacity 4843K, committed 4864K, reserved 253952K
}
Event: 3.951 GC heap after
{Heap after GC invocations=8 (full 0):
 garbage-first heap   total 262144K, used 22852K [0x00000000e0000000, 0x0000000100000000)
  region size 1024K, 9 young (9216K), 9 survivors (9216K)
 Metaspace       used 34848K, capacity 35602K, committed 35840K, reserved 286720K
  class space    used 4556K, capacity 4843K, committed 4864K, reserved 253952K
}
Event: 5.202 GC heap before
{Heap before GC invocations=9 (full 0):
 garbage-first heap   total 262144K, used 121156K [0x00000000e0000000, 0x0000000100000000)
  region size 1024K, 102 young (104448K), 9 survivors (9216K)
 Metaspace       used 43390K, capacity 44340K, committed 44672K, reserved 292864K
  class space    used 5541K, capacity 5915K, committed 6016K, reserved 253952K
}
Event: 5.222 GC heap after
{Heap after GC invocations=10 (full 0):
 garbage-first heap   total 262144K, used 28724K [0x00000000e0000000, 0x0000000100000000)
  region size 1024K, 12 young (12288K), 12 survivors (12288K)
 Metaspace       used 43390K, capacity 44340K, committed 44672K, reserved 292864K
  class space    used 5541K, capacity 5915K, committed 6016K, reserved 253952K
}
Event: 11.176 GC heap before
{Heap before GC invocations=10 (full 0):
 garbage-first heap   total 262144K, used 145460K [0x00000000e0000000, 0x0000000100000000)
  region size 1024K, 126 young (129024K), 12 survivors (12288K)
 Metaspace       used 53011K, capacity 54474K, committed 54656K, reserved 301056K
  class space    used 6961K, capacity 7510K, committed 7552K, reserved 253952K
}
Event: 11.194 GC heap after
{Heap after GC invocations=11 (full 0):
 garbage-first heap   total 262144K, used 34564K [0x00000000e0000000, 0x0000000100000000)
  region size 1024K, 12 young (12288K), 12 survivors (12288K)
 Metaspace       used 53011K, capacity 54474K, committed 54656K, reserved 301056K
  class space    used 6961K, capacity 7510K, committed 7552K, reserved 253952K
}
Event: 11.821 GC heap before
{Heap before GC invocations=11 (full 0):
 garbage-first heap   total 262144K, used 81668K [0x00000000e0000000, 0x0000000100000000)
  region size 1024K, 59 young (60416K), 12 survivors (12288K)
 Metaspace       used 58117K, capacity 59807K, committed 59904K, reserved 307200K
  class space    used 7733K, capacity 8418K, committed 8448K, reserved 253952K
}
Event: 11.841 GC heap after
{Heap after GC invocations=12 (full 0):
 garbage-first heap   total 262144K, used 36864K [0x00000000e0000000, 0x0000000100000000)
  region size 1024K, 9 young (9216K), 9 survivors (9216K)
 Metaspace       used 58117K, capacity 59807K, committed 59904K, reserved 307200K
  class space    used 7733K, capacity 8418K, committed 8448K, reserved 253952K
}
Event: 14.195 GC heap before
{Heap before GC invocations=13 (full 0):
 garbage-first heap   total 262144K, used 181248K [0x00000000e0000000, 0x0000000100000000)
  region size 1024K, 151 young (154624K), 9 survivors (9216K)
 Metaspace       used 69488K, capacity 71387K, committed 71672K, reserved 317440K
  class space    used 9149K, capacity 9882K, committed 9984K, reserved 253952K
}
Event: 14.221 GC heap after
{Heap after GC invocations=14 (full 0):
 garbage-first heap   total 262144K, used 42727K [0x00000000e0000000, 0x0000000100000000)
  region size 1024K, 15 young (15360K), 15 survivors (15360K)
 Metaspace       used 69488K, capacity 71387K, committed 71672K, reserved 317440K
  class space    used 9149K, capacity 9882K, committed 9984K, reserved 253952K
}

Deoptimization events (20 events):
Event: 81.769 Thread 0x0000023d204e8800 DEOPT PACKING pc=0x0000023d0b69644c sp=0x0000007f1e4fcc00
Event: 81.769 Thread 0x0000023d204e8800 DEOPT UNPACKING pc=0x0000023d0ab6a95e sp=0x0000007f1e4fc1a0 mode 0
Event: 81.956 Thread 0x0000023d213b5000 Uncommon trap: trap_request=0xffffffbe fr.pc=0x0000023d129162ec relative=0x00000000000010ac
Event: 81.956 Thread 0x0000023d213b5000 Uncommon trap: reason=profile_predicate action=maybe_recompile pc=0x0000023d129162ec method=com.google.common.collect.ImmutableSet$Builder.addDeduping(Ljava/lang/Object;)V @ 36 c2
Event: 81.956 Thread 0x0000023d213b5000 DEOPT PACKING pc=0x0000023d129162ec sp=0x0000007f1c9fa1f0
Event: 81.957 Thread 0x0000023d213b5000 DEOPT UNPACKING pc=0x0000023d0ab6a1af sp=0x0000007f1c9fa168 mode 2
Event: 81.957 Thread 0x0000023d213b5000 Uncommon trap: trap_request=0xffffffbe fr.pc=0x0000023d129162ec relative=0x00000000000010ac
Event: 81.957 Thread 0x0000023d213b5000 Uncommon trap: reason=profile_predicate action=maybe_recompile pc=0x0000023d129162ec method=com.google.common.collect.ImmutableSet$Builder.addDeduping(Ljava/lang/Object;)V @ 36 c2
Event: 81.957 Thread 0x0000023d213b5000 DEOPT PACKING pc=0x0000023d129162ec sp=0x0000007f1c9fa840
Event: 81.957 Thread 0x0000023d213b5000 DEOPT UNPACKING pc=0x0000023d0ab6a1af sp=0x0000007f1c9fa7c8 mode 2
Event: 81.957 Thread 0x0000023d213b5000 Uncommon trap: trap_request=0xffffffbe fr.pc=0x0000023d129162ec relative=0x00000000000010ac
Event: 81.957 Thread 0x0000023d213b5000 Uncommon trap: reason=profile_predicate action=maybe_recompile pc=0x0000023d129162ec method=com.google.common.collect.ImmutableSet$Builder.addDeduping(Ljava/lang/Object;)V @ 36 c2
Event: 81.957 Thread 0x0000023d213b5000 DEOPT PACKING pc=0x0000023d129162ec sp=0x0000007f1c9fa840
Event: 81.957 Thread 0x0000023d213b5000 DEOPT UNPACKING pc=0x0000023d0ab6a1af sp=0x0000007f1c9fa7c8 mode 2
Event: 81.957 Thread 0x0000023d213b5000 Uncommon trap: trap_request=0xffffffbe fr.pc=0x0000023d129162ec relative=0x00000000000010ac
Event: 81.957 Thread 0x0000023d213b5000 Uncommon trap: reason=profile_predicate action=maybe_recompile pc=0x0000023d129162ec method=com.google.common.collect.ImmutableSet$Builder.addDeduping(Ljava/lang/Object;)V @ 36 c2
Event: 81.957 Thread 0x0000023d213b5000 DEOPT PACKING pc=0x0000023d129162ec sp=0x0000007f1c9fa840
Event: 81.957 Thread 0x0000023d213b5000 DEOPT UNPACKING pc=0x0000023d0ab6a1af sp=0x0000007f1c9fa7c8 mode 2
Event: 81.978 Thread 0x0000023d213b5000 DEOPT PACKING pc=0x0000023d0b87e471 sp=0x0000007f1c9f9e40
Event: 81.978 Thread 0x0000023d213b5000 DEOPT UNPACKING pc=0x0000023d0ab6a95e sp=0x0000007f1c9f9338 mode 0

Classes redefined (0 events):
No events

Internal exceptions (20 events):
Event: 81.924 Thread 0x0000023d213b5000 Exception <a 'java/lang/ClassNotFoundException'{0x00000000eda953a0}: java/lang/SystemBeanInfo> (0x00000000eda953a0) thrown at [./src/hotspot/share/classfile/systemDictionary.cpp, line 231]
Event: 81.924 Thread 0x0000023d213b5000 Exception <a 'java/lang/ClassNotFoundException'{0x00000000eda9ffa0}: java/lang/SystemCustomizer> (0x00000000eda9ffa0) thrown at [./src/hotspot/share/classfile/systemDictionary.cpp, line 231]
Event: 81.932 Thread 0x0000023d213b5000 Exception <a 'java/lang/ClassNotFoundException'{0x00000000ed725400}: org/gradle/api/internal/tasks/DefaultSourceSetContainer_DecoratedBeanInfo> (0x00000000ed725400) thrown at [./src/hotspot/share/classfile/systemDictionary.cpp, line 231]
Event: 81.933 Thread 0x0000023d213b5000 Exception <a 'java/lang/ClassNotFoundException'{0x00000000ed74b2a0}: org/gradle/api/internal/tasks/DefaultSourceSetContainerBeanInfo> (0x00000000ed74b2a0) thrown at [./src/hotspot/share/classfile/systemDictionary.cpp, line 231]
Event: 81.933 Thread 0x0000023d213b5000 Exception <a 'java/lang/ClassNotFoundException'{0x00000000ed767158}: org/gradle/api/internal/AbstractValidatingNamedDomainObjectContainerBeanInfo> (0x00000000ed767158) thrown at [./src/hotspot/share/classfile/systemDictionary.cpp, line 231]
Event: 81.934 Thread 0x0000023d213b5000 Exception <a 'java/lang/ClassNotFoundException'{0x00000000ed7814a0}: org/gradle/api/internal/AbstractNamedDomainObjectContainerBeanInfo> (0x00000000ed7814a0) thrown at [./src/hotspot/share/classfile/systemDictionary.cpp, line 231]
Event: 81.934 Thread 0x0000023d213b5000 Exception <a 'java/lang/ClassNotFoundException'{0x00000000ed79bf88}: org/gradle/api/internal/AbstractNamedDomainObjectContainerCustomizer> (0x00000000ed79bf88) thrown at [./src/hotspot/share/classfile/systemDictionary.cpp, line 231]
Event: 81.935 Thread 0x0000023d213b5000 Exception <a 'java/lang/ClassNotFoundException'{0x00000000ed7caeb0}: org/gradle/api/internal/AbstractValidatingNamedDomainObjectContainerCustomizer> (0x00000000ed7caeb0) thrown at [./src/hotspot/share/classfile/systemDictionary.cpp, line 231]
Event: 81.936 Thread 0x0000023d213b5000 Exception <a 'java/lang/ClassNotFoundException'{0x00000000ed7fbe28}: org/gradle/api/internal/tasks/DefaultSourceSetContainerCustomizer> (0x00000000ed7fbe28) thrown at [./src/hotspot/share/classfile/systemDictionary.cpp, line 231]
Event: 81.937 Thread 0x0000023d213b5000 Exception <a 'java/lang/ClassNotFoundException'{0x00000000ed631060}: org/gradle/api/internal/tasks/DefaultSourceSetContainer_DecoratedCustomizer> (0x00000000ed631060) thrown at [./src/hotspot/share/classfile/systemDictionary.cpp, line 231]
Event: 81.944 Thread 0x0000023d213b5000 Exception <a 'java/lang/ClassNotFoundException'{0x00000000ed6de430}: org/gradle/api/internal/tasks/DefaultSourceSet_DecoratedBeanInfo> (0x00000000ed6de430) thrown at [./src/hotspot/share/classfile/systemDictionary.cpp, line 231]
Event: 81.945 Thread 0x0000023d213b5000 Exception <a 'java/lang/ClassNotFoundException'{0x00000000ed5026a8}: org/gradle/api/internal/tasks/DefaultSourceSetBeanInfo> (0x00000000ed5026a8) thrown at [./src/hotspot/share/classfile/systemDictionary.cpp, line 231]
Event: 81.945 Thread 0x0000023d213b5000 Exception <a 'java/lang/ClassNotFoundException'{0x00000000ed526540}: org/gradle/api/internal/tasks/DefaultSourceSetCustomizer> (0x00000000ed526540) thrown at [./src/hotspot/share/classfile/systemDictionary.cpp, line 231]
Event: 81.947 Thread 0x0000023d213b5000 Exception <a 'java/lang/ClassNotFoundException'{0x00000000ed56cfb0}: org/gradle/api/internal/tasks/DefaultSourceSet_DecoratedCustomizer> (0x00000000ed56cfb0) thrown at [./src/hotspot/share/classfile/systemDictionary.cpp, line 231]
Event: 82.095 Thread 0x0000023d2225e000 Exception <a 'java/lang/NoSuchMethodError'{0x00000000ed180228}: 'void java.lang.invoke.DirectMethodHandle$Holder.invokeStatic(java.lang.Object, long)'> (0x00000000ed180228) thrown at [./src/hotspot/share/interpreter/linkResolver.cpp, line 773]
Event: 82.095 Thread 0x0000023d2225e000 Exception <a 'java/lang/NoSuchMethodError'{0x00000000ed185440}: 'java.lang.Object java.lang.invoke.DirectMethodHandle$Holder.invokeStatic(java.lang.Object, long)'> (0x00000000ed185440) thrown at [./src/hotspot/share/interpreter/linkResolver.cpp, line 773]
Event: 82.096 Thread 0x0000023d2225e000 Exception <a 'java/lang/NoSuchMethodError'{0x00000000ed18b518}: 'java.lang.Object java.lang.invoke.Invokers$Holder.linkToTargetMethod(long, java.lang.Object)'> (0x00000000ed18b518) thrown at [./src/hotspot/share/interpreter/linkResolver.cpp, line 773]
Event: 82.097 Thread 0x0000023d2225e000 Exception <a 'java/lang/NoSuchMethodError'{0x00000000ed193858}: 'java.lang.Object java.lang.invoke.DirectMethodHandle$Holder.invokeStaticInit(java.lang.Object, java.lang.Object, long, java.lang.Object)'> (0x00000000ed193858) thrown at [./src/hotspot/share/interpreter/linkResolver.cpp, line 773]
Event: 82.098 Thread 0x0000023d2225e000 Exception <a 'java/lang/NoSuchMethodError'{0x00000000ed199998}: 'java.lang.Object java.lang.invoke.DirectMethodHandle$Holder.invokeStatic(java.lang.Object, java.lang.Object, long)'> (0x00000000ed199998) thrown at [./src/hotspot/share/interpreter/linkResolver.cpp, line 773]
Event: 82.098 Thread 0x0000023d2225e000 Exception <a 'java/lang/NoSuchMethodError'{0x00000000ed19fc68}: 'java.lang.Object java.lang.invoke.Invokers$Holder.linkToTargetMethod(java.lang.Object, long, java.lang.Object)'> (0x00000000ed19fc68) thrown at [./src/hotspot/share/interpreter/linkResolver.cpp, line 773]

Events (20 events):
Event: 82.090 loading class org/gradle/process/internal/ProcessBuilderFactory done
Event: 82.091 Thread 0x0000023d2225e000 Thread added: 0x0000023d2225e000
Event: 82.091 loading class java/lang/ProcessBuilder
Event: 82.092 loading class java/lang/ProcessBuilder done
Event: 82.092 loading class net/rubygrapefruit/platform/internal/jni/WindowsHandleFunctions
Event: 82.092 loading class net/rubygrapefruit/platform/internal/jni/WindowsHandleFunctions done
Event: 82.092 loading class java/lang/ProcessImpl
Event: 82.093 loading class java/lang/ProcessImpl done
Event: 82.096 loading class java/lang/ProcessHandleImpl
Event: 82.097 loading class java/lang/ProcessHandleImpl done
Event: 82.098 loading class java/lang/ProcessImpl$2
Event: 82.099 loading class java/lang/ProcessImpl$2 done
Event: 82.099 loading class java/lang/Process$PipeInputStream
Event: 82.099 loading class java/lang/Process$PipeInputStream done
Event: 82.099 Executing VM operation: Deoptimize
Event: 82.100 Executing VM operation: Deoptimize done
Event: 82.100 loading class org/gradle/process/internal/streams/ExecOutputHandleRunner
Event: 82.100 loading class org/gradle/process/internal/streams/ExecOutputHandleRunner done
Event: 82.101 Thread 0x0000023d22269000 Thread added: 0x0000023d22269000
Event: 82.101 Thread 0x0000023d22265000 Thread added: 0x0000023d22265000


Dynamic libraries:
0x00007ff6c4150000 - 0x00007ff6c415a000 	C:\Program Files\JetBrains\IntelliJ IDEA Community Edition 2021.2.3\jbr\bin\java.exe
0x00007ff928850000 - 0x00007ff928a45000 	C:\Windows\SYSTEM32\ntdll.dll
0x00007ff927e70000 - 0x00007ff927f2e000 	C:\Windows\System32\KERNEL32.DLL
0x00007ff926250000 - 0x00007ff926519000 	C:\Windows\System32\KERNELBASE.dll
0x00007ff926150000 - 0x00007ff926250000 	C:\Windows\System32\ucrtbase.dll
0x00007ff90cdc0000 - 0x00007ff90cdd7000 	C:\Program Files\JetBrains\IntelliJ IDEA Community Edition 2021.2.3\jbr\bin\VCRUNTIME140.dll
0x00007ff907480000 - 0x00007ff907499000 	C:\Program Files\JetBrains\IntelliJ IDEA Community Edition 2021.2.3\jbr\bin\jli.dll
0x00007ff9275c0000 - 0x00007ff927761000 	C:\Windows\System32\USER32.dll
0x00007ff925f70000 - 0x00007ff925f92000 	C:\Windows\System32\win32u.dll
0x00007ff912300000 - 0x00007ff91259a000 	C:\Windows\WinSxS\amd64_microsoft.windows.common-controls_6595b64144ccf1df_6.0.19041.1110_none_60b5254171f9507e\COMCTL32.dll
0x00007ff927e40000 - 0x00007ff927e6b000 	C:\Windows\System32\GDI32.dll
0x00007ff927b60000 - 0x00007ff927bfe000 	C:\Windows\System32\msvcrt.dll
0x00007ff926520000 - 0x00007ff92662b000 	C:\Windows\System32\gdi32full.dll
0x00007ff925fa0000 - 0x00007ff92603d000 	C:\Windows\System32\msvcp_win.dll
0x00007ff927770000 - 0x00007ff9277a0000 	C:\Windows\System32\IMM32.DLL
0x00007ff8e2ce0000 - 0x00007ff8e2d7d000 	C:\Program Files\JetBrains\IntelliJ IDEA Community Edition 2021.2.3\jbr\bin\msvcp140.dll
0x00007ff8ddb60000 - 0x00007ff8de6b8000 	C:\Program Files\JetBrains\IntelliJ IDEA Community Edition 2021.2.3\jbr\bin\server\jvm.dll
0x00007ff926ca0000 - 0x00007ff926d4c000 	C:\Windows\System32\ADVAPI32.dll
0x00007ff926c00000 - 0x00007ff926c9b000 	C:\Windows\System32\sechost.dll
0x00007ff926960000 - 0x00007ff926a8a000 	C:\Windows\System32\RPCRT4.dll
0x00007ff926db0000 - 0x00007ff926db8000 	C:\Windows\System32\PSAPI.DLL
0x00007ff9143b0000 - 0x00007ff9143d7000 	C:\Windows\SYSTEM32\WINMM.dll
0x00007ff91f600000 - 0x00007ff91f609000 	C:\Windows\SYSTEM32\WSOCK32.dll
0x00007ff927dd0000 - 0x00007ff927e3b000 	C:\Windows\System32\WS2_32.dll
0x00007ff91e380000 - 0x00007ff91e38a000 	C:\Windows\SYSTEM32\VERSION.dll
0x00007ff923d90000 - 0x00007ff923da2000 	C:\Windows\SYSTEM32\kernel.appcore.dll
0x00007ff8e2700000 - 0x00007ff8e2711000 	C:\Program Files\JetBrains\IntelliJ IDEA Community Edition 2021.2.3\jbr\bin\verify.dll
0x00007ff911c80000 - 0x00007ff911e64000 	C:\Windows\SYSTEM32\DBGHELP.DLL
0x00007ff906cf0000 - 0x00007ff906d1c000 	C:\Windows\SYSTEM32\dbgcore.DLL
0x00007ff926090000 - 0x00007ff926113000 	C:\Windows\System32\bcryptPrimitives.dll
0x00007ff8e2630000 - 0x00007ff8e2659000 	C:\Program Files\JetBrains\IntelliJ IDEA Community Edition 2021.2.3\jbr\bin\java.dll
0x00007ff907440000 - 0x00007ff90744b000 	C:\Program Files\JetBrains\IntelliJ IDEA Community Edition 2021.2.3\jbr\bin\jimage.dll
0x00007ff8e26e0000 - 0x00007ff8e26f8000 	C:\Program Files\JetBrains\IntelliJ IDEA Community Edition 2021.2.3\jbr\bin\zip.dll
0x00007ff926e70000 - 0x00007ff9275af000 	C:\Windows\System32\SHELL32.dll
0x00007ff924070000 - 0x00007ff924800000 	C:\Windows\SYSTEM32\windows.storage.dll
0x00007ff927800000 - 0x00007ff927b55000 	C:\Windows\System32\combase.dll
0x00007ff9259c0000 - 0x00007ff9259ec000 	C:\Windows\SYSTEM32\Wldp.dll
0x00007ff928000000 - 0x00007ff9280ae000 	C:\Windows\System32\SHCORE.dll
0x00007ff9277a0000 - 0x00007ff9277f5000 	C:\Windows\System32\shlwapi.dll
0x00007ff925eb0000 - 0x00007ff925ecf000 	C:\Windows\SYSTEM32\profapi.dll
0x00007ff8e2610000 - 0x00007ff8e262a000 	C:\Program Files\JetBrains\IntelliJ IDEA Community Edition 2021.2.3\jbr\bin\net.dll
0x00007ff913520000 - 0x00007ff913628000 	C:\Windows\SYSTEM32\WINHTTP.dll
0x00007ff925720000 - 0x00007ff92578a000 	C:\Windows\system32\mswsock.dll
0x00007ff8e25f0000 - 0x00007ff8e2604000 	C:\Program Files\JetBrains\IntelliJ IDEA Community Edition 2021.2.3\jbr\bin\nio.dll
0x00007ff8e0ea0000 - 0x00007ff8e0ec7000 	C:\Users\Lenovo\.gradle\native\8bec1ad78214c89d9ad589b4d07fe93259594b29d510b10fafb7a158f7737e5d\windows-amd64\native-platform.dll
0x00007ff8d35b0000 - 0x00007ff8d36ed000 	C:\Users\Lenovo\.gradle\native\53dbd7edfb1c66fb8903c78663c9afc45aea4f116125fa6feffd364cf09443e8\windows-amd64\native-platform-file-events.dll
0x00007ff920230000 - 0x00007ff92023a000 	C:\Program Files\JetBrains\IntelliJ IDEA Community Edition 2021.2.3\jbr\bin\management.dll
0x00007ff91e4a0000 - 0x00007ff91e4ad000 	C:\Program Files\JetBrains\IntelliJ IDEA Community Edition 2021.2.3\jbr\bin\management_ext.dll
0x00007ff925920000 - 0x00007ff925938000 	C:\Windows\SYSTEM32\CRYPTSP.dll
0x00007ff925030000 - 0x00007ff925064000 	C:\Windows\system32\rsaenh.dll
0x00007ff926120000 - 0x00007ff926147000 	C:\Windows\System32\bcrypt.dll
0x00007ff925e30000 - 0x00007ff925e5e000 	C:\Windows\SYSTEM32\USERENV.dll
0x00007ff925910000 - 0x00007ff92591c000 	C:\Windows\SYSTEM32\CRYPTBASE.dll
0x00007ff9253c0000 - 0x00007ff9253fb000 	C:\Windows\SYSTEM32\IPHLPAPI.DLL
0x00007ff926bf0000 - 0x00007ff926bf8000 	C:\Windows\System32\NSI.dll
0x00007ff915a30000 - 0x00007ff915a47000 	C:\Windows\SYSTEM32\dhcpcsvc6.DLL
0x00007ff91c9e0000 - 0x00007ff91c9fd000 	C:\Windows\SYSTEM32\dhcpcsvc.DLL
0x00007ff925400000 - 0x00007ff9254cc000 	C:\Windows\SYSTEM32\DNSAPI.dll

dbghelp: loaded successfully - version: 4.0.5 - missing functions: none
symbol engine: initialized successfully - sym options: 0x614 - pdb path: .;C:\Program Files\JetBrains\IntelliJ IDEA Community Edition 2021.2.3\jbr\bin;C:\Windows\SYSTEM32;C:\Windows\WinSxS\amd64_microsoft.windows.common-controls_6595b64144ccf1df_6.0.19041.1110_none_60b5254171f9507e;C:\Program Files\JetBrains\IntelliJ IDEA Community Edition 2021.2.3\jbr\bin\server;C:\Users\Lenovo\.gradle\native\8bec1ad78214c89d9ad589b4d07fe93259594b29d510b10fafb7a158f7737e5d\windows-amd64;C:\Users\Lenovo\.gradle\native\53dbd7edfb1c66fb8903c78663c9afc45aea4f116125fa6feffd364cf09443e8\windows-amd64

VM Arguments:
jvm_args: --add-opens=java.base/java.util=ALL-UNNAMED --add-opens=java.base/java.lang=ALL-UNNAMED --add-opens=java.base/java.lang.invoke=ALL-UNNAMED --add-opens=java.base/java.util=ALL-UNNAMED --add-opens=java.prefs/java.util.prefs=ALL-UNNAMED --add-opens=java.prefs/java.util.prefs=ALL-UNNAMED --add-opens=java.base/java.nio.charset=ALL-UNNAMED --add-opens=java.base/java.net=ALL-UNNAMED --add-opens=java.base/java.util.concurrent.atomic=ALL-UNNAMED -XX:MaxMetaspaceSize=256m -XX:+HeapDumpOnOutOfMemoryError -Xms256m -Xmx512m -Dfile.encoding=windows-1251 -Duser.country=RU -Duser.language=ru -Duser.variant 
java_command: org.gradle.launcher.daemon.bootstrap.GradleDaemon 7.1
java_class_path (initial): C:\Users\Lenovo\.gradle\wrapper\dists\gradle-7.1-bin\4pslxx9lrxt5svtz5wbnb6tkz\gradle-7.1\lib\gradle-launcher-7.1.jar
Launcher Type: SUN_STANDARD

[Global flags]
     intx CICompilerCount                          = 3                                         {product} {ergonomic}
   size_t CompressedClassSpaceSize                 = 260046848                                 {product} {ergonomic}
     uint ConcGCThreads                            = 1                                         {product} {ergonomic}
     uint G1ConcRefinementThreads                  = 4                                         {product} {ergonomic}
   size_t G1HeapRegionSize                         = 1048576                                   {product} {ergonomic}
    uintx GCDrainStackTargetSize                   = 64                                        {product} {ergonomic}
     bool HeapDumpOnOutOfMemoryError               = true                                   {manageable} {command line}
   size_t InitialHeapSize                          = 268435456                                 {product} {command line}
   size_t MarkStackSize                            = 4194304                                   {product} {ergonomic}
   size_t MaxHeapSize                              = 536870912                                 {product} {command line}
   size_t MaxMetaspaceSize                         = 268435456                                 {product} {command line}
   size_t MaxNewSize                               = 321912832                                 {product} {ergonomic}
   size_t MinHeapDeltaBytes                        = 1048576                                   {product} {ergonomic}
    uintx NonNMethodCodeHeapSize                   = 5830732                                {pd product} {ergonomic}
    uintx NonProfiledCodeHeapSize                  = 122913754                              {pd product} {ergonomic}
    uintx ProfiledCodeHeapSize                     = 122913754                              {pd product} {ergonomic}
    uintx ReservedCodeCacheSize                    = 251658240                              {pd product} {ergonomic}
     bool SegmentedCodeCache                       = true                                      {product} {ergonomic}
     bool UseCompressedClassPointers               = true                                 {lp64_product} {ergonomic}
     bool UseCompressedOops                        = true                                 {lp64_product} {ergonomic}
     bool UseG1GC                                  = true                                      {product} {ergonomic}
     bool UseLargePagesIndividualAllocation        = false                                  {pd product} {ergonomic}

Logging:
Log output configuration:
 #0: stdout all=warning uptime,level,tags
 #1: stderr all=off uptime,level,tags

Environment Variables:
JAVA_HOME=C:\Program Files\Java\jdk-17.0.2
PATH=C:\Program Files\Common Files\Oracle\Java\javapath;C:\Windows\system32;C:\Windows;C:\Windows\System32\Wbem;C:\Windows\System32\WindowsPowerShell\v1.0\;C:\Program Files\Git\cmd;C:\Users\Lenovo\AppData\Local\Microsoft\WindowsApps;C:\Program Files\Java\jdk-17.0.2\bin;
USERNAME=Lenovo
OS=Windows_NT
PROCESSOR_IDENTIFIER=Intel64 Family 6 Model 142 Stepping 9, GenuineIntel



---------------  S Y S T E M  ---------------

OS: Windows 10 , 64 bit Build 19041 (10.0.19041.1202)
OS uptime: 1 days 19:17 hours

CPU:total 4 (initial active 4) (2 cores per cpu, 2 threads per core) family 6 model 142 stepping 9 microcode 0xb4, cmov, cx8, fxsr, mmx, sse, sse2, sse3, ssse3, sse4.1, sse4.2, popcnt, avx, avx2, aes, clmul, erms, 3dnowpref, lzcnt, ht, tsc, tscinvbit, bmi1, bmi2, adx, fma

Memory: 4k page, system-wide physical 8050M (673M free)
TotalPageFile size 8050M (AvailPageFile size 4M)
current process WorkingSet (physical memory assigned to process): 406M, peak: 413M
current process commit charge ("private bytes"): 496M, peak: 505M

vm_info: OpenJDK 64-Bit Server VM (11.0.12+7-b1504.40) for windows-amd64 JRE (11.0.12+7-b1504.40), built on Sep 23 2021 14:38:03 by "" with MS VC++ 14.0 (VS2015)

END.
