#
# There is insufficient memory for the Java Runtime Environment to continue.
# Native memory allocation (malloc) failed to allocate 32744 bytes for ChunkPool::allocate
# Possible reasons:
#   The system is out of physical RAM or swap space
#   The process is running with CompressedOops enabled, and the Java Heap may be blocking the growth of the native heap
# Possible solutions:
#   Reduce memory load on the system
#   Increase physical memory or swap space
#   Check if swap backing store is full
#   Decrease Java heap size (-Xmx/-Xms)
#   Decrease number of Java threads
#   Decrease Java thread stack sizes (-Xss)
#   Set larger code cache with -XX:ReservedCodeCacheSize=
#   JVM is running with Unscaled Compressed Oops mode in which the Java heap is
#     placed in the first 4GB address space. The Java Heap base address is the
#     maximum limit for the native heap growth. Please use -XX:HeapBaseMinAddress
#     to set the Java Heap base and to place the Java Heap above 4GB virtual address.
# This output file may be truncated or incomplete.
#
#  Out of Memory Error (arena.cpp:78), pid=6736, tid=7112
#
# JRE version: Java(TM) SE Runtime Environment (17.0.2+8) (build 17.0.2+8-LTS-86)
# Java VM: Java HotSpot(TM) 64-Bit Server VM (17.0.2+8-LTS-86, mixed mode, sharing, tiered, compressed oops, compressed class ptrs, g1 gc, windows-amd64)
# No core dump will be written. Minidumps are not enabled by default on client versions of Windows
#

---------------  S U M M A R Y ------------

Command Line: -Dorg.gradle.internal.worker.tmpdir=C:\Users\Lenovo\IdeaProjects\softdev-2022-spring-task-3\build\tmp\test\work -Dorg.gradle.native=false --add-opens=java.base/java.util=ALL-UNNAMED --add-opens=java.base/java.lang=ALL-UNNAMED -Xmx512m -Dfile.encoding=windows-1251 -Duser.country=RU -Duser.language=ru -Duser.variant -ea worker.org.gradle.process.internal.worker.GradleWorkerMain 'Gradle Test Executor 12'

Host: Intel(R) Core(TM) i7-7500U CPU @ 2.70GHz, 4 cores, 7G,  Windows 10 , 64 bit Build 19041 (10.0.19041.1202)
Time: Mon May 30 23:49:54 2022 RTZ 2 (s 10 , 64 bit Build 19041 (10.0.19041.1202) elapsed time: 1.606357 seconds (0d 0h 0m 1s)

---------------  T H R E A D  ---------------

Current thread (0x000001b6351b5340):  JavaThread "C1 CompilerThread0" daemon [_thread_in_vm, id=7112, stack(0x000000a297100000,0x000000a297200000)]


Current CompileTask:
C1:   1606 1674       2       java.util.regex.Pattern::peek (26 bytes)

Stack: [0x000000a297100000,0x000000a297200000]
Native frames: (J=compiled Java code, j=interpreted, Vv=VM code, C=native code)
V  [jvm.dll+0x670baa]
V  [jvm.dll+0x7cfcb4]
V  [jvm.dll+0x7d145e]
V  [jvm.dll+0x7d1ac3]
V  [jvm.dll+0x242bc5]
V  [jvm.dll+0xaa7c0]
V  [jvm.dll+0xaab0c]
V  [jvm.dll+0x1d259b]
V  [jvm.dll+0x1bfbc4]
V  [jvm.dll+0x2247a7]
V  [jvm.dll+0x222a6c]
V  [jvm.dll+0x7859bb]
V  [jvm.dll+0x77ff7a]
V  [jvm.dll+0x66fa35]
C  [ucrtbase.dll+0x21bb2]
C  [KERNEL32.DLL+0x17034]
C  [ntdll.dll+0x52651]


---------------  P R O C E S S  ---------------

Threads class SMR info:
_java_thread_list=0x000001b6351de770, length=16, elements={
0x000001b61b1a1f80, 0x000001b61b26b360, 0x000001b61b26c0e0, 0x000001b63515f190,
0x000001b635160b60, 0x000001b635163530, 0x000001b635163df0, 0x000001b635164a90,
0x000001b6351b5340, 0x000001b6351bf850, 0x000001b635c65d30, 0x000001b635c68210,
0x000001b63620c9a0, 0x000001b6362a1d90, 0x000001b6362a2260, 0x000001b6365b93a0
}

Java Threads: ( => current thread )
  0x000001b61b1a1f80 JavaThread "Test worker" [_thread_in_vm, id=5800, stack(0x000000a296300000,0x000000a296400000)]
  0x000001b61b26b360 JavaThread "Reference Handler" daemon [_thread_blocked, id=8936, stack(0x000000a296a00000,0x000000a296b00000)]
  0x000001b61b26c0e0 JavaThread "Finalizer" daemon [_thread_blocked, id=5248, stack(0x000000a296b00000,0x000000a296c00000)]
  0x000001b63515f190 JavaThread "Signal Dispatcher" daemon [_thread_blocked, id=1064, stack(0x000000a296c00000,0x000000a296d00000)]
  0x000001b635160b60 JavaThread "Attach Listener" daemon [_thread_blocked, id=8564, stack(0x000000a296d00000,0x000000a296e00000)]
  0x000001b635163530 JavaThread "Service Thread" daemon [_thread_blocked, id=4092, stack(0x000000a296e00000,0x000000a296f00000)]
  0x000001b635163df0 JavaThread "Monitor Deflation Thread" daemon [_thread_blocked, id=8648, stack(0x000000a296f00000,0x000000a297000000)]
  0x000001b635164a90 JavaThread "C2 CompilerThread0" daemon [_thread_in_native, id=1920, stack(0x000000a297000000,0x000000a297100000)]
=>0x000001b6351b5340 JavaThread "C1 CompilerThread0" daemon [_thread_in_vm, id=7112, stack(0x000000a297100000,0x000000a297200000)]
  0x000001b6351bf850 JavaThread "Sweeper thread" daemon [_thread_blocked, id=7232, stack(0x000000a297200000,0x000000a297300000)]
  0x000001b635c65d30 JavaThread "Common-Cleaner" daemon [_thread_blocked, id=8292, stack(0x000000a297300000,0x000000a297400000)]
  0x000001b635c68210 JavaThread "Notification Thread" daemon [_thread_blocked, id=7384, stack(0x000000a297400000,0x000000a297500000)]
  0x000001b63620c9a0 JavaThread "/127.0.0.1:53975 to /127.0.0.1:53973 workers" [_thread_blocked, id=3120, stack(0x000000a297700000,0x000000a297800000)]
  0x000001b6362a1d90 JavaThread "/127.0.0.1:53975 to /127.0.0.1:53973 workers Thread 2" [_thread_blocked, id=8956, stack(0x000000a297c00000,0x000000a297d00000)]
  0x000001b6362a2260 JavaThread "/127.0.0.1:53975 to /127.0.0.1:53973 workers Thread 3" [_thread_in_native, id=8496, stack(0x000000a297d00000,0x000000a297e00000)]
  0x000001b6365b93a0 JavaThread "C2 CompilerThread1" daemon [_thread_in_native, id=5840, stack(0x000000a297e00000,0x000000a297f00000)]

Other Threads:
  0x000001b61b2644b0 VMThread "VM Thread" [stack: 0x000000a296900000,0x000000a296a00000] [id=332]
  0x000001b635c68900 WatcherThread [stack: 0x000000a297500000,0x000000a297600000] [id=7888]
  0x000001b61b1c8dc0 GCTaskThread "GC Thread#0" [stack: 0x000000a296400000,0x000000a296500000] [id=8696]
  0x000001b63623cce0 GCTaskThread "GC Thread#1" [stack: 0x000000a297800000,0x000000a297900000] [id=4020]
  0x000001b63623cf90 GCTaskThread "GC Thread#2" [stack: 0x000000a297900000,0x000000a297a00000] [id=8468]
  0x000001b63623d240 GCTaskThread "GC Thread#3" [stack: 0x000000a297a00000,0x000000a297b00000] [id=3324]
  0x000001b61b1cec20 ConcurrentGCThread "G1 Main Marker" [stack: 0x000000a296500000,0x000000a296600000] [id=5300]
  0x000001b61b1cf540 ConcurrentGCThread "G1 Conc#0" [stack: 0x000000a296600000,0x000000a296700000] [id=8644]
  0x000001b61b244310 ConcurrentGCThread "G1 Refine#0" [stack: 0x000000a296700000,0x000000a296800000] [id=1400]
  0x000001b636232ad0 ConcurrentGCThread "G1 Refine#1" [stack: 0x000000a297b00000,0x000000a297c00000] [id=2080]
  0x000001b61b244c40 ConcurrentGCThread "G1 Service" [stack: 0x000000a296800000,0x000000a296900000] [id=4188]

Threads with active compile tasks:
C2 CompilerThread0     1628 1472       4       org.junit.platform.commons.util.ReflectionUtils$$Lambda$136/0x0000000800d00af0::compare (12 bytes)
C1 CompilerThread0     1628 1674       2       java.util.regex.Pattern::peek (26 bytes)
C2 CompilerThread1     1628 1473       4       org.junit.platform.commons.util.ReflectionUtils::defaultMethodSorter (56 bytes)

VM state: not at safepoint (normal execution)

VM Mutex/Monitor currently owned by a thread: None

Heap address: 0x00000000e0000000, size: 512 MB, Compressed Oops mode: 32-bit

CDS archive(s) mapped at: [0x0000000800000000-0x0000000800bc0000-0x0000000800bc0000), size 12320768, SharedBaseAddress: 0x0000000800000000, ArchiveRelocationMode: 0.
Compressed class space mapped at: 0x0000000800c00000-0x0000000840c00000, reserved size: 1073741824
Narrow klass base: 0x0000000800000000, Narrow klass shift: 0, Narrow klass range: 0x100000000

GC Precious Log:
 CPUs: 4 total, 4 available
 Memory: 8050M
 Large Page Support: Disabled
 NUMA Support: Disabled
 Compressed Oops: Enabled (32-bit)
 Heap Region Size: 1M
 Heap Min Capacity: 8M
 Heap Initial Capacity: 126M
 Heap Max Capacity: 512M
 Pre-touch: Disabled
 Parallel Workers: 4
 Concurrent Workers: 1
 Concurrent Refinement Workers: 4
 Periodic GC: Disabled

Heap:
 garbage-first heap   total 129024K, used 24215K [0x00000000e0000000, 0x0000000100000000)
  region size 1024K, 20 young (20480K), 2 survivors (2048K)
 Metaspace       used 8705K, committed 8960K, reserved 1056768K
  class space    used 1161K, committed 1280K, reserved 1048576K

Heap Regions: E=young(eden), S=young(survivor), O=old, HS=humongous(starts), HC=humongous(continues), CS=collection set, F=free, OA=open archive, CA=closed archive, TAMS=top-at-mark-start (previous, next)
|   0|0x00000000e0000000, 0x00000000e0100000, 0x00000000e0100000|100%| O|  |TAMS 0x00000000e0000000, 0x00000000e0000000| Untracked 
|   1|0x00000000e0100000, 0x00000000e0200000, 0x00000000e0200000|100%| O|  |TAMS 0x00000000e0100000, 0x00000000e0100000| Untracked 
|   2|0x00000000e0200000, 0x00000000e0300000, 0x00000000e0300000|100%| O|  |TAMS 0x00000000e0200000, 0x00000000e0200000| Untracked 
|   3|0x00000000e0300000, 0x00000000e0400000, 0x00000000e0400000|100%| O|  |TAMS 0x00000000e0300000, 0x00000000e0300000| Untracked 
|   4|0x00000000e0400000, 0x00000000e0500000, 0x00000000e0500000|100%| O|  |TAMS 0x00000000e0400000, 0x00000000e0400000| Untracked 
|   5|0x00000000e0500000, 0x00000000e0541600, 0x00000000e0600000| 25%| O|  |TAMS 0x00000000e0500000, 0x00000000e0500000| Untracked 
|   6|0x00000000e0600000, 0x00000000e0600000, 0x00000000e0700000|  0%| F|  |TAMS 0x00000000e0600000, 0x00000000e0600000| Untracked 
|   7|0x00000000e0700000, 0x00000000e0700000, 0x00000000e0800000|  0%| F|  |TAMS 0x00000000e0700000, 0x00000000e0700000| Untracked 
|   8|0x00000000e0800000, 0x00000000e0800000, 0x00000000e0900000|  0%| F|  |TAMS 0x00000000e0800000, 0x00000000e0800000| Untracked 
|   9|0x00000000e0900000, 0x00000000e0900000, 0x00000000e0a00000|  0%| F|  |TAMS 0x00000000e0900000, 0x00000000e0900000| Untracked 
|  10|0x00000000e0a00000, 0x00000000e0a00000, 0x00000000e0b00000|  0%| F|  |TAMS 0x00000000e0a00000, 0x00000000e0a00000| Untracked 
|  11|0x00000000e0b00000, 0x00000000e0b00000, 0x00000000e0c00000|  0%| F|  |TAMS 0x00000000e0b00000, 0x00000000e0b00000| Untracked 
|  12|0x00000000e0c00000, 0x00000000e0c00000, 0x00000000e0d00000|  0%| F|  |TAMS 0x00000000e0c00000, 0x00000000e0c00000| Untracked 
|  13|0x00000000e0d00000, 0x00000000e0d00000, 0x00000000e0e00000|  0%| F|  |TAMS 0x00000000e0d00000, 0x00000000e0d00000| Untracked 
|  14|0x00000000e0e00000, 0x00000000e0e00000, 0x00000000e0f00000|  0%| F|  |TAMS 0x00000000e0e00000, 0x00000000e0e00000| Untracked 
|  15|0x00000000e0f00000, 0x00000000e0f00000, 0x00000000e1000000|  0%| F|  |TAMS 0x00000000e0f00000, 0x00000000e0f00000| Untracked 
|  16|0x00000000e1000000, 0x00000000e1000000, 0x00000000e1100000|  0%| F|  |TAMS 0x00000000e1000000, 0x00000000e1000000| Untracked 
|  17|0x00000000e1100000, 0x00000000e1100000, 0x00000000e1200000|  0%| F|  |TAMS 0x00000000e1100000, 0x00000000e1100000| Untracked 
|  18|0x00000000e1200000, 0x00000000e1200000, 0x00000000e1300000|  0%| F|  |TAMS 0x00000000e1200000, 0x00000000e1200000| Untracked 
|  19|0x00000000e1300000, 0x00000000e1300000, 0x00000000e1400000|  0%| F|  |TAMS 0x00000000e1300000, 0x00000000e1300000| Untracked 
|  20|0x00000000e1400000, 0x00000000e1400000, 0x00000000e1500000|  0%| F|  |TAMS 0x00000000e1400000, 0x00000000e1400000| Untracked 
|  21|0x00000000e1500000, 0x00000000e1500000, 0x00000000e1600000|  0%| F|  |TAMS 0x00000000e1500000, 0x00000000e1500000| Untracked 
|  22|0x00000000e1600000, 0x00000000e1600000, 0x00000000e1700000|  0%| F|  |TAMS 0x00000000e1600000, 0x00000000e1600000| Untracked 
|  23|0x00000000e1700000, 0x00000000e1700000, 0x00000000e1800000|  0%| F|  |TAMS 0x00000000e1700000, 0x00000000e1700000| Untracked 
|  24|0x00000000e1800000, 0x00000000e1800000, 0x00000000e1900000|  0%| F|  |TAMS 0x00000000e1800000, 0x00000000e1800000| Untracked 
|  25|0x00000000e1900000, 0x00000000e1900000, 0x00000000e1a00000|  0%| F|  |TAMS 0x00000000e1900000, 0x00000000e1900000| Untracked 
|  26|0x00000000e1a00000, 0x00000000e1a00000, 0x00000000e1b00000|  0%| F|  |TAMS 0x00000000e1a00000, 0x00000000e1a00000| Untracked 
|  27|0x00000000e1b00000, 0x00000000e1b00000, 0x00000000e1c00000|  0%| F|  |TAMS 0x00000000e1b00000, 0x00000000e1b00000| Untracked 
|  28|0x00000000e1c00000, 0x00000000e1c00000, 0x00000000e1d00000|  0%| F|  |TAMS 0x00000000e1c00000, 0x00000000e1c00000| Untracked 
|  29|0x00000000e1d00000, 0x00000000e1d00000, 0x00000000e1e00000|  0%| F|  |TAMS 0x00000000e1d00000, 0x00000000e1d00000| Untracked 
|  30|0x00000000e1e00000, 0x00000000e1e00000, 0x00000000e1f00000|  0%| F|  |TAMS 0x00000000e1e00000, 0x00000000e1e00000| Untracked 
|  31|0x00000000e1f00000, 0x00000000e1f00000, 0x00000000e2000000|  0%| F|  |TAMS 0x00000000e1f00000, 0x00000000e1f00000| Untracked 
|  32|0x00000000e2000000, 0x00000000e2000000, 0x00000000e2100000|  0%| F|  |TAMS 0x00000000e2000000, 0x00000000e2000000| Untracked 
|  33|0x00000000e2100000, 0x00000000e2100000, 0x00000000e2200000|  0%| F|  |TAMS 0x00000000e2100000, 0x00000000e2100000| Untracked 
|  34|0x00000000e2200000, 0x00000000e2200000, 0x00000000e2300000|  0%| F|  |TAMS 0x00000000e2200000, 0x00000000e2200000| Untracked 
|  35|0x00000000e2300000, 0x00000000e2300000, 0x00000000e2400000|  0%| F|  |TAMS 0x00000000e2300000, 0x00000000e2300000| Untracked 
|  36|0x00000000e2400000, 0x00000000e2400000, 0x00000000e2500000|  0%| F|  |TAMS 0x00000000e2400000, 0x00000000e2400000| Untracked 
|  37|0x00000000e2500000, 0x00000000e2500000, 0x00000000e2600000|  0%| F|  |TAMS 0x00000000e2500000, 0x00000000e2500000| Untracked 
|  38|0x00000000e2600000, 0x00000000e2600000, 0x00000000e2700000|  0%| F|  |TAMS 0x00000000e2600000, 0x00000000e2600000| Untracked 
|  39|0x00000000e2700000, 0x00000000e2700000, 0x00000000e2800000|  0%| F|  |TAMS 0x00000000e2700000, 0x00000000e2700000| Untracked 
|  40|0x00000000e2800000, 0x00000000e2800000, 0x00000000e2900000|  0%| F|  |TAMS 0x00000000e2800000, 0x00000000e2800000| Untracked 
|  41|0x00000000e2900000, 0x00000000e2900000, 0x00000000e2a00000|  0%| F|  |TAMS 0x00000000e2900000, 0x00000000e2900000| Untracked 
|  42|0x00000000e2a00000, 0x00000000e2a00000, 0x00000000e2b00000|  0%| F|  |TAMS 0x00000000e2a00000, 0x00000000e2a00000| Untracked 
|  43|0x00000000e2b00000, 0x00000000e2b00000, 0x00000000e2c00000|  0%| F|  |TAMS 0x00000000e2b00000, 0x00000000e2b00000| Untracked 
|  44|0x00000000e2c00000, 0x00000000e2c00000, 0x00000000e2d00000|  0%| F|  |TAMS 0x00000000e2c00000, 0x00000000e2c00000| Untracked 
|  45|0x00000000e2d00000, 0x00000000e2d00000, 0x00000000e2e00000|  0%| F|  |TAMS 0x00000000e2d00000, 0x00000000e2d00000| Untracked 
|  46|0x00000000e2e00000, 0x00000000e2e00000, 0x00000000e2f00000|  0%| F|  |TAMS 0x00000000e2e00000, 0x00000000e2e00000| Untracked 
|  47|0x00000000e2f00000, 0x00000000e2f00000, 0x00000000e3000000|  0%| F|  |TAMS 0x00000000e2f00000, 0x00000000e2f00000| Untracked 
|  48|0x00000000e3000000, 0x00000000e3000000, 0x00000000e3100000|  0%| F|  |TAMS 0x00000000e3000000, 0x00000000e3000000| Untracked 
|  49|0x00000000e3100000, 0x00000000e3100000, 0x00000000e3200000|  0%| F|  |TAMS 0x00000000e3100000, 0x00000000e3100000| Untracked 
|  50|0x00000000e3200000, 0x00000000e3200000, 0x00000000e3300000|  0%| F|  |TAMS 0x00000000e3200000, 0x00000000e3200000| Untracked 
|  51|0x00000000e3300000, 0x00000000e3300000, 0x00000000e3400000|  0%| F|  |TAMS 0x00000000e3300000, 0x00000000e3300000| Untracked 
|  52|0x00000000e3400000, 0x00000000e3400000, 0x00000000e3500000|  0%| F|  |TAMS 0x00000000e3400000, 0x00000000e3400000| Untracked 
|  53|0x00000000e3500000, 0x00000000e3500000, 0x00000000e3600000|  0%| F|  |TAMS 0x00000000e3500000, 0x00000000e3500000| Untracked 
|  54|0x00000000e3600000, 0x00000000e3600000, 0x00000000e3700000|  0%| F|  |TAMS 0x00000000e3600000, 0x00000000e3600000| Untracked 
|  55|0x00000000e3700000, 0x00000000e3700000, 0x00000000e3800000|  0%| F|  |TAMS 0x00000000e3700000, 0x00000000e3700000| Untracked 
|  56|0x00000000e3800000, 0x00000000e3800000, 0x00000000e3900000|  0%| F|  |TAMS 0x00000000e3800000, 0x00000000e3800000| Untracked 
|  57|0x00000000e3900000, 0x00000000e3900000, 0x00000000e3a00000|  0%| F|  |TAMS 0x00000000e3900000, 0x00000000e3900000| Untracked 
|  58|0x00000000e3a00000, 0x00000000e3a00000, 0x00000000e3b00000|  0%| F|  |TAMS 0x00000000e3a00000, 0x00000000e3a00000| Untracked 
|  59|0x00000000e3b00000, 0x00000000e3b00000, 0x00000000e3c00000|  0%| F|  |TAMS 0x00000000e3b00000, 0x00000000e3b00000| Untracked 
|  60|0x00000000e3c00000, 0x00000000e3c00000, 0x00000000e3d00000|  0%| F|  |TAMS 0x00000000e3c00000, 0x00000000e3c00000| Untracked 
|  61|0x00000000e3d00000, 0x00000000e3d00000, 0x00000000e3e00000|  0%| F|  |TAMS 0x00000000e3d00000, 0x00000000e3d00000| Untracked 
|  62|0x00000000e3e00000, 0x00000000e3e00000, 0x00000000e3f00000|  0%| F|  |TAMS 0x00000000e3e00000, 0x00000000e3e00000| Untracked 
|  63|0x00000000e3f00000, 0x00000000e3f00000, 0x00000000e4000000|  0%| F|  |TAMS 0x00000000e3f00000, 0x00000000e3f00000| Untracked 
|  64|0x00000000e4000000, 0x00000000e4000000, 0x00000000e4100000|  0%| F|  |TAMS 0x00000000e4000000, 0x00000000e4000000| Untracked 
|  65|0x00000000e4100000, 0x00000000e4100000, 0x00000000e4200000|  0%| F|  |TAMS 0x00000000e4100000, 0x00000000e4100000| Untracked 
|  66|0x00000000e4200000, 0x00000000e4200000, 0x00000000e4300000|  0%| F|  |TAMS 0x00000000e4200000, 0x00000000e4200000| Untracked 
|  67|0x00000000e4300000, 0x00000000e4300000, 0x00000000e4400000|  0%| F|  |TAMS 0x00000000e4300000, 0x00000000e4300000| Untracked 
|  68|0x00000000e4400000, 0x00000000e4400000, 0x00000000e4500000|  0%| F|  |TAMS 0x00000000e4400000, 0x00000000e4400000| Untracked 
|  69|0x00000000e4500000, 0x00000000e4500000, 0x00000000e4600000|  0%| F|  |TAMS 0x00000000e4500000, 0x00000000e4500000| Untracked 
|  70|0x00000000e4600000, 0x00000000e4600000, 0x00000000e4700000|  0%| F|  |TAMS 0x00000000e4600000, 0x00000000e4600000| Untracked 
|  71|0x00000000e4700000, 0x00000000e4700000, 0x00000000e4800000|  0%| F|  |TAMS 0x00000000e4700000, 0x00000000e4700000| Untracked 
|  72|0x00000000e4800000, 0x00000000e4800000, 0x00000000e4900000|  0%| F|  |TAMS 0x00000000e4800000, 0x00000000e4800000| Untracked 
|  73|0x00000000e4900000, 0x00000000e4900000, 0x00000000e4a00000|  0%| F|  |TAMS 0x00000000e4900000, 0x00000000e4900000| Untracked 
|  74|0x00000000e4a00000, 0x00000000e4a00000, 0x00000000e4b00000|  0%| F|  |TAMS 0x00000000e4a00000, 0x00000000e4a00000| Untracked 
|  75|0x00000000e4b00000, 0x00000000e4b00000, 0x00000000e4c00000|  0%| F|  |TAMS 0x00000000e4b00000, 0x00000000e4b00000| Untracked 
|  76|0x00000000e4c00000, 0x00000000e4c00000, 0x00000000e4d00000|  0%| F|  |TAMS 0x00000000e4c00000, 0x00000000e4c00000| Untracked 
|  77|0x00000000e4d00000, 0x00000000e4d00000, 0x00000000e4e00000|  0%| F|  |TAMS 0x00000000e4d00000, 0x00000000e4d00000| Untracked 
|  78|0x00000000e4e00000, 0x00000000e4e00000, 0x00000000e4f00000|  0%| F|  |TAMS 0x00000000e4e00000, 0x00000000e4e00000| Untracked 
|  79|0x00000000e4f00000, 0x00000000e4f00000, 0x00000000e5000000|  0%| F|  |TAMS 0x00000000e4f00000, 0x00000000e4f00000| Untracked 
|  80|0x00000000e5000000, 0x00000000e5000000, 0x00000000e5100000|  0%| F|  |TAMS 0x00000000e5000000, 0x00000000e5000000| Untracked 
|  81|0x00000000e5100000, 0x00000000e5100000, 0x00000000e5200000|  0%| F|  |TAMS 0x00000000e5100000, 0x00000000e5100000| Untracked 
|  82|0x00000000e5200000, 0x00000000e5200000, 0x00000000e5300000|  0%| F|  |TAMS 0x00000000e5200000, 0x00000000e5200000| Untracked 
|  83|0x00000000e5300000, 0x00000000e5300000, 0x00000000e5400000|  0%| F|  |TAMS 0x00000000e5300000, 0x00000000e5300000| Untracked 
|  84|0x00000000e5400000, 0x00000000e5400000, 0x00000000e5500000|  0%| F|  |TAMS 0x00000000e5400000, 0x00000000e5400000| Untracked 
|  85|0x00000000e5500000, 0x00000000e5500000, 0x00000000e5600000|  0%| F|  |TAMS 0x00000000e5500000, 0x00000000e5500000| Untracked 
|  86|0x00000000e5600000, 0x00000000e5600000, 0x00000000e5700000|  0%| F|  |TAMS 0x00000000e5600000, 0x00000000e5600000| Untracked 
|  87|0x00000000e5700000, 0x00000000e5700000, 0x00000000e5800000|  0%| F|  |TAMS 0x00000000e5700000, 0x00000000e5700000| Untracked 
|  88|0x00000000e5800000, 0x00000000e5800000, 0x00000000e5900000|  0%| F|  |TAMS 0x00000000e5800000, 0x00000000e5800000| Untracked 
|  89|0x00000000e5900000, 0x00000000e5900000, 0x00000000e5a00000|  0%| F|  |TAMS 0x00000000e5900000, 0x00000000e5900000| Untracked 
|  90|0x00000000e5a00000, 0x00000000e5a00000, 0x00000000e5b00000|  0%| F|  |TAMS 0x00000000e5a00000, 0x00000000e5a00000| Untracked 
|  91|0x00000000e5b00000, 0x00000000e5b00000, 0x00000000e5c00000|  0%| F|  |TAMS 0x00000000e5b00000, 0x00000000e5b00000| Untracked 
|  92|0x00000000e5c00000, 0x00000000e5c00000, 0x00000000e5d00000|  0%| F|  |TAMS 0x00000000e5c00000, 0x00000000e5c00000| Untracked 
|  93|0x00000000e5d00000, 0x00000000e5d00000, 0x00000000e5e00000|  0%| F|  |TAMS 0x00000000e5d00000, 0x00000000e5d00000| Untracked 
|  94|0x00000000e5e00000, 0x00000000e5e00000, 0x00000000e5f00000|  0%| F|  |TAMS 0x00000000e5e00000, 0x00000000e5e00000| Untracked 
|  95|0x00000000e5f00000, 0x00000000e5f00000, 0x00000000e6000000|  0%| F|  |TAMS 0x00000000e5f00000, 0x00000000e5f00000| Untracked 
|  96|0x00000000e6000000, 0x00000000e6000000, 0x00000000e6100000|  0%| F|  |TAMS 0x00000000e6000000, 0x00000000e6000000| Untracked 
|  97|0x00000000e6100000, 0x00000000e6100000, 0x00000000e6200000|  0%| F|  |TAMS 0x00000000e6100000, 0x00000000e6100000| Untracked 
|  98|0x00000000e6200000, 0x00000000e6200000, 0x00000000e6300000|  0%| F|  |TAMS 0x00000000e6200000, 0x00000000e6200000| Untracked 
|  99|0x00000000e6300000, 0x00000000e6300000, 0x00000000e6400000|  0%| F|  |TAMS 0x00000000e6300000, 0x00000000e6300000| Untracked 
| 100|0x00000000e6400000, 0x00000000e6400000, 0x00000000e6500000|  0%| F|  |TAMS 0x00000000e6400000, 0x00000000e6400000| Untracked 
| 101|0x00000000e6500000, 0x00000000e6500000, 0x00000000e6600000|  0%| F|  |TAMS 0x00000000e6500000, 0x00000000e6500000| Untracked 
| 102|0x00000000e6600000, 0x00000000e6600000, 0x00000000e6700000|  0%| F|  |TAMS 0x00000000e6600000, 0x00000000e6600000| Untracked 
| 103|0x00000000e6700000, 0x00000000e6700000, 0x00000000e6800000|  0%| F|  |TAMS 0x00000000e6700000, 0x00000000e6700000| Untracked 
| 104|0x00000000e6800000, 0x00000000e6864910, 0x00000000e6900000| 39%| S|CS|TAMS 0x00000000e6800000, 0x00000000e6800000| Complete 
| 105|0x00000000e6900000, 0x00000000e6a00000, 0x00000000e6a00000|100%| S|CS|TAMS 0x00000000e6900000, 0x00000000e6900000| Complete 
| 106|0x00000000e6a00000, 0x00000000e6a00000, 0x00000000e6b00000|  0%| F|  |TAMS 0x00000000e6a00000, 0x00000000e6a00000| Untracked 
| 107|0x00000000e6b00000, 0x00000000e6b00000, 0x00000000e6c00000|  0%| F|  |TAMS 0x00000000e6b00000, 0x00000000e6b00000| Untracked 
| 108|0x00000000e6c00000, 0x00000000e6d00000, 0x00000000e6d00000|100%| E|  |TAMS 0x00000000e6c00000, 0x00000000e6c00000| Complete 
| 109|0x00000000e6d00000, 0x00000000e6e00000, 0x00000000e6e00000|100%| E|CS|TAMS 0x00000000e6d00000, 0x00000000e6d00000| Complete 
| 110|0x00000000e6e00000, 0x00000000e6f00000, 0x00000000e6f00000|100%| E|CS|TAMS 0x00000000e6e00000, 0x00000000e6e00000| Complete 
| 111|0x00000000e6f00000, 0x00000000e7000000, 0x00000000e7000000|100%| E|CS|TAMS 0x00000000e6f00000, 0x00000000e6f00000| Complete 
| 112|0x00000000e7000000, 0x00000000e7100000, 0x00000000e7100000|100%| E|CS|TAMS 0x00000000e7000000, 0x00000000e7000000| Complete 
| 113|0x00000000e7100000, 0x00000000e7200000, 0x00000000e7200000|100%| E|CS|TAMS 0x00000000e7100000, 0x00000000e7100000| Complete 
| 114|0x00000000e7200000, 0x00000000e7300000, 0x00000000e7300000|100%| E|CS|TAMS 0x00000000e7200000, 0x00000000e7200000| Complete 
| 115|0x00000000e7300000, 0x00000000e7400000, 0x00000000e7400000|100%| E|CS|TAMS 0x00000000e7300000, 0x00000000e7300000| Complete 
| 116|0x00000000e7400000, 0x00000000e7500000, 0x00000000e7500000|100%| E|CS|TAMS 0x00000000e7400000, 0x00000000e7400000| Complete 
| 117|0x00000000e7500000, 0x00000000e7600000, 0x00000000e7600000|100%| E|CS|TAMS 0x00000000e7500000, 0x00000000e7500000| Complete 
| 118|0x00000000e7600000, 0x00000000e7700000, 0x00000000e7700000|100%| E|CS|TAMS 0x00000000e7600000, 0x00000000e7600000| Complete 
| 119|0x00000000e7700000, 0x00000000e7800000, 0x00000000e7800000|100%| E|CS|TAMS 0x00000000e7700000, 0x00000000e7700000| Complete 
| 120|0x00000000e7800000, 0x00000000e7900000, 0x00000000e7900000|100%| E|CS|TAMS 0x00000000e7800000, 0x00000000e7800000| Complete 
| 121|0x00000000e7900000, 0x00000000e7a00000, 0x00000000e7a00000|100%| E|CS|TAMS 0x00000000e7900000, 0x00000000e7900000| Complete 
| 122|0x00000000e7a00000, 0x00000000e7b00000, 0x00000000e7b00000|100%| E|CS|TAMS 0x00000000e7a00000, 0x00000000e7a00000| Complete 
| 123|0x00000000e7b00000, 0x00000000e7c00000, 0x00000000e7c00000|100%| E|CS|TAMS 0x00000000e7b00000, 0x00000000e7b00000| Complete 
| 124|0x00000000e7c00000, 0x00000000e7d00000, 0x00000000e7d00000|100%| E|CS|TAMS 0x00000000e7c00000, 0x00000000e7c00000| Complete 
| 125|0x00000000e7d00000, 0x00000000e7e00000, 0x00000000e7e00000|100%| E|CS|TAMS 0x00000000e7d00000, 0x00000000e7d00000| Complete 

Card table byte_map: [0x000001b631a00000,0x000001b631b00000] _byte_map_base: 0x000001b631300000

Marking Bits (Prev, Next): (CMBitMap*) 0x000001b61b1ca2f0, (CMBitMap*) 0x000001b61b1ca330
 Prev Bits: [0x000001b631c00000, 0x000001b632400000)
 Next Bits: [0x000001b632400000, 0x000001b632c00000)

Polling page: 0x000001b6191a0000

Metaspace:

Usage:
  Non-class:      7.37 MB used.
      Class:      1.13 MB used.
       Both:      8.50 MB used.

Virtual space:
  Non-class space:        8.00 MB reserved,       7.50 MB ( 94%) committed,  1 nodes.
      Class space:        1.00 GB reserved,       1.25 MB ( <1%) committed,  1 nodes.
             Both:        1.01 GB reserved,       8.75 MB ( <1%) committed. 

Chunk freelists:
   Non-Class:  288.00 KB
       Class:  2.70 MB
        Both:  2.98 MB

MaxMetaspaceSize: unlimited
CompressedClassSpaceSize: 1.00 GB
Initial GC threshold: 21.00 MB
Current GC threshold: 21.00 MB
CDS: on
MetaspaceReclaimPolicy: balanced
 - commit_granule_bytes: 65536.
 - commit_granule_words: 8192.
 - virtual_space_node_default_size: 1048576.
 - enlarge_chunks_in_place: 1.
 - new_chunks_are_fully_committed: 0.
 - uncommit_free_chunks: 1.
 - use_allocation_guard: 0.
 - handle_deallocations: 1.


Internal statistics:

num_allocs_failed_limit: 0.
num_arena_births: 144.
num_arena_deaths: 0.
num_vsnodes_births: 2.
num_vsnodes_deaths: 0.
num_space_committed: 140.
num_space_uncommitted: 0.
num_chunks_returned_to_freelist: 0.
num_chunks_taken_from_freelist: 418.
num_chunk_merges: 0.
num_chunk_splits: 236.
num_chunks_enlarged: 152.
num_purges: 0.
num_inconsistent_stats: 0.

CodeHeap 'non-profiled nmethods': size=120000Kb used=518Kb max_used=518Kb free=119481Kb
 bounds [0x000001b62a4d0000, 0x000001b62a740000, 0x000001b631a00000]
CodeHeap 'profiled nmethods': size=120000Kb used=3265Kb max_used=3265Kb free=116735Kb
 bounds [0x000001b622fa0000, 0x000001b6232e0000, 0x000001b62a4d0000]
CodeHeap 'non-nmethods': size=5760Kb used=1161Kb max_used=1187Kb free=4598Kb
 bounds [0x000001b622a00000, 0x000001b622c70000, 0x000001b622fa0000]
 total_blobs=2105 nmethods=1652 adapters=365
 compilation: enabled
              stopped_count=0, restarted_count=0
 full_count=0

Compilation events (20 events):
Event: 1.571 Thread 0x000001b6351b5340 nmethod 1663 0x000001b6232cbf90 code [0x000001b6232cc200, 0x000001b6232cc968]
Event: 1.577 Thread 0x000001b6351b5340 1664       2       java.lang.invoke.MethodHandles$Lookup::lookupClassProtectionDomain (29 bytes)
Event: 1.578 Thread 0x000001b6351b5340 nmethod 1664 0x000001b6232cce10 code [0x000001b6232ccfc0, 0x000001b6232cd1a8]
Event: 1.578 Thread 0x000001b6351b5340 1665       2       java.lang.Class::protectionDomain (48 bytes)
Event: 1.578 Thread 0x000001b6351b5340 nmethod 1665 0x000001b6232cd310 code [0x000001b6232cd520, 0x000001b6232cd978]
Event: 1.578 Thread 0x000001b6351b5340 1667       2       java.util.stream.ReferencePipeline::filter (22 bytes)
Event: 1.578 Thread 0x000001b6351b5340 nmethod 1667 0x000001b6232cdb10 code [0x000001b6232cdcc0, 0x000001b6232cdff8]
Event: 1.578 Thread 0x000001b6351b5340 1668       2       java.util.stream.ReferencePipeline$2::<init> (20 bytes)
Event: 1.579 Thread 0x000001b6351b5340 nmethod 1668 0x000001b6232ce190 code [0x000001b6232ce340, 0x000001b6232ce528]
Event: 1.579 Thread 0x000001b6351b5340 1670       2       jdk.internal.org.objectweb.asm.FieldWriter::computeFieldInfoSize (86 bytes)
Event: 1.579 Thread 0x000001b6351b5340 nmethod 1670 0x000001b6232ce610 code [0x000001b6232ce7e0, 0x000001b6232ce9f8]
Event: 1.579 Thread 0x000001b6351b5340 1671       2       jdk.internal.org.objectweb.asm.FieldWriter::putFieldInfo (269 bytes)
Event: 1.580 Thread 0x000001b6351b5340 nmethod 1671 0x000001b6232ceb90 code [0x000001b6232cedc0, 0x000001b6232cf248]
Event: 1.580 Thread 0x000001b6351b5340 1669       2       jdk.internal.org.objectweb.asm.MethodVisitor::visitFieldInsn (20 bytes)
Event: 1.580 Thread 0x000001b6351b5340 nmethod 1669 0x000001b6232cf590 code [0x000001b6232cf720, 0x000001b6232cf848]
Event: 1.584 Thread 0x000001b6351b5340 1672       2       jdk.internal.org.objectweb.asm.SymbolTable::putBootstrapMethods (56 bytes)
Event: 1.584 Thread 0x000001b6351b5340 nmethod 1672 0x000001b6232cf910 code [0x000001b6232cfae0, 0x000001b6232cfce8]
Event: 1.594 Thread 0x000001b6351b5340 1673   !   2       jdk.proxy2.$Proxy6::annotationType (29 bytes)
Event: 1.595 Thread 0x000001b6351b5340 nmethod 1673 0x000001b6232cfe90 code [0x000001b6232d0040, 0x000001b6232d02b8]
Event: 1.603 Thread 0x000001b6351b5340 1674       2       java.util.regex.Pattern::peek (26 bytes)

GC Heap History (6 events):
Event: 0.674 GC heap before
{Heap before GC invocations=0 (full 0):
 garbage-first heap   total 129024K, used 12288K [0x00000000e0000000, 0x0000000100000000)
  region size 1024K, 13 young (13312K), 0 survivors (0K)
 Metaspace       used 4245K, committed 4480K, reserved 1056768K
  class space    used 543K, committed 640K, reserved 1048576K
}
Event: 0.680 GC heap after
{Heap after GC invocations=1 (full 0):
 garbage-first heap   total 129024K, used 5557K [0x00000000e0000000, 0x0000000100000000)
  region size 1024K, 2 young (2048K), 2 survivors (2048K)
 Metaspace       used 4245K, committed 4480K, reserved 1056768K
  class space    used 543K, committed 640K, reserved 1048576K
}
Event: 1.005 GC heap before
{Heap before GC invocations=1 (full 0):
 garbage-first heap   total 129024K, used 14773K [0x00000000e0000000, 0x0000000100000000)
  region size 1024K, 11 young (11264K), 2 survivors (2048K)
 Metaspace       used 6814K, committed 7040K, reserved 1056768K
  class space    used 860K, committed 1024K, reserved 1048576K
}
Event: 1.009 GC heap after
{Heap after GC invocations=2 (full 0):
 garbage-first heap   total 129024K, used 6345K [0x00000000e0000000, 0x0000000100000000)
  region size 1024K, 1 young (1024K), 1 survivors (1024K)
 Metaspace       used 6814K, committed 7040K, reserved 1056768K
  class space    used 860K, committed 1024K, reserved 1048576K
}
Event: 1.401 GC heap before
{Heap before GC invocations=2 (full 0):
 garbage-first heap   total 129024K, used 25801K [0x00000000e0000000, 0x0000000100000000)
  region size 1024K, 20 young (20480K), 1 survivors (1024K)
 Metaspace       used 8143K, committed 8384K, reserved 1056768K
  class space    used 1073K, committed 1216K, reserved 1048576K
}
Event: 1.404 GC heap after
{Heap after GC invocations=3 (full 0):
 garbage-first heap   total 129024K, used 6807K [0x00000000e0000000, 0x0000000100000000)
  region size 1024K, 2 young (2048K), 2 survivors (2048K)
 Metaspace       used 8143K, committed 8384K, reserved 1056768K
  class space    used 1073K, committed 1216K, reserved 1048576K
}

Deoptimization events (20 events):
Event: 1.160 Thread 0x000001b61b1a1f80 DEOPT PACKING pc=0x000001b62a53e7f4 sp=0x000000a2963fd100
Event: 1.160 Thread 0x000001b61b1a1f80 DEOPT UNPACKING pc=0x000001b622a523a3 sp=0x000000a2963fd080 mode 2
Event: 1.196 Thread 0x000001b61b1a1f80 DEOPT PACKING pc=0x000001b622fded08 sp=0x000000a2963fb660
Event: 1.196 Thread 0x000001b61b1a1f80 DEOPT UNPACKING pc=0x000001b622a52b43 sp=0x000000a2963fab68 mode 0
Event: 1.281 Thread 0x000001b61b1a1f80 DEOPT PACKING pc=0x000001b622fded08 sp=0x000000a2963f9b50
Event: 1.281 Thread 0x000001b61b1a1f80 DEOPT UNPACKING pc=0x000001b622a52b43 sp=0x000000a2963f9058 mode 0
Event: 1.331 Thread 0x000001b61b1a1f80 DEOPT PACKING pc=0x000001b623175cea sp=0x000000a2963fc4e0
Event: 1.331 Thread 0x000001b61b1a1f80 DEOPT UNPACKING pc=0x000001b622a52b43 sp=0x000000a2963fb9f0 mode 0
Event: 1.342 Thread 0x000001b61b1a1f80 DEOPT PACKING pc=0x000001b622fded08 sp=0x000000a2963fca90
Event: 1.342 Thread 0x000001b61b1a1f80 DEOPT UNPACKING pc=0x000001b622a52b43 sp=0x000000a2963fbf98 mode 0
Event: 1.457 Thread 0x000001b61b1a1f80 Uncommon trap: trap_request=0xffffffde fr.pc=0x000001b62a52d2d8 relative=0x00000000000007d8
Event: 1.457 Thread 0x000001b61b1a1f80 Uncommon trap: reason=class_check action=maybe_recompile pc=0x000001b62a52d2d8 method=java.util.HashMap.putVal(ILjava/lang/Object;Ljava/lang/Object;ZZ)Ljava/lang/Object; @ 253 c2
Event: 1.457 Thread 0x000001b61b1a1f80 DEOPT PACKING pc=0x000001b62a52d2d8 sp=0x000000a2963fd260
Event: 1.457 Thread 0x000001b61b1a1f80 DEOPT UNPACKING pc=0x000001b622a523a3 sp=0x000000a2963fd180 mode 2
Event: 1.544 Thread 0x000001b61b1a1f80 DEOPT PACKING pc=0x000001b622fded08 sp=0x000000a2963f9c40
Event: 1.544 Thread 0x000001b61b1a1f80 DEOPT UNPACKING pc=0x000001b622a52b43 sp=0x000000a2963f9148 mode 0
Event: 1.564 Thread 0x000001b61b1a1f80 Uncommon trap: trap_request=0xffffff45 fr.pc=0x000001b62a4db638 relative=0x0000000000000038
Event: 1.564 Thread 0x000001b61b1a1f80 Uncommon trap: reason=unstable_if action=reinterpret pc=0x000001b62a4db638 method=java.lang.StringLatin1.canEncode(I)Z @ 4 c2
Event: 1.564 Thread 0x000001b61b1a1f80 DEOPT PACKING pc=0x000001b62a4db638 sp=0x000000a2963fa4b0
Event: 1.564 Thread 0x000001b61b1a1f80 DEOPT UNPACKING pc=0x000001b622a523a3 sp=0x000000a2963fa440 mode 2

Classes unloaded (0 events):
No events

Classes redefined (0 events):
No events

Internal exceptions (20 events):
Event: 1.189 Thread 0x000001b61b1a1f80 Exception <a 'java/lang/NoSuchMethodError'{0x00000000e72ff650}: 'java.lang.Object java.lang.invoke.DirectMethodHandle$Holder.newInvokeSpecial(java.lang.Object, java.lang.Object, java.lang.Object, java.lang.Object, java.lang.Object, java.lang.Object)'> (0x00000000e72ff650) 
thrown [t:\workspace\open\src\hotspot\share\interpreter\linkResolver.cpp, line 766]
Event: 1.198 Thread 0x000001b61b1a1f80 Exception <a 'java/lang/NoSuchMethodError'{0x00000000e7148320}: 'void java.lang.invoke.DirectMethodHandle$Holder.invokeInterface(java.lang.Object, java.lang.Object, java.lang.Object, java.lang.Object, java.lang.Object)'> (0x00000000e7148320) 
thrown [t:\workspace\open\src\hotspot\share\interpreter\linkResolver.cpp, line 766]
Event: 1.198 Thread 0x000001b61b1a1f80 Exception <a 'java/lang/IncompatibleClassChangeError'{0x00000000e714c298}: Found class java.lang.Object, but interface was expected> (0x00000000e714c298) 
thrown [t:\workspace\open\src\hotspot\share\interpreter\linkResolver.cpp, line 833]
Event: 1.212 Thread 0x000001b61b1a1f80 Exception <a 'java/lang/IncompatibleClassChangeError'{0x00000000e718dc28}: Found class java.lang.Object, but interface was expected> (0x00000000e718dc28) 
thrown [t:\workspace\open\src\hotspot\share\interpreter\linkResolver.cpp, line 833]
Event: 1.235 Thread 0x000001b61b1a1f80 Exception <a 'java/lang/NoSuchMethodError'{0x00000000e7001a68}: 'void java.lang.invoke.DirectMethodHandle$Holder.invokeSpecial(java.lang.Object, java.lang.Object, java.lang.Object, java.lang.Object, java.lang.Object)'> (0x00000000e7001a68) 
thrown [t:\workspace\open\src\hotspot\share\interpreter\linkResolver.cpp, line 766]
Event: 1.261 Thread 0x000001b61b1a1f80 Exception <a 'java/lang/NoSuchMethodError'{0x00000000e7075728}: 'void java.lang.invoke.DirectMethodHandle$Holder.invokeInterface(java.lang.Object, java.lang.Object, java.lang.Object, java.lang.Object)'> (0x00000000e7075728) 
thrown [t:\workspace\open\src\hotspot\share\interpreter\linkResolver.cpp, line 766]
Event: 1.261 Thread 0x000001b61b1a1f80 Exception <a 'java/lang/IncompatibleClassChangeError'{0x00000000e70792f8}: Found class java.lang.Object, but interface was expected> (0x00000000e70792f8) 
thrown [t:\workspace\open\src\hotspot\share\interpreter\linkResolver.cpp, line 833]
Event: 1.265 Thread 0x000001b61b1a1f80 Exception <a 'java/lang/NoSuchMethodError'{0x00000000e70925a8}: 'void java.lang.invoke.DirectMethodHandle$Holder.invokeStatic(java.lang.Object, java.lang.Object, java.lang.Object, java.lang.Object)'> (0x00000000e70925a8) 
thrown [t:\workspace\open\src\hotspot\share\interpreter\linkResolver.cpp, line 766]
Event: 1.283 Thread 0x000001b61b1a1f80 Exception <a 'java/lang/NoSuchMethodError'{0x00000000e6f04498}: 'int java.lang.invoke.DirectMethodHandle$Holder.invokeStatic(java.lang.Object, java.lang.Object, java.lang.Object, java.lang.Object)'> (0x00000000e6f04498) 
thrown [t:\workspace\open\src\hotspot\share\interpreter\linkResolver.cpp, line 766]
Event: 1.284 Thread 0x000001b61b1a1f80 Exception <a 'java/lang/NoSuchMethodError'{0x00000000e6f07e18}: 'java.lang.Object java.lang.invoke.Invokers$Holder.invokeExact_MT(java.lang.Object, java.lang.Object, java.lang.Object, java.lang.Object, java.lang.Object, java.lang.Object)'> (0x00000000e6f07e18) 
thrown [t:\workspace\open\src\hotspot\share\interpreter\linkResolver.cpp, line 766]
Event: 1.292 Thread 0x000001b61b1a1f80 Exception <a 'java/lang/NoSuchMethodError'{0x00000000e6f176c8}: 'int java.lang.invoke.DirectMethodHandle$Holder.invokeStatic(java.lang.Object, java.lang.Object, java.lang.Object, java.lang.Object, java.lang.Object)'> (0x00000000e6f176c8) 
thrown [t:\workspace\open\src\hotspot\share\interpreter\linkResolver.cpp, line 766]
Event: 1.304 Thread 0x000001b61b1a1f80 Exception <a 'java/lang/NoSuchMethodError'{0x00000000e6f684a8}: 'void java.lang.invoke.DirectMethodHandle$Holder.invokeStaticInit(java.lang.Object)'> (0x00000000e6f684a8) 
thrown [t:\workspace\open\src\hotspot\share\interpreter\linkResolver.cpp, line 766]
Event: 1.350 Thread 0x000001b61b1a1f80 Exception <a 'java/lang/NoSuchMethodError'{0x00000000e6e95e58}: 'int java.lang.invoke.DirectMethodHandle$Holder.invokeStaticInit(java.lang.Object, java.lang.Object)'> (0x00000000e6e95e58) 
thrown [t:\workspace\open\src\hotspot\share\interpreter\linkResolver.cpp, line 766]
Event: 1.369 Thread 0x000001b61b1a1f80 Exception <a 'java/lang/NoSuchMethodError'{0x00000000e6ede588}: 'int java.lang.invoke.DirectMethodHandle$Holder.invokeInterface(java.lang.Object, java.lang.Object)'> (0x00000000e6ede588) 
thrown [t:\workspace\open\src\hotspot\share\interpreter\linkResolver.cpp, line 766]
Event: 1.493 Thread 0x000001b61b1a1f80 Exception <a 'java/lang/NoSuchMethodError'{0x00000000e6e325e0}: 'java.lang.Object java.lang.invoke.DirectMethodHandle$Holder.invokeVirtual(java.lang.Object, java.lang.Object, java.lang.Object)'> (0x00000000e6e325e0) 
thrown [t:\workspace\open\src\hotspot\share\interpreter\linkResolver.cpp, line 766]
Event: 1.521 Thread 0x000001b61b1a1f80 Exception <a 'java/lang/NoSuchMethodError'{0x00000000e6ebf828}: 'java.lang.Object java.lang.invoke.DirectMethodHandle$Holder.newInvokeSpecial(java.lang.Object, java.lang.Object, java.lang.Object, java.lang.Object, java.lang.Object, java.lang.Object, java.lang.Object)'> (0x00000000e6ebf828) 
thrown [t:\workspace\open\src\hotspot\share\interpreter\linkResolver.cpp, line 766]
Event: 1.522 Thread 0x000001b61b1a1f80 Exception <a 'java/lang/NoSuchMethodError'{0x00000000e6ec43e0}: 'java.lang.Object java.lang.invoke.Invokers$Holder.linkToTargetMethod(java.lang.Object, java.lang.Object, java.lang.Object, java.lang.Object, java.lang.Object, java.lang.Object, java.lang.Object)'> (0x00000000e6ec43e0) 
thrown [t:\workspace\open\src\hotspot\share\interpreter\linkResolver.cpp, line 766]
Event: 1.522 Thread 0x000001b61b1a1f80 Exception <a 'java/lang/NoSuchMethodError'{0x00000000e6ecabd0}: 'java.lang.Object java.lang.invoke.DirectMethodHandle$Holder.invokeInterface(java.lang.Object, java.lang.Object, java.lang.Object, java.lang.Object, java.lang.Object)'> (0x00000000e6ecabd0) 
thrown [t:\workspace\open\src\hotspot\share\interpreter\linkResolver.cpp, line 766]
Event: 1.523 Thread 0x000001b61b1a1f80 Exception <a 'java/lang/IncompatibleClassChangeError'{0x00000000e6ece9c8}: Found class java.lang.Object, but interface was expected> (0x00000000e6ece9c8) 
thrown [t:\workspace\open\src\hotspot\share\interpreter\linkResolver.cpp, line 833]
Event: 1.583 Thread 0x000001b61b1a1f80 Exception <a 'java/lang/IncompatibleClassChangeError'{0x00000000e6c63040}: Found class java.lang.Object, but interface was expected> (0x00000000e6c63040) 
thrown [t:\workspace\open\src\hotspot\share\interpreter\linkResolver.cpp, line 833]

VM Operations (20 events):
Event: 0.802 Executing VM operation: HandshakeAllThreads
Event: 0.802 Executing VM operation: HandshakeAllThreads done
Event: 0.826 Executing VM operation: HandshakeAllThreads
Event: 0.826 Executing VM operation: HandshakeAllThreads done
Event: 1.005 Executing VM operation: G1CollectForAllocation
Event: 1.009 Executing VM operation: G1CollectForAllocation done
Event: 1.159 Executing VM operation: HandshakeAllThreads
Event: 1.159 Executing VM operation: HandshakeAllThreads done
Event: 1.172 Executing VM operation: ICBufferFull
Event: 1.172 Executing VM operation: ICBufferFull done
Event: 1.174 Executing VM operation: ICBufferFull
Event: 1.174 Executing VM operation: ICBufferFull done
Event: 1.178 Executing VM operation: ICBufferFull
Event: 1.178 Executing VM operation: ICBufferFull done
Event: 1.179 Executing VM operation: ICBufferFull
Event: 1.180 Executing VM operation: ICBufferFull done
Event: 1.401 Executing VM operation: G1CollectForAllocation
Event: 1.404 Executing VM operation: G1CollectForAllocation done
Event: 1.527 Executing VM operation: HandshakeAllThreads
Event: 1.527 Executing VM operation: HandshakeAllThreads done

Events (20 events):
Event: 1.339 loading class java/util/Collections$ReverseComparator
Event: 1.339 loading class java/util/Collections$ReverseComparator done
Event: 1.339 loading class java/util/Collections$ReverseComparator2
Event: 1.339 loading class java/util/Collections$ReverseComparator2 done
Event: 1.347 loading class java/util/concurrent/CancellationException
Event: 1.347 loading class java/util/concurrent/CancellationException done
Event: 1.347 loading class java/util/concurrent/ExecutionException
Event: 1.347 loading class java/util/concurrent/ExecutionException done
Event: 1.486 loading class java/util/function/BooleanSupplier
Event: 1.486 loading class java/util/function/BooleanSupplier done
Event: 1.526 loading class java/util/ArrayList$ListItr
Event: 1.526 loading class java/util/ArrayList$ListItr done
Event: 1.547 loading class java/util/EventObject
Event: 1.547 loading class java/util/EventObject done
Event: 1.559 loading class java/awt/image/RenderedImage
Event: 1.560 loading class java/awt/image/RenderedImage done
Event: 1.603 loading class java/time/format/DateTimeParseException
Event: 1.603 loading class java/time/DateTimeException
Event: 1.603 loading class java/time/DateTimeException done
Event: 1.603 loading class java/time/format/DateTimeParseException done


Dynamic libraries:
0x00007ff6e3360000 - 0x00007ff6e3370000 	C:\Program Files\Java\jdk-17.0.2\bin\java.exe
0x00007ffcbe410000 - 0x00007ffcbe605000 	C:\Windows\SYSTEM32\ntdll.dll
0x00007ffcbdb70000 - 0x00007ffcbdc2e000 	C:\Windows\System32\KERNEL32.DLL
0x00007ffcbbe90000 - 0x00007ffcbc159000 	C:\Windows\System32\KERNELBASE.dll
0x00007ffcbc160000 - 0x00007ffcbc260000 	C:\Windows\System32\ucrtbase.dll
0x00007ffcb3390000 - 0x00007ffcb33a8000 	C:\Program Files\Java\jdk-17.0.2\bin\jli.dll
0x00007ffcbd620000 - 0x00007ffcbd6cc000 	C:\Windows\System32\ADVAPI32.dll
0x00007ffcbc460000 - 0x00007ffcbc4fe000 	C:\Windows\System32\msvcrt.dll
0x00007ffcbd940000 - 0x00007ffcbd9db000 	C:\Windows\System32\sechost.dll
0x00007ffcbdce0000 - 0x00007ffcbde0a000 	C:\Windows\System32\RPCRT4.dll
0x00007ffcbd3d0000 - 0x00007ffcbd571000 	C:\Windows\System32\USER32.dll
0x00007ffcbbd50000 - 0x00007ffcbbd72000 	C:\Windows\System32\win32u.dll
0x00007ffcbdf20000 - 0x00007ffcbdf4b000 	C:\Windows\System32\GDI32.dll
0x00007ffcbbc40000 - 0x00007ffcbbd4b000 	C:\Windows\System32\gdi32full.dll
0x00007ffcbc3c0000 - 0x00007ffcbc45d000 	C:\Windows\System32\msvcp_win.dll
0x00007ffca8f70000 - 0x00007ffca8f8a000 	C:\Program Files\Java\jdk-17.0.2\bin\VCRUNTIME140.dll
0x00007ffca9540000 - 0x00007ffca97da000 	C:\Windows\WinSxS\amd64_microsoft.windows.common-controls_6595b64144ccf1df_6.0.19041.1110_none_60b5254171f9507e\COMCTL32.dll
0x00007ffcb4f60000 - 0x00007ffcb4f6a000 	C:\Windows\SYSTEM32\VERSION.dll
0x00007ffcbd580000 - 0x00007ffcbd5b0000 	C:\Windows\System32\IMM32.DLL
0x00007ffcb03f0000 - 0x00007ffcb03fc000 	C:\Program Files\Java\jdk-17.0.2\bin\vcruntime140_1.dll
0x00007ffc8f2d0000 - 0x00007ffc8f35d000 	C:\Program Files\Java\jdk-17.0.2\bin\msvcp140.dll
0x00007ffc6e7e0000 - 0x00007ffc6f3a1000 	C:\Program Files\Java\jdk-17.0.2\bin\server\jvm.dll
0x00007ffcbd1b0000 - 0x00007ffcbd1b8000 	C:\Windows\System32\PSAPI.DLL
0x00007ffcb6650000 - 0x00007ffcb6659000 	C:\Windows\SYSTEM32\WSOCK32.dll
0x00007ffcab3e0000 - 0x00007ffcab407000 	C:\Windows\SYSTEM32\WINMM.dll
0x00007ffcbdb00000 - 0x00007ffcbdb6b000 	C:\Windows\System32\WS2_32.dll
0x00007ffcb9a30000 - 0x00007ffcb9a42000 	C:\Windows\SYSTEM32\kernel.appcore.dll
0x00007ffcaccd0000 - 0x00007ffcaccda000 	C:\Program Files\Java\jdk-17.0.2\bin\jimage.dll
0x00007ffc9ce50000 - 0x00007ffc9d034000 	C:\Windows\SYSTEM32\DBGHELP.DLL
0x00007ffc9cc90000 - 0x00007ffc9ccbc000 	C:\Windows\SYSTEM32\dbgcore.DLL
0x00007ffcbbb30000 - 0x00007ffcbbbb3000 	C:\Windows\System32\bcryptPrimitives.dll
0x00007ffca8da0000 - 0x00007ffca8dc5000 	C:\Program Files\Java\jdk-17.0.2\bin\java.dll
0x00007ffc6f7b0000 - 0x00007ffc6f886000 	C:\Program Files\Java\jdk-17.0.2\bin\jsvml.dll
0x00007ffcbc5e0000 - 0x00007ffcbcd1f000 	C:\Windows\System32\SHELL32.dll
0x00007ffcb9c30000 - 0x00007ffcba3c0000 	C:\Windows\SYSTEM32\windows.storage.dll
0x00007ffcbcd20000 - 0x00007ffcbd075000 	C:\Windows\System32\combase.dll
0x00007ffcbb580000 - 0x00007ffcbb5ac000 	C:\Windows\SYSTEM32\Wldp.dll
0x00007ffcbde10000 - 0x00007ffcbdebe000 	C:\Windows\System32\SHCORE.dll
0x00007ffcbdec0000 - 0x00007ffcbdf15000 	C:\Windows\System32\shlwapi.dll
0x00007ffcbba70000 - 0x00007ffcbba8f000 	C:\Windows\SYSTEM32\profapi.dll
0x00007ffca8d80000 - 0x00007ffca8d99000 	C:\Program Files\Java\jdk-17.0.2\bin\net.dll
0x00007ffca8bf0000 - 0x00007ffca8cf8000 	C:\Windows\SYSTEM32\WINHTTP.dll
0x00007ffcbb2e0000 - 0x00007ffcbb34a000 	C:\Windows\system32\mswsock.dll
0x00007ffca8ad0000 - 0x00007ffca8ae6000 	C:\Program Files\Java\jdk-17.0.2\bin\nio.dll
0x00007ffca7e90000 - 0x00007ffca7ea8000 	C:\Program Files\Java\jdk-17.0.2\bin\zip.dll
0x00007ffca8d70000 - 0x00007ffca8d80000 	C:\Program Files\Java\jdk-17.0.2\bin\verify.dll
0x00007ffca6ff0000 - 0x00007ffca6ffe000 	C:\Program Files\Java\jdk-17.0.2\bin\sunmscapi.dll
0x00007ffcbc260000 - 0x00007ffcbc3b6000 	C:\Windows\System32\CRYPT32.dll
0x00007ffcbb5f0000 - 0x00007ffcbb617000 	C:\Windows\SYSTEM32\ncrypt.dll
0x00007ffcbb5b0000 - 0x00007ffcbb5eb000 	C:\Windows\SYSTEM32\NTASN1.dll
0x00007ffca6f10000 - 0x00007ffca6f17000 	C:\Windows\system32\wshunix.dll
0x00007ffcbb4e0000 - 0x00007ffcbb4f8000 	C:\Windows\SYSTEM32\CRYPTSP.dll
0x00007ffcbabf0000 - 0x00007ffcbac24000 	C:\Windows\system32\rsaenh.dll
0x00007ffcbbbc0000 - 0x00007ffcbbbe7000 	C:\Windows\System32\bcrypt.dll
0x00007ffcbba30000 - 0x00007ffcbba5e000 	C:\Windows\SYSTEM32\USERENV.dll
0x00007ffcbb4d0000 - 0x00007ffcbb4dc000 	C:\Windows\SYSTEM32\CRYPTBASE.dll
0x00007ffcbaf80000 - 0x00007ffcbafbb000 	C:\Windows\SYSTEM32\IPHLPAPI.DLL
0x00007ffcbd5b0000 - 0x00007ffcbd5b8000 	C:\Windows\System32\NSI.dll
0x00007ffcb0650000 - 0x00007ffcb0667000 	C:\Windows\SYSTEM32\dhcpcsvc6.DLL
0x00007ffcb1fe0000 - 0x00007ffcb1ffd000 	C:\Windows\SYSTEM32\dhcpcsvc.DLL
0x00007ffcbafd0000 - 0x00007ffcbb09c000 	C:\Windows\SYSTEM32\DNSAPI.dll

dbghelp: loaded successfully - version: 4.0.5 - missing functions: none
symbol engine: initialized successfully - sym options: 0x614 - pdb path: .;C:\Program Files\Java\jdk-17.0.2\bin;C:\Windows\SYSTEM32;C:\Windows\WinSxS\amd64_microsoft.windows.common-controls_6595b64144ccf1df_6.0.19041.1110_none_60b5254171f9507e;C:\Program Files\Java\jdk-17.0.2\bin\server

VM Arguments:
jvm_args: -Dorg.gradle.internal.worker.tmpdir=C:\Users\Lenovo\IdeaProjects\softdev-2022-spring-task-3\build\tmp\test\work -Dorg.gradle.native=false --add-opens=java.base/java.util=ALL-UNNAMED --add-opens=java.base/java.lang=ALL-UNNAMED -Xmx512m -Dfile.encoding=windows-1251 -Duser.country=RU -Duser.language=ru -Duser.variant -ea 
java_command: worker.org.gradle.process.internal.worker.GradleWorkerMain 'Gradle Test Executor 12'
java_class_path (initial): C:\\Users\\Lenovo\\.gradle\\caches\\7.2\\workerMain\\gradle-worker.jar;C:\\Users\\Lenovo\\IdeaProjects\\softdev-2022-spring-task-3\\build\\classes\\java\\test;C:\\Users\\Lenovo\\IdeaProjects\\softdev-2022-spring-task-3\\build\\resources\\test;C:\\Users\\Lenovo\\IdeaProjects\\softdev-2022-spring-task-3\\build\\classes\\java\\main;C:\\Users\\Lenovo\\IdeaProjects\\softdev-2022-spring-task-3\\build\\resources\\main;C:\\Users\\Lenovo\\.gradle\\caches\\modules-2\\files-2.1\\org.openjfx\\javafx-fxml\\17.0.1\\3c4928d8de8e84617b28d370ac1115a1a2267c68\\javafx-fxml-17.0.1-win.jar;C:\\Users\\Lenovo\\.gradle\\caches\\modules-2\\files-2.1\\org.openjfx\\javafx-web\\17.0.1\\795e1aee36f4eb1c3d62500de29a3c0caa4f4960\\javafx-web-17.0.1-win.jar;C:\\Users\\Lenovo\\.gradle\\caches\\modules-2\\files-2.1\\org.openjfx\\javafx-controls\\17.0.1\\dd2e517c9638c07325836d17557a365b484fd6c7\\javafx-controls-17.0.1-win.jar;C:\\Users\\Lenovo\\.gradle\\caches\\modules-2\\files-2.1\\org.openjfx\\javafx-controls\\17.0.1\\4aa202089425f7b3bac4566e98da4b94ad10ee00\\javafx-controls-17.0.1.jar;C:\\Users\\Lenovo\\.gradle\\caches\\modules-2\\files-2.1\\org.openjfx\\javafx-media\\17.0.1\\530e991b1b68bf6c092511e858b3a92471d43d7b\\javafx-media-17.0.1-win.jar;C:\\Users\\Lenovo\\.gradle\\caches\\modules-2\\files-2.1\\org.openjfx\\javafx-media\\17.0.1\\c4a23d303999761aa0a96b294fb54de21896e123\\javafx-media-17.0.1.jar;C:\\Users\\Lenovo\\.gradle\\caches\\modules-2\\files-2.1\\org.openjfx\\javafx-graphics\\17.0.1\\5e29de2d1e6320c2c8c4af9fef186d82f3953155\\javafx-graphics-17.0.1-win.jar;C:\\Users\\Lenovo\\.gradle\\caches\\modules-2\\files-2.1\\org.openjfx\\javafx-graphics\\17.0.1\\324fd0f6c9c55330fc64a44dde0887d9646e800a\\javafx-graphics-17.0.1.jar;C:\\Users\\Lenovo\\.gradle\\caches\\modules-2\\files-2.1\\org.openjfx\\javafx-base\\17.0.1\\174ca1357249f26d154583886cda6f20ba1b7887\\javafx-base-17.0.1-win.jar;C:\\Users\\Lenovo\\.gradle\\caches\\modules-2\\files-2.1\\org.openjfx\\javafx-base\\1
Launcher Type: SUN_STANDARD

[Global flags]
     intx CICompilerCount                          = 3                                         {product} {ergonomic}
     uint ConcGCThreads                            = 1                                         {product} {ergonomic}
     uint G1ConcRefinementThreads                  = 4                                         {product} {ergonomic}
   size_t G1HeapRegionSize                         = 1048576                                   {product} {ergonomic}
    uintx GCDrainStackTargetSize                   = 64                                        {product} {ergonomic}
   size_t InitialHeapSize                          = 132120576                                 {product} {ergonomic}
   size_t MarkStackSize                            = 4194304                                   {product} {ergonomic}
   size_t MaxHeapSize                              = 536870912                                 {product} {command line}
   size_t MaxNewSize                               = 321912832                                 {product} {ergonomic}
   size_t MinHeapDeltaBytes                        = 1048576                                   {product} {ergonomic}
   size_t MinHeapSize                              = 8388608                                   {product} {ergonomic}
    uintx NonNMethodCodeHeapSize                   = 5832780                                {pd product} {ergonomic}
    uintx NonProfiledCodeHeapSize                  = 122912730                              {pd product} {ergonomic}
    uintx ProfiledCodeHeapSize                     = 122912730                              {pd product} {ergonomic}
    uintx ReservedCodeCacheSize                    = 251658240                              {pd product} {ergonomic}
     bool SegmentedCodeCache                       = true                                      {product} {ergonomic}
   size_t SoftMaxHeapSize                          = 536870912                              {manageable} {ergonomic}
     bool UseCompressedClassPointers               = true                           {product lp64_product} {ergonomic}
     bool UseCompressedOops                        = true                           {product lp64_product} {ergonomic}
     bool UseG1GC                                  = true                                      {product} {ergonomic}
     bool UseLargePagesIndividualAllocation        = false                                  {pd product} {ergonomic}

Logging:
Log output configuration:
 #0: stdout all=warning uptime,level,tags
 #1: stderr all=off uptime,level,tags

Environment Variables:
JAVA_HOME=C:\Program Files\Java\jdk-17.0.2
CLASSPATH=C:\Users\Lenovo\IdeaProjects\softdev-2022-spring-task-3\\gradle\wrapper\gradle-wrapper.jar
PATH=C:\Program Files\Common Files\Oracle\Java\javapath;C:\Windows\system32;C:\Windows;C:\Windows\System32\Wbem;C:\Windows\System32\WindowsPowerShell\v1.0\;C:\Program Files\Git\cmd;C:\Users\Lenovo\AppData\Roaming\Microsoft\Windows\Start Menu\Programs\Python 3.10;C:\Users\Lenovo\AppData\Local\Programs\Python\Python310\Scripts\;C:\Users\Lenovo\AppData\Local\Programs\Python\Python310\;C:\Users\Lenovo\AppData\Local\Microsoft\WindowsApps;C:\Program Files\Java\jdk-17.0.2\bin;C:\Users\Lenovo\AppData\Local\Pandoc\;C:\Users\Lenovo\AppData\Roaming\Microsoft\Windows\Start Menu\Programs\Python 3.10;
USERNAME=Lenovo
OS=Windows_NT
PROCESSOR_IDENTIFIER=Intel64 Family 6 Model 142 Stepping 9, GenuineIntel



---------------  S Y S T E M  ---------------

OS:
 Windows 10 , 64 bit Build 19041 (10.0.19041.1202)
OS uptime: 0 days 5:37 hours

CPU: total 4 (initial active 4) (2 cores per cpu, 2 threads per core) family 6 model 142 stepping 9 microcode 0xb4, cx8, cmov, fxsr, ht, mmx, 3dnowpref, sse, sse2, sse3, ssse3, sse4.1, sse4.2, popcnt, lzcnt, tsc, tscinvbit, avx, avx2, aes, erms, clmul, bmi1, bmi2, adx, fma, vzeroupper, clflush, clflushopt

Memory: 4k page, system-wide physical 8050M (356M free)
TotalPageFile size 8050M (AvailPageFile size 2M)
current process WorkingSet (physical memory assigned to process): 146M, peak: 146M
current process commit charge ("private bytes"): 286M, peak: 286M

vm_info: Java HotSpot(TM) 64-Bit Server VM (17.0.2+8-LTS-86) for windows-amd64 JRE (17.0.2+8-LTS-86), built on Dec  7 2021 21:51:03 by "mach5one" with MS VC++ 16.8 / 16.9 (VS2019)

END.
