#
# There is insufficient memory for the Java Runtime Environment to continue.
# Native memory allocation (malloc) failed to allocate 1864496 bytes for Chunk::new
# Possible reasons:
#   The system is out of physical RAM or swap space
#   The process is running with CompressedOops enabled, and the Java Heap may be blocking the growth of the native heap
# Possible solutions:
#   Reduce memory load on the system
#   Increase physical memory or swap space
#   Check if swap backing store is full
#   Decrease Java heap size (-Xmx/-Xms)
#   Decrease number of Java threads
#   Decrease Java thread stack sizes (-Xss)
#   Set larger code cache with -XX:ReservedCodeCacheSize=
#   JVM is running with Unscaled Compressed Oops mode in which the Java heap is
#     placed in the first 4GB address space. The Java Heap base address is the
#     maximum limit for the native heap growth. Please use -XX:HeapBaseMinAddress
#     to set the Java Heap base and to place the Java Heap above 4GB virtual address.
# This output file may be truncated or incomplete.
#
#  Out of Memory Error (src/hotspot/share/memory/arena.cpp:197), pid=7428, tid=1776
#
# JRE version: OpenJDK Runtime Environment JBR-11.0.14.1.1-2043.25-jcef (11.0.14.1+1) (build 11.0.14.1+1-b2043.25)
# Java VM: OpenJDK 64-Bit Server VM JBR-11.0.14.1.1-2043.25-jcef (11.0.14.1+1-b2043.25, mixed mode, tiered, compressed oops, g1 gc, windows-amd64)
# No core dump will be written. Minidumps are not enabled by default on client versions of Windows
#

---------------  S U M M A R Y ------------

Command Line: --add-opens=java.base/java.util=ALL-UNNAMED --add-opens=java.base/java.lang=ALL-UNNAMED --add-opens=java.base/java.lang.invoke=ALL-UNNAMED --add-opens=java.base/java.util=ALL-UNNAMED --add-opens=java.prefs/java.util.prefs=ALL-UNNAMED --add-opens=java.prefs/java.util.prefs=ALL-UNNAMED --add-opens=java.base/java.nio.charset=ALL-UNNAMED --add-opens=java.base/java.net=ALL-UNNAMED --add-opens=java.base/java.util.concurrent.atomic=ALL-UNNAMED -XX:MaxMetaspaceSize=256m -XX:+HeapDumpOnOutOfMemoryError -Xms256m -Xmx512m -Dfile.encoding=windows-1251 -Duser.country=RU -Duser.language=ru -Duser.variant org.gradle.launcher.daemon.bootstrap.GradleDaemon 7.2

Host: Intel(R) Core(TM) i7-7500U CPU @ 2.70GHz, 4 cores, 7G,  Windows 10 , 64 bit Build 19041 (10.0.19041.1202)
Time: Tue May 31 19:52:48 2022 RTZ 2 (зима) elapsed time: 4.588948 seconds (0d 0h 0m 4s)

---------------  T H R E A D  ---------------

Current thread (0x000001c022a1f000):  JavaThread "C2 CompilerThread0" daemon [_thread_in_native, id=1776, stack(0x0000000cf4f00000,0x0000000cf5000000)]


Current CompileTask:
C2:   4588 3646       4       org.objectweb.asm.Frame::execute (2318 bytes)

Stack: [0x0000000cf4f00000,0x0000000cf5000000]
Native frames: (J=compiled Java code, j=interpreted, Vv=VM code, C=native code)
V  [jvm.dll+0x61618a]
V  [jvm.dll+0x79c450]
V  [jvm.dll+0x79da6d]
V  [jvm.dll+0x79e143]
V  [jvm.dll+0x24c968]
V  [jvm.dll+0xc13dc]
V  [jvm.dll+0xc190c]
V  [jvm.dll+0x3632ab]
V  [jvm.dll+0x32e133]
V  [jvm.dll+0x32d62a]
V  [jvm.dll+0x204dd2]
V  [jvm.dll+0x203f57]
V  [jvm.dll+0x18b5e1]
V  [jvm.dll+0x212c6f]
V  [jvm.dll+0x211511]
V  [jvm.dll+0x762b9f]
V  [jvm.dll+0x75b755]
V  [jvm.dll+0x614df6]
C  [ucrtbase.dll+0x21bb2]
C  [KERNEL32.DLL+0x17034]
C  [ntdll.dll+0x52651]


---------------  P R O C E S S  ---------------

Threads class SMR info:
_java_thread_list=0x000001c025dda7f0, length=36, elements={
0x000001c00be18000, 0x000001c0229f0800, 0x000001c0229f3800, 0x000001c022a13000,
0x000001c022a14000, 0x000001c022a16000, 0x000001c022a1f000, 0x000001c022a27800,
0x000001c022a2b000, 0x000001c0234e4800, 0x000001c025803800, 0x000001c024a8e800,
0x000001c0257c8800, 0x000001c02450d000, 0x000001c0241ab800, 0x000001c025537800,
0x000001c025538800, 0x000001c02667b800, 0x000001c0260d4800, 0x000001c025ea5000,
0x000001c025353800, 0x000001c025355800, 0x000001c025356800, 0x000001c025357800,
0x000001c025352800, 0x000001c025354000, 0x000001c025355000, 0x000001c025351800,
0x000001c025358000, 0x000001c028c06800, 0x000001c028c05000, 0x000001c028c07800,
0x000001c028c0b800, 0x000001c028c08800, 0x000001c02366c000, 0x000001c028c06000
}

Java Threads: ( => current thread )
  0x000001c00be18000 JavaThread "main" [_thread_blocked, id=3196, stack(0x0000000cf4300000,0x0000000cf4400000)]
  0x000001c0229f0800 JavaThread "Reference Handler" daemon [_thread_blocked, id=7776, stack(0x0000000cf4a00000,0x0000000cf4b00000)]
  0x000001c0229f3800 JavaThread "Finalizer" daemon [_thread_blocked, id=6724, stack(0x0000000cf4b00000,0x0000000cf4c00000)]
  0x000001c022a13000 JavaThread "Signal Dispatcher" daemon [_thread_blocked, id=7164, stack(0x0000000cf4c00000,0x0000000cf4d00000)]
  0x000001c022a14000 JavaThread "Attach Listener" daemon [_thread_blocked, id=4836, stack(0x0000000cf4d00000,0x0000000cf4e00000)]
  0x000001c022a16000 JavaThread "Service Thread" daemon [_thread_blocked, id=6972, stack(0x0000000cf4e00000,0x0000000cf4f00000)]
=>0x000001c022a1f000 JavaThread "C2 CompilerThread0" daemon [_thread_in_native, id=1776, stack(0x0000000cf4f00000,0x0000000cf5000000)]
  0x000001c022a27800 JavaThread "C1 CompilerThread0" daemon [_thread_blocked, id=7552, stack(0x0000000cf5000000,0x0000000cf5100000)]
  0x000001c022a2b000 JavaThread "Sweeper thread" daemon [_thread_blocked, id=3688, stack(0x0000000cf5100000,0x0000000cf5200000)]
  0x000001c0234e4800 JavaThread "Common-Cleaner" daemon [_thread_blocked, id=8556, stack(0x0000000cf5200000,0x0000000cf5300000)]
  0x000001c025803800 JavaThread "Daemon health stats" [_thread_blocked, id=1536, stack(0x0000000cf5800000,0x0000000cf5900000)]
  0x000001c024a8e800 JavaThread "Incoming local TCP Connector on port 53374" [_thread_in_native, id=3540, stack(0x0000000cf5900000,0x0000000cf5a00000)]
  0x000001c0257c8800 JavaThread "Daemon periodic checks" [_thread_blocked, id=9296, stack(0x0000000cf5a00000,0x0000000cf5b00000)]
  0x000001c02450d000 JavaThread "Daemon" [_thread_blocked, id=2668, stack(0x0000000cf5b00000,0x0000000cf5c00000)]
  0x000001c0241ab800 JavaThread "Handler for socket connection from /127.0.0.1:53374 to /127.0.0.1:53376" [_thread_in_native, id=7824, stack(0x0000000cf5c00000,0x0000000cf5d00000)]
  0x000001c025537800 JavaThread "Cancel handler" [_thread_blocked, id=8684, stack(0x0000000cf5d00000,0x0000000cf5e00000)]
  0x000001c025538800 JavaThread "Daemon worker" [_thread_in_vm, id=9496, stack(0x0000000cf5e00000,0x0000000cf5f00000)]
  0x000001c02667b800 JavaThread "Asynchronous log dispatcher for DefaultDaemonConnection: socket connection from /127.0.0.1:53374 to /127.0.0.1:53376" [_thread_blocked, id=7204, stack(0x0000000cf5f00000,0x0000000cf6000000)]
  0x000001c0260d4800 JavaThread "Stdin handler" [_thread_blocked, id=9952, stack(0x0000000cf6000000,0x0000000cf6100000)]
  0x000001c025ea5000 JavaThread "Daemon client event forwarder" [_thread_blocked, id=6764, stack(0x0000000cf6100000,0x0000000cf6200000)]
  0x000001c025353800 JavaThread "Cache worker for journal cache (C:\Users\Lenovo\.gradle\caches\journal-1)" [_thread_blocked, id=1044, stack(0x0000000cf6200000,0x0000000cf6300000)]
  0x000001c025355800 JavaThread "File lock request listener" [_thread_in_native, id=7940, stack(0x0000000cf6300000,0x0000000cf6400000)]
  0x000001c025356800 JavaThread "Cache worker for file hash cache (C:\Users\Lenovo\.gradle\caches\7.2\fileHashes)" [_thread_blocked, id=8232, stack(0x0000000cf6400000,0x0000000cf6500000)]
  0x000001c025357800 JavaThread "Cache worker for file hash cache (C:\Users\Lenovo\IdeaProjects\softdev-2022-spring-task-3\.gradle\7.2\fileHashes)" [_thread_blocked, id=6636, stack(0x0000000cf6500000,0x0000000cf6600000)]
  0x000001c025352800 JavaThread "File watcher server" daemon [_thread_in_native, id=5088, stack(0x0000000cf6600000,0x0000000cf6700000)]
  0x000001c025354000 JavaThread "File watcher consumer" daemon [_thread_blocked, id=6324, stack(0x0000000cf6700000,0x0000000cf6800000)]
  0x000001c025355000 JavaThread "jar transforms" [_thread_blocked, id=2340, stack(0x0000000cf6800000,0x0000000cf6900000)]
  0x000001c025351800 JavaThread "jar transforms Thread 2" [_thread_blocked, id=9636, stack(0x0000000cf6900000,0x0000000cf6a00000)]
  0x000001c025358000 JavaThread "jar transforms Thread 3" [_thread_blocked, id=8716, stack(0x0000000cf6a00000,0x0000000cf6b00000)]
  0x000001c028c06800 JavaThread "jar transforms Thread 4" [_thread_blocked, id=9356, stack(0x0000000cf6b00000,0x0000000cf6c00000)]
  0x000001c028c05000 JavaThread "Cache worker for checksums cache (C:\Users\Lenovo\IdeaProjects\softdev-2022-spring-task-3\.gradle\checksums)" [_thread_blocked, id=7800, stack(0x0000000cf6c00000,0x0000000cf6d00000)]
  0x000001c028c07800 JavaThread "Cache worker for cache directory md-supplier (C:\Users\Lenovo\.gradle\caches\7.2\md-supplier)" [_thread_blocked, id=1396, stack(0x0000000cf6d00000,0x0000000cf6e00000)]
  0x000001c028c0b800 JavaThread "Cache worker for cache directory md-rule (C:\Users\Lenovo\.gradle\caches\7.2\md-rule)" [_thread_blocked, id=8276, stack(0x0000000cf6e00000,0x0000000cf6f00000)]
  0x000001c028c08800 JavaThread "Cache worker for execution history cache (C:\Users\Lenovo\.gradle\caches\7.2\executionHistory)" [_thread_blocked, id=10112, stack(0x0000000cf5400000,0x0000000cf5500000)]
  0x000001c02366c000 JavaThread "C2 CompilerThread1" daemon [_thread_in_native, id=8728, stack(0x0000000cf6f00000,0x0000000cf7000000)]
  0x000001c028c06000 JavaThread "Cache worker for file content cache (C:\Users\Lenovo\.gradle\caches\7.2\fileContent)" [_thread_blocked, id=3508, stack(0x0000000cf7000000,0x0000000cf7100000)]

Other Threads:
  0x000001c0229ce800 VMThread "VM Thread" [stack: 0x0000000cf4900000,0x0000000cf4a00000] [id=9144]
  0x000001c0234fd800 WatcherThread [stack: 0x0000000cf5300000,0x0000000cf5400000] [id=7548]
  0x000001c00be32800 GCTaskThread "GC Thread#0" [stack: 0x0000000cf4400000,0x0000000cf4500000] [id=1440]
  0x000001c023867800 GCTaskThread "GC Thread#1" [stack: 0x0000000cf5500000,0x0000000cf5600000] [id=10204]
  0x000001c0238ae800 GCTaskThread "GC Thread#2" [stack: 0x0000000cf5600000,0x0000000cf5700000] [id=6500]
  0x000001c02425c800 GCTaskThread "GC Thread#3" [stack: 0x0000000cf5700000,0x0000000cf5800000] [id=7480]
  0x000001c00be47000 ConcurrentGCThread "G1 Main Marker" [stack: 0x0000000cf4500000,0x0000000cf4600000] [id=5460]
  0x000001c00be48800 ConcurrentGCThread "G1 Conc#0" [stack: 0x0000000cf4600000,0x0000000cf4700000] [id=5644]
  0x000001c00befb800 ConcurrentGCThread "G1 Refine#0" [stack: 0x0000000cf4700000,0x0000000cf4800000] [id=1580]
  0x000001c00befc800 ConcurrentGCThread "G1 Young RemSet Sampling" [stack: 0x0000000cf4800000,0x0000000cf4900000] [id=9476]

Threads with active compile tasks:
C2 CompilerThread0   4608 3646       4       org.objectweb.asm.Frame::execute (2318 bytes)
C2 CompilerThread1   4608 3717       4       java.security.CodeSource::<init> (52 bytes)

VM state:not at safepoint (normal execution)

VM Mutex/Monitor currently owned by a thread: None

Heap address: 0x00000000e0000000, size: 512 MB, Compressed Oops mode: 32-bit
Narrow klass base: 0x0000000000000000, Narrow klass shift: 3
Compressed class space size: 260046848 Address: 0x0000000100000000

Heap:
 garbage-first heap   total 262144K, used 128395K [0x00000000e0000000, 0x0000000100000000)
  region size 1024K, 81 young (82944K), 12 survivors (12288K)
 Metaspace       used 42086K, capacity 43193K, committed 43312K, reserved 292864K
  class space    used 5316K, capacity 5709K, committed 5760K, reserved 253952K
Heap Regions: E=young(eden), S=young(survivor), O=old, HS=humongous(starts), HC=humongous(continues), CS=collection set, F=free, A=archive, TAMS=top-at-mark-start (previous, next)
|   0|0x00000000e0000000, 0x00000000e0100000, 0x00000000e0100000|100%| O|  |TAMS 0x00000000e0100000, 0x00000000e0000000| Untracked 
|   1|0x00000000e0100000, 0x00000000e0200000, 0x00000000e0200000|100%| O|  |TAMS 0x00000000e0200000, 0x00000000e0100000| Untracked 
|   2|0x00000000e0200000, 0x00000000e0300000, 0x00000000e0300000|100%| O|  |TAMS 0x00000000e0300000, 0x00000000e0200000| Untracked 
|   3|0x00000000e0300000, 0x00000000e0400000, 0x00000000e0400000|100%|HS|  |TAMS 0x00000000e0400000, 0x00000000e0300000| Complete 
|   4|0x00000000e0400000, 0x00000000e0500000, 0x00000000e0500000|100%|HC|  |TAMS 0x00000000e0500000, 0x00000000e0400000| Complete 
|   5|0x00000000e0500000, 0x00000000e0600000, 0x00000000e0600000|100%|HC|  |TAMS 0x00000000e0600000, 0x00000000e0500000| Complete 
|   6|0x00000000e0600000, 0x00000000e0700000, 0x00000000e0700000|100%| O|  |TAMS 0x00000000e0700000, 0x00000000e0600000| Untracked 
|   7|0x00000000e0700000, 0x00000000e0800000, 0x00000000e0800000|100%| O|  |TAMS 0x00000000e0800000, 0x00000000e0700000| Untracked 
|   8|0x00000000e0800000, 0x00000000e0900000, 0x00000000e0900000|100%| O|  |TAMS 0x00000000e0900000, 0x00000000e0800000| Untracked 
|   9|0x00000000e0900000, 0x00000000e0a00000, 0x00000000e0a00000|100%| O|  |TAMS 0x00000000e0a00000, 0x00000000e0900000| Untracked 
|  10|0x00000000e0a00000, 0x00000000e0b00000, 0x00000000e0b00000|100%| O|  |TAMS 0x00000000e0b00000, 0x00000000e0a00000| Untracked 
|  11|0x00000000e0b00000, 0x00000000e0c00000, 0x00000000e0c00000|100%| O|  |TAMS 0x00000000e0c00000, 0x00000000e0b00000| Untracked 
|  12|0x00000000e0c00000, 0x00000000e0d00000, 0x00000000e0d00000|100%| O|  |TAMS 0x00000000e0d00000, 0x00000000e0c00000| Untracked 
|  13|0x00000000e0d00000, 0x00000000e0da3800, 0x00000000e0e00000| 63%| O|  |TAMS 0x00000000e0da3800, 0x00000000e0d00000| Untracked 
|  14|0x00000000e0e00000, 0x00000000e0f00000, 0x00000000e0f00000|100%|HS|  |TAMS 0x00000000e0f00000, 0x00000000e0e00000| Complete 
|  15|0x00000000e0f00000, 0x00000000e1000000, 0x00000000e1000000|100%|HC|  |TAMS 0x00000000e1000000, 0x00000000e0f00000| Complete 
|  16|0x00000000e1000000, 0x00000000e1100000, 0x00000000e1100000|100%|HS|  |TAMS 0x00000000e1100000, 0x00000000e1000000| Complete 
|  17|0x00000000e1100000, 0x00000000e1200000, 0x00000000e1200000|100%|HC|  |TAMS 0x00000000e1200000, 0x00000000e1100000| Complete 
|  18|0x00000000e1200000, 0x00000000e1300000, 0x00000000e1300000|100%|HC|  |TAMS 0x00000000e1300000, 0x00000000e1200000| Complete 
|  19|0x00000000e1300000, 0x00000000e1400000, 0x00000000e1400000|100%|HS|  |TAMS 0x00000000e1400000, 0x00000000e1300000| Complete 
|  20|0x00000000e1400000, 0x00000000e1500000, 0x00000000e1500000|100%|HC|  |TAMS 0x00000000e1500000, 0x00000000e1400000| Complete 
|  21|0x00000000e1500000, 0x00000000e1600000, 0x00000000e1600000|100%|HC|  |TAMS 0x00000000e1600000, 0x00000000e1500000| Complete 
|  22|0x00000000e1600000, 0x00000000e1700000, 0x00000000e1700000|100%|HS|  |TAMS 0x00000000e1700000, 0x00000000e1600000| Complete 
|  23|0x00000000e1700000, 0x00000000e1800000, 0x00000000e1800000|100%|HC|  |TAMS 0x00000000e1800000, 0x00000000e1700000| Complete 
|  24|0x00000000e1800000, 0x00000000e1900000, 0x00000000e1900000|100%|HS|  |TAMS 0x00000000e1900000, 0x00000000e1800000| Complete 
|  25|0x00000000e1900000, 0x00000000e1a00000, 0x00000000e1a00000|100%|HC|  |TAMS 0x00000000e1a00000, 0x00000000e1900000| Complete 
|  26|0x00000000e1a00000, 0x00000000e1b00000, 0x00000000e1b00000|100%|HC|  |TAMS 0x00000000e1b00000, 0x00000000e1a00000| Complete 
|  27|0x00000000e1b00000, 0x00000000e1c00000, 0x00000000e1c00000|100%|HC|  |TAMS 0x00000000e1c00000, 0x00000000e1b00000| Complete 
|  28|0x00000000e1c00000, 0x00000000e1d00000, 0x00000000e1d00000|100%|HC|  |TAMS 0x00000000e1d00000, 0x00000000e1c00000| Complete 
|  29|0x00000000e1d00000, 0x00000000e1e00000, 0x00000000e1e00000|100%|HC|  |TAMS 0x00000000e1e00000, 0x00000000e1d00000| Complete 
|  30|0x00000000e1e00000, 0x00000000e1f00000, 0x00000000e1f00000|100%|HC|  |TAMS 0x00000000e1f00000, 0x00000000e1e00000| Complete 
|  31|0x00000000e1f00000, 0x00000000e2000000, 0x00000000e2000000|100%|HC|  |TAMS 0x00000000e2000000, 0x00000000e1f00000| Complete 
|  32|0x00000000e2000000, 0x00000000e2100000, 0x00000000e2100000|100%|HC|  |TAMS 0x00000000e2100000, 0x00000000e2000000| Complete 
|  33|0x00000000e2100000, 0x00000000e2200000, 0x00000000e2200000|100%|HC|  |TAMS 0x00000000e2200000, 0x00000000e2100000| Complete 
|  34|0x00000000e2200000, 0x00000000e2300000, 0x00000000e2300000|100%|HS|  |TAMS 0x00000000e2300000, 0x00000000e2200000| Complete 
|  35|0x00000000e2300000, 0x00000000e2400000, 0x00000000e2400000|100%|HC|  |TAMS 0x00000000e2400000, 0x00000000e2300000| Complete 
|  36|0x00000000e2400000, 0x00000000e2500000, 0x00000000e2500000|100%|HS|  |TAMS 0x00000000e2500000, 0x00000000e2400000| Complete 
|  37|0x00000000e2500000, 0x00000000e2600000, 0x00000000e2600000|100%|HC|  |TAMS 0x00000000e2600000, 0x00000000e2500000| Complete 
|  38|0x00000000e2600000, 0x00000000e2700000, 0x00000000e2700000|100%|HC|  |TAMS 0x00000000e2700000, 0x00000000e2600000| Complete 
|  39|0x00000000e2700000, 0x00000000e2800000, 0x00000000e2800000|100%|HC|  |TAMS 0x00000000e2800000, 0x00000000e2700000| Complete 
|  40|0x00000000e2800000, 0x00000000e2900000, 0x00000000e2900000|100%|HC|  |TAMS 0x00000000e2900000, 0x00000000e2800000| Complete 
|  41|0x00000000e2900000, 0x00000000e2a00000, 0x00000000e2a00000|100%|HC|  |TAMS 0x00000000e2a00000, 0x00000000e2900000| Complete 
|  42|0x00000000e2a00000, 0x00000000e2b00000, 0x00000000e2b00000|100%|HC|  |TAMS 0x00000000e2b00000, 0x00000000e2a00000| Complete 
|  43|0x00000000e2b00000, 0x00000000e2c00000, 0x00000000e2c00000|100%|HS|  |TAMS 0x00000000e2c00000, 0x00000000e2b00000| Complete 
|  44|0x00000000e2c00000, 0x00000000e2d00000, 0x00000000e2d00000|100%|HS|  |TAMS 0x00000000e2c00000, 0x00000000e2c00000| Complete 
|  45|0x00000000e2d00000, 0x00000000e2e00000, 0x00000000e2e00000|100%|HS|  |TAMS 0x00000000e2d00000, 0x00000000e2d00000| Complete 
|  46|0x00000000e2e00000, 0x00000000e2f00000, 0x00000000e2f00000|100%|HC|  |TAMS 0x00000000e2e00000, 0x00000000e2e00000| Complete 
|  47|0x00000000e2f00000, 0x00000000e2f00000, 0x00000000e3000000|  0%| F|  |TAMS 0x00000000e2f00000, 0x00000000e2f00000| Untracked 
|  48|0x00000000e3000000, 0x00000000e3000000, 0x00000000e3100000|  0%| F|  |TAMS 0x00000000e3000000, 0x00000000e3000000| Untracked 
|  49|0x00000000e3100000, 0x00000000e3100000, 0x00000000e3200000|  0%| F|  |TAMS 0x00000000e3100000, 0x00000000e3100000| Untracked 
|  50|0x00000000e3200000, 0x00000000e3200000, 0x00000000e3300000|  0%| F|  |TAMS 0x00000000e3200000, 0x00000000e3200000| Untracked 
|  51|0x00000000e3300000, 0x00000000e3300000, 0x00000000e3400000|  0%| F|  |TAMS 0x00000000e3300000, 0x00000000e3300000| Untracked 
|  52|0x00000000e3400000, 0x00000000e3400000, 0x00000000e3500000|  0%| F|  |TAMS 0x00000000e3400000, 0x00000000e3400000| Untracked 
|  53|0x00000000e3500000, 0x00000000e3500000, 0x00000000e3600000|  0%| F|  |TAMS 0x00000000e3500000, 0x00000000e3500000| Untracked 
|  54|0x00000000e3600000, 0x00000000e3600000, 0x00000000e3700000|  0%| F|  |TAMS 0x00000000e3600000, 0x00000000e3600000| Untracked 
|  55|0x00000000e3700000, 0x00000000e3700000, 0x00000000e3800000|  0%| F|  |TAMS 0x00000000e3700000, 0x00000000e3700000| Untracked 
|  56|0x00000000e3800000, 0x00000000e3800000, 0x00000000e3900000|  0%| F|  |TAMS 0x00000000e3800000, 0x00000000e3800000| Untracked 
|  57|0x00000000e3900000, 0x00000000e3900000, 0x00000000e3a00000|  0%| F|  |TAMS 0x00000000e3900000, 0x00000000e3900000| Untracked 
|  58|0x00000000e3a00000, 0x00000000e3a00000, 0x00000000e3b00000|  0%| F|  |TAMS 0x00000000e3a00000, 0x00000000e3a00000| Untracked 
|  59|0x00000000e3b00000, 0x00000000e3b00000, 0x00000000e3c00000|  0%| F|  |TAMS 0x00000000e3b00000, 0x00000000e3b00000| Untracked 
|  60|0x00000000e3c00000, 0x00000000e3c00000, 0x00000000e3d00000|  0%| F|  |TAMS 0x00000000e3c00000, 0x00000000e3c00000| Untracked 
|  61|0x00000000e3d00000, 0x00000000e3d00000, 0x00000000e3e00000|  0%| F|  |TAMS 0x00000000e3d00000, 0x00000000e3d00000| Untracked 
|  62|0x00000000e3e00000, 0x00000000e3e00000, 0x00000000e3f00000|  0%| F|  |TAMS 0x00000000e3e00000, 0x00000000e3e00000| Untracked 
|  63|0x00000000e3f00000, 0x00000000e3f00000, 0x00000000e4000000|  0%| F|  |TAMS 0x00000000e3f00000, 0x00000000e3f00000| Untracked 
|  64|0x00000000e4000000, 0x00000000e4000000, 0x00000000e4100000|  0%| F|  |TAMS 0x00000000e4000000, 0x00000000e4000000| Untracked 
|  65|0x00000000e4100000, 0x00000000e4100000, 0x00000000e4200000|  0%| F|  |TAMS 0x00000000e4100000, 0x00000000e4100000| Untracked 
|  66|0x00000000e4200000, 0x00000000e4200000, 0x00000000e4300000|  0%| F|  |TAMS 0x00000000e4200000, 0x00000000e4200000| Untracked 
|  67|0x00000000e4300000, 0x00000000e4300000, 0x00000000e4400000|  0%| F|  |TAMS 0x00000000e4300000, 0x00000000e4300000| Untracked 
|  68|0x00000000e4400000, 0x00000000e4400000, 0x00000000e4500000|  0%| F|  |TAMS 0x00000000e4400000, 0x00000000e4400000| Untracked 
|  69|0x00000000e4500000, 0x00000000e4500000, 0x00000000e4600000|  0%| F|  |TAMS 0x00000000e4500000, 0x00000000e4500000| Untracked 
|  70|0x00000000e4600000, 0x00000000e4600000, 0x00000000e4700000|  0%| F|  |TAMS 0x00000000e4600000, 0x00000000e4600000| Untracked 
|  71|0x00000000e4700000, 0x00000000e4700000, 0x00000000e4800000|  0%| F|  |TAMS 0x00000000e4700000, 0x00000000e4700000| Untracked 
|  72|0x00000000e4800000, 0x00000000e4800000, 0x00000000e4900000|  0%| F|  |TAMS 0x00000000e4800000, 0x00000000e4800000| Untracked 
|  73|0x00000000e4900000, 0x00000000e4900000, 0x00000000e4a00000|  0%| F|  |TAMS 0x00000000e4900000, 0x00000000e4900000| Untracked 
|  74|0x00000000e4a00000, 0x00000000e4a00000, 0x00000000e4b00000|  0%| F|  |TAMS 0x00000000e4a00000, 0x00000000e4a00000| Untracked 
|  75|0x00000000e4b00000, 0x00000000e4b00000, 0x00000000e4c00000|  0%| F|  |TAMS 0x00000000e4b00000, 0x00000000e4b00000| Untracked 
|  76|0x00000000e4c00000, 0x00000000e4c00000, 0x00000000e4d00000|  0%| F|  |TAMS 0x00000000e4c00000, 0x00000000e4c00000| Untracked 
|  77|0x00000000e4d00000, 0x00000000e4d00000, 0x00000000e4e00000|  0%| F|  |TAMS 0x00000000e4d00000, 0x00000000e4d00000| Untracked 
|  78|0x00000000e4e00000, 0x00000000e4e00000, 0x00000000e4f00000|  0%| F|  |TAMS 0x00000000e4e00000, 0x00000000e4e00000| Untracked 
|  79|0x00000000e4f00000, 0x00000000e4f00000, 0x00000000e5000000|  0%| F|  |TAMS 0x00000000e4f00000, 0x00000000e4f00000| Untracked 
|  80|0x00000000e5000000, 0x00000000e5000000, 0x00000000e5100000|  0%| F|  |TAMS 0x00000000e5000000, 0x00000000e5000000| Untracked 
|  81|0x00000000e5100000, 0x00000000e5100000, 0x00000000e5200000|  0%| F|  |TAMS 0x00000000e5100000, 0x00000000e5100000| Untracked 
|  82|0x00000000e5200000, 0x00000000e5200000, 0x00000000e5300000|  0%| F|  |TAMS 0x00000000e5200000, 0x00000000e5200000| Untracked 
|  83|0x00000000e5300000, 0x00000000e5300000, 0x00000000e5400000|  0%| F|  |TAMS 0x00000000e5300000, 0x00000000e5300000| Untracked 
|  84|0x00000000e5400000, 0x00000000e5400000, 0x00000000e5500000|  0%| F|  |TAMS 0x00000000e5400000, 0x00000000e5400000| Untracked 
|  85|0x00000000e5500000, 0x00000000e5500000, 0x00000000e5600000|  0%| F|  |TAMS 0x00000000e5500000, 0x00000000e5500000| Untracked 
|  86|0x00000000e5600000, 0x00000000e5600000, 0x00000000e5700000|  0%| F|  |TAMS 0x00000000e5600000, 0x00000000e5600000| Untracked 
|  87|0x00000000e5700000, 0x00000000e5700000, 0x00000000e5800000|  0%| F|  |TAMS 0x00000000e5700000, 0x00000000e5700000| Untracked 
|  88|0x00000000e5800000, 0x00000000e5800000, 0x00000000e5900000|  0%| F|  |TAMS 0x00000000e5800000, 0x00000000e5800000| Untracked 
|  89|0x00000000e5900000, 0x00000000e5900000, 0x00000000e5a00000|  0%| F|  |TAMS 0x00000000e5900000, 0x00000000e5900000| Untracked 
|  90|0x00000000e5a00000, 0x00000000e5a00000, 0x00000000e5b00000|  0%| F|  |TAMS 0x00000000e5a00000, 0x00000000e5a00000| Untracked 
|  91|0x00000000e5b00000, 0x00000000e5b00000, 0x00000000e5c00000|  0%| F|  |TAMS 0x00000000e5b00000, 0x00000000e5b00000| Untracked 
|  92|0x00000000e5c00000, 0x00000000e5c00000, 0x00000000e5d00000|  0%| F|  |TAMS 0x00000000e5c00000, 0x00000000e5c00000| Untracked 
|  93|0x00000000e5d00000, 0x00000000e5d00000, 0x00000000e5e00000|  0%| F|  |TAMS 0x00000000e5d00000, 0x00000000e5d00000| Untracked 
|  94|0x00000000e5e00000, 0x00000000e5e00000, 0x00000000e5f00000|  0%| F|  |TAMS 0x00000000e5e00000, 0x00000000e5e00000| Untracked 
|  95|0x00000000e5f00000, 0x00000000e5f00000, 0x00000000e6000000|  0%| F|  |TAMS 0x00000000e5f00000, 0x00000000e5f00000| Untracked 
|  96|0x00000000e6000000, 0x00000000e6000000, 0x00000000e6100000|  0%| F|  |TAMS 0x00000000e6000000, 0x00000000e6000000| Untracked 
|  97|0x00000000e6100000, 0x00000000e6100000, 0x00000000e6200000|  0%| F|  |TAMS 0x00000000e6100000, 0x00000000e6100000| Untracked 
|  98|0x00000000e6200000, 0x00000000e6200000, 0x00000000e6300000|  0%| F|  |TAMS 0x00000000e6200000, 0x00000000e6200000| Untracked 
|  99|0x00000000e6300000, 0x00000000e6300000, 0x00000000e6400000|  0%| F|  |TAMS 0x00000000e6300000, 0x00000000e6300000| Untracked 
| 100|0x00000000e6400000, 0x00000000e6400000, 0x00000000e6500000|  0%| F|  |TAMS 0x00000000e6400000, 0x00000000e6400000| Untracked 
| 101|0x00000000e6500000, 0x00000000e6500000, 0x00000000e6600000|  0%| F|  |TAMS 0x00000000e6500000, 0x00000000e6500000| Untracked 
| 102|0x00000000e6600000, 0x00000000e6600000, 0x00000000e6700000|  0%| F|  |TAMS 0x00000000e6600000, 0x00000000e6600000| Untracked 
| 103|0x00000000e6700000, 0x00000000e6700000, 0x00000000e6800000|  0%| F|  |TAMS 0x00000000e6700000, 0x00000000e6700000| Untracked 
| 104|0x00000000e6800000, 0x00000000e6800000, 0x00000000e6900000|  0%| F|  |TAMS 0x00000000e6800000, 0x00000000e6800000| Untracked 
| 105|0x00000000e6900000, 0x00000000e6900000, 0x00000000e6a00000|  0%| F|  |TAMS 0x00000000e6900000, 0x00000000e6900000| Untracked 
| 106|0x00000000e6a00000, 0x00000000e6a00000, 0x00000000e6b00000|  0%| F|  |TAMS 0x00000000e6a00000, 0x00000000e6a00000| Untracked 
| 107|0x00000000e6b00000, 0x00000000e6b00000, 0x00000000e6c00000|  0%| F|  |TAMS 0x00000000e6b00000, 0x00000000e6b00000| Untracked 
| 108|0x00000000e6c00000, 0x00000000e6c00000, 0x00000000e6d00000|  0%| F|  |TAMS 0x00000000e6c00000, 0x00000000e6c00000| Untracked 
| 109|0x00000000e6d00000, 0x00000000e6d00000, 0x00000000e6e00000|  0%| F|  |TAMS 0x00000000e6d00000, 0x00000000e6d00000| Untracked 
| 110|0x00000000e6e00000, 0x00000000e6e00000, 0x00000000e6f00000|  0%| F|  |TAMS 0x00000000e6e00000, 0x00000000e6e00000| Untracked 
| 111|0x00000000e6f00000, 0x00000000e6f00000, 0x00000000e7000000|  0%| F|  |TAMS 0x00000000e6f00000, 0x00000000e6f00000| Untracked 
| 112|0x00000000e7000000, 0x00000000e7000000, 0x00000000e7100000|  0%| F|  |TAMS 0x00000000e7000000, 0x00000000e7000000| Untracked 
| 113|0x00000000e7100000, 0x00000000e7100000, 0x00000000e7200000|  0%| F|  |TAMS 0x00000000e7100000, 0x00000000e7100000| Untracked 
| 114|0x00000000e7200000, 0x00000000e7200000, 0x00000000e7300000|  0%| F|  |TAMS 0x00000000e7200000, 0x00000000e7200000| Untracked 
| 115|0x00000000e7300000, 0x00000000e7300000, 0x00000000e7400000|  0%| F|  |TAMS 0x00000000e7300000, 0x00000000e7300000| Untracked 
| 116|0x00000000e7400000, 0x00000000e7400000, 0x00000000e7500000|  0%| F|  |TAMS 0x00000000e7400000, 0x00000000e7400000| Untracked 
| 117|0x00000000e7500000, 0x00000000e7500000, 0x00000000e7600000|  0%| F|  |TAMS 0x00000000e7500000, 0x00000000e7500000| Untracked 
| 118|0x00000000e7600000, 0x00000000e7600000, 0x00000000e7700000|  0%| F|  |TAMS 0x00000000e7600000, 0x00000000e7600000| Untracked 
| 119|0x00000000e7700000, 0x00000000e7700000, 0x00000000e7800000|  0%| F|  |TAMS 0x00000000e7700000, 0x00000000e7700000| Untracked 
| 120|0x00000000e7800000, 0x00000000e7800000, 0x00000000e7900000|  0%| F|  |TAMS 0x00000000e7800000, 0x00000000e7800000| Untracked 
| 121|0x00000000e7900000, 0x00000000e7900000, 0x00000000e7a00000|  0%| F|  |TAMS 0x00000000e7900000, 0x00000000e7900000| Untracked 
| 122|0x00000000e7a00000, 0x00000000e7a00000, 0x00000000e7b00000|  0%| F|  |TAMS 0x00000000e7a00000, 0x00000000e7a00000| Untracked 
| 123|0x00000000e7b00000, 0x00000000e7b00000, 0x00000000e7c00000|  0%| F|  |TAMS 0x00000000e7b00000, 0x00000000e7b00000| Untracked 
| 124|0x00000000e7c00000, 0x00000000e7c00000, 0x00000000e7d00000|  0%| F|  |TAMS 0x00000000e7c00000, 0x00000000e7c00000| Untracked 
| 125|0x00000000e7d00000, 0x00000000e7d00000, 0x00000000e7e00000|  0%| F|  |TAMS 0x00000000e7d00000, 0x00000000e7d00000| Untracked 
| 126|0x00000000e7e00000, 0x00000000e7e00000, 0x00000000e7f00000|  0%| F|  |TAMS 0x00000000e7e00000, 0x00000000e7e00000| Untracked 
| 127|0x00000000e7f00000, 0x00000000e7f00000, 0x00000000e8000000|  0%| F|  |TAMS 0x00000000e7f00000, 0x00000000e7f00000| Untracked 
| 128|0x00000000e8000000, 0x00000000e8000000, 0x00000000e8100000|  0%| F|  |TAMS 0x00000000e8000000, 0x00000000e8000000| Untracked 
| 129|0x00000000e8100000, 0x00000000e8100000, 0x00000000e8200000|  0%| F|  |TAMS 0x00000000e8100000, 0x00000000e8100000| Untracked 
| 130|0x00000000e8200000, 0x00000000e8200000, 0x00000000e8300000|  0%| F|  |TAMS 0x00000000e8200000, 0x00000000e8200000| Untracked 
| 131|0x00000000e8300000, 0x00000000e8300000, 0x00000000e8400000|  0%| F|  |TAMS 0x00000000e8300000, 0x00000000e8300000| Untracked 
| 132|0x00000000e8400000, 0x00000000e8400000, 0x00000000e8500000|  0%| F|  |TAMS 0x00000000e8400000, 0x00000000e8400000| Untracked 
| 133|0x00000000e8500000, 0x00000000e8500000, 0x00000000e8600000|  0%| F|  |TAMS 0x00000000e8500000, 0x00000000e8500000| Untracked 
| 134|0x00000000e8600000, 0x00000000e8600000, 0x00000000e8700000|  0%| F|  |TAMS 0x00000000e8600000, 0x00000000e8600000| Untracked 
| 135|0x00000000e8700000, 0x00000000e8700000, 0x00000000e8800000|  0%| F|  |TAMS 0x00000000e8700000, 0x00000000e8700000| Untracked 
| 136|0x00000000e8800000, 0x00000000e8800000, 0x00000000e8900000|  0%| F|  |TAMS 0x00000000e8800000, 0x00000000e8800000| Untracked 
| 137|0x00000000e8900000, 0x00000000e8900000, 0x00000000e8a00000|  0%| F|  |TAMS 0x00000000e8900000, 0x00000000e8900000| Untracked 
| 138|0x00000000e8a00000, 0x00000000e8a00000, 0x00000000e8b00000|  0%| F|  |TAMS 0x00000000e8a00000, 0x00000000e8a00000| Untracked 
| 139|0x00000000e8b00000, 0x00000000e8b00000, 0x00000000e8c00000|  0%| F|  |TAMS 0x00000000e8b00000, 0x00000000e8b00000| Untracked 
| 140|0x00000000e8c00000, 0x00000000e8c00000, 0x00000000e8d00000|  0%| F|  |TAMS 0x00000000e8c00000, 0x00000000e8c00000| Untracked 
| 141|0x00000000e8d00000, 0x00000000e8d00000, 0x00000000e8e00000|  0%| F|  |TAMS 0x00000000e8d00000, 0x00000000e8d00000| Untracked 
| 142|0x00000000e8e00000, 0x00000000e8e00000, 0x00000000e8f00000|  0%| F|  |TAMS 0x00000000e8e00000, 0x00000000e8e00000| Untracked 
| 143|0x00000000e8f00000, 0x00000000e8f00000, 0x00000000e9000000|  0%| F|  |TAMS 0x00000000e8f00000, 0x00000000e8f00000| Untracked 
| 144|0x00000000e9000000, 0x00000000e9000000, 0x00000000e9100000|  0%| F|  |TAMS 0x00000000e9000000, 0x00000000e9000000| Untracked 
| 145|0x00000000e9100000, 0x00000000e9100000, 0x00000000e9200000|  0%| F|  |TAMS 0x00000000e9100000, 0x00000000e9100000| Untracked 
| 146|0x00000000e9200000, 0x00000000e9200000, 0x00000000e9300000|  0%| F|  |TAMS 0x00000000e9200000, 0x00000000e9200000| Untracked 
| 147|0x00000000e9300000, 0x00000000e9300000, 0x00000000e9400000|  0%| F|  |TAMS 0x00000000e9300000, 0x00000000e9300000| Untracked 
| 148|0x00000000e9400000, 0x00000000e9400000, 0x00000000e9500000|  0%| F|  |TAMS 0x00000000e9400000, 0x00000000e9400000| Untracked 
| 149|0x00000000e9500000, 0x00000000e9500000, 0x00000000e9600000|  0%| F|  |TAMS 0x00000000e9500000, 0x00000000e9500000| Untracked 
| 150|0x00000000e9600000, 0x00000000e9600000, 0x00000000e9700000|  0%| F|  |TAMS 0x00000000e9600000, 0x00000000e9600000| Untracked 
| 151|0x00000000e9700000, 0x00000000e9700000, 0x00000000e9800000|  0%| F|  |TAMS 0x00000000e9700000, 0x00000000e9700000| Untracked 
| 152|0x00000000e9800000, 0x00000000e9800000, 0x00000000e9900000|  0%| F|  |TAMS 0x00000000e9800000, 0x00000000e9800000| Untracked 
| 153|0x00000000e9900000, 0x00000000e9900000, 0x00000000e9a00000|  0%| F|  |TAMS 0x00000000e9900000, 0x00000000e9900000| Untracked 
| 154|0x00000000e9a00000, 0x00000000e9a00000, 0x00000000e9b00000|  0%| F|  |TAMS 0x00000000e9a00000, 0x00000000e9a00000| Untracked 
| 155|0x00000000e9b00000, 0x00000000e9b00000, 0x00000000e9c00000|  0%| F|  |TAMS 0x00000000e9b00000, 0x00000000e9b00000| Untracked 
| 156|0x00000000e9c00000, 0x00000000e9c00000, 0x00000000e9d00000|  0%| F|  |TAMS 0x00000000e9c00000, 0x00000000e9c00000| Untracked 
| 157|0x00000000e9d00000, 0x00000000e9d00000, 0x00000000e9e00000|  0%| F|  |TAMS 0x00000000e9d00000, 0x00000000e9d00000| Untracked 
| 158|0x00000000e9e00000, 0x00000000e9e00000, 0x00000000e9f00000|  0%| F|  |TAMS 0x00000000e9e00000, 0x00000000e9e00000| Untracked 
| 159|0x00000000e9f00000, 0x00000000e9f00000, 0x00000000ea000000|  0%| F|  |TAMS 0x00000000e9f00000, 0x00000000e9f00000| Untracked 
| 160|0x00000000ea000000, 0x00000000ea000000, 0x00000000ea100000|  0%| F|  |TAMS 0x00000000ea000000, 0x00000000ea000000| Untracked 
| 161|0x00000000ea100000, 0x00000000ea100000, 0x00000000ea200000|  0%| F|  |TAMS 0x00000000ea100000, 0x00000000ea100000| Untracked 
| 162|0x00000000ea200000, 0x00000000ea200000, 0x00000000ea300000|  0%| F|  |TAMS 0x00000000ea200000, 0x00000000ea200000| Untracked 
| 163|0x00000000ea300000, 0x00000000ea300000, 0x00000000ea400000|  0%| F|  |TAMS 0x00000000ea300000, 0x00000000ea300000| Untracked 
| 164|0x00000000ea400000, 0x00000000ea400000, 0x00000000ea500000|  0%| F|  |TAMS 0x00000000ea400000, 0x00000000ea400000| Untracked 
| 165|0x00000000ea500000, 0x00000000ea500000, 0x00000000ea600000|  0%| F|  |TAMS 0x00000000ea500000, 0x00000000ea500000| Untracked 
| 166|0x00000000ea600000, 0x00000000ea600000, 0x00000000ea700000|  0%| F|  |TAMS 0x00000000ea600000, 0x00000000ea600000| Untracked 
| 167|0x00000000ea700000, 0x00000000ea700000, 0x00000000ea800000|  0%| F|  |TAMS 0x00000000ea700000, 0x00000000ea700000| Untracked 
| 168|0x00000000ea800000, 0x00000000ea800000, 0x00000000ea900000|  0%| F|  |TAMS 0x00000000ea800000, 0x00000000ea800000| Untracked 
| 169|0x00000000ea900000, 0x00000000ea900000, 0x00000000eaa00000|  0%| F|  |TAMS 0x00000000ea900000, 0x00000000ea900000| Untracked 
| 170|0x00000000eaa00000, 0x00000000eaa00000, 0x00000000eab00000|  0%| F|  |TAMS 0x00000000eaa00000, 0x00000000eaa00000| Untracked 
| 171|0x00000000eab00000, 0x00000000eab00000, 0x00000000eac00000|  0%| F|  |TAMS 0x00000000eab00000, 0x00000000eab00000| Untracked 
| 172|0x00000000eac00000, 0x00000000eacbf400, 0x00000000ead00000| 74%| S|CS|TAMS 0x00000000eac00000, 0x00000000eac00000| Complete 
| 173|0x00000000ead00000, 0x00000000eae00000, 0x00000000eae00000|100%| S|CS|TAMS 0x00000000ead00000, 0x00000000ead00000| Complete 
| 174|0x00000000eae00000, 0x00000000eaf00000, 0x00000000eaf00000|100%| S|CS|TAMS 0x00000000eae00000, 0x00000000eae00000| Complete 
| 175|0x00000000eaf00000, 0x00000000eb000000, 0x00000000eb000000|100%| S|CS|TAMS 0x00000000eaf00000, 0x00000000eaf00000| Complete 
| 176|0x00000000eb000000, 0x00000000eb100000, 0x00000000eb100000|100%| S|CS|TAMS 0x00000000eb000000, 0x00000000eb000000| Complete 
| 177|0x00000000eb100000, 0x00000000eb200000, 0x00000000eb200000|100%| S|CS|TAMS 0x00000000eb100000, 0x00000000eb100000| Complete 
| 178|0x00000000eb200000, 0x00000000eb300000, 0x00000000eb300000|100%| S|CS|TAMS 0x00000000eb200000, 0x00000000eb200000| Complete 
| 179|0x00000000eb300000, 0x00000000eb400000, 0x00000000eb400000|100%| S|CS|TAMS 0x00000000eb300000, 0x00000000eb300000| Complete 
| 180|0x00000000eb400000, 0x00000000eb500000, 0x00000000eb500000|100%| S|CS|TAMS 0x00000000eb400000, 0x00000000eb400000| Complete 
| 181|0x00000000eb500000, 0x00000000eb600000, 0x00000000eb600000|100%| S|CS|TAMS 0x00000000eb500000, 0x00000000eb500000| Complete 
| 182|0x00000000eb600000, 0x00000000eb700000, 0x00000000eb700000|100%| S|CS|TAMS 0x00000000eb600000, 0x00000000eb600000| Complete 
| 183|0x00000000eb700000, 0x00000000eb800000, 0x00000000eb800000|100%| S|CS|TAMS 0x00000000eb700000, 0x00000000eb700000| Complete 
| 184|0x00000000eb800000, 0x00000000eb800000, 0x00000000eb900000|  0%| F|  |TAMS 0x00000000eb800000, 0x00000000eb800000| Untracked 
| 185|0x00000000eb900000, 0x00000000eb900000, 0x00000000eba00000|  0%| F|  |TAMS 0x00000000eb900000, 0x00000000eb900000| Untracked 
| 186|0x00000000eba00000, 0x00000000eba80800, 0x00000000ebb00000| 50%| E|  |TAMS 0x00000000eba00000, 0x00000000eba00000| Complete 
| 187|0x00000000ebb00000, 0x00000000ebc00000, 0x00000000ebc00000|100%| E|CS|TAMS 0x00000000ebb00000, 0x00000000ebb00000| Complete 
| 188|0x00000000ebc00000, 0x00000000ebd00000, 0x00000000ebd00000|100%| E|CS|TAMS 0x00000000ebc00000, 0x00000000ebc00000| Complete 
| 189|0x00000000ebd00000, 0x00000000ebe00000, 0x00000000ebe00000|100%| E|CS|TAMS 0x00000000ebd00000, 0x00000000ebd00000| Complete 
| 190|0x00000000ebe00000, 0x00000000ebf00000, 0x00000000ebf00000|100%| E|CS|TAMS 0x00000000ebe00000, 0x00000000ebe00000| Complete 
| 191|0x00000000ebf00000, 0x00000000ec000000, 0x00000000ec000000|100%| E|CS|TAMS 0x00000000ebf00000, 0x00000000ebf00000| Complete 
| 192|0x00000000ec000000, 0x00000000ec100000, 0x00000000ec100000|100%| E|CS|TAMS 0x00000000ec000000, 0x00000000ec000000| Complete 
| 193|0x00000000ec100000, 0x00000000ec200000, 0x00000000ec200000|100%| E|CS|TAMS 0x00000000ec100000, 0x00000000ec100000| Complete 
| 194|0x00000000ec200000, 0x00000000ec300000, 0x00000000ec300000|100%| E|CS|TAMS 0x00000000ec200000, 0x00000000ec200000| Complete 
| 195|0x00000000ec300000, 0x00000000ec400000, 0x00000000ec400000|100%| E|CS|TAMS 0x00000000ec300000, 0x00000000ec300000| Complete 
| 196|0x00000000ec400000, 0x00000000ec500000, 0x00000000ec500000|100%| E|CS|TAMS 0x00000000ec400000, 0x00000000ec400000| Complete 
| 197|0x00000000ec500000, 0x00000000ec600000, 0x00000000ec600000|100%| E|CS|TAMS 0x00000000ec500000, 0x00000000ec500000| Complete 
| 198|0x00000000ec600000, 0x00000000ec700000, 0x00000000ec700000|100%| E|CS|TAMS 0x00000000ec600000, 0x00000000ec600000| Complete 
| 199|0x00000000ec700000, 0x00000000ec800000, 0x00000000ec800000|100%| E|CS|TAMS 0x00000000ec700000, 0x00000000ec700000| Complete 
| 200|0x00000000ec800000, 0x00000000ec900000, 0x00000000ec900000|100%| E|CS|TAMS 0x00000000ec800000, 0x00000000ec800000| Complete 
| 201|0x00000000ec900000, 0x00000000eca00000, 0x00000000eca00000|100%| E|CS|TAMS 0x00000000ec900000, 0x00000000ec900000| Complete 
| 202|0x00000000eca00000, 0x00000000ecb00000, 0x00000000ecb00000|100%| E|CS|TAMS 0x00000000eca00000, 0x00000000eca00000| Complete 
| 203|0x00000000ecb00000, 0x00000000ecc00000, 0x00000000ecc00000|100%| E|CS|TAMS 0x00000000ecb00000, 0x00000000ecb00000| Complete 
| 204|0x00000000ecc00000, 0x00000000ecd00000, 0x00000000ecd00000|100%| E|CS|TAMS 0x00000000ecc00000, 0x00000000ecc00000| Complete 
| 205|0x00000000ecd00000, 0x00000000ece00000, 0x00000000ece00000|100%| E|CS|TAMS 0x00000000ecd00000, 0x00000000ecd00000| Complete 
| 206|0x00000000ece00000, 0x00000000ecf00000, 0x00000000ecf00000|100%| E|CS|TAMS 0x00000000ece00000, 0x00000000ece00000| Complete 
| 207|0x00000000ecf00000, 0x00000000ed000000, 0x00000000ed000000|100%| E|CS|TAMS 0x00000000ecf00000, 0x00000000ecf00000| Complete 
| 208|0x00000000ed000000, 0x00000000ed100000, 0x00000000ed100000|100%| E|CS|TAMS 0x00000000ed000000, 0x00000000ed000000| Complete 
| 209|0x00000000ed100000, 0x00000000ed200000, 0x00000000ed200000|100%| E|CS|TAMS 0x00000000ed100000, 0x00000000ed100000| Complete 
| 210|0x00000000ed200000, 0x00000000ed300000, 0x00000000ed300000|100%| E|CS|TAMS 0x00000000ed200000, 0x00000000ed200000| Complete 
| 211|0x00000000ed300000, 0x00000000ed400000, 0x00000000ed400000|100%| E|CS|TAMS 0x00000000ed300000, 0x00000000ed300000| Complete 
| 212|0x00000000ed400000, 0x00000000ed500000, 0x00000000ed500000|100%| E|CS|TAMS 0x00000000ed400000, 0x00000000ed400000| Complete 
| 213|0x00000000ed500000, 0x00000000ed600000, 0x00000000ed600000|100%| E|CS|TAMS 0x00000000ed500000, 0x00000000ed500000| Complete 
| 214|0x00000000ed600000, 0x00000000ed700000, 0x00000000ed700000|100%| E|CS|TAMS 0x00000000ed600000, 0x00000000ed600000| Complete 
| 215|0x00000000ed700000, 0x00000000ed800000, 0x00000000ed800000|100%| E|CS|TAMS 0x00000000ed700000, 0x00000000ed700000| Complete 
| 216|0x00000000ed800000, 0x00000000ed900000, 0x00000000ed900000|100%| E|CS|TAMS 0x00000000ed800000, 0x00000000ed800000| Complete 
| 217|0x00000000ed900000, 0x00000000eda00000, 0x00000000eda00000|100%| E|CS|TAMS 0x00000000ed900000, 0x00000000ed900000| Complete 
| 218|0x00000000eda00000, 0x00000000edb00000, 0x00000000edb00000|100%| E|CS|TAMS 0x00000000eda00000, 0x00000000eda00000| Complete 
| 219|0x00000000edb00000, 0x00000000edc00000, 0x00000000edc00000|100%| E|CS|TAMS 0x00000000edb00000, 0x00000000edb00000| Complete 
| 220|0x00000000edc00000, 0x00000000edd00000, 0x00000000edd00000|100%| E|CS|TAMS 0x00000000edc00000, 0x00000000edc00000| Complete 
| 221|0x00000000edd00000, 0x00000000ede00000, 0x00000000ede00000|100%| E|CS|TAMS 0x00000000edd00000, 0x00000000edd00000| Complete 
| 222|0x00000000ede00000, 0x00000000edf00000, 0x00000000edf00000|100%| E|CS|TAMS 0x00000000ede00000, 0x00000000ede00000| Complete 
| 223|0x00000000edf00000, 0x00000000ee000000, 0x00000000ee000000|100%| E|CS|TAMS 0x00000000edf00000, 0x00000000edf00000| Complete 
| 224|0x00000000ee000000, 0x00000000ee100000, 0x00000000ee100000|100%| E|CS|TAMS 0x00000000ee000000, 0x00000000ee000000| Complete 
| 225|0x00000000ee100000, 0x00000000ee200000, 0x00000000ee200000|100%| E|CS|TAMS 0x00000000ee100000, 0x00000000ee100000| Complete 
| 226|0x00000000ee200000, 0x00000000ee300000, 0x00000000ee300000|100%| E|CS|TAMS 0x00000000ee200000, 0x00000000ee200000| Complete 
| 227|0x00000000ee300000, 0x00000000ee400000, 0x00000000ee400000|100%| E|CS|TAMS 0x00000000ee300000, 0x00000000ee300000| Complete 
| 228|0x00000000ee400000, 0x00000000ee500000, 0x00000000ee500000|100%| E|CS|TAMS 0x00000000ee400000, 0x00000000ee400000| Complete 
| 229|0x00000000ee500000, 0x00000000ee600000, 0x00000000ee600000|100%| E|CS|TAMS 0x00000000ee500000, 0x00000000ee500000| Complete 
| 230|0x00000000ee600000, 0x00000000ee700000, 0x00000000ee700000|100%| E|CS|TAMS 0x00000000ee600000, 0x00000000ee600000| Complete 
| 231|0x00000000ee700000, 0x00000000ee800000, 0x00000000ee800000|100%| E|CS|TAMS 0x00000000ee700000, 0x00000000ee700000| Complete 
| 232|0x00000000ee800000, 0x00000000ee900000, 0x00000000ee900000|100%| E|CS|TAMS 0x00000000ee800000, 0x00000000ee800000| Complete 
| 233|0x00000000ee900000, 0x00000000eea00000, 0x00000000eea00000|100%| E|CS|TAMS 0x00000000ee900000, 0x00000000ee900000| Complete 
| 234|0x00000000eea00000, 0x00000000eeb00000, 0x00000000eeb00000|100%| E|CS|TAMS 0x00000000eea00000, 0x00000000eea00000| Complete 
| 235|0x00000000eeb00000, 0x00000000eec00000, 0x00000000eec00000|100%| E|CS|TAMS 0x00000000eeb00000, 0x00000000eeb00000| Complete 
| 236|0x00000000eec00000, 0x00000000eed00000, 0x00000000eed00000|100%| E|CS|TAMS 0x00000000eec00000, 0x00000000eec00000| Complete 
| 237|0x00000000eed00000, 0x00000000eee00000, 0x00000000eee00000|100%| E|CS|TAMS 0x00000000eed00000, 0x00000000eed00000| Complete 
| 238|0x00000000eee00000, 0x00000000eef00000, 0x00000000eef00000|100%| E|CS|TAMS 0x00000000eee00000, 0x00000000eee00000| Complete 
| 239|0x00000000eef00000, 0x00000000ef000000, 0x00000000ef000000|100%| E|CS|TAMS 0x00000000eef00000, 0x00000000eef00000| Complete 
| 240|0x00000000ef000000, 0x00000000ef100000, 0x00000000ef100000|100%| E|CS|TAMS 0x00000000ef000000, 0x00000000ef000000| Complete 
| 241|0x00000000ef100000, 0x00000000ef200000, 0x00000000ef200000|100%| E|CS|TAMS 0x00000000ef100000, 0x00000000ef100000| Complete 
| 242|0x00000000ef200000, 0x00000000ef300000, 0x00000000ef300000|100%| E|CS|TAMS 0x00000000ef200000, 0x00000000ef200000| Complete 
| 243|0x00000000ef300000, 0x00000000ef400000, 0x00000000ef400000|100%| E|CS|TAMS 0x00000000ef300000, 0x00000000ef300000| Complete 
| 244|0x00000000ef400000, 0x00000000ef500000, 0x00000000ef500000|100%| E|CS|TAMS 0x00000000ef400000, 0x00000000ef400000| Complete 
| 245|0x00000000ef500000, 0x00000000ef600000, 0x00000000ef600000|100%| E|CS|TAMS 0x00000000ef500000, 0x00000000ef500000| Complete 
| 246|0x00000000ef600000, 0x00000000ef700000, 0x00000000ef700000|100%| E|CS|TAMS 0x00000000ef600000, 0x00000000ef600000| Complete 
| 247|0x00000000ef700000, 0x00000000ef800000, 0x00000000ef800000|100%| E|  |TAMS 0x00000000ef700000, 0x00000000ef700000| Complete 
| 248|0x00000000ef800000, 0x00000000ef900000, 0x00000000ef900000|100%| E|CS|TAMS 0x00000000ef800000, 0x00000000ef800000| Complete 
| 249|0x00000000ef900000, 0x00000000efa00000, 0x00000000efa00000|100%| E|CS|TAMS 0x00000000ef900000, 0x00000000ef900000| Complete 
| 250|0x00000000efa00000, 0x00000000efb00000, 0x00000000efb00000|100%| E|CS|TAMS 0x00000000efa00000, 0x00000000efa00000| Complete 
| 251|0x00000000efb00000, 0x00000000efc00000, 0x00000000efc00000|100%| E|CS|TAMS 0x00000000efb00000, 0x00000000efb00000| Complete 
| 252|0x00000000efc00000, 0x00000000efd00000, 0x00000000efd00000|100%| E|CS|TAMS 0x00000000efc00000, 0x00000000efc00000| Complete 
| 253|0x00000000efd00000, 0x00000000efe00000, 0x00000000efe00000|100%| E|CS|TAMS 0x00000000efd00000, 0x00000000efd00000| Complete 
| 254|0x00000000efe00000, 0x00000000eff00000, 0x00000000eff00000|100%| E|CS|TAMS 0x00000000efe00000, 0x00000000efe00000| Complete 
| 255|0x00000000eff00000, 0x00000000f0000000, 0x00000000f0000000|100%| E|CS|TAMS 0x00000000eff00000, 0x00000000eff00000| Complete 

Card table byte_map: [0x000001c01f1d0000,0x000001c01f2d0000] _byte_map_base: 0x000001c01ead0000

Marking Bits (Prev, Next): (CMBitMap*) 0x000001c00be444b8, (CMBitMap*) 0x000001c00be444f0
 Prev Bits: [0x000001c01f3d0000, 0x000001c01fbd0000)
 Next Bits: [0x000001c01fbd0000, 0x000001c0203d0000)

Polling page: 0x000001c00fa80000

Metaspace:

Usage:
  Non-class:     36.61 MB capacity,    35.95 MB ( 98%) used,   574.92 KB (  2%) free+waste,   103.50 KB ( <1%) overhead. 
      Class:      5.58 MB capacity,     5.20 MB ( 93%) used,   337.08 KB (  6%) free+waste,    49.88 KB ( <1%) overhead. 
       Both:     42.19 MB capacity,    41.15 MB ( 98%) used,   912.00 KB (  2%) free+waste,   153.38 KB ( <1%) overhead. 

Virtual space:
  Non-class space:       38.00 MB reserved,      36.67 MB ( 97%) committed 
      Class space:      248.00 MB reserved,       5.63 MB (  2%) committed 
             Both:      286.00 MB reserved,      42.30 MB ( 15%) committed 

Chunk freelists:
   Non-Class:  0 bytes
       Class:  17.00 KB
        Both:  17.00 KB

MaxMetaspaceSize: 256.00 MB
CompressedClassSpaceSize: 248.00 MB
Initial GC threshold: 20.80 MB
Current GC threshold: 58.83 MB
CDS: off

CodeHeap 'non-profiled nmethods': size=120064Kb used=2039Kb max_used=2039Kb free=118024Kb
 bounds [0x000001c017560000, 0x000001c0177d0000, 0x000001c01eaa0000]
CodeHeap 'profiled nmethods': size=120000Kb used=7813Kb max_used=7813Kb free=112186Kb
 bounds [0x000001c010030000, 0x000001c0107e0000, 0x000001c017560000]
CodeHeap 'non-nmethods': size=5696Kb used=2276Kb max_used=2295Kb free=3420Kb
 bounds [0x000001c00faa0000, 0x000001c00fd10000, 0x000001c010030000]
 total_blobs=4478 nmethods=3706 adapters=684
 compilation: enabled
              stopped_count=0, restarted_count=0
 full_count=0

Compilation events (20 events):
Event: 4.543 Thread 0x000001c022a27800 nmethod 3693 0x000001c0107c2a90 code [0x000001c0107c2d80, 0x000001c0107c3c08]
Event: 4.543 Thread 0x000001c022a27800 3694       3       java.util.concurrent.locks.AbstractQueuedSynchronizer$Node::<init> (23 bytes)
Event: 4.544 Thread 0x000001c022a27800 nmethod 3694 0x000001c0107c4110 code [0x000001c0107c43e0, 0x000001c0107c50b8]
Event: 4.544 Thread 0x000001c022a27800 3695       3       java.lang.invoke.VarHandleInts$FieldInstanceReadWrite::set (23 bytes)
Event: 4.544 Thread 0x000001c022a27800 nmethod 3695 0x000001c0107c5510 code [0x000001c0107c5720, 0x000001c0107c5ba8]
Event: 4.554 Thread 0x000001c022a27800 3699       3       com.google.common.collect.ImmutableList$Builder::add (34 bytes)
Event: 4.554 Thread 0x000001c022a27800 nmethod 3699 0x000001c0107c5d90 code [0x000001c0107c5f80, 0x000001c0107c63b8]
Event: 4.558 Thread 0x000001c02366c000 nmethod 3675 0x000001c017757f90 code [0x000001c017758220, 0x000001c017759b50]
Event: 4.558 Thread 0x000001c02366c000 3698       4       org.objectweb.asm.SymbolTable::put (150 bytes)
Event: 4.571 Thread 0x000001c022a27800 3700       3       java.lang.invoke.LambdaFormEditor$Transform::inRange (36 bytes)
Event: 4.571 Thread 0x000001c022a27800 nmethod 3700 0x000001c0107c6590 code [0x000001c0107c6740, 0x000001c0107c6898]
Event: 4.571 Thread 0x000001c022a27800 3702       3       java.lang.invoke.LambdaFormEditor::getInCache (186 bytes)
Event: 4.571 Thread 0x000001c02366c000 nmethod 3698 0x000001c01775ae90 code [0x000001c01775b040, 0x000001c01775b7d8]
Event: 4.571 Thread 0x000001c02366c000 3697       4       java.util.Collections$UnmodifiableCollection$1::hasNext (10 bytes)
Event: 4.571 Thread 0x000001c02366c000 nmethod 3697 0x000001c01775bb10 code [0x000001c01775bca0, 0x000001c01775bd38]
Event: 4.571 Thread 0x000001c02366c000 3678       4       java.lang.ClassLoader::addClass (9 bytes)
Event: 4.572 Thread 0x000001c022a27800 nmethod 3702 0x000001c0107c6910 code [0x000001c0107c6ba0, 0x000001c0107c7ae8]
Event: 4.572 Thread 0x000001c022a27800 3701       3       java.lang.invoke.LambdaFormEditor$Transform::<init> (28 bytes)
Event: 4.572 Thread 0x000001c022a27800 nmethod 3701 0x000001c0107c7e90 code [0x000001c0107c8060, 0x000001c0107c8348]
Event: 4.575 Thread 0x000001c02366c000 nmethod 3678 0x000001c01775be10 code [0x000001c01775bfc0, 0x000001c01775c468]

GC Heap History (14 events):
Event: 0.443 GC heap before
{Heap before GC invocations=0 (full 0):
 garbage-first heap   total 262144K, used 19456K [0x00000000e0000000, 0x0000000100000000)
  region size 1024K, 14 young (14336K), 0 survivors (0K)
 Metaspace       used 6756K, capacity 7001K, committed 7168K, reserved 262144K
  class space    used 572K, capacity 650K, committed 768K, reserved 253952K
}
Event: 0.460 GC heap after
{Heap after GC invocations=1 (full 0):
 garbage-first heap   total 262144K, used 7901K [0x00000000e0000000, 0x0000000100000000)
  region size 1024K, 2 young (2048K), 2 survivors (2048K)
 Metaspace       used 6756K, capacity 7001K, committed 7168K, reserved 262144K
  class space    used 572K, capacity 650K, committed 768K, reserved 253952K
}
Event: 0.692 GC heap before
{Heap before GC invocations=1 (full 0):
 garbage-first heap   total 262144K, used 19165K [0x00000000e0000000, 0x0000000100000000)
  region size 1024K, 13 young (13312K), 2 survivors (2048K)
 Metaspace       used 10263K, capacity 10565K, committed 10624K, reserved 264192K
  class space    used 1051K, capacity 1139K, committed 1152K, reserved 253952K
}
Event: 0.695 GC heap after
{Heap after GC invocations=2 (full 0):
 garbage-first heap   total 262144K, used 9783K [0x00000000e0000000, 0x0000000100000000)
  region size 1024K, 2 young (2048K), 2 survivors (2048K)
 Metaspace       used 10263K, capacity 10565K, committed 10624K, reserved 264192K
  class space    used 1051K, capacity 1139K, committed 1152K, reserved 253952K
}
Event: 1.156 GC heap before
{Heap before GC invocations=2 (full 0):
 garbage-first heap   total 262144K, used 38455K [0x00000000e0000000, 0x0000000100000000)
  region size 1024K, 30 young (30720K), 2 survivors (2048K)
 Metaspace       used 11291K, capacity 11584K, committed 11776K, reserved 266240K
  class space    used 1154K, capacity 1244K, committed 1280K, reserved 253952K
}
Event: 1.161 GC heap after
{Heap after GC invocations=3 (full 0):
 garbage-first heap   total 262144K, used 13917K [0x00000000e0000000, 0x0000000100000000)
  region size 1024K, 4 young (4096K), 4 survivors (4096K)
 Metaspace       used 11291K, capacity 11584K, committed 11776K, reserved 266240K
  class space    used 1154K, capacity 1244K, committed 1280K, reserved 253952K
}
Event: 1.935 GC heap before
{Heap before GC invocations=3 (full 0):
 garbage-first heap   total 262144K, used 54877K [0x00000000e0000000, 0x0000000100000000)
  region size 1024K, 44 young (45056K), 4 survivors (4096K)
 Metaspace       used 18379K, capacity 18858K, committed 18944K, reserved 272384K
  class space    used 2153K, capacity 2302K, committed 2304K, reserved 253952K
}
Event: 1.940 GC heap after
{Heap after GC invocations=4 (full 0):
 garbage-first heap   total 262144K, used 16990K [0x00000000e0000000, 0x0000000100000000)
  region size 1024K, 6 young (6144K), 6 survivors (6144K)
 Metaspace       used 18379K, capacity 18858K, committed 18944K, reserved 272384K
  class space    used 2153K, capacity 2302K, committed 2304K, reserved 253952K
}
Event: 2.101 GC heap before
{Heap before GC invocations=4 (full 0):
 garbage-first heap   total 262144K, used 36446K [0x00000000e0000000, 0x0000000100000000)
  region size 1024K, 26 young (26624K), 6 survivors (6144K)
 Metaspace       used 20663K, capacity 21162K, committed 21296K, reserved 274432K
  class space    used 2490K, capacity 2644K, committed 2688K, reserved 253952K
}
Event: 2.106 GC heap after
{Heap after GC invocations=5 (full 0):
 garbage-first heap   total 262144K, used 17813K [0x00000000e0000000, 0x0000000100000000)
  region size 1024K, 4 young (4096K), 4 survivors (4096K)
 Metaspace       used 20663K, capacity 21162K, committed 21296K, reserved 274432K
  class space    used 2490K, capacity 2644K, committed 2688K, reserved 253952K
}
Event: 2.784 GC heap before
{Heap before GC invocations=6 (full 0):
 garbage-first heap   total 262144K, used 80277K [0x00000000e0000000, 0x0000000100000000)
  region size 1024K, 60 young (61440K), 4 survivors (4096K)
 Metaspace       used 26648K, capacity 27408K, committed 27440K, reserved 278528K
  class space    used 3449K, capacity 3689K, committed 3712K, reserved 253952K
}
Event: 2.792 GC heap after
{Heap after GC invocations=7 (full 0):
 garbage-first heap   total 262144K, used 25742K [0x00000000e0000000, 0x0000000100000000)
  region size 1024K, 7 young (7168K), 7 survivors (7168K)
 Metaspace       used 26648K, capacity 27408K, committed 27440K, reserved 278528K
  class space    used 3449K, capacity 3689K, committed 3712K, reserved 253952K
}
Event: 3.767 GC heap before
{Heap before GC invocations=7 (full 0):
 garbage-first heap   total 262144K, used 115854K [0x00000000e0000000, 0x0000000100000000)
  region size 1024K, 72 young (73728K), 7 survivors (7168K)
 Metaspace       used 34773K, capacity 35727K, committed 35888K, reserved 286720K
  class space    used 4499K, capacity 4887K, committed 4992K, reserved 253952K
}
Event: 3.787 GC heap after
{Heap after GC invocations=8 (full 0):
 garbage-first heap   total 262144K, used 56715K [0x00000000e0000000, 0x0000000100000000)
  region size 1024K, 12 young (12288K), 12 survivors (12288K)
 Metaspace       used 34773K, capacity 35727K, committed 35888K, reserved 286720K
  class space    used 4499K, capacity 4887K, committed 4992K, reserved 253952K
}

Deoptimization events (20 events):
Event: 4.301 Thread 0x000001c025538800 Uncommon trap: trap_request=0xffffffde fr.pc=0x000001c01764e528 relative=0x00000000000002e8
Event: 4.301 Thread 0x000001c025538800 Uncommon trap: reason=class_check action=maybe_recompile pc=0x000001c01764e528 method=java.util.Collections$SetFromMap.remove(Ljava/lang/Object;)Z @ 5 c2
Event: 4.301 Thread 0x000001c025538800 DEOPT PACKING pc=0x000001c01764e528 sp=0x0000000cf5efa790
Event: 4.301 Thread 0x000001c025538800 DEOPT UNPACKING pc=0x000001c00faea1af sp=0x0000000cf5efa788 mode 2
Event: 4.301 Thread 0x000001c025538800 Uncommon trap: trap_request=0xffffffde fr.pc=0x000001c01764e528 relative=0x00000000000002e8
Event: 4.301 Thread 0x000001c025538800 Uncommon trap: reason=class_check action=maybe_recompile pc=0x000001c01764e528 method=java.util.Collections$SetFromMap.remove(Ljava/lang/Object;)Z @ 5 c2
Event: 4.301 Thread 0x000001c025538800 DEOPT PACKING pc=0x000001c01764e528 sp=0x0000000cf5efa710
Event: 4.301 Thread 0x000001c025538800 DEOPT UNPACKING pc=0x000001c00faea1af sp=0x0000000cf5efa708 mode 2
Event: 4.338 Thread 0x000001c028c06800 Uncommon trap: trap_request=0xffffff4d fr.pc=0x000001c017697544 relative=0x0000000000000484
Event: 4.338 Thread 0x000001c028c06800 Uncommon trap: reason=unstable_if action=reinterpret pc=0x000001c017697544 method=java.lang.StringLatin1.regionMatchesCI([BI[BII)Z @ 66 c2
Event: 4.338 Thread 0x000001c028c06800 DEOPT PACKING pc=0x000001c017697544 sp=0x0000000cf6bfe3b0
Event: 4.338 Thread 0x000001c028c06800 DEOPT UNPACKING pc=0x000001c00faea1af sp=0x0000000cf6bfe228 mode 2
Event: 4.338 Thread 0x000001c028c06800 Uncommon trap: trap_request=0xffffff4d fr.pc=0x000001c0176488cc relative=0x00000000000005ec
Event: 4.338 Thread 0x000001c028c06800 Uncommon trap: reason=unstable_if action=reinterpret pc=0x000001c0176488cc method=java.lang.StringLatin1.regionMatchesCI([BI[BII)Z @ 66 c2
Event: 4.338 Thread 0x000001c028c06800 DEOPT PACKING pc=0x000001c0176488cc sp=0x0000000cf6bfe3a0
Event: 4.338 Thread 0x000001c028c06800 DEOPT UNPACKING pc=0x000001c00faea1af sp=0x0000000cf6bfe2a0 mode 2
Event: 4.343 Thread 0x000001c028c06800 Uncommon trap: trap_request=0xffffff4d fr.pc=0x000001c01763ce74 relative=0x0000000000000434
Event: 4.343 Thread 0x000001c028c06800 Uncommon trap: reason=unstable_if action=reinterpret pc=0x000001c01763ce74 method=java.lang.StringLatin1.regionMatchesCI([BI[BII)Z @ 66 c2
Event: 4.343 Thread 0x000001c028c06800 DEOPT PACKING pc=0x000001c01763ce74 sp=0x0000000cf6bfe260
Event: 4.343 Thread 0x000001c028c06800 DEOPT UNPACKING pc=0x000001c00faea1af sp=0x0000000cf6bfe1f0 mode 2

Classes redefined (0 events):
No events

Internal exceptions (20 events):
Event: 4.284 Thread 0x000001c025538800 Exception <a 'java/lang/ClassNotFoundException'{0x00000000ed77a310}: groovy/lang/Closure$1BeanInfo> (0x00000000ed77a310) thrown at [src/hotspot/share/classfile/systemDictionary.cpp, line 230]
Event: 4.284 Thread 0x000001c025538800 Exception <a 'java/lang/ClassNotFoundException'{0x00000000ed7acb50}: groovy/lang/ClosureBeanInfo> (0x00000000ed7acb50) thrown at [src/hotspot/share/classfile/systemDictionary.cpp, line 230]
Event: 4.285 Thread 0x000001c025538800 Exception <a 'java/lang/ClassNotFoundException'{0x00000000ed7df120}: groovy/lang/ClosureCustomizer> (0x00000000ed7df120) thrown at [src/hotspot/share/classfile/systemDictionary.cpp, line 230]
Event: 4.289 Thread 0x000001c025538800 Exception <a 'java/lang/ClassNotFoundException'{0x00000000ed634158}: groovy/lang/Closure$1Customizer> (0x00000000ed634158) thrown at [src/hotspot/share/classfile/systemDictionary.cpp, line 230]
Event: 4.311 Thread 0x000001c028c06800 Exception <a 'sun/nio/fs/WindowsException'{0x00000000ed5363d0}> (0x00000000ed5363d0) thrown at [src/hotspot/share/prims/jni.cpp, line 616]
Event: 4.351 Thread 0x000001c028c06800 Exception <a 'sun/nio/fs/WindowsException'{0x00000000ed4b53a8}> (0x00000000ed4b53a8) thrown at [src/hotspot/share/prims/jni.cpp, line 616]
Event: 4.352 Thread 0x000001c028c06800 Exception <a 'sun/nio/fs/WindowsException'{0x00000000ed4b55b8}> (0x00000000ed4b55b8) thrown at [src/hotspot/share/prims/jni.cpp, line 616]
Event: 4.360 Thread 0x000001c025538800 Exception <a 'java/lang/ClassNotFoundException'{0x00000000ed368ca8}: sync_studio_tooling3281_6338z8xaiygdsf9c9pwz1g29yBeanInfo> (0x00000000ed368ca8) thrown at [src/hotspot/share/classfile/systemDictionary.cpp, line 230]
Event: 4.360 Thread 0x000001c025538800 Exception <a 'java/lang/ClassNotFoundException'{0x00000000ed375728}: sync_studio_tooling3281_6338z8xaiygdsf9c9pwz1g29yCustomizer> (0x00000000ed375728) thrown at [src/hotspot/share/classfile/systemDictionary.cpp, line 230]
Event: 4.365 Thread 0x000001c025538800 Exception <a 'java/lang/ClassNotFoundException'{0x00000000ed3f16e0}: org/gradle/internal/metaobject/ConfigureDelegateBeanInfo> (0x00000000ed3f16e0) thrown at [src/hotspot/share/classfile/systemDictionary.cpp, line 230]
Event: 4.366 Thread 0x000001c025538800 Exception <a 'java/lang/ClassNotFoundException'{0x00000000ed216fc0}: org/gradle/internal/metaobject/ConfigureDelegateCustomizer> (0x00000000ed216fc0) thrown at [src/hotspot/share/classfile/systemDictionary.cpp, line 230]
Event: 4.373 Thread 0x000001c025538800 Exception <a 'java/lang/ClassNotFoundException'{0x00000000ed28c888}: org/gradle/api/internal/initialization/DefaultScriptHandlerBeanInfo> (0x00000000ed28c888) thrown at [src/hotspot/share/classfile/systemDictionary.cpp, line 230]
Event: 4.374 Thread 0x000001c025538800 Exception <a 'java/lang/ClassNotFoundException'{0x00000000ed2b49f0}: org/gradle/api/internal/initialization/DefaultScriptHandlerCustomizer> (0x00000000ed2b49f0) thrown at [src/hotspot/share/classfile/systemDictionary.cpp, line 230]
Event: 4.456 Thread 0x000001c025538800 Exception <a 'java/lang/ClassNotFoundException'{0x00000000ecaca8f8}: org/gradle/api/internal/artifacts/dsl/dependencies/DefaultDependencyHandler_DecoratedBeanInfo> (0x00000000ecaca8f8) thrown at [src/hotspot/share/classfile/systemDictionary.cpp, line 230]
Event: 4.457 Thread 0x000001c025538800 Exception <a 'java/lang/ClassNotFoundException'{0x00000000ec908b28}: org/gradle/api/internal/artifacts/dsl/dependencies/DefaultDependencyHandlerBeanInfo> (0x00000000ec908b28) thrown at [src/hotspot/share/classfile/systemDictionary.cpp, line 230]
Event: 4.458 Thread 0x000001c025538800 Exception <a 'java/lang/ClassNotFoundException'{0x00000000ec946220}: org/gradle/api/internal/artifacts/dsl/dependencies/DefaultDependencyHandlerCustomizer> (0x00000000ec946220) thrown at [src/hotspot/share/classfile/systemDictionary.cpp, line 230]
Event: 4.460 Thread 0x000001c025538800 Exception <a 'java/lang/ClassNotFoundException'{0x00000000ec9ac838}: org/gradle/api/internal/artifacts/dsl/dependencies/DefaultDependencyHandler_DecoratedCustomizer> (0x00000000ec9ac838) thrown at [src/hotspot/share/classfile/systemDictionary.cpp, line 230]
Event: 4.462 Thread 0x000001c025538800 Exception <a 'java/lang/ClassNotFoundException'{0x00000000ec9ea570}: sync_studio_tooling3281_6338z8xaiygdsf9c9pwz1g29y$_run_closure1BeanInfo> (0x00000000ec9ea570) thrown at [src/hotspot/share/classfile/systemDictionary.cpp, line 230]
Event: 4.462 Thread 0x000001c025538800 Exception <a 'java/lang/ClassNotFoundException'{0x00000000ec9f0910}: sync_studio_tooling3281_6338z8xaiygdsf9c9pwz1g29y$_run_closure1Customizer> (0x00000000ec9f0910) thrown at [src/hotspot/share/classfile/systemDictionary.cpp, line 230]
Event: 4.541 Thread 0x000001c025538800 Exception <a 'java/lang/NoSuchMethodError'{0x00000000ec2b14c0}: 'java.lang.Object java.lang.invoke.DirectMethodHandle$Holder.invokeStatic(java.lang.Object, int, java.lang.Object)'> (0x00000000ec2b14c0) thrown at [src/hotspot/share/interpreter/linkResolver.cpp, line 773]

Events (20 events):
Event: 4.581 loading class org/gradle/api/internal/artifacts/ivyservice/resolveengine/graph/builder/EdgeState
Event: 4.581 loading class org/gradle/api/internal/artifacts/ivyservice/resolveengine/graph/builder/EdgeState done
Event: 4.581 loading class org/gradle/api/specs/Spec
Event: 4.581 loading class org/gradle/api/specs/Spec done
Event: 4.581 loading class org/gradle/api/internal/artifacts/ivyservice/resolveengine/artifact/ResolvedArtifactsGraphVisitor
Event: 4.581 loading class org/gradle/api/internal/artifacts/ivyservice/resolveengine/artifact/ResolvedArtifactsGraphVisitor done
Event: 4.581 loading class org/gradle/internal/resolve/result/DefaultBuildableComponentResolveResult
Event: 4.581 loading class org/gradle/internal/resolve/result/DefaultBuildableComponentResolveResult done
Event: 4.582 loading class org/gradle/internal/resolve/result/DefaultResourceAwareResolveResult
Event: 4.582 loading class org/gradle/internal/resolve/result/DefaultResourceAwareResolveResult done
Event: 4.582 loading class org/gradle/api/internal/artifacts/DefaultModule
Event: 4.582 loading class org/gradle/api/internal/artifacts/DefaultModule done
Event: 4.582 loading class org/gradle/internal/component/external/model/DefaultModuleComponentIdentifier
Event: 4.582 loading class org/gradle/internal/component/external/model/DefaultModuleComponentIdentifier done
Event: 4.586 loading class org/gradle/api/artifacts/ModuleIdentifier
Event: 4.586 loading class org/gradle/api/artifacts/ModuleIdentifier done
Event: 4.586 loading class org/gradle/api/artifacts/ModuleIdentifier
Event: 4.586 loading class org/gradle/api/artifacts/ModuleIdentifier done
Event: 4.587 loading class org/gradle/api/internal/artifacts/DefaultModuleVersionIdentifier
Event: 4.587 loading class org/gradle/api/internal/artifacts/DefaultModuleVersionIdentifier done


Dynamic libraries:
0x00007ff756eb0000 - 0x00007ff756eba000 	C:\Program Files\JetBrains\IntelliJ IDEA Community Edition 2022.1\jbr\bin\java.exe
0x00007ffcbe410000 - 0x00007ffcbe605000 	C:\Windows\SYSTEM32\ntdll.dll
0x00007ffcbdb70000 - 0x00007ffcbdc2e000 	C:\Windows\System32\KERNEL32.DLL
0x00007ffcbbe90000 - 0x00007ffcbc159000 	C:\Windows\System32\KERNELBASE.dll
0x00007ffcbc160000 - 0x00007ffcbc260000 	C:\Windows\System32\ucrtbase.dll
0x00007ffcacc60000 - 0x00007ffcacc76000 	C:\Program Files\JetBrains\IntelliJ IDEA Community Edition 2022.1\jbr\bin\VCRUNTIME140.dll
0x00007ffcb3390000 - 0x00007ffcb33a9000 	C:\Program Files\JetBrains\IntelliJ IDEA Community Edition 2022.1\jbr\bin\jli.dll
0x00007ffcbd3d0000 - 0x00007ffcbd571000 	C:\Windows\System32\USER32.dll
0x00007ffca9540000 - 0x00007ffca97da000 	C:\Windows\WinSxS\amd64_microsoft.windows.common-controls_6595b64144ccf1df_6.0.19041.1110_none_60b5254171f9507e\COMCTL32.dll
0x00007ffcbbd50000 - 0x00007ffcbbd72000 	C:\Windows\System32\win32u.dll
0x00007ffcbc460000 - 0x00007ffcbc4fe000 	C:\Windows\System32\msvcrt.dll
0x00007ffcbdf20000 - 0x00007ffcbdf4b000 	C:\Windows\System32\GDI32.dll
0x00007ffcbbc40000 - 0x00007ffcbbd4b000 	C:\Windows\System32\gdi32full.dll
0x00007ffcbc3c0000 - 0x00007ffcbc45d000 	C:\Windows\System32\msvcp_win.dll
0x00007ffcbd580000 - 0x00007ffcbd5b0000 	C:\Windows\System32\IMM32.DLL
0x00007ffc77220000 - 0x00007ffc772ca000 	C:\Program Files\JetBrains\IntelliJ IDEA Community Edition 2022.1\jbr\bin\msvcp140.dll
0x00007ffc774d0000 - 0x00007ffc7804a000 	C:\Program Files\JetBrains\IntelliJ IDEA Community Edition 2022.1\jbr\bin\server\jvm.dll
0x00007ffcbd620000 - 0x00007ffcbd6cc000 	C:\Windows\System32\ADVAPI32.dll
0x00007ffcbd940000 - 0x00007ffcbd9db000 	C:\Windows\System32\sechost.dll
0x00007ffcbdce0000 - 0x00007ffcbde0a000 	C:\Windows\System32\RPCRT4.dll
0x00007ffcbd1b0000 - 0x00007ffcbd1b8000 	C:\Windows\System32\PSAPI.DLL
0x00007ffcab3e0000 - 0x00007ffcab407000 	C:\Windows\SYSTEM32\WINMM.dll
0x00007ffcb6650000 - 0x00007ffcb6659000 	C:\Windows\SYSTEM32\WSOCK32.dll
0x00007ffcbdb00000 - 0x00007ffcbdb6b000 	C:\Windows\System32\WS2_32.dll
0x00007ffcb4f60000 - 0x00007ffcb4f6a000 	C:\Windows\SYSTEM32\VERSION.dll
0x00007ffcb9a30000 - 0x00007ffcb9a42000 	C:\Windows\SYSTEM32\kernel.appcore.dll
0x00007ffcb6630000 - 0x00007ffcb6641000 	C:\Program Files\JetBrains\IntelliJ IDEA Community Edition 2022.1\jbr\bin\verify.dll
0x00007ffc9ce50000 - 0x00007ffc9d034000 	C:\Windows\SYSTEM32\DBGHELP.DLL
0x00007ffc9cc90000 - 0x00007ffc9ccbc000 	C:\Windows\SYSTEM32\dbgcore.DLL
0x00007ffcbbb30000 - 0x00007ffcbbbb3000 	C:\Windows\System32\bcryptPrimitives.dll
0x00007ffcb4e70000 - 0x00007ffcb4e99000 	C:\Program Files\JetBrains\IntelliJ IDEA Community Edition 2022.1\jbr\bin\java.dll
0x00007ffcb7a10000 - 0x00007ffcb7a1b000 	C:\Program Files\JetBrains\IntelliJ IDEA Community Edition 2022.1\jbr\bin\jimage.dll
0x00007ffcb6610000 - 0x00007ffcb6629000 	C:\Program Files\JetBrains\IntelliJ IDEA Community Edition 2022.1\jbr\bin\zip.dll
0x00007ffcbc5e0000 - 0x00007ffcbcd1f000 	C:\Windows\System32\SHELL32.dll
0x00007ffcb9c30000 - 0x00007ffcba3c0000 	C:\Windows\SYSTEM32\windows.storage.dll
0x00007ffcbcd20000 - 0x00007ffcbd075000 	C:\Windows\System32\combase.dll
0x00007ffcbb580000 - 0x00007ffcbb5ac000 	C:\Windows\SYSTEM32\Wldp.dll
0x00007ffcbde10000 - 0x00007ffcbdebe000 	C:\Windows\System32\SHCORE.dll
0x00007ffcbdec0000 - 0x00007ffcbdf15000 	C:\Windows\System32\shlwapi.dll
0x00007ffcbba70000 - 0x00007ffcbba8f000 	C:\Windows\SYSTEM32\profapi.dll
0x00007ffcb4030000 - 0x00007ffcb404a000 	C:\Program Files\JetBrains\IntelliJ IDEA Community Edition 2022.1\jbr\bin\net.dll
0x00007ffca8bf0000 - 0x00007ffca8cf8000 	C:\Windows\SYSTEM32\WINHTTP.dll
0x00007ffcbb2e0000 - 0x00007ffcbb34a000 	C:\Windows\system32\mswsock.dll
0x00007ffcb4010000 - 0x00007ffcb4024000 	C:\Program Files\JetBrains\IntelliJ IDEA Community Edition 2022.1\jbr\bin\nio.dll
0x00007ffca6da0000 - 0x00007ffca6dc7000 	C:\Users\Lenovo\.gradle\native\e1d6ef7f7dcc3fd88c89a11ec53ec762bb8ba0a96d01ffa2cd45eb1d1d8dd5c5\windows-amd64\native-platform.dll
0x00007ffc764f0000 - 0x00007ffc76634000 	C:\Users\Lenovo\.gradle\native\5664cfc778a61ccfe75a443a1ab52a65af34e5dc3c78e0209fed803814484fcb\windows-amd64\native-platform-file-events.dll
0x00007ffcb5fc0000 - 0x00007ffcb5fca000 	C:\Program Files\JetBrains\IntelliJ IDEA Community Edition 2022.1\jbr\bin\management.dll
0x00007ffcb43e0000 - 0x00007ffcb43ed000 	C:\Program Files\JetBrains\IntelliJ IDEA Community Edition 2022.1\jbr\bin\management_ext.dll
0x00007ffcbb4e0000 - 0x00007ffcbb4f8000 	C:\Windows\SYSTEM32\CRYPTSP.dll
0x00007ffcbabf0000 - 0x00007ffcbac24000 	C:\Windows\system32\rsaenh.dll
0x00007ffcbbbc0000 - 0x00007ffcbbbe7000 	C:\Windows\System32\bcrypt.dll
0x00007ffcbba30000 - 0x00007ffcbba5e000 	C:\Windows\SYSTEM32\USERENV.dll
0x00007ffcbb4d0000 - 0x00007ffcbb4dc000 	C:\Windows\SYSTEM32\CRYPTBASE.dll
0x00007ffcbaf80000 - 0x00007ffcbafbb000 	C:\Windows\SYSTEM32\IPHLPAPI.DLL
0x00007ffcbd5b0000 - 0x00007ffcbd5b8000 	C:\Windows\System32\NSI.dll
0x00007ffcb0650000 - 0x00007ffcb0667000 	C:\Windows\SYSTEM32\dhcpcsvc6.DLL
0x00007ffcb1fe0000 - 0x00007ffcb1ffd000 	C:\Windows\SYSTEM32\dhcpcsvc.DLL
0x00007ffcbafd0000 - 0x00007ffcbb09c000 	C:\Windows\SYSTEM32\DNSAPI.dll

dbghelp: loaded successfully - version: 4.0.5 - missing functions: none
symbol engine: initialized successfully - sym options: 0x614 - pdb path: .;C:\Program Files\JetBrains\IntelliJ IDEA Community Edition 2022.1\jbr\bin;C:\Windows\SYSTEM32;C:\Windows\WinSxS\amd64_microsoft.windows.common-controls_6595b64144ccf1df_6.0.19041.1110_none_60b5254171f9507e;C:\Program Files\JetBrains\IntelliJ IDEA Community Edition 2022.1\jbr\bin\server;C:\Users\Lenovo\.gradle\native\e1d6ef7f7dcc3fd88c89a11ec53ec762bb8ba0a96d01ffa2cd45eb1d1d8dd5c5\windows-amd64;C:\Users\Lenovo\.gradle\native\5664cfc778a61ccfe75a443a1ab52a65af34e5dc3c78e0209fed803814484fcb\windows-amd64

VM Arguments:
jvm_args: --add-opens=java.base/java.util=ALL-UNNAMED --add-opens=java.base/java.lang=ALL-UNNAMED --add-opens=java.base/java.lang.invoke=ALL-UNNAMED --add-opens=java.base/java.util=ALL-UNNAMED --add-opens=java.prefs/java.util.prefs=ALL-UNNAMED --add-opens=java.prefs/java.util.prefs=ALL-UNNAMED --add-opens=java.base/java.nio.charset=ALL-UNNAMED --add-opens=java.base/java.net=ALL-UNNAMED --add-opens=java.base/java.util.concurrent.atomic=ALL-UNNAMED -XX:MaxMetaspaceSize=256m -XX:+HeapDumpOnOutOfMemoryError -Xms256m -Xmx512m -Dfile.encoding=windows-1251 -Duser.country=RU -Duser.language=ru -Duser.variant 
java_command: org.gradle.launcher.daemon.bootstrap.GradleDaemon 7.2
java_class_path (initial): C:\Users\Lenovo\.gradle\wrapper\dists\gradle-7.2-bin\2dnblmf4td7x66yl1d74lt32g\gradle-7.2\lib\gradle-launcher-7.2.jar
Launcher Type: SUN_STANDARD

[Global flags]
     intx CICompilerCount                          = 3                                         {product} {ergonomic}
   size_t CompressedClassSpaceSize                 = 260046848                                 {product} {ergonomic}
     uint ConcGCThreads                            = 1                                         {product} {ergonomic}
     uint G1ConcRefinementThreads                  = 4                                         {product} {ergonomic}
   size_t G1HeapRegionSize                         = 1048576                                   {product} {ergonomic}
    uintx GCDrainStackTargetSize                   = 64                                        {product} {ergonomic}
     bool HeapDumpOnOutOfMemoryError               = true                                   {manageable} {command line}
   size_t InitialHeapSize                          = 268435456                                 {product} {command line}
   size_t MarkStackSize                            = 4194304                                   {product} {ergonomic}
   size_t MaxHeapSize                              = 536870912                                 {product} {command line}
   size_t MaxMetaspaceSize                         = 268435456                                 {product} {command line}
   size_t MaxNewSize                               = 321912832                                 {product} {ergonomic}
   size_t MinHeapDeltaBytes                        = 1048576                                   {product} {ergonomic}
    uintx NonNMethodCodeHeapSize                   = 5830732                                {pd product} {ergonomic}
    uintx NonProfiledCodeHeapSize                  = 122913754                              {pd product} {ergonomic}
    uintx ProfiledCodeHeapSize                     = 122913754                              {pd product} {ergonomic}
    uintx ReservedCodeCacheSize                    = 251658240                              {pd product} {ergonomic}
     bool SegmentedCodeCache                       = true                                      {product} {ergonomic}
     bool UseCompressedClassPointers               = true                                 {lp64_product} {ergonomic}
     bool UseCompressedOops                        = true                                 {lp64_product} {ergonomic}
     bool UseG1GC                                  = true                                      {product} {ergonomic}
     bool UseLargePagesIndividualAllocation        = false                                  {pd product} {ergonomic}

Logging:
Log output configuration:
 #0: stdout all=warning uptime,level,tags
 #1: stderr all=off uptime,level,tags

Environment Variables:
JAVA_HOME=C:\Program Files\Java\jdk-17.0.2
PATH=C:\Program Files\Common Files\Oracle\Java\javapath;C:\Windows\system32;C:\Windows;C:\Windows\System32\Wbem;C:\Windows\System32\WindowsPowerShell\v1.0\;C:\Program Files\Git\cmd;C:\Users\Lenovo\AppData\Roaming\Microsoft\Windows\Start Menu\Programs\Python 3.10;C:\Users\Lenovo\AppData\Local\Programs\Python\Python310\Scripts\;C:\Users\Lenovo\AppData\Local\Programs\Python\Python310\;C:\Users\Lenovo\AppData\Local\Microsoft\WindowsApps;C:\Program Files\Java\jdk-17.0.2\bin;C:\Users\Lenovo\AppData\Local\Pandoc\;C:\Users\Lenovo\AppData\Roaming\Microsoft\Windows\Start Menu\Programs\Python 3.10;
USERNAME=Lenovo
OS=Windows_NT
PROCESSOR_IDENTIFIER=Intel64 Family 6 Model 142 Stepping 9, GenuineIntel



---------------  S Y S T E M  ---------------

OS: Windows 10 , 64 bit Build 19041 (10.0.19041.1202)
OS uptime: 1 days 1:40 hours

CPU:total 4 (initial active 4) (2 cores per cpu, 2 threads per core) family 6 model 142 stepping 9 microcode 0xb4, cmov, cx8, fxsr, mmx, sse, sse2, sse3, ssse3, sse4.1, sse4.2, popcnt, avx, avx2, aes, clmul, erms, 3dnowpref, lzcnt, ht, tsc, tscinvbit, bmi1, bmi2, adx, fma

Memory: 4k page, system-wide physical 8050M (399M free)
TotalPageFile size 8050M (AvailPageFile size 6M)
current process WorkingSet (physical memory assigned to process): 284M, peak: 284M
current process commit charge ("private bytes"): 442M, peak: 443M

vm_info: OpenJDK 64-Bit Server VM (11.0.14.1+1-b2043.25) for windows-amd64 JRE (11.0.14.1+1-b2043.25), built on Mar 30 2022 06:22:56 by "" with MS VC++ 14.0 (VS2015)

END.
