#
# There is insufficient memory for the Java Runtime Environment to continue.
# Native memory allocation (mmap) failed to map 132120576 bytes for G1 virtual space
# Possible reasons:
#   The system is out of physical RAM or swap space
#   The process is running with CompressedOops enabled, and the Java Heap may be blocking the growth of the native heap
# Possible solutions:
#   Reduce memory load on the system
#   Increase physical memory or swap space
#   Check if swap backing store is full
#   Decrease Java heap size (-Xmx/-Xms)
#   Decrease number of Java threads
#   Decrease Java thread stack sizes (-Xss)
#   Set larger code cache with -XX:ReservedCodeCacheSize=
#   JVM is running with Unscaled Compressed Oops mode in which the Java heap is
#     placed in the first 4GB address space. The Java Heap base address is the
#     maximum limit for the native heap growth. Please use -XX:HeapBaseMinAddress
#     to set the Java Heap base and to place the Java Heap above 4GB virtual address.
# This output file may be truncated or incomplete.
#
#  Out of Memory Error (os_windows.cpp:3532), pid=9580, tid=5500
#
# JRE version:  (17.0.2+8) (build )
# Java VM: Java HotSpot(TM) 64-Bit Server VM (17.0.2+8-LTS-86, mixed mode, sharing, tiered, compressed oops, compressed class ptrs, g1 gc, windows-amd64)
# No core dump will be written. Minidumps are not enabled by default on client versions of Windows
#

---------------  S U M M A R Y ------------

Command Line: --module-path=C:\openjfx-18.0.1_windows-x64_bin-sdk.zip\javafx-sdk-18.0.1\lib --add-modules=javafx.controls,javafx.fxml --module-path=C:\openjfx-18.0.1_windows-x64_bin-sdk.zip\javafx-sdk-18.0.1\lib --add-modules=javafx.controls,javafx.fxml -Dfile.encoding=windows-1251 -Duser.country=RU -Duser.language=ru -Duser.variant Base

Host: Intel(R) Core(TM) i7-7500U CPU @ 2.70GHz, 4 cores, 7G,  Windows 10 , 64 bit Build 19041 (10.0.19041.1202)
Time: Fri Apr 22 12:38:58 2022 RTZ 2 (s 10 , 64 bit Build 19041 (10.0.19041.1202) elapsed time: 0.019844 seconds (0d 0h 0m 0s)

---------------  T H R E A D  ---------------

Current thread (0x0000023181f4bf60):  JavaThread "Unknown thread" [_thread_in_vm, id=5500, stack(0x000000f4b5800000,0x000000f4b5900000)]

Stack: [0x000000f4b5800000,0x000000f4b5900000]
Native frames: (J=compiled Java code, j=interpreted, Vv=VM code, C=native code)
V  [jvm.dll+0x670baa]
V  [jvm.dll+0x7cfcb4]
V  [jvm.dll+0x7d145e]
V  [jvm.dll+0x7d1ac3]
V  [jvm.dll+0x242bc5]
V  [jvm.dll+0x66dac9]
V  [jvm.dll+0x662412]
V  [jvm.dll+0x300c0b]
V  [jvm.dll+0x3081a6]
V  [jvm.dll+0x357d0e]
V  [jvm.dll+0x357f3f]
V  [jvm.dll+0x2d7ec8]
V  [jvm.dll+0x2d8e34]
V  [jvm.dll+0x7a18c1]
V  [jvm.dll+0x365a91]
V  [jvm.dll+0x780d2c]
V  [jvm.dll+0x3e845f]
V  [jvm.dll+0x3e9f01]
C  [jli.dll+0x527b]
C  [ucrtbase.dll+0x21bb2]
C  [KERNEL32.DLL+0x17034]
C  [ntdll.dll+0x52651]


---------------  P R O C E S S  ---------------

Threads class SMR info:
_java_thread_list=0x00007ff8c21a9858, length=0, elements={
}

Java Threads: ( => current thread )

Other Threads:
  0x0000023181f8b3e0 GCTaskThread "GC Thread#0" [stack: 0x000000f4b5900000,0x000000f4b5a00000] [id=2776]
  0x0000023181f9ce00 ConcurrentGCThread "G1 Main Marker" [stack: 0x000000f4b5a00000,0x000000f4b5b00000] [id=2092]
  0x0000023181f9eed0 ConcurrentGCThread "G1 Conc#0" [stack: 0x000000f4b5b00000,0x000000f4b5c00000] [id=5232]

[error occurred during error reporting (printing all threads), id 0xc0000005, EXCEPTION_ACCESS_VIOLATION (0xc0000005) at pc=0x00007ff8c19f88a7]

VM state: not at safepoint (not fully initialized)

VM Mutex/Monitor currently owned by a thread:  ([mutex/lock_event])
[0x0000023181f479e0] Heap_lock - owner thread: 0x0000023181f4bf60

Heap address: 0x0000000082200000, size: 2014 MB, Compressed Oops mode: 32-bit

CDS archive(s) mapped at: [0x0000000000000000-0x0000000000000000-0x0000000000000000), size 0, SharedBaseAddress: 0x0000000800000000, ArchiveRelocationMode: 0.
Narrow klass base: 0x0000000000000000, Narrow klass shift: 0, Narrow klass range: 0x0

GC Precious Log:
<Empty>

Heap:
 garbage-first heap   total 0K, used 0K [0x0000000082200000, 0x0000000100000000)
  region size 1024K, 0 young (0K), 0 survivors (0K)

[error occurred during error reporting (printing heap information), id 0xc0000005, EXCEPTION_ACCESS_VIOLATION (0xc0000005) at pc=0x00007ff8c1dd9f19]

GC Heap History (0 events):
No events

Deoptimization events (0 events):
No events

Classes unloaded (0 events):
No events

Classes redefined (0 events):
No events

Internal exceptions (0 events):
No events

VM Operations (0 events):
No events

Events (1 events):
Event: 0.010 Loaded shared library C:\Program Files\Java\jdk-17.0.2\bin\java.dll


Dynamic libraries:
0x00007ff766f30000 - 0x00007ff766f40000 	C:\Program Files\Java\jdk-17.0.2\bin\java.exe
0x00007ff928850000 - 0x00007ff928a45000 	C:\Windows\SYSTEM32\ntdll.dll
0x00007ff927e70000 - 0x00007ff927f2e000 	C:\Windows\System32\KERNEL32.DLL
0x00007ff926250000 - 0x00007ff926519000 	C:\Windows\System32\KERNELBASE.dll
0x00007ff926150000 - 0x00007ff926250000 	C:\Windows\System32\ucrtbase.dll
0x00007ff91f750000 - 0x00007ff91f768000 	C:\Program Files\Java\jdk-17.0.2\bin\jli.dll
0x00007ff91f770000 - 0x00007ff91f78a000 	C:\Program Files\Java\jdk-17.0.2\bin\VCRUNTIME140.dll
0x00007ff926ca0000 - 0x00007ff926d4c000 	C:\Windows\System32\ADVAPI32.dll
0x00007ff927b60000 - 0x00007ff927bfe000 	C:\Windows\System32\msvcrt.dll
0x00007ff926c00000 - 0x00007ff926c9b000 	C:\Windows\System32\sechost.dll
0x00007ff926960000 - 0x00007ff926a8a000 	C:\Windows\System32\RPCRT4.dll
0x00007ff9275c0000 - 0x00007ff927761000 	C:\Windows\System32\USER32.dll
0x00007ff912300000 - 0x00007ff91259a000 	C:\Windows\WinSxS\amd64_microsoft.windows.common-controls_6595b64144ccf1df_6.0.19041.1110_none_60b5254171f9507e\COMCTL32.dll
0x00007ff925f70000 - 0x00007ff925f92000 	C:\Windows\System32\win32u.dll
0x00007ff927e40000 - 0x00007ff927e6b000 	C:\Windows\System32\GDI32.dll
0x00007ff926520000 - 0x00007ff92662b000 	C:\Windows\System32\gdi32full.dll
0x00007ff91e380000 - 0x00007ff91e38a000 	C:\Windows\SYSTEM32\VERSION.dll
0x00007ff925fa0000 - 0x00007ff92603d000 	C:\Windows\System32\msvcp_win.dll
0x00007ff927770000 - 0x00007ff9277a0000 	C:\Windows\System32\IMM32.DLL
0x00007ff922480000 - 0x00007ff92248c000 	C:\Program Files\Java\jdk-17.0.2\bin\vcruntime140_1.dll
0x00007ff8fdf40000 - 0x00007ff8fdfcd000 	C:\Program Files\Java\jdk-17.0.2\bin\msvcp140.dll
0x00007ff8c1710000 - 0x00007ff8c22d1000 	C:\Program Files\Java\jdk-17.0.2\bin\server\jvm.dll
0x00007ff926db0000 - 0x00007ff926db8000 	C:\Windows\System32\PSAPI.DLL
0x00007ff91f600000 - 0x00007ff91f609000 	C:\Windows\SYSTEM32\WSOCK32.dll
0x00007ff9143b0000 - 0x00007ff9143d7000 	C:\Windows\SYSTEM32\WINMM.dll
0x00007ff927dd0000 - 0x00007ff927e3b000 	C:\Windows\System32\WS2_32.dll
0x00007ff923d90000 - 0x00007ff923da2000 	C:\Windows\SYSTEM32\kernel.appcore.dll
0x00007ff922450000 - 0x00007ff92245a000 	C:\Program Files\Java\jdk-17.0.2\bin\jimage.dll
0x00007ff911c80000 - 0x00007ff911e64000 	C:\Windows\SYSTEM32\DBGHELP.DLL
0x00007ff906cf0000 - 0x00007ff906d1c000 	C:\Windows\SYSTEM32\dbgcore.DLL
0x00007ff926090000 - 0x00007ff926113000 	C:\Windows\System32\bcryptPrimitives.dll
0x00007ff91e3a0000 - 0x00007ff91e3c5000 	C:\Program Files\Java\jdk-17.0.2\bin\java.dll

dbghelp: loaded successfully - version: 4.0.5 - missing functions: none
symbol engine: initialized successfully - sym options: 0x614 - pdb path: .;C:\Program Files\Java\jdk-17.0.2\bin;C:\Windows\SYSTEM32;C:\Windows\WinSxS\amd64_microsoft.windows.common-controls_6595b64144ccf1df_6.0.19041.1110_none_60b5254171f9507e;C:\Program Files\Java\jdk-17.0.2\bin\server

VM Arguments:
jvm_args: --module-path=C:\openjfx-18.0.1_windows-x64_bin-sdk.zip\javafx-sdk-18.0.1\lib --add-modules=javafx.controls,javafx.fxml --module-path=C:\openjfx-18.0.1_windows-x64_bin-sdk.zip\javafx-sdk-18.0.1\lib --add-modules=javafx.controls,javafx.fxml -Dfile.encoding=windows-1251 -Duser.country=RU -Duser.language=ru -Duser.variant 
java_command: Base
java_class_path (initial): C:\Users\Lenovo\IdeaProjects\softdev-2022-spring-task-3\build\classes\java\main;C:\Users\Lenovo\IdeaProjects\softdev-2022-spring-task-3\build\resources\main;C:\Users\Lenovo\.gradle\caches\modules-2\files-2.1\org.openjfx\javafx-controls\11.0.2\6c763707769c18adce406904c771c2ad1fcc370b\javafx-controls-11.0.2-win.jar;C:\Users\Lenovo\.gradle\caches\modules-2\files-2.1\org.openjfx\javafx-graphics\11.0.2\20459ea2cf714942bcbeb78a7f70ba3531dc1a44\javafx-graphics-11.0.2-win.jar;C:\Users\Lenovo\.gradle\caches\modules-2\files-2.1\org.openjfx\javafx-graphics\11.0.2\e522eb4ea422eceeee207b1c266ba3db19b2343a\javafx-graphics-11.0.2.jar;C:\Users\Lenovo\.gradle\caches\modules-2\files-2.1\org.openjfx\javafx-base\11.0.2\1852e57b8cf9a9b6488c33605bccd5d06ff210e1\javafx-base-11.0.2-win.jar;C:\Users\Lenovo\.gradle\caches\modules-2\files-2.1\org.openjfx\javafx-base\11.0.2\7fb2e4a8528ec9e434a9ac9ee98b39af79e6dcb8\javafx-base-11.0.2.jar
Launcher Type: SUN_STANDARD

[Global flags]
     intx CICompilerCount                          = 3                                         {product} {ergonomic}
     uint ConcGCThreads                            = 1                                         {product} {ergonomic}
     uint G1ConcRefinementThreads                  = 4                                         {product} {ergonomic}
   size_t G1HeapRegionSize                         = 1048576                                   {product} {ergonomic}
    uintx GCDrainStackTargetSize                   = 64                                        {product} {ergonomic}
   size_t InitialHeapSize                          = 132120576                                 {product} {ergonomic}
   size_t MarkStackSize                            = 4194304                                   {product} {ergonomic}
   size_t MaxHeapSize                              = 2111832064                                {product} {ergonomic}
   size_t MinHeapDeltaBytes                        = 1048576                                   {product} {ergonomic}
   size_t MinHeapSize                              = 8388608                                   {product} {ergonomic}
    uintx NonNMethodCodeHeapSize                   = 5832780                                {pd product} {ergonomic}
    uintx NonProfiledCodeHeapSize                  = 122912730                              {pd product} {ergonomic}
    uintx ProfiledCodeHeapSize                     = 122912730                              {pd product} {ergonomic}
    uintx ReservedCodeCacheSize                    = 251658240                              {pd product} {ergonomic}
     bool SegmentedCodeCache                       = true                                      {product} {ergonomic}
   size_t SoftMaxHeapSize                          = 2111832064                             {manageable} {ergonomic}
     bool UseCompressedClassPointers               = true                           {product lp64_product} {ergonomic}
     bool UseCompressedOops                        = true                           {product lp64_product} {ergonomic}
     bool UseG1GC                                  = true                                      {product} {ergonomic}
     bool UseLargePagesIndividualAllocation        = false                                  {pd product} {ergonomic}

Logging:
Log output configuration:
 #0: stdout all=warning uptime,level,tags
 #1: stderr all=off uptime,level,tags

Environment Variables:
JAVA_HOME=C:\Program Files\Java\jdk-17.0.2
PATH=C:\Program Files\Common Files\Oracle\Java\javapath;C:\Windows\system32;C:\Windows;C:\Windows\System32\Wbem;C:\Windows\System32\WindowsPowerShell\v1.0\;C:\Program Files\Git\cmd;C:\Users\Lenovo\AppData\Local\Microsoft\WindowsApps;C:\Program Files\Java\jdk-17.0.2\bin;
USERNAME=Lenovo
OS=Windows_NT
PROCESSOR_IDENTIFIER=Intel64 Family 6 Model 142 Stepping 9, GenuineIntel



---------------  S Y S T E M  ---------------

OS:
 Windows 10 , 64 bit Build 19041 (10.0.19041.1202)
OS uptime: 0 days 13:19 hours

CPU: total 4 (initial active 4) (2 cores per cpu, 2 threads per core) family 6 model 142 stepping 9 microcode 0xb4, cx8, cmov, fxsr, ht, mmx, 3dnowpref, sse, sse2, sse3, ssse3, sse4.1, sse4.2, popcnt, lzcnt, tsc, tscinvbit, avx, avx2, aes, erms, clmul, bmi1, bmi2, adx, fma, vzeroupper, clflush, clflushopt

Memory: 4k page, system-wide physical 8050M (307M free)
TotalPageFile size 8050M (AvailPageFile size 67M)
current process WorkingSet (physical memory assigned to process): 10M, peak: 10M
current process commit charge ("private bytes"): 51M, peak: 177M

vm_info: Java HotSpot(TM) 64-Bit Server VM (17.0.2+8-LTS-86) for windows-amd64 JRE (17.0.2+8-LTS-86), built on Dec  7 2021 21:51:03 by "mach5one" with MS VC++ 16.8 / 16.9 (VS2019)

END.
