#
# There is insufficient memory for the Java Runtime Environment to continue.
# Native memory allocation (malloc) failed to allocate 1632976 bytes for Chunk::new
# Possible reasons:
#   The system is out of physical RAM or swap space
#   The process is running with CompressedOops enabled, and the Java Heap may be blocking the growth of the native heap
# Possible solutions:
#   Reduce memory load on the system
#   Increase physical memory or swap space
#   Check if swap backing store is full
#   Decrease Java heap size (-Xmx/-Xms)
#   Decrease number of Java threads
#   Decrease Java thread stack sizes (-Xss)
#   Set larger code cache with -XX:ReservedCodeCacheSize=
#   JVM is running with Unscaled Compressed Oops mode in which the Java heap is
#     placed in the first 4GB address space. The Java Heap base address is the
#     maximum limit for the native heap growth. Please use -XX:HeapBaseMinAddress
#     to set the Java Heap base and to place the Java Heap above 4GB virtual address.
# This output file may be truncated or incomplete.
#
#  Out of Memory Error (src/hotspot/share/memory/arena.cpp:197), pid=2036, tid=11644
#
# JRE version: OpenJDK Runtime Environment JBR-11.0.14.1.1-2043.25-jcef (11.0.14.1+1) (build 11.0.14.1+1-b2043.25)
# Java VM: OpenJDK 64-Bit Server VM JBR-11.0.14.1.1-2043.25-jcef (11.0.14.1+1-b2043.25, mixed mode, tiered, compressed oops, g1 gc, windows-amd64)
# No core dump will be written. Minidumps are not enabled by default on client versions of Windows
#

---------------  S U M M A R Y ------------

Command Line: --add-opens=java.base/java.util=ALL-UNNAMED --add-opens=java.base/java.lang=ALL-UNNAMED --add-opens=java.base/java.lang.invoke=ALL-UNNAMED --add-opens=java.base/java.util=ALL-UNNAMED --add-opens=java.prefs/java.util.prefs=ALL-UNNAMED --add-opens=java.prefs/java.util.prefs=ALL-UNNAMED --add-opens=java.base/java.nio.charset=ALL-UNNAMED --add-opens=java.base/java.net=ALL-UNNAMED --add-opens=java.base/java.util.concurrent.atomic=ALL-UNNAMED -XX:MaxMetaspaceSize=256m -XX:+HeapDumpOnOutOfMemoryError -Xms256m -Xmx512m -Dfile.encoding=windows-1251 -Duser.country=RU -Duser.language=ru -Duser.variant org.gradle.launcher.daemon.bootstrap.GradleDaemon 7.2

Host: Intel(R) Core(TM) i7-7500U CPU @ 2.70GHz, 4 cores, 7G,  Windows 10 , 64 bit Build 19041 (10.0.19041.1202)
Time: Wed Jun  1 21:19:18 2022 RTZ 2 (зима) elapsed time: 920.866256 seconds (0d 0h 15m 20s)

---------------  T H R E A D  ---------------

Current thread (0x0000018226ec2800):  JavaThread "C2 CompilerThread0" daemon [_thread_in_native, id=11644, stack(0x0000002933200000,0x0000002933300000)]


Current CompileTask:
C2: 920866 9309       4       org.gradle.internal.service.DefaultServiceRegistry$SingletonService::get (5 bytes)

Stack: [0x0000002933200000,0x0000002933300000]
Native frames: (J=compiled Java code, j=interpreted, Vv=VM code, C=native code)
V  [jvm.dll+0x61618a]
V  [jvm.dll+0x79c450]
V  [jvm.dll+0x79da6d]
V  [jvm.dll+0x79e143]
V  [jvm.dll+0x24c968]
V  [jvm.dll+0xc13dc]
V  [jvm.dll+0xc190c]
V  [jvm.dll+0x3632ed]
V  [jvm.dll+0x19f21c]
V  [jvm.dll+0x204ede]
V  [jvm.dll+0x203f57]
V  [jvm.dll+0x18b5e1]
V  [jvm.dll+0x212c6f]
V  [jvm.dll+0x211511]
V  [jvm.dll+0x762b9f]
V  [jvm.dll+0x75b755]
V  [jvm.dll+0x614df6]
C  [ucrtbase.dll+0x21bb2]
C  [KERNEL32.DLL+0x17034]
C  [ntdll.dll+0x52651]


---------------  P R O C E S S  ---------------

Threads class SMR info:
_java_thread_list=0x000001822e7f1570, length=92, elements={
0x000001820f999800, 0x000001822651e800, 0x000001822652a000, 0x0000018226ebc000,
0x0000018226ebd000, 0x0000018226ebf800, 0x0000018226ec2800, 0x000001822653f000,
0x0000018226542800, 0x0000018227013800, 0x0000018227ea2000, 0x000001822947a000,
0x000001822ae09000, 0x0000018228fd2000, 0x0000018228fcf800, 0x0000018228fce000,
0x0000018228fcc800, 0x0000018228fcd000, 0x000001822b1d2800, 0x000001822b1ce800,
0x000001822b1d0800, 0x000001822b1cf000, 0x000001822b1d4000, 0x000001822b1d5000,
0x0000018228235800, 0x000001822b1d5800, 0x000001822b1db800, 0x000001822e209000,
0x000001822eb59800, 0x000001822eb62000, 0x000001822eb60000, 0x000001822eb61000,
0x000001822eb5d000, 0x000001822e20e000, 0x000001822e20c000, 0x000001822e20f800,
0x000001822e20a000, 0x000001822e210800, 0x000001822e20e800, 0x000001822e20a800,
0x000001822e20b800, 0x000001822e211000, 0x000001822e212000, 0x000001822e213000,
0x000001822e20d000, 0x000001822e214800, 0x000001822e217000, 0x000001822e213800,
0x000001822e215000, 0x000001822e217800, 0x000001822e216000, 0x000001822eb57000,
0x000001822eb53000, 0x000001822eb58000, 0x000001822eb54800, 0x000001822eb55800,
0x000001822eb59000, 0x000001822eb54000, 0x000001822eb5b800, 0x000001822eb56800,
0x000001822eb5d800, 0x000001822eb5c000, 0x000001822eb5f800, 0x000001822eb5e800,
0x000001822eb5a800, 0x000001822b1d0000, 0x000001822b1d6800, 0x000001822b1d7800,
0x000001822b1d1800, 0x000001822b1d9800, 0x000001822b1dc000, 0x000001822b1dd000,
0x000001822b1d8000, 0x000001822b1d9000, 0x000001822b1da800, 0x0000018228232800,
0x0000018228233000, 0x0000018228231800, 0x0000018228230800, 0x0000018228234000,
0x0000018228236800, 0x0000018228237800, 0x0000018228235000, 0x0000018228fce800,
0x0000018228fd0800, 0x0000018228fd3000, 0x0000018228fd1000, 0x000001822c959000,
0x000001822c957800, 0x000001822c955000, 0x000001822c956000, 0x000001822c954800
}

Java Threads: ( => current thread )
  0x000001820f999800 JavaThread "main" [_thread_blocked, id=11092, stack(0x0000002932600000,0x0000002932700000)]
  0x000001822651e800 JavaThread "Reference Handler" daemon [_thread_blocked, id=10380, stack(0x0000002932d00000,0x0000002932e00000)]
  0x000001822652a000 JavaThread "Finalizer" daemon [_thread_blocked, id=5884, stack(0x0000002932e00000,0x0000002932f00000)]
  0x0000018226ebc000 JavaThread "Signal Dispatcher" daemon [_thread_blocked, id=1188, stack(0x0000002932f00000,0x0000002933000000)]
  0x0000018226ebd000 JavaThread "Attach Listener" daemon [_thread_blocked, id=2652, stack(0x0000002933000000,0x0000002933100000)]
  0x0000018226ebf800 JavaThread "Service Thread" daemon [_thread_blocked, id=12148, stack(0x0000002933100000,0x0000002933200000)]
=>0x0000018226ec2800 JavaThread "C2 CompilerThread0" daemon [_thread_in_native, id=11644, stack(0x0000002933200000,0x0000002933300000)]
  0x000001822653f000 JavaThread "C1 CompilerThread0" daemon [_thread_blocked, id=11756, stack(0x0000002933300000,0x0000002933400000)]
  0x0000018226542800 JavaThread "Sweeper thread" daemon [_thread_blocked, id=11588, stack(0x0000002933400000,0x0000002933500000)]
  0x0000018227013800 JavaThread "Common-Cleaner" daemon [_thread_blocked, id=2680, stack(0x0000002933500000,0x0000002933600000)]
  0x0000018227ea2000 JavaThread "Daemon health stats" [_thread_blocked, id=11624, stack(0x0000002933b00000,0x0000002933c00000)]
  0x000001822947a000 JavaThread "Incoming local TCP Connector on port 62833" [_thread_in_native, id=10424, stack(0x0000002933c00000,0x0000002933d00000)]
  0x000001822ae09000 JavaThread "Daemon periodic checks" [_thread_blocked, id=13008, stack(0x0000002933d00000,0x0000002933e00000)]
  0x0000018228fd2000 JavaThread "Cache worker for journal cache (C:\Users\Lenovo\.gradle\caches\journal-1)" [_thread_blocked, id=7704, stack(0x0000002934500000,0x0000002934600000)]
  0x0000018228fcf800 JavaThread "File lock request listener" [_thread_in_native, id=11860, stack(0x0000002934600000,0x0000002934700000)]
  0x0000018228fce000 JavaThread "Cache worker for file hash cache (C:\Users\Lenovo\.gradle\caches\7.2\fileHashes)" [_thread_blocked, id=12876, stack(0x0000002934700000,0x0000002934800000)]
  0x0000018228fcc800 JavaThread "File watcher server" daemon [_thread_in_native, id=9996, stack(0x0000002934900000,0x0000002934a00000)]
  0x0000018228fcd000 JavaThread "File watcher consumer" daemon [_thread_blocked, id=12920, stack(0x0000002934a00000,0x0000002934b00000)]
  0x000001822b1d2800 JavaThread "Cache worker for execution history cache (C:\Users\Lenovo\.gradle\caches\7.2\executionHistory)" [_thread_blocked, id=11232, stack(0x0000002934e00000,0x0000002934f00000)]
  0x000001822b1ce800 JavaThread "jar transforms" [_thread_blocked, id=8616, stack(0x0000002934f00000,0x0000002935000000)]
  0x000001822b1d0800 JavaThread "jar transforms Thread 2" [_thread_blocked, id=4728, stack(0x0000002935000000,0x0000002935100000)]
  0x000001822b1cf000 JavaThread "Cache worker for file content cache (C:\Users\Lenovo\.gradle\caches\7.2\fileContent)" [_thread_blocked, id=4304, stack(0x0000002935100000,0x0000002935200000)]
  0x000001822b1d4000 JavaThread "jar transforms Thread 3" [_thread_blocked, id=12872, stack(0x0000002935200000,0x0000002935300000)]
  0x000001822b1d5000 JavaThread "jar transforms Thread 4" [_thread_blocked, id=12144, stack(0x0000002935300000,0x0000002935400000)]
  0x0000018228235800 JavaThread "Memory manager" [_thread_blocked, id=12928, stack(0x0000002936300000,0x0000002936400000)]
  0x000001822b1d5800 JavaThread "Daemon Thread 2" [_thread_blocked, id=5268, stack(0x0000002932300000,0x0000002932400000)]
  0x000001822b1db800 JavaThread "Daemon worker Thread 2" [_thread_blocked, id=5984, stack(0x0000002933700000,0x0000002933800000)]
  0x000001822e209000 JavaThread "Daemon Thread 3" [_thread_blocked, id=13052, stack(0x0000002936400000,0x0000002936500000)]
  0x000001822eb59800 JavaThread "Cache worker for Java compile cache (C:\Users\Lenovo\.gradle\caches\7.2\javaCompile)" [_thread_blocked, id=9636, stack(0x0000002938000000,0x0000002938100000)]
  0x000001822eb62000 JavaThread "Exec process Thread 5" [_thread_in_native, id=11360, stack(0x0000002938800000,0x0000002938900000)]
  0x000001822eb60000 JavaThread "Exec process Thread 6" [_thread_blocked, id=11660, stack(0x0000002938a00000,0x0000002938b00000)]
  0x000001822eb61000 JavaThread "Exec process Thread 7" [_thread_blocked, id=8928, stack(0x0000002938b00000,0x0000002938c00000)]
  0x000001822eb5d000 JavaThread "Exec process Thread 8" [_thread_blocked, id=12400, stack(0x0000002938c00000,0x0000002938d00000)]
  0x000001822e20e000 JavaThread "Handler for socket connection from /127.0.0.1:62833 to /127.0.0.1:63018" [_thread_in_native, id=2248, stack(0x0000002932400000,0x0000002932500000)]
  0x000001822e20c000 JavaThread "Cancel handler" [_thread_blocked, id=8760, stack(0x0000002932500000,0x0000002932600000)]
  0x000001822e20f800 JavaThread "Asynchronous log dispatcher for DefaultDaemonConnection: socket connection from /127.0.0.1:62833 to /127.0.0.1:63018" [_thread_blocked, id=11912, stack(0x0000002933e00000,0x0000002933f00000)]
  0x000001822e20a000 JavaThread "Stdin handler" [_thread_blocked, id=10764, stack(0x0000002933f00000,0x0000002934000000)]
  0x000001822e210800 JavaThread "Daemon client event forwarder" [_thread_blocked, id=11964, stack(0x0000002934000000,0x0000002934100000)]
  0x000001822e20e800 JavaThread "Cache worker for file hash cache (C:\Users\Lenovo\IdeaProjects\softdev-2022-spring-task-3\.gradle\7.2\fileHashes)" [_thread_blocked, id=1036, stack(0x0000002934100000,0x0000002934200000)]
  0x000001822e20a800 JavaThread "Cache worker for checksums cache (C:\Users\Lenovo\IdeaProjects\softdev-2022-spring-task-3\.gradle\checksums)" [_thread_blocked, id=5076, stack(0x0000002934200000,0x0000002934300000)]
  0x000001822e20b800 JavaThread "Cache worker for cache directory md-supplier (C:\Users\Lenovo\.gradle\caches\7.2\md-supplier)" [_thread_blocked, id=3572, stack(0x0000002934300000,0x0000002934400000)]
  0x000001822e211000 JavaThread "Cache worker for cache directory md-rule (C:\Users\Lenovo\.gradle\caches\7.2\md-rule)" [_thread_blocked, id=12536, stack(0x0000002934400000,0x0000002934500000)]
  0x000001822e212000 JavaThread "Cache worker for dependencies-accessors (C:\Users\Lenovo\IdeaProjects\softdev-2022-spring-task-3\.gradle\7.2\dependencies-accessors)" [_thread_blocked, id=11048, stack(0x0000002934800000,0x0000002934900000)]
  0x000001822e213000 JavaThread "Cache worker for Build Output Cleanup Cache (C:\Users\Lenovo\IdeaProjects\softdev-2022-spring-task-3\.gradle\buildOutputCleanup)" [_thread_blocked, id=5448, stack(0x0000002934b00000,0x0000002934c00000)]
  0x000001822e20d000 JavaThread "Unconstrained build operations" [_thread_blocked, id=8216, stack(0x0000002934c00000,0x0000002934d00000)]
  0x000001822e214800 JavaThread "Unconstrained build operations Thread 2" [_thread_blocked, id=10568, stack(0x0000002934d00000,0x0000002934e00000)]
  0x000001822e217000 JavaThread "Unconstrained build operations Thread 3" [_thread_blocked, id=12376, stack(0x0000002935400000,0x0000002935500000)]
  0x000001822e213800 JavaThread "Unconstrained build operations Thread 4" [_thread_blocked, id=11188, stack(0x0000002935500000,0x0000002935600000)]
  0x000001822e215000 JavaThread "Unconstrained build operations Thread 5" [_thread_blocked, id=12988, stack(0x0000002935600000,0x0000002935700000)]
  0x000001822e217800 JavaThread "Unconstrained build operations Thread 6" [_thread_blocked, id=12864, stack(0x0000002935700000,0x0000002935800000)]
  0x000001822e216000 JavaThread "Unconstrained build operations Thread 7" [_thread_blocked, id=6328, stack(0x0000002935800000,0x0000002935900000)]
  0x000001822eb57000 JavaThread "Unconstrained build operations Thread 8" [_thread_blocked, id=11608, stack(0x0000002935900000,0x0000002935a00000)]
  0x000001822eb53000 JavaThread "Unconstrained build operations Thread 9" [_thread_blocked, id=3036, stack(0x0000002935a00000,0x0000002935b00000)]
  0x000001822eb58000 JavaThread "Unconstrained build operations Thread 10" [_thread_blocked, id=11704, stack(0x0000002935b00000,0x0000002935c00000)]
  0x000001822eb54800 JavaThread "Unconstrained build operations Thread 11" [_thread_blocked, id=10392, stack(0x0000002935c00000,0x0000002935d00000)]
  0x000001822eb55800 JavaThread "Unconstrained build operations Thread 12" [_thread_blocked, id=12380, stack(0x0000002935d00000,0x0000002935e00000)]
  0x000001822eb59000 JavaThread "Unconstrained build operations Thread 13" [_thread_blocked, id=12940, stack(0x0000002935e00000,0x0000002935f00000)]
  0x000001822eb54000 JavaThread "Execution worker for ':'" [_thread_blocked, id=11844, stack(0x0000002935f00000,0x0000002936000000)]
  0x000001822eb5b800 JavaThread "Execution worker for ':' Thread 2" [_thread_blocked, id=10288, stack(0x0000002936000000,0x0000002936100000)]
  0x000001822eb56800 JavaThread "Execution worker for ':' Thread 3" [_thread_blocked, id=12208, stack(0x0000002936100000,0x0000002936200000)]
  0x000001822eb5d800 JavaThread "Cache worker for execution history cache (C:\Users\Lenovo\IdeaProjects\softdev-2022-spring-task-3\.gradle\7.2\executionHistory)" [_thread_blocked, id=11576, stack(0x0000002936200000,0x0000002936300000)]
  0x000001822eb5c000 JavaThread "Unconstrained build operations Thread 14" [_thread_blocked, id=6792, stack(0x0000002936500000,0x0000002936600000)]
  0x000001822eb5f800 JavaThread "Unconstrained build operations Thread 15" [_thread_blocked, id=12236, stack(0x0000002936600000,0x0000002936700000)]
  0x000001822eb5e800 JavaThread "Unconstrained build operations Thread 16" [_thread_blocked, id=7576, stack(0x0000002936700000,0x0000002936800000)]
  0x000001822eb5a800 JavaThread "Unconstrained build operations Thread 17" [_thread_blocked, id=11024, stack(0x0000002936800000,0x0000002936900000)]
  0x000001822b1d0000 JavaThread "Unconstrained build operations Thread 18" [_thread_blocked, id=11796, stack(0x0000002936900000,0x0000002936a00000)]
  0x000001822b1d6800 JavaThread "Unconstrained build operations Thread 19" [_thread_blocked, id=12364, stack(0x0000002936a00000,0x0000002936b00000)]
  0x000001822b1d7800 JavaThread "Unconstrained build operations Thread 20" [_thread_blocked, id=12712, stack(0x0000002936b00000,0x0000002936c00000)]
  0x000001822b1d1800 JavaThread "Unconstrained build operations Thread 21" [_thread_blocked, id=11040, stack(0x0000002936c00000,0x0000002936d00000)]
  0x000001822b1d9800 JavaThread "Unconstrained build operations Thread 22" [_thread_blocked, id=12076, stack(0x0000002936d00000,0x0000002936e00000)]
  0x000001822b1dc000 JavaThread "Unconstrained build operations Thread 23" [_thread_blocked, id=10684, stack(0x0000002936e00000,0x0000002936f00000)]
  0x000001822b1dd000 JavaThread "Unconstrained build operations Thread 24" [_thread_blocked, id=8496, stack(0x0000002936f00000,0x0000002937000000)]
  0x000001822b1d8000 JavaThread "Unconstrained build operations Thread 25" [_thread_blocked, id=10640, stack(0x0000002937000000,0x0000002937100000)]
  0x000001822b1d9000 JavaThread "Unconstrained build operations Thread 26" [_thread_blocked, id=12040, stack(0x0000002937100000,0x0000002937200000)]
  0x000001822b1da800 JavaThread "Unconstrained build operations Thread 27" [_thread_blocked, id=10260, stack(0x0000002937200000,0x0000002937300000)]
  0x0000018228232800 JavaThread "Unconstrained build operations Thread 28" [_thread_blocked, id=1552, stack(0x0000002937300000,0x0000002937400000)]
  0x0000018228233000 JavaThread "Unconstrained build operations Thread 29" [_thread_blocked, id=12788, stack(0x0000002937400000,0x0000002937500000)]
  0x0000018228231800 JavaThread "Unconstrained build operations Thread 30" [_thread_blocked, id=10076, stack(0x0000002937500000,0x0000002937600000)]
  0x0000018228230800 JavaThread "Unconstrained build operations Thread 31" [_thread_blocked, id=5856, stack(0x0000002937600000,0x0000002937700000)]
  0x0000018228234000 JavaThread "Unconstrained build operations Thread 32" [_thread_blocked, id=8896, stack(0x0000002937700000,0x0000002937800000)]
  0x0000018228236800 JavaThread "Unconstrained build operations Thread 33" [_thread_blocked, id=10976, stack(0x0000002937800000,0x0000002937900000)]
  0x0000018228237800 JavaThread "Unconstrained build operations Thread 34" [_thread_blocked, id=120, stack(0x0000002937900000,0x0000002937a00000)]
  0x0000018228235000 JavaThread "Unconstrained build operations Thread 35" [_thread_blocked, id=7276, stack(0x0000002937a00000,0x0000002937b00000)]
  0x0000018228fce800 JavaThread "Unconstrained build operations Thread 36" [_thread_blocked, id=11612, stack(0x0000002937b00000,0x0000002937c00000)]
  0x0000018228fd0800 JavaThread "Unconstrained build operations Thread 37" [_thread_blocked, id=13192, stack(0x0000002937c00000,0x0000002937d00000)]
  0x0000018228fd3000 JavaThread "Unconstrained build operations Thread 38" [_thread_blocked, id=13268, stack(0x0000002937d00000,0x0000002937e00000)]
  0x0000018228fd1000 JavaThread "Unconstrained build operations Thread 39" [_thread_blocked, id=9676, stack(0x0000002937e00000,0x0000002937f00000)]
  0x000001822c959000 JavaThread "Unconstrained build operations Thread 40" [_thread_blocked, id=9788, stack(0x0000002937f00000,0x0000002938000000)]
  0x000001822c957800 JavaThread "Dispatch org.gradle.api.internal.tasks.testing.results.AttachParentTestResultProcessor@14bd3272" [_thread_blocked, id=12564, stack(0x0000002938100000,0x0000002938200000)]
  0x000001822c955000 JavaThread "Dispatch org.gradle.api.internal.tasks.testing.processors.RestartEveryNTestClassProcessor@7ba797d2" [_thread_blocked, id=12044, stack(0x0000002938200000,0x0000002938300000)]
  0x000001822c956000 JavaThread "Incoming local TCP Connector on port 63023" [_thread_in_native, id=1256, stack(0x0000002938300000,0x0000002938400000)]
  0x000001822c954800 JavaThread "DisconnectableInputStream source reader" daemon [_thread_blocked, id=12772, stack(0x0000002938400000,0x0000002938500000)]

Other Threads:
  0x00000182264fc800 VMThread "VM Thread" [stack: 0x0000002932c00000,0x0000002932d00000] [id=10772]
  0x0000018227024800 WatcherThread [stack: 0x0000002933600000,0x0000002933700000] [id=8280]
  0x000001820f9b2800 GCTaskThread "GC Thread#0" [stack: 0x0000002932700000,0x0000002932800000] [id=12840]
  0x0000018227ac8800 GCTaskThread "GC Thread#1" [stack: 0x0000002933800000,0x0000002933900000] [id=10740]
  0x000001822788e800 GCTaskThread "GC Thread#2" [stack: 0x0000002933900000,0x0000002933a00000] [id=13228]
  0x000001822726c800 GCTaskThread "GC Thread#3" [stack: 0x0000002933a00000,0x0000002933b00000] [id=10632]
  0x000001820f9c6000 ConcurrentGCThread "G1 Main Marker" [stack: 0x0000002932800000,0x0000002932900000] [id=12384]
  0x000001820f9c8000 ConcurrentGCThread "G1 Conc#0" [stack: 0x0000002932900000,0x0000002932a00000] [id=11148]
  0x0000018226396800 ConcurrentGCThread "G1 Refine#0" [stack: 0x0000002932a00000,0x0000002932b00000] [id=9492]
  0x0000018226397800 ConcurrentGCThread "G1 Young RemSet Sampling" [stack: 0x0000002932b00000,0x0000002932c00000] [id=10500]

Threads with active compile tasks:
C2 CompilerThread0 920881 9309       4       org.gradle.internal.service.DefaultServiceRegistry$SingletonService::get (5 bytes)

VM state:not at safepoint (normal execution)

VM Mutex/Monitor currently owned by a thread: None

Heap address: 0x00000000e0000000, size: 512 MB, Compressed Oops mode: 32-bit
Narrow klass base: 0x0000000000000000, Narrow klass shift: 3
Compressed class space size: 260046848 Address: 0x0000000100000000

Heap:
 garbage-first heap   total 262144K, used 175660K [0x00000000e0000000, 0x0000000100000000)
  region size 1024K, 134 young (137216K), 15 survivors (15360K)
 Metaspace       used 73599K, capacity 76263K, committed 76496K, reserved 321536K
  class space    used 9572K, capacity 10518K, committed 10624K, reserved 253952K
Heap Regions: E=young(eden), S=young(survivor), O=old, HS=humongous(starts), HC=humongous(continues), CS=collection set, F=free, A=archive, TAMS=top-at-mark-start (previous, next)
|   0|0x00000000e0000000, 0x00000000e0100000, 0x00000000e0100000|100%| O|  |TAMS 0x00000000e0100000, 0x00000000e0000000| Untracked 
|   1|0x00000000e0100000, 0x00000000e0200000, 0x00000000e0200000|100%| O|  |TAMS 0x00000000e0200000, 0x00000000e0100000| Untracked 
|   2|0x00000000e0200000, 0x00000000e0300000, 0x00000000e0300000|100%| O|  |TAMS 0x00000000e0300000, 0x00000000e0200000| Untracked 
|   3|0x00000000e0300000, 0x00000000e0400000, 0x00000000e0400000|100%|HS|  |TAMS 0x00000000e0400000, 0x00000000e0300000| Complete 
|   4|0x00000000e0400000, 0x00000000e0500000, 0x00000000e0500000|100%|HC|  |TAMS 0x00000000e0500000, 0x00000000e0400000| Complete 
|   5|0x00000000e0500000, 0x00000000e0600000, 0x00000000e0600000|100%|HC|  |TAMS 0x00000000e0600000, 0x00000000e0500000| Complete 
|   6|0x00000000e0600000, 0x00000000e0700000, 0x00000000e0700000|100%| O|  |TAMS 0x00000000e0700000, 0x00000000e0600000| Untracked 
|   7|0x00000000e0700000, 0x00000000e0800000, 0x00000000e0800000|100%| O|  |TAMS 0x00000000e0800000, 0x00000000e0700000| Untracked 
|   8|0x00000000e0800000, 0x00000000e0900000, 0x00000000e0900000|100%| O|  |TAMS 0x00000000e0900000, 0x00000000e0800000| Untracked 
|   9|0x00000000e0900000, 0x00000000e0a00000, 0x00000000e0a00000|100%| O|  |TAMS 0x00000000e0a00000, 0x00000000e0900000| Untracked 
|  10|0x00000000e0a00000, 0x00000000e0b00000, 0x00000000e0b00000|100%| O|  |TAMS 0x00000000e0b00000, 0x00000000e0a00000| Untracked 
|  11|0x00000000e0b00000, 0x00000000e0c00000, 0x00000000e0c00000|100%| O|  |TAMS 0x00000000e0c00000, 0x00000000e0b00000| Untracked 
|  12|0x00000000e0c00000, 0x00000000e0d00000, 0x00000000e0d00000|100%| O|  |TAMS 0x00000000e0d00000, 0x00000000e0c00000| Untracked 
|  13|0x00000000e0d00000, 0x00000000e0e00000, 0x00000000e0e00000|100%| O|  |TAMS 0x00000000e0e00000, 0x00000000e0d00000| Untracked 
|  14|0x00000000e0e00000, 0x00000000e0f00000, 0x00000000e0f00000|100%| O|  |TAMS 0x00000000e0f00000, 0x00000000e0e00000| Untracked 
|  15|0x00000000e0f00000, 0x00000000e1000000, 0x00000000e1000000|100%| O|  |TAMS 0x00000000e1000000, 0x00000000e0f00000| Untracked 
|  16|0x00000000e1000000, 0x00000000e1100000, 0x00000000e1100000|100%| O|  |TAMS 0x00000000e1100000, 0x00000000e1000000| Untracked 
|  17|0x00000000e1100000, 0x00000000e1200000, 0x00000000e1200000|100%| O|  |TAMS 0x00000000e1200000, 0x00000000e1100000| Untracked 
|  18|0x00000000e1200000, 0x00000000e1300000, 0x00000000e1300000|100%| O|  |TAMS 0x00000000e1300000, 0x00000000e1200000| Untracked 
|  19|0x00000000e1300000, 0x00000000e1400000, 0x00000000e1400000|100%| O|  |TAMS 0x00000000e1400000, 0x00000000e1300000| Untracked 
|  20|0x00000000e1400000, 0x00000000e1500000, 0x00000000e1500000|100%| O|  |TAMS 0x00000000e1500000, 0x00000000e1400000| Untracked 
|  21|0x00000000e1500000, 0x00000000e1600000, 0x00000000e1600000|100%| O|  |TAMS 0x00000000e1600000, 0x00000000e1500000| Untracked 
|  22|0x00000000e1600000, 0x00000000e1700000, 0x00000000e1700000|100%| O|  |TAMS 0x00000000e1700000, 0x00000000e1600000| Untracked 
|  23|0x00000000e1700000, 0x00000000e1800000, 0x00000000e1800000|100%| O|  |TAMS 0x00000000e1800000, 0x00000000e1700000| Untracked 
|  24|0x00000000e1800000, 0x00000000e1900000, 0x00000000e1900000|100%| O|  |TAMS 0x00000000e1900000, 0x00000000e1800000| Untracked 
|  25|0x00000000e1900000, 0x00000000e1a00000, 0x00000000e1a00000|100%| O|  |TAMS 0x00000000e1a00000, 0x00000000e1900000| Untracked 
|  26|0x00000000e1a00000, 0x00000000e1b00000, 0x00000000e1b00000|100%| O|  |TAMS 0x00000000e1b00000, 0x00000000e1a00000| Untracked 
|  27|0x00000000e1b00000, 0x00000000e1c00000, 0x00000000e1c00000|100%| O|  |TAMS 0x00000000e1c00000, 0x00000000e1b00000| Untracked 
|  28|0x00000000e1c00000, 0x00000000e1d00000, 0x00000000e1d00000|100%| O|  |TAMS 0x00000000e1d00000, 0x00000000e1c00000| Untracked 
|  29|0x00000000e1d00000, 0x00000000e1e00000, 0x00000000e1e00000|100%| O|  |TAMS 0x00000000e1e00000, 0x00000000e1d00000| Untracked 
|  30|0x00000000e1e00000, 0x00000000e1f00000, 0x00000000e1f00000|100%| O|  |TAMS 0x00000000e1f00000, 0x00000000e1e00000| Untracked 
|  31|0x00000000e1f00000, 0x00000000e2000000, 0x00000000e2000000|100%| O|  |TAMS 0x00000000e2000000, 0x00000000e1f00000| Untracked 
|  32|0x00000000e2000000, 0x00000000e2100000, 0x00000000e2100000|100%| O|  |TAMS 0x00000000e2100000, 0x00000000e2000000| Untracked 
|  33|0x00000000e2100000, 0x00000000e2200000, 0x00000000e2200000|100%| O|  |TAMS 0x00000000e2200000, 0x00000000e2100000| Untracked 
|  34|0x00000000e2200000, 0x00000000e2300000, 0x00000000e2300000|100%| O|  |TAMS 0x00000000e2300000, 0x00000000e2200000| Untracked 
|  35|0x00000000e2300000, 0x00000000e2400000, 0x00000000e2400000|100%| O|  |TAMS 0x00000000e2400000, 0x00000000e2300000| Untracked 
|  36|0x00000000e2400000, 0x00000000e2500000, 0x00000000e2500000|100%| O|  |TAMS 0x00000000e2500000, 0x00000000e2400000| Untracked 
|  37|0x00000000e2500000, 0x00000000e2600000, 0x00000000e2600000|100%| O|  |TAMS 0x00000000e2600000, 0x00000000e2500000| Untracked 
|  38|0x00000000e2600000, 0x00000000e2700000, 0x00000000e2700000|100%| O|  |TAMS 0x00000000e2700000, 0x00000000e2600000| Untracked 
|  39|0x00000000e2700000, 0x00000000e278b000, 0x00000000e2800000| 54%| O|  |TAMS 0x00000000e278b000, 0x00000000e2700000| Untracked 
|  40|0x00000000e2800000, 0x00000000e2800000, 0x00000000e2900000|  0%| F|  |TAMS 0x00000000e2800000, 0x00000000e2800000| Untracked 
|  41|0x00000000e2900000, 0x00000000e2900000, 0x00000000e2a00000|  0%| F|  |TAMS 0x00000000e2900000, 0x00000000e2900000| Untracked 
|  42|0x00000000e2a00000, 0x00000000e2a00000, 0x00000000e2b00000|  0%| F|  |TAMS 0x00000000e2a00000, 0x00000000e2a00000| Untracked 
|  43|0x00000000e2b00000, 0x00000000e2b00000, 0x00000000e2c00000|  0%| F|  |TAMS 0x00000000e2b00000, 0x00000000e2b00000| Untracked 
|  44|0x00000000e2c00000, 0x00000000e2c00000, 0x00000000e2d00000|  0%| F|  |TAMS 0x00000000e2c00000, 0x00000000e2c00000| Untracked 
|  45|0x00000000e2d00000, 0x00000000e2d00000, 0x00000000e2e00000|  0%| F|  |TAMS 0x00000000e2d00000, 0x00000000e2d00000| Untracked 
|  46|0x00000000e2e00000, 0x00000000e2e00000, 0x00000000e2f00000|  0%| F|  |TAMS 0x00000000e2e00000, 0x00000000e2e00000| Untracked 
|  47|0x00000000e2f00000, 0x00000000e2f00000, 0x00000000e3000000|  0%| F|  |TAMS 0x00000000e2f00000, 0x00000000e2f00000| Untracked 
|  48|0x00000000e3000000, 0x00000000e3000000, 0x00000000e3100000|  0%| F|  |TAMS 0x00000000e3000000, 0x00000000e3000000| Untracked 
|  49|0x00000000e3100000, 0x00000000e3100000, 0x00000000e3200000|  0%| F|  |TAMS 0x00000000e3100000, 0x00000000e3100000| Untracked 
|  50|0x00000000e3200000, 0x00000000e3200000, 0x00000000e3300000|  0%| F|  |TAMS 0x00000000e3200000, 0x00000000e3200000| Untracked 
|  51|0x00000000e3300000, 0x00000000e3300000, 0x00000000e3400000|  0%| F|  |TAMS 0x00000000e3300000, 0x00000000e3300000| Untracked 
|  52|0x00000000e3400000, 0x00000000e3400000, 0x00000000e3500000|  0%| F|  |TAMS 0x00000000e3400000, 0x00000000e3400000| Untracked 
|  53|0x00000000e3500000, 0x00000000e3500000, 0x00000000e3600000|  0%| F|  |TAMS 0x00000000e3500000, 0x00000000e3500000| Untracked 
|  54|0x00000000e3600000, 0x00000000e3600000, 0x00000000e3700000|  0%| F|  |TAMS 0x00000000e3600000, 0x00000000e3600000| Untracked 
|  55|0x00000000e3700000, 0x00000000e3700000, 0x00000000e3800000|  0%| F|  |TAMS 0x00000000e3700000, 0x00000000e3700000| Untracked 
|  56|0x00000000e3800000, 0x00000000e3800000, 0x00000000e3900000|  0%| F|  |TAMS 0x00000000e3800000, 0x00000000e3800000| Untracked 
|  57|0x00000000e3900000, 0x00000000e3900000, 0x00000000e3a00000|  0%| F|  |TAMS 0x00000000e3900000, 0x00000000e3900000| Untracked 
|  58|0x00000000e3a00000, 0x00000000e3a00000, 0x00000000e3b00000|  0%| F|  |TAMS 0x00000000e3a00000, 0x00000000e3a00000| Untracked 
|  59|0x00000000e3b00000, 0x00000000e3b00000, 0x00000000e3c00000|  0%| F|  |TAMS 0x00000000e3b00000, 0x00000000e3b00000| Untracked 
|  60|0x00000000e3c00000, 0x00000000e3c00000, 0x00000000e3d00000|  0%| F|  |TAMS 0x00000000e3c00000, 0x00000000e3c00000| Untracked 
|  61|0x00000000e3d00000, 0x00000000e3d00000, 0x00000000e3e00000|  0%| F|  |TAMS 0x00000000e3d00000, 0x00000000e3d00000| Untracked 
|  62|0x00000000e3e00000, 0x00000000e3e00000, 0x00000000e3f00000|  0%| F|  |TAMS 0x00000000e3e00000, 0x00000000e3e00000| Untracked 
|  63|0x00000000e3f00000, 0x00000000e3f00000, 0x00000000e4000000|  0%| F|  |TAMS 0x00000000e3f00000, 0x00000000e3f00000| Untracked 
|  64|0x00000000e4000000, 0x00000000e4000000, 0x00000000e4100000|  0%| F|  |TAMS 0x00000000e4000000, 0x00000000e4000000| Untracked 
|  65|0x00000000e4100000, 0x00000000e4100000, 0x00000000e4200000|  0%| F|  |TAMS 0x00000000e4100000, 0x00000000e4100000| Untracked 
|  66|0x00000000e4200000, 0x00000000e4200000, 0x00000000e4300000|  0%| F|  |TAMS 0x00000000e4200000, 0x00000000e4200000| Untracked 
|  67|0x00000000e4300000, 0x00000000e4300000, 0x00000000e4400000|  0%| F|  |TAMS 0x00000000e4300000, 0x00000000e4300000| Untracked 
|  68|0x00000000e4400000, 0x00000000e4400000, 0x00000000e4500000|  0%| F|  |TAMS 0x00000000e4400000, 0x00000000e4400000| Untracked 
|  69|0x00000000e4500000, 0x00000000e4500000, 0x00000000e4600000|  0%| F|  |TAMS 0x00000000e4500000, 0x00000000e4500000| Untracked 
|  70|0x00000000e4600000, 0x00000000e4600000, 0x00000000e4700000|  0%| F|  |TAMS 0x00000000e4600000, 0x00000000e4600000| Untracked 
|  71|0x00000000e4700000, 0x00000000e4700000, 0x00000000e4800000|  0%| F|  |TAMS 0x00000000e4700000, 0x00000000e4700000| Untracked 
|  72|0x00000000e4800000, 0x00000000e4800000, 0x00000000e4900000|  0%| F|  |TAMS 0x00000000e4800000, 0x00000000e4800000| Untracked 
|  73|0x00000000e4900000, 0x00000000e4900000, 0x00000000e4a00000|  0%| F|  |TAMS 0x00000000e4900000, 0x00000000e4900000| Untracked 
|  74|0x00000000e4a00000, 0x00000000e4a00000, 0x00000000e4b00000|  0%| F|  |TAMS 0x00000000e4a00000, 0x00000000e4a00000| Untracked 
|  75|0x00000000e4b00000, 0x00000000e4b00000, 0x00000000e4c00000|  0%| F|  |TAMS 0x00000000e4b00000, 0x00000000e4b00000| Untracked 
|  76|0x00000000e4c00000, 0x00000000e4c00000, 0x00000000e4d00000|  0%| F|  |TAMS 0x00000000e4c00000, 0x00000000e4c00000| Untracked 
|  77|0x00000000e4d00000, 0x00000000e4d00000, 0x00000000e4e00000|  0%| F|  |TAMS 0x00000000e4d00000, 0x00000000e4d00000| Untracked 
|  78|0x00000000e4e00000, 0x00000000e4e00000, 0x00000000e4f00000|  0%| F|  |TAMS 0x00000000e4e00000, 0x00000000e4e00000| Untracked 
|  79|0x00000000e4f00000, 0x00000000e4f00000, 0x00000000e5000000|  0%| F|  |TAMS 0x00000000e4f00000, 0x00000000e4f00000| Untracked 
|  80|0x00000000e5000000, 0x00000000e5000000, 0x00000000e5100000|  0%| F|  |TAMS 0x00000000e5000000, 0x00000000e5000000| Untracked 
|  81|0x00000000e5100000, 0x00000000e5100000, 0x00000000e5200000|  0%| F|  |TAMS 0x00000000e5100000, 0x00000000e5100000| Untracked 
|  82|0x00000000e5200000, 0x00000000e5200000, 0x00000000e5300000|  0%| F|  |TAMS 0x00000000e5200000, 0x00000000e5200000| Untracked 
|  83|0x00000000e5300000, 0x00000000e5300000, 0x00000000e5400000|  0%| F|  |TAMS 0x00000000e5300000, 0x00000000e5300000| Untracked 
|  84|0x00000000e5400000, 0x00000000e5400000, 0x00000000e5500000|  0%| F|  |TAMS 0x00000000e5400000, 0x00000000e5400000| Untracked 
|  85|0x00000000e5500000, 0x00000000e5500000, 0x00000000e5600000|  0%| F|  |TAMS 0x00000000e5500000, 0x00000000e5500000| Untracked 
|  86|0x00000000e5600000, 0x00000000e5600000, 0x00000000e5700000|  0%| F|  |TAMS 0x00000000e5600000, 0x00000000e5600000| Untracked 
|  87|0x00000000e5700000, 0x00000000e5700000, 0x00000000e5800000|  0%| F|  |TAMS 0x00000000e5700000, 0x00000000e5700000| Untracked 
|  88|0x00000000e5800000, 0x00000000e5800000, 0x00000000e5900000|  0%| F|  |TAMS 0x00000000e5800000, 0x00000000e5800000| Untracked 
|  89|0x00000000e5900000, 0x00000000e5900000, 0x00000000e5a00000|  0%| F|  |TAMS 0x00000000e5900000, 0x00000000e5900000| Untracked 
|  90|0x00000000e5a00000, 0x00000000e5b00000, 0x00000000e5b00000|100%| S|CS|TAMS 0x00000000e5a00000, 0x00000000e5a00000| Complete 
|  91|0x00000000e5b00000, 0x00000000e5c00000, 0x00000000e5c00000|100%| S|CS|TAMS 0x00000000e5b00000, 0x00000000e5b00000| Complete 
|  92|0x00000000e5c00000, 0x00000000e5d00000, 0x00000000e5d00000|100%| S|CS|TAMS 0x00000000e5c00000, 0x00000000e5c00000| Complete 
|  93|0x00000000e5d00000, 0x00000000e5e00000, 0x00000000e5e00000|100%| S|CS|TAMS 0x00000000e5d00000, 0x00000000e5d00000| Complete 
|  94|0x00000000e5e00000, 0x00000000e5f00000, 0x00000000e5f00000|100%| S|CS|TAMS 0x00000000e5e00000, 0x00000000e5e00000| Complete 
|  95|0x00000000e5f00000, 0x00000000e6000000, 0x00000000e6000000|100%| S|CS|TAMS 0x00000000e5f00000, 0x00000000e5f00000| Complete 
|  96|0x00000000e6000000, 0x00000000e6100000, 0x00000000e6100000|100%| S|CS|TAMS 0x00000000e6000000, 0x00000000e6000000| Complete 
|  97|0x00000000e6100000, 0x00000000e6200000, 0x00000000e6200000|100%| S|CS|TAMS 0x00000000e6100000, 0x00000000e6100000| Complete 
|  98|0x00000000e6200000, 0x00000000e6300000, 0x00000000e6300000|100%| S|CS|TAMS 0x00000000e6200000, 0x00000000e6200000| Complete 
|  99|0x00000000e6300000, 0x00000000e6400000, 0x00000000e6400000|100%| S|CS|TAMS 0x00000000e6300000, 0x00000000e6300000| Complete 
| 100|0x00000000e6400000, 0x00000000e6500000, 0x00000000e6500000|100%| S|CS|TAMS 0x00000000e6400000, 0x00000000e6400000| Complete 
| 101|0x00000000e6500000, 0x00000000e6600000, 0x00000000e6600000|100%| S|CS|TAMS 0x00000000e6500000, 0x00000000e6500000| Complete 
| 102|0x00000000e6600000, 0x00000000e6700000, 0x00000000e6700000|100%| S|CS|TAMS 0x00000000e6600000, 0x00000000e6600000| Complete 
| 103|0x00000000e6700000, 0x00000000e6800000, 0x00000000e6800000|100%| S|CS|TAMS 0x00000000e6700000, 0x00000000e6700000| Complete 
| 104|0x00000000e6800000, 0x00000000e6900000, 0x00000000e6900000|100%| S|CS|TAMS 0x00000000e6800000, 0x00000000e6800000| Complete 
| 105|0x00000000e6900000, 0x00000000e6900000, 0x00000000e6a00000|  0%| F|  |TAMS 0x00000000e6900000, 0x00000000e6900000| Untracked 
| 106|0x00000000e6a00000, 0x00000000e6a00000, 0x00000000e6b00000|  0%| F|  |TAMS 0x00000000e6a00000, 0x00000000e6a00000| Untracked 
| 107|0x00000000e6b00000, 0x00000000e6b00000, 0x00000000e6c00000|  0%| F|  |TAMS 0x00000000e6b00000, 0x00000000e6b00000| Untracked 
| 108|0x00000000e6c00000, 0x00000000e6c00000, 0x00000000e6d00000|  0%| F|  |TAMS 0x00000000e6c00000, 0x00000000e6c00000| Untracked 
| 109|0x00000000e6d00000, 0x00000000e6d00000, 0x00000000e6e00000|  0%| F|  |TAMS 0x00000000e6d00000, 0x00000000e6d00000| Untracked 
| 110|0x00000000e6e00000, 0x00000000e6e00000, 0x00000000e6f00000|  0%| F|  |TAMS 0x00000000e6e00000, 0x00000000e6e00000| Untracked 
| 111|0x00000000e6f00000, 0x00000000e6f00000, 0x00000000e7000000|  0%| F|  |TAMS 0x00000000e6f00000, 0x00000000e6f00000| Untracked 
| 112|0x00000000e7000000, 0x00000000e7000000, 0x00000000e7100000|  0%| F|  |TAMS 0x00000000e7000000, 0x00000000e7000000| Untracked 
| 113|0x00000000e7100000, 0x00000000e7100000, 0x00000000e7200000|  0%| F|  |TAMS 0x00000000e7100000, 0x00000000e7100000| Untracked 
| 114|0x00000000e7200000, 0x00000000e7200000, 0x00000000e7300000|  0%| F|  |TAMS 0x00000000e7200000, 0x00000000e7200000| Untracked 
| 115|0x00000000e7300000, 0x00000000e7300000, 0x00000000e7400000|  0%| F|  |TAMS 0x00000000e7300000, 0x00000000e7300000| Untracked 
| 116|0x00000000e7400000, 0x00000000e7400000, 0x00000000e7500000|  0%| F|  |TAMS 0x00000000e7400000, 0x00000000e7400000| Untracked 
| 117|0x00000000e7500000, 0x00000000e7500000, 0x00000000e7600000|  0%| F|  |TAMS 0x00000000e7500000, 0x00000000e7500000| Untracked 
| 118|0x00000000e7600000, 0x00000000e7600000, 0x00000000e7700000|  0%| F|  |TAMS 0x00000000e7600000, 0x00000000e7600000| Untracked 
| 119|0x00000000e7700000, 0x00000000e7700000, 0x00000000e7800000|  0%| F|  |TAMS 0x00000000e7700000, 0x00000000e7700000| Untracked 
| 120|0x00000000e7800000, 0x00000000e7800000, 0x00000000e7900000|  0%| F|  |TAMS 0x00000000e7800000, 0x00000000e7800000| Untracked 
| 121|0x00000000e7900000, 0x00000000e7900000, 0x00000000e7a00000|  0%| F|  |TAMS 0x00000000e7900000, 0x00000000e7900000| Untracked 
| 122|0x00000000e7a00000, 0x00000000e7a00000, 0x00000000e7b00000|  0%| F|  |TAMS 0x00000000e7a00000, 0x00000000e7a00000| Untracked 
| 123|0x00000000e7b00000, 0x00000000e7b00000, 0x00000000e7c00000|  0%| F|  |TAMS 0x00000000e7b00000, 0x00000000e7b00000| Untracked 
| 124|0x00000000e7c00000, 0x00000000e7c00000, 0x00000000e7d00000|  0%| F|  |TAMS 0x00000000e7c00000, 0x00000000e7c00000| Untracked 
| 125|0x00000000e7d00000, 0x00000000e7d00000, 0x00000000e7e00000|  0%| F|  |TAMS 0x00000000e7d00000, 0x00000000e7d00000| Untracked 
| 126|0x00000000e7e00000, 0x00000000e7e00000, 0x00000000e7f00000|  0%| F|  |TAMS 0x00000000e7e00000, 0x00000000e7e00000| Untracked 
| 127|0x00000000e7f00000, 0x00000000e7f00000, 0x00000000e8000000|  0%| F|  |TAMS 0x00000000e7f00000, 0x00000000e7f00000| Untracked 
| 128|0x00000000e8000000, 0x00000000e8000000, 0x00000000e8100000|  0%| F|  |TAMS 0x00000000e8000000, 0x00000000e8000000| Untracked 
| 129|0x00000000e8100000, 0x00000000e8100000, 0x00000000e8200000|  0%| F|  |TAMS 0x00000000e8100000, 0x00000000e8100000| Untracked 
| 130|0x00000000e8200000, 0x00000000e8200000, 0x00000000e8300000|  0%| F|  |TAMS 0x00000000e8200000, 0x00000000e8200000| Untracked 
| 131|0x00000000e8300000, 0x00000000e8300000, 0x00000000e8400000|  0%| F|  |TAMS 0x00000000e8300000, 0x00000000e8300000| Untracked 
| 132|0x00000000e8400000, 0x00000000e8400000, 0x00000000e8500000|  0%| F|  |TAMS 0x00000000e8400000, 0x00000000e8400000| Untracked 
| 133|0x00000000e8500000, 0x00000000e8500000, 0x00000000e8600000|  0%| F|  |TAMS 0x00000000e8500000, 0x00000000e8500000| Untracked 
| 134|0x00000000e8600000, 0x00000000e8600000, 0x00000000e8700000|  0%| F|  |TAMS 0x00000000e8600000, 0x00000000e8600000| Untracked 
| 135|0x00000000e8700000, 0x00000000e8700000, 0x00000000e8800000|  0%| F|  |TAMS 0x00000000e8700000, 0x00000000e8700000| Untracked 
| 136|0x00000000e8800000, 0x00000000e8800000, 0x00000000e8900000|  0%| F|  |TAMS 0x00000000e8800000, 0x00000000e8800000| Untracked 
| 137|0x00000000e8900000, 0x00000000e892da40, 0x00000000e8a00000| 17%| E|  |TAMS 0x00000000e8900000, 0x00000000e8900000| Complete 
| 138|0x00000000e8a00000, 0x00000000e8b00000, 0x00000000e8b00000|100%| E|CS|TAMS 0x00000000e8a00000, 0x00000000e8a00000| Complete 
| 139|0x00000000e8b00000, 0x00000000e8c00000, 0x00000000e8c00000|100%| E|CS|TAMS 0x00000000e8b00000, 0x00000000e8b00000| Complete 
| 140|0x00000000e8c00000, 0x00000000e8d00000, 0x00000000e8d00000|100%| E|CS|TAMS 0x00000000e8c00000, 0x00000000e8c00000| Complete 
| 141|0x00000000e8d00000, 0x00000000e8e00000, 0x00000000e8e00000|100%| E|CS|TAMS 0x00000000e8d00000, 0x00000000e8d00000| Complete 
| 142|0x00000000e8e00000, 0x00000000e8f00000, 0x00000000e8f00000|100%| E|CS|TAMS 0x00000000e8e00000, 0x00000000e8e00000| Complete 
| 143|0x00000000e8f00000, 0x00000000e9000000, 0x00000000e9000000|100%| E|CS|TAMS 0x00000000e8f00000, 0x00000000e8f00000| Complete 
| 144|0x00000000e9000000, 0x00000000e9100000, 0x00000000e9100000|100%| E|CS|TAMS 0x00000000e9000000, 0x00000000e9000000| Complete 
| 145|0x00000000e9100000, 0x00000000e9200000, 0x00000000e9200000|100%| E|CS|TAMS 0x00000000e9100000, 0x00000000e9100000| Complete 
| 146|0x00000000e9200000, 0x00000000e9300000, 0x00000000e9300000|100%| E|CS|TAMS 0x00000000e9200000, 0x00000000e9200000| Complete 
| 147|0x00000000e9300000, 0x00000000e9400000, 0x00000000e9400000|100%| E|CS|TAMS 0x00000000e9300000, 0x00000000e9300000| Complete 
| 148|0x00000000e9400000, 0x00000000e9500000, 0x00000000e9500000|100%| E|CS|TAMS 0x00000000e9400000, 0x00000000e9400000| Complete 
| 149|0x00000000e9500000, 0x00000000e9600000, 0x00000000e9600000|100%| E|CS|TAMS 0x00000000e9500000, 0x00000000e9500000| Complete 
| 150|0x00000000e9600000, 0x00000000e9700000, 0x00000000e9700000|100%| E|CS|TAMS 0x00000000e9600000, 0x00000000e9600000| Complete 
| 151|0x00000000e9700000, 0x00000000e9800000, 0x00000000e9800000|100%| E|CS|TAMS 0x00000000e9700000, 0x00000000e9700000| Complete 
| 152|0x00000000e9800000, 0x00000000e9900000, 0x00000000e9900000|100%| E|CS|TAMS 0x00000000e9800000, 0x00000000e9800000| Complete 
| 153|0x00000000e9900000, 0x00000000e9a00000, 0x00000000e9a00000|100%| E|CS|TAMS 0x00000000e9900000, 0x00000000e9900000| Complete 
| 154|0x00000000e9a00000, 0x00000000e9b00000, 0x00000000e9b00000|100%| E|CS|TAMS 0x00000000e9a00000, 0x00000000e9a00000| Complete 
| 155|0x00000000e9b00000, 0x00000000e9c00000, 0x00000000e9c00000|100%| E|CS|TAMS 0x00000000e9b00000, 0x00000000e9b00000| Complete 
| 156|0x00000000e9c00000, 0x00000000e9d00000, 0x00000000e9d00000|100%| E|CS|TAMS 0x00000000e9c00000, 0x00000000e9c00000| Complete 
| 157|0x00000000e9d00000, 0x00000000e9e00000, 0x00000000e9e00000|100%| E|CS|TAMS 0x00000000e9d00000, 0x00000000e9d00000| Complete 
| 158|0x00000000e9e00000, 0x00000000e9f00000, 0x00000000e9f00000|100%| E|CS|TAMS 0x00000000e9e00000, 0x00000000e9e00000| Complete 
| 159|0x00000000e9f00000, 0x00000000ea000000, 0x00000000ea000000|100%| E|CS|TAMS 0x00000000e9f00000, 0x00000000e9f00000| Complete 
| 160|0x00000000ea000000, 0x00000000ea100000, 0x00000000ea100000|100%| E|CS|TAMS 0x00000000ea000000, 0x00000000ea000000| Complete 
| 161|0x00000000ea100000, 0x00000000ea200000, 0x00000000ea200000|100%| E|CS|TAMS 0x00000000ea100000, 0x00000000ea100000| Complete 
| 162|0x00000000ea200000, 0x00000000ea300000, 0x00000000ea300000|100%| E|CS|TAMS 0x00000000ea200000, 0x00000000ea200000| Complete 
| 163|0x00000000ea300000, 0x00000000ea400000, 0x00000000ea400000|100%| E|CS|TAMS 0x00000000ea300000, 0x00000000ea300000| Complete 
| 164|0x00000000ea400000, 0x00000000ea500000, 0x00000000ea500000|100%| E|CS|TAMS 0x00000000ea400000, 0x00000000ea400000| Complete 
| 165|0x00000000ea500000, 0x00000000ea600000, 0x00000000ea600000|100%| E|CS|TAMS 0x00000000ea500000, 0x00000000ea500000| Complete 
| 166|0x00000000ea600000, 0x00000000ea700000, 0x00000000ea700000|100%| E|CS|TAMS 0x00000000ea600000, 0x00000000ea600000| Complete 
| 167|0x00000000ea700000, 0x00000000ea800000, 0x00000000ea800000|100%| E|CS|TAMS 0x00000000ea700000, 0x00000000ea700000| Complete 
| 168|0x00000000ea800000, 0x00000000ea900000, 0x00000000ea900000|100%| E|CS|TAMS 0x00000000ea800000, 0x00000000ea800000| Complete 
| 169|0x00000000ea900000, 0x00000000eaa00000, 0x00000000eaa00000|100%| E|CS|TAMS 0x00000000ea900000, 0x00000000ea900000| Complete 
| 170|0x00000000eaa00000, 0x00000000eab00000, 0x00000000eab00000|100%| E|CS|TAMS 0x00000000eaa00000, 0x00000000eaa00000| Complete 
| 171|0x00000000eab00000, 0x00000000eac00000, 0x00000000eac00000|100%| E|CS|TAMS 0x00000000eab00000, 0x00000000eab00000| Complete 
| 172|0x00000000eac00000, 0x00000000ead00000, 0x00000000ead00000|100%| E|CS|TAMS 0x00000000eac00000, 0x00000000eac00000| Complete 
| 173|0x00000000ead00000, 0x00000000eae00000, 0x00000000eae00000|100%| E|CS|TAMS 0x00000000ead00000, 0x00000000ead00000| Complete 
| 174|0x00000000eae00000, 0x00000000eaf00000, 0x00000000eaf00000|100%| E|CS|TAMS 0x00000000eae00000, 0x00000000eae00000| Complete 
| 175|0x00000000eaf00000, 0x00000000eb000000, 0x00000000eb000000|100%| E|CS|TAMS 0x00000000eaf00000, 0x00000000eaf00000| Complete 
| 176|0x00000000eb000000, 0x00000000eb100000, 0x00000000eb100000|100%| E|CS|TAMS 0x00000000eb000000, 0x00000000eb000000| Complete 
| 177|0x00000000eb100000, 0x00000000eb200000, 0x00000000eb200000|100%| E|CS|TAMS 0x00000000eb100000, 0x00000000eb100000| Complete 
| 178|0x00000000eb200000, 0x00000000eb300000, 0x00000000eb300000|100%| E|CS|TAMS 0x00000000eb200000, 0x00000000eb200000| Complete 
| 179|0x00000000eb300000, 0x00000000eb400000, 0x00000000eb400000|100%| E|CS|TAMS 0x00000000eb300000, 0x00000000eb300000| Complete 
| 180|0x00000000eb400000, 0x00000000eb500000, 0x00000000eb500000|100%| E|CS|TAMS 0x00000000eb400000, 0x00000000eb400000| Complete 
| 181|0x00000000eb500000, 0x00000000eb600000, 0x00000000eb600000|100%| E|CS|TAMS 0x00000000eb500000, 0x00000000eb500000| Complete 
| 182|0x00000000eb600000, 0x00000000eb700000, 0x00000000eb700000|100%| E|CS|TAMS 0x00000000eb600000, 0x00000000eb600000| Complete 
| 183|0x00000000eb700000, 0x00000000eb800000, 0x00000000eb800000|100%| E|CS|TAMS 0x00000000eb700000, 0x00000000eb700000| Complete 
| 184|0x00000000eb800000, 0x00000000eb900000, 0x00000000eb900000|100%| E|CS|TAMS 0x00000000eb800000, 0x00000000eb800000| Complete 
| 185|0x00000000eb900000, 0x00000000eba00000, 0x00000000eba00000|100%| E|CS|TAMS 0x00000000eb900000, 0x00000000eb900000| Complete 
| 186|0x00000000eba00000, 0x00000000ebb00000, 0x00000000ebb00000|100%| E|CS|TAMS 0x00000000eba00000, 0x00000000eba00000| Complete 
| 187|0x00000000ebb00000, 0x00000000ebc00000, 0x00000000ebc00000|100%| E|CS|TAMS 0x00000000ebb00000, 0x00000000ebb00000| Complete 
| 188|0x00000000ebc00000, 0x00000000ebd00000, 0x00000000ebd00000|100%| E|CS|TAMS 0x00000000ebc00000, 0x00000000ebc00000| Complete 
| 189|0x00000000ebd00000, 0x00000000ebe00000, 0x00000000ebe00000|100%| E|CS|TAMS 0x00000000ebd00000, 0x00000000ebd00000| Complete 
| 190|0x00000000ebe00000, 0x00000000ebf00000, 0x00000000ebf00000|100%| E|CS|TAMS 0x00000000ebe00000, 0x00000000ebe00000| Complete 
| 191|0x00000000ebf00000, 0x00000000ec000000, 0x00000000ec000000|100%| E|CS|TAMS 0x00000000ebf00000, 0x00000000ebf00000| Complete 
| 192|0x00000000ec000000, 0x00000000ec100000, 0x00000000ec100000|100%| E|CS|TAMS 0x00000000ec000000, 0x00000000ec000000| Complete 
| 193|0x00000000ec100000, 0x00000000ec200000, 0x00000000ec200000|100%| E|CS|TAMS 0x00000000ec100000, 0x00000000ec100000| Complete 
| 194|0x00000000ec200000, 0x00000000ec300000, 0x00000000ec300000|100%| E|CS|TAMS 0x00000000ec200000, 0x00000000ec200000| Complete 
| 195|0x00000000ec300000, 0x00000000ec400000, 0x00000000ec400000|100%| E|CS|TAMS 0x00000000ec300000, 0x00000000ec300000| Complete 
| 196|0x00000000ec400000, 0x00000000ec500000, 0x00000000ec500000|100%| E|CS|TAMS 0x00000000ec400000, 0x00000000ec400000| Complete 
| 197|0x00000000ec500000, 0x00000000ec600000, 0x00000000ec600000|100%| E|CS|TAMS 0x00000000ec500000, 0x00000000ec500000| Complete 
| 198|0x00000000ec600000, 0x00000000ec700000, 0x00000000ec700000|100%| E|CS|TAMS 0x00000000ec600000, 0x00000000ec600000| Complete 
| 199|0x00000000ec700000, 0x00000000ec800000, 0x00000000ec800000|100%| E|CS|TAMS 0x00000000ec700000, 0x00000000ec700000| Complete 
| 200|0x00000000ec800000, 0x00000000ec900000, 0x00000000ec900000|100%| E|CS|TAMS 0x00000000ec800000, 0x00000000ec800000| Complete 
| 201|0x00000000ec900000, 0x00000000eca00000, 0x00000000eca00000|100%| E|CS|TAMS 0x00000000ec900000, 0x00000000ec900000| Complete 
| 202|0x00000000eca00000, 0x00000000ecb00000, 0x00000000ecb00000|100%| E|CS|TAMS 0x00000000eca00000, 0x00000000eca00000| Complete 
| 203|0x00000000ecb00000, 0x00000000ecc00000, 0x00000000ecc00000|100%| E|CS|TAMS 0x00000000ecb00000, 0x00000000ecb00000| Complete 
| 204|0x00000000ecc00000, 0x00000000ecd00000, 0x00000000ecd00000|100%| E|CS|TAMS 0x00000000ecc00000, 0x00000000ecc00000| Complete 
| 205|0x00000000ecd00000, 0x00000000ece00000, 0x00000000ece00000|100%| E|CS|TAMS 0x00000000ecd00000, 0x00000000ecd00000| Complete 
| 206|0x00000000ece00000, 0x00000000ecf00000, 0x00000000ecf00000|100%| E|CS|TAMS 0x00000000ece00000, 0x00000000ece00000| Complete 
| 207|0x00000000ecf00000, 0x00000000ed000000, 0x00000000ed000000|100%| E|CS|TAMS 0x00000000ecf00000, 0x00000000ecf00000| Complete 
| 208|0x00000000ed000000, 0x00000000ed100000, 0x00000000ed100000|100%| E|CS|TAMS 0x00000000ed000000, 0x00000000ed000000| Complete 
| 209|0x00000000ed100000, 0x00000000ed200000, 0x00000000ed200000|100%| E|CS|TAMS 0x00000000ed100000, 0x00000000ed100000| Complete 
| 210|0x00000000ed200000, 0x00000000ed300000, 0x00000000ed300000|100%| E|CS|TAMS 0x00000000ed200000, 0x00000000ed200000| Complete 
| 211|0x00000000ed300000, 0x00000000ed400000, 0x00000000ed400000|100%| E|CS|TAMS 0x00000000ed300000, 0x00000000ed300000| Complete 
| 212|0x00000000ed400000, 0x00000000ed500000, 0x00000000ed500000|100%| E|CS|TAMS 0x00000000ed400000, 0x00000000ed400000| Complete 
| 213|0x00000000ed500000, 0x00000000ed600000, 0x00000000ed600000|100%| E|CS|TAMS 0x00000000ed500000, 0x00000000ed500000| Complete 
| 214|0x00000000ed600000, 0x00000000ed700000, 0x00000000ed700000|100%| E|CS|TAMS 0x00000000ed600000, 0x00000000ed600000| Complete 
| 215|0x00000000ed700000, 0x00000000ed800000, 0x00000000ed800000|100%| E|CS|TAMS 0x00000000ed700000, 0x00000000ed700000| Complete 
| 216|0x00000000ed800000, 0x00000000ed900000, 0x00000000ed900000|100%| E|CS|TAMS 0x00000000ed800000, 0x00000000ed800000| Complete 
| 217|0x00000000ed900000, 0x00000000eda00000, 0x00000000eda00000|100%| E|CS|TAMS 0x00000000ed900000, 0x00000000ed900000| Complete 
| 218|0x00000000eda00000, 0x00000000edb00000, 0x00000000edb00000|100%| E|CS|TAMS 0x00000000eda00000, 0x00000000eda00000| Complete 
| 219|0x00000000edb00000, 0x00000000edc00000, 0x00000000edc00000|100%| E|CS|TAMS 0x00000000edb00000, 0x00000000edb00000| Complete 
| 220|0x00000000edc00000, 0x00000000edd00000, 0x00000000edd00000|100%| E|CS|TAMS 0x00000000edc00000, 0x00000000edc00000| Complete 
| 221|0x00000000edd00000, 0x00000000ede00000, 0x00000000ede00000|100%| E|CS|TAMS 0x00000000edd00000, 0x00000000edd00000| Complete 
| 222|0x00000000ede00000, 0x00000000edf00000, 0x00000000edf00000|100%| E|  |TAMS 0x00000000ede00000, 0x00000000ede00000| Complete 
| 223|0x00000000edf00000, 0x00000000ee000000, 0x00000000ee000000|100%| E|CS|TAMS 0x00000000edf00000, 0x00000000edf00000| Complete 
| 224|0x00000000ee000000, 0x00000000ee100000, 0x00000000ee100000|100%| E|CS|TAMS 0x00000000ee000000, 0x00000000ee000000| Complete 
| 225|0x00000000ee100000, 0x00000000ee200000, 0x00000000ee200000|100%| E|CS|TAMS 0x00000000ee100000, 0x00000000ee100000| Complete 
| 226|0x00000000ee200000, 0x00000000ee300000, 0x00000000ee300000|100%| E|CS|TAMS 0x00000000ee200000, 0x00000000ee200000| Complete 
| 227|0x00000000ee300000, 0x00000000ee400000, 0x00000000ee400000|100%| E|CS|TAMS 0x00000000ee300000, 0x00000000ee300000| Complete 
| 228|0x00000000ee400000, 0x00000000ee500000, 0x00000000ee500000|100%| E|CS|TAMS 0x00000000ee400000, 0x00000000ee400000| Complete 
| 229|0x00000000ee500000, 0x00000000ee600000, 0x00000000ee600000|100%| E|CS|TAMS 0x00000000ee500000, 0x00000000ee500000| Complete 
| 230|0x00000000ee600000, 0x00000000ee700000, 0x00000000ee700000|100%| E|CS|TAMS 0x00000000ee600000, 0x00000000ee600000| Complete 
| 231|0x00000000ee700000, 0x00000000ee800000, 0x00000000ee800000|100%| E|CS|TAMS 0x00000000ee700000, 0x00000000ee700000| Complete 
| 232|0x00000000ee800000, 0x00000000ee900000, 0x00000000ee900000|100%| E|CS|TAMS 0x00000000ee800000, 0x00000000ee800000| Complete 
| 233|0x00000000ee900000, 0x00000000eea00000, 0x00000000eea00000|100%| E|CS|TAMS 0x00000000ee900000, 0x00000000ee900000| Complete 
| 234|0x00000000eea00000, 0x00000000eeb00000, 0x00000000eeb00000|100%| E|CS|TAMS 0x00000000eea00000, 0x00000000eea00000| Complete 
| 235|0x00000000eeb00000, 0x00000000eec00000, 0x00000000eec00000|100%| E|CS|TAMS 0x00000000eeb00000, 0x00000000eeb00000| Complete 
| 236|0x00000000eec00000, 0x00000000eed00000, 0x00000000eed00000|100%| E|CS|TAMS 0x00000000eec00000, 0x00000000eec00000| Complete 
| 237|0x00000000eed00000, 0x00000000eee00000, 0x00000000eee00000|100%| E|CS|TAMS 0x00000000eed00000, 0x00000000eed00000| Complete 
| 238|0x00000000eee00000, 0x00000000eef00000, 0x00000000eef00000|100%| E|CS|TAMS 0x00000000eee00000, 0x00000000eee00000| Complete 
| 239|0x00000000eef00000, 0x00000000ef000000, 0x00000000ef000000|100%| E|CS|TAMS 0x00000000eef00000, 0x00000000eef00000| Complete 
| 240|0x00000000ef000000, 0x00000000ef100000, 0x00000000ef100000|100%| E|CS|TAMS 0x00000000ef000000, 0x00000000ef000000| Complete 
| 241|0x00000000ef100000, 0x00000000ef200000, 0x00000000ef200000|100%| E|CS|TAMS 0x00000000ef100000, 0x00000000ef100000| Complete 
| 242|0x00000000ef200000, 0x00000000ef300000, 0x00000000ef300000|100%| E|CS|TAMS 0x00000000ef200000, 0x00000000ef200000| Complete 
| 243|0x00000000ef300000, 0x00000000ef400000, 0x00000000ef400000|100%| E|CS|TAMS 0x00000000ef300000, 0x00000000ef300000| Complete 
| 244|0x00000000ef400000, 0x00000000ef500000, 0x00000000ef500000|100%| E|CS|TAMS 0x00000000ef400000, 0x00000000ef400000| Complete 
| 245|0x00000000ef500000, 0x00000000ef600000, 0x00000000ef600000|100%| E|CS|TAMS 0x00000000ef500000, 0x00000000ef500000| Complete 
| 246|0x00000000ef600000, 0x00000000ef700000, 0x00000000ef700000|100%| E|CS|TAMS 0x00000000ef600000, 0x00000000ef600000| Complete 
| 247|0x00000000ef700000, 0x00000000ef800000, 0x00000000ef800000|100%| E|CS|TAMS 0x00000000ef700000, 0x00000000ef700000| Complete 
| 248|0x00000000ef800000, 0x00000000ef900000, 0x00000000ef900000|100%| E|CS|TAMS 0x00000000ef800000, 0x00000000ef800000| Complete 
| 249|0x00000000ef900000, 0x00000000efa00000, 0x00000000efa00000|100%| E|CS|TAMS 0x00000000ef900000, 0x00000000ef900000| Complete 
| 250|0x00000000efa00000, 0x00000000efb00000, 0x00000000efb00000|100%| E|CS|TAMS 0x00000000efa00000, 0x00000000efa00000| Complete 
| 251|0x00000000efb00000, 0x00000000efc00000, 0x00000000efc00000|100%| E|CS|TAMS 0x00000000efb00000, 0x00000000efb00000| Complete 
| 252|0x00000000efc00000, 0x00000000efd00000, 0x00000000efd00000|100%| E|CS|TAMS 0x00000000efc00000, 0x00000000efc00000| Complete 
| 253|0x00000000efd00000, 0x00000000efe00000, 0x00000000efe00000|100%| E|CS|TAMS 0x00000000efd00000, 0x00000000efd00000| Complete 
| 254|0x00000000efe00000, 0x00000000eff00000, 0x00000000eff00000|100%| E|CS|TAMS 0x00000000efe00000, 0x00000000efe00000| Complete 
| 255|0x00000000eff00000, 0x00000000f0000000, 0x00000000f0000000|100%| E|CS|TAMS 0x00000000eff00000, 0x00000000eff00000| Complete 

Card table byte_map: [0x0000018222d20000,0x0000018222e20000] _byte_map_base: 0x0000018222620000

Marking Bits (Prev, Next): (CMBitMap*) 0x000001820f9c34f0, (CMBitMap*) 0x000001820f9c34b8
 Prev Bits: [0x0000018223720000, 0x0000018223f20000)
 Next Bits: [0x0000018222f20000, 0x0000018223720000)

Polling page: 0x000001820e020000

Metaspace:

Usage:
  Non-class:     64.20 MB capacity,    62.53 MB ( 97%) used,     1.40 MB (  2%) free+waste,   280.88 KB ( <1%) overhead. 
      Class:     10.27 MB capacity,     9.35 MB ( 91%) used,   811.06 KB (  8%) free+waste,   134.25 KB (  1%) overhead. 
       Both:     74.48 MB capacity,    71.88 MB ( 97%) used,     2.19 MB (  3%) free+waste,   415.13 KB ( <1%) overhead. 

Virtual space:
  Non-class space:       66.00 MB reserved,      64.33 MB ( 97%) committed 
      Class space:      248.00 MB reserved,      10.38 MB (  4%) committed 
             Both:      314.00 MB reserved,      74.70 MB ( 24%) committed 

Chunk freelists:
   Non-Class:  0 bytes
       Class:  0 bytes
        Both:  0 bytes

MaxMetaspaceSize: 256.00 MB
CompressedClassSpaceSize: 248.00 MB
Initial GC threshold: 20.80 MB
Current GC threshold: 98.67 MB
CDS: off

CodeHeap 'non-profiled nmethods': size=120064Kb used=5063Kb max_used=5063Kb free=115000Kb
 bounds [0x000001821b0c0000, 0x000001821b5c0000, 0x0000018222600000]
CodeHeap 'profiled nmethods': size=120000Kb used=19525Kb max_used=19525Kb free=100474Kb
 bounds [0x0000018213b90000, 0x0000018214eb0000, 0x000001821b0c0000]
CodeHeap 'non-nmethods': size=5696Kb used=2329Kb max_used=2375Kb free=3366Kb
 bounds [0x0000018213600000, 0x0000018213870000, 0x0000018213b90000]
 total_blobs=10479 nmethods=9638 adapters=753
 compilation: enabled
              stopped_count=0, restarted_count=0
 full_count=0

Compilation events (20 events):
Event: 920.811 Thread 0x000001822653f000 9736       1       org.gradle.internal.logging.events.ProgressStartEvent::getDescription (5 bytes)
Event: 920.812 Thread 0x000001822653f000 nmethod 9736 0x000001821b5b1590 code [0x000001821b5b1740, 0x000001821b5b17f8]
Event: 920.812 Thread 0x000001822653f000 9737       1       org.gradle.internal.logging.events.ProgressStartEvent::getTotalProgress (5 bytes)
Event: 920.812 Thread 0x000001822653f000 nmethod 9737 0x000001821b5b1890 code [0x000001821b5b1a40, 0x000001821b5b1af8]
Event: 920.816 Thread 0x000001822653f000 9738       2       java.util.TreeMap$Entry::setValue (12 bytes)
Event: 920.816 Thread 0x000001822653f000 nmethod 9738 0x0000018214e9c890 code [0x0000018214e9ca40, 0x0000018214e9cb98]
Event: 920.819 Thread 0x000001822653f000 9739       2       java.io.OutputStream::write (34 bytes)
Event: 920.820 Thread 0x000001822653f000 nmethod 9739 0x0000018214e9cc10 code [0x0000018214e9cde0, 0x0000018214e9d038]
Event: 920.820 Thread 0x000001822653f000 9740       1       org.gradle.api.internal.provider.Providers$NoValueProvider::calculatePresence (2 bytes)
Event: 920.820 Thread 0x000001822653f000 nmethod 9740 0x000001821b5b1b90 code [0x000001821b5b1d40, 0x000001821b5b1df8]
Event: 920.853 Thread 0x000001822653f000 9741       3       java.lang.StringUTF16::compress (50 bytes)
Event: 920.853 Thread 0x000001822653f000 nmethod 9741 0x0000018214e9d210 code [0x0000018214e9d3e0, 0x0000018214e9d618]
Event: 920.853 Thread 0x000001822653f000 9742       2       java.io.BufferedInputStream::getInIfOpen (21 bytes)
Event: 920.853 Thread 0x000001822653f000 nmethod 9742 0x0000018214e9d790 code [0x0000018214e9d940, 0x0000018214e9dae8]
Event: 920.854 Thread 0x000001822653f000 9743 %     3       java.io.OutputStream::write @ 11 (34 bytes)
Event: 920.854 Thread 0x000001822653f000 nmethod 9743% 0x0000018214e9db90 code [0x0000018214e9dd80, 0x0000018214e9e298]
Event: 920.858 Thread 0x000001822653f000 9744       2       org.gradle.internal.remote.internal.inet.SocketConnection$SocketOutputStream::writeBufferToChannel (33 bytes)
Event: 920.858 Thread 0x000001822653f000 nmethod 9744 0x0000018214e9e510 code [0x0000018214e9e6e0, 0x0000018214e9e878]
Event: 920.858 Thread 0x000001822653f000 9745       2       org.gradle.internal.remote.internal.inet.SocketConnection$SocketOutputStream::writeWithNonBlockingRetry (52 bytes)
Event: 920.859 Thread 0x000001822653f000 nmethod 9745 0x0000018214e9e990 code [0x0000018214e9eb80, 0x0000018214e9ee88]

GC Heap History (20 events):
Event: 0.877 GC heap before
{Heap before GC invocations=1 (full 0):
 garbage-first heap   total 262144K, used 20260K [0x00000000e0000000, 0x0000000100000000)
  region size 1024K, 14 young (14336K), 2 survivors (2048K)
 Metaspace       used 10294K, capacity 10565K, committed 10624K, reserved 264192K
  class space    used 1051K, capacity 1139K, committed 1152K, reserved 253952K
}
Event: 0.880 GC heap after
{Heap after GC invocations=2 (full 0):
 garbage-first heap   total 262144K, used 9632K [0x00000000e0000000, 0x0000000100000000)
  region size 1024K, 2 young (2048K), 2 survivors (2048K)
 Metaspace       used 10294K, capacity 10565K, committed 10624K, reserved 264192K
  class space    used 1051K, capacity 1139K, committed 1152K, reserved 253952K
}
Event: 1.320 GC heap before
{Heap before GC invocations=2 (full 0):
 garbage-first heap   total 262144K, used 41376K [0x00000000e0000000, 0x0000000100000000)
  region size 1024K, 32 young (32768K), 2 survivors (2048K)
 Metaspace       used 11319K, capacity 11584K, committed 11776K, reserved 266240K
  class space    used 1158K, capacity 1244K, committed 1280K, reserved 253952K
}
Event: 1.327 GC heap after
{Heap after GC invocations=3 (full 0):
 garbage-first heap   total 262144K, used 14251K [0x00000000e0000000, 0x0000000100000000)
  region size 1024K, 4 young (4096K), 4 survivors (4096K)
 Metaspace       used 11319K, capacity 11584K, committed 11776K, reserved 266240K
  class space    used 1158K, capacity 1244K, committed 1280K, reserved 253952K
}
Event: 2.291 GC heap before
{Heap before GC invocations=3 (full 0):
 garbage-first heap   total 262144K, used 57259K [0x00000000e0000000, 0x0000000100000000)
  region size 1024K, 46 young (47104K), 4 survivors (4096K)
 Metaspace       used 18777K, capacity 19208K, committed 19328K, reserved 272384K
  class space    used 2228K, capacity 2386K, committed 2432K, reserved 253952K
}
Event: 2.296 GC heap after
{Heap after GC invocations=4 (full 0):
 garbage-first heap   total 262144K, used 16823K [0x00000000e0000000, 0x0000000100000000)
  region size 1024K, 6 young (6144K), 6 survivors (6144K)
 Metaspace       used 18777K, capacity 19208K, committed 19328K, reserved 272384K
  class space    used 2228K, capacity 2386K, committed 2432K, reserved 253952K
}
Event: 2.478 GC heap before
{Heap before GC invocations=4 (full 0):
 garbage-first heap   total 262144K, used 33207K [0x00000000e0000000, 0x0000000100000000)
  region size 1024K, 23 young (23552K), 6 survivors (6144K)
 Metaspace       used 20749K, capacity 21201K, committed 21296K, reserved 274432K
  class space    used 2503K, capacity 2671K, committed 2688K, reserved 253952K
}
Event: 2.483 GC heap after
{Heap after GC invocations=5 (full 0):
 garbage-first heap   total 262144K, used 17651K [0x00000000e0000000, 0x0000000100000000)
  region size 1024K, 4 young (4096K), 4 survivors (4096K)
 Metaspace       used 20749K, capacity 21201K, committed 21296K, reserved 274432K
  class space    used 2503K, capacity 2671K, committed 2688K, reserved 253952K
}
Event: 3.223 GC heap before
{Heap before GC invocations=6 (full 0):
 garbage-first heap   total 262144K, used 80115K [0x00000000e0000000, 0x0000000100000000)
  region size 1024K, 65 young (66560K), 4 survivors (4096K)
 Metaspace       used 26674K, capacity 27256K, committed 27440K, reserved 278528K
  class space    used 3462K, capacity 3673K, committed 3712K, reserved 253952K
}
Event: 3.231 GC heap after
{Heap after GC invocations=7 (full 0):
 garbage-first heap   total 262144K, used 19733K [0x00000000e0000000, 0x0000000100000000)
  region size 1024K, 6 young (6144K), 6 survivors (6144K)
 Metaspace       used 26674K, capacity 27256K, committed 27440K, reserved 278528K
  class space    used 3462K, capacity 3673K, committed 3712K, reserved 253952K
}
Event: 4.156 GC heap before
{Heap before GC invocations=7 (full 0):
 garbage-first heap   total 262144K, used 69909K [0x00000000e0000000, 0x0000000100000000)
  region size 1024K, 56 young (57344K), 6 survivors (6144K)
 Metaspace       used 35010K, capacity 35811K, committed 35920K, reserved 286720K
  class space    used 4494K, capacity 4825K, committed 4864K, reserved 253952K
}
Event: 4.169 GC heap after
{Heap after GC invocations=8 (full 0):
 garbage-first heap   total 262144K, used 22582K [0x00000000e0000000, 0x0000000100000000)
  region size 1024K, 9 young (9216K), 9 survivors (9216K)
 Metaspace       used 35010K, capacity 35811K, committed 35920K, reserved 286720K
  class space    used 4494K, capacity 4825K, committed 4864K, reserved 253952K
}
Event: 6.401 GC heap before
{Heap before GC invocations=9 (full 0):
 garbage-first heap   total 262144K, used 173110K [0x00000000e0000000, 0x0000000100000000)
  region size 1024K, 153 young (156672K), 9 survivors (9216K)
 Metaspace       used 47619K, capacity 48857K, committed 49104K, reserved 296960K
  class space    used 6071K, capacity 6524K, committed 6528K, reserved 253952K
}
Event: 6.425 GC heap after
{Heap after GC invocations=10 (full 0):
 garbage-first heap   total 262144K, used 30350K [0x00000000e0000000, 0x0000000100000000)
  region size 1024K, 16 young (16384K), 16 survivors (16384K)
 Metaspace       used 47619K, capacity 48857K, committed 49104K, reserved 296960K
  class space    used 6071K, capacity 6524K, committed 6528K, reserved 253952K
}
Event: 8.240 GC heap before
{Heap before GC invocations=10 (full 0):
 garbage-first heap   total 262144K, used 170638K [0x00000000e0000000, 0x0000000100000000)
  region size 1024K, 153 young (156672K), 16 survivors (16384K)
 Metaspace       used 56618K, capacity 58303K, committed 58448K, reserved 305152K
  class space    used 7415K, capacity 8067K, committed 8192K, reserved 253952K
}
Event: 8.280 GC heap after
{Heap after GC invocations=11 (full 0):
 garbage-first heap   total 262144K, used 41087K [0x00000000e0000000, 0x0000000100000000)
  region size 1024K, 19 young (19456K), 19 survivors (19456K)
 Metaspace       used 56618K, capacity 58303K, committed 58448K, reserved 305152K
  class space    used 7415K, capacity 8067K, committed 8192K, reserved 253952K
}
Event: 8.907 GC heap before
{Heap before GC invocations=11 (full 0):
 garbage-first heap   total 262144K, used 98431K [0x00000000e0000000, 0x0000000100000000)
  region size 1024K, 76 young (77824K), 19 survivors (19456K)
 Metaspace       used 58359K, capacity 60152K, committed 60240K, reserved 307200K
  class space    used 7715K, capacity 8402K, committed 8448K, reserved 253952K
}
Event: 8.970 GC heap after
{Heap after GC invocations=12 (full 0):
 garbage-first heap   total 262144K, used 47148K [0x00000000e0000000, 0x0000000100000000)
  region size 1024K, 7 young (7168K), 7 survivors (7168K)
 Metaspace       used 58359K, capacity 60152K, committed 60240K, reserved 307200K
  class space    used 7715K, capacity 8402K, committed 8448K, reserved 253952K
}
Event: 913.559 GC heap before
{Heap before GC invocations=13 (full 0):
 garbage-first heap   total 262144K, used 194604K [0x00000000e0000000, 0x0000000100000000)
  region size 1024K, 151 young (154624K), 7 survivors (7168K)
 Metaspace       used 65581K, capacity 67954K, committed 68048K, reserved 313344K
  class space    used 8666K, capacity 9571K, committed 9600K, reserved 253952K
}
Event: 913.578 GC heap after
{Heap after GC invocations=14 (full 0):
 garbage-first heap   total 262144K, used 55852K [0x00000000e0000000, 0x0000000100000000)
  region size 1024K, 15 young (15360K), 15 survivors (15360K)
 Metaspace       used 65581K, capacity 67954K, committed 68048K, reserved 313344K
  class space    used 8666K, capacity 9571K, committed 9600K, reserved 253952K
}

Deoptimization events (20 events):
Event: 920.612 Thread 0x000001822b1db800 DEOPT PACKING pc=0x000001821476b067 sp=0x00000029337fa100
Event: 920.612 Thread 0x000001822b1db800 DEOPT UNPACKING pc=0x000001821364a95e sp=0x00000029337f9648 mode 0
Event: 920.662 Thread 0x000001822b1db800 DEOPT PACKING pc=0x0000018214884d46 sp=0x00000029337f6650
Event: 920.662 Thread 0x000001822b1db800 DEOPT UNPACKING pc=0x000001821364a95e sp=0x00000029337f5af0 mode 0
Event: 920.693 Thread 0x000001822eb53000 DEOPT PACKING pc=0x00000182141c14f4 sp=0x0000002935afd600
Event: 920.693 Thread 0x000001822eb53000 DEOPT UNPACKING pc=0x000001821364a95e sp=0x0000002935afcba0 mode 0
Event: 920.696 Thread 0x000001822eb5f800 DEOPT PACKING pc=0x0000018214884d46 sp=0x00000029366fcc60
Event: 920.696 Thread 0x000001822eb5f800 DEOPT UNPACKING pc=0x000001821364a95e sp=0x00000029366fc100 mode 0
Event: 920.708 Thread 0x000001822b1db800 DEOPT PACKING pc=0x00000182147844f0 sp=0x00000029337f93f0
Event: 920.708 Thread 0x000001822b1db800 DEOPT UNPACKING pc=0x000001821364a95e sp=0x00000029337f8900 mode 0
Event: 920.758 Thread 0x000001822b1db800 DEOPT PACKING pc=0x000001821476b067 sp=0x00000029337f94e0
Event: 920.759 Thread 0x000001822b1db800 DEOPT UNPACKING pc=0x000001821364a95e sp=0x00000029337f8a28 mode 0
Event: 920.792 Thread 0x000001822b1db800 DEOPT PACKING pc=0x000001821476b067 sp=0x00000029337f87c0
Event: 920.792 Thread 0x000001822b1db800 DEOPT UNPACKING pc=0x000001821364a95e sp=0x00000029337f7d08 mode 0
Event: 920.793 Thread 0x000001822b1db800 DEOPT PACKING pc=0x00000182147844f0 sp=0x00000029337f4b90
Event: 920.793 Thread 0x000001822b1db800 DEOPT UNPACKING pc=0x000001821364a95e sp=0x00000029337f40a0 mode 0
Event: 920.853 Thread 0x000001822eb61000 Uncommon trap: trap_request=0xffffff4d fr.pc=0x000001821b0dc0e8 relative=0x00000000000003a8
Event: 920.853 Thread 0x000001822eb61000 Uncommon trap: reason=unstable_if action=reinterpret pc=0x000001821b0dc0e8 method=java.lang.StringUTF16.compress([CII)[B @ 13 c2
Event: 920.853 Thread 0x000001822eb61000 DEOPT PACKING pc=0x000001821b0dc0e8 sp=0x0000002938bfe540
Event: 920.853 Thread 0x000001822eb61000 DEOPT UNPACKING pc=0x000001821364a1af sp=0x0000002938bfe480 mode 2

Classes redefined (0 events):
No events

Internal exceptions (20 events):
Event: 914.183 Thread 0x000001822b1db800 Exception <a 'sun/nio/fs/WindowsException'{0x00000000ed6f9cd8}> (0x00000000ed6f9cd8) thrown at [src/hotspot/share/prims/jni.cpp, line 616]
Event: 914.187 Thread 0x000001822b1db800 Exception <a 'sun/nio/fs/WindowsException'{0x00000000ed509e00}> (0x00000000ed509e00) thrown at [src/hotspot/share/prims/jni.cpp, line 616]
Event: 914.189 Thread 0x000001822b1db800 Exception <a 'sun/nio/fs/WindowsException'{0x00000000ed513038}> (0x00000000ed513038) thrown at [src/hotspot/share/prims/jni.cpp, line 616]
Event: 914.191 Thread 0x000001822b1db800 Exception <a 'sun/nio/fs/WindowsException'{0x00000000ed5298f0}> (0x00000000ed5298f0) thrown at [src/hotspot/share/prims/jni.cpp, line 616]
Event: 914.191 Thread 0x000001822b1db800 Exception <a 'sun/nio/fs/WindowsException'{0x00000000ed529a38}> (0x00000000ed529a38) thrown at [src/hotspot/share/prims/jni.cpp, line 616]
Event: 914.192 Thread 0x000001822b1db800 Exception <a 'sun/nio/fs/WindowsException'{0x00000000ed52dac0}> (0x00000000ed52dac0) thrown at [src/hotspot/share/prims/jni.cpp, line 616]
Event: 914.192 Thread 0x000001822b1db800 Exception <a 'sun/nio/fs/WindowsException'{0x00000000ed52dbf0}> (0x00000000ed52dbf0) thrown at [src/hotspot/share/prims/jni.cpp, line 616]
Event: 914.219 Thread 0x000001822b1db800 Exception <a 'sun/nio/fs/WindowsException'{0x00000000ecf66038}> (0x00000000ecf66038) thrown at [src/hotspot/share/prims/jni.cpp, line 616]
Event: 914.220 Thread 0x000001822b1db800 Exception <a 'sun/nio/fs/WindowsException'{0x00000000ecf66178}> (0x00000000ecf66178) thrown at [src/hotspot/share/prims/jni.cpp, line 616]
Event: 914.220 Thread 0x000001822b1db800 Exception <a 'sun/nio/fs/WindowsException'{0x00000000ecf6a200}> (0x00000000ecf6a200) thrown at [src/hotspot/share/prims/jni.cpp, line 616]
Event: 914.220 Thread 0x000001822b1db800 Exception <a 'sun/nio/fs/WindowsException'{0x00000000ecf6a330}> (0x00000000ecf6a330) thrown at [src/hotspot/share/prims/jni.cpp, line 616]
Event: 914.291 Thread 0x000001822b1db800 Exception <a 'java/lang/NoSuchMethodError'{0x00000000ec8e9ec0}: 'int java.lang.invoke.DirectMethodHandle$Holder.invokeVirtual(java.lang.Object, java.lang.Object, java.lang.Object, java.lang.Object)'> (0x00000000ec8e9ec0) thrown at [src/hotspot/share/interpreter/linkResolver.cpp, line 773]
Event: 914.422 Thread 0x000001822b1db800 Exception <a 'sun/nio/fs/WindowsException'{0x00000000ec0b0d98}> (0x00000000ec0b0d98) thrown at [src/hotspot/share/prims/jni.cpp, line 616]
Event: 914.438 Thread 0x000001822b1db800 Exception <a 'sun/nio/fs/WindowsException'{0x00000000ebf2c650}> (0x00000000ebf2c650) thrown at [src/hotspot/share/prims/jni.cpp, line 616]
Event: 914.440 Thread 0x000001822b1db800 Exception <a 'sun/nio/fs/WindowsException'{0x00000000ebf324e8}> (0x00000000ebf324e8) thrown at [src/hotspot/share/prims/jni.cpp, line 616]
Event: 914.532 Thread 0x000001822b1dc000 Exception <a 'java/lang/NoSuchMethodError'{0x00000000effeb578}: <clinit>> (0x00000000effeb578) thrown at [src/hotspot/share/prims/jni.cpp, line 1366]
Event: 914.969 Thread 0x000001822eb60000 Exception <a 'java/io/IOException'{0x00000000e9c02ac0}> (0x00000000e9c02ac0) thrown at [src/hotspot/share/prims/jni.cpp, line 616]
Event: 914.972 Thread 0x000001822eb5c000 Exception <a 'java/io/IOException'{0x00000000e9dbc088}> (0x00000000e9dbc088) thrown at [src/hotspot/share/prims/jni.cpp, line 616]
Event: 914.972 Thread 0x000001822eb5b800 Exception <a 'java/lang/reflect/InvocationTargetException'{0x00000000e9de66b0}> (0x00000000e9de66b0) thrown at [src/hotspot/share/runtime/reflection.cpp, line 1247]
Event: 914.974 Thread 0x000001822e20a800 Exception <a 'java/lang/reflect/InvocationTargetException'{0x00000000e9ee50c0}> (0x00000000e9ee50c0) thrown at [src/hotspot/share/runtime/reflection.cpp, line 1247]

Events (20 events):
Event: 920.688 Thread 0x0000018228230800 Thread added: 0x0000018228230800
Event: 920.688 Thread 0x0000018228234000 Thread added: 0x0000018228234000
Event: 920.688 Thread 0x0000018228236800 Thread added: 0x0000018228236800
Event: 920.688 Thread 0x0000018228237800 Thread added: 0x0000018228237800
Event: 920.688 Thread 0x0000018228235000 Thread added: 0x0000018228235000
Event: 920.688 Thread 0x0000018228fce800 Thread added: 0x0000018228fce800
Event: 920.689 Thread 0x0000018228fd0800 Thread added: 0x0000018228fd0800
Event: 920.689 Thread 0x0000018228fd3000 Thread added: 0x0000018228fd3000
Event: 920.689 Thread 0x0000018228fd1000 Thread added: 0x0000018228fd1000
Event: 920.689 Thread 0x000001822c959000 Thread added: 0x000001822c959000
Event: 920.802 Executing VM operation: BulkRevokeBias
Event: 920.804 Executing VM operation: BulkRevokeBias done
Event: 920.805 Thread 0x000001822c957800 Thread added: 0x000001822c957800
Event: 920.805 loading class org/gradle/api/internal/tasks/testing/TestResultProcessor
Event: 920.805 loading class org/gradle/api/internal/tasks/testing/TestResultProcessor done
Event: 920.807 Thread 0x000001822c955000 Thread added: 0x000001822c955000
Event: 920.807 loading class org/gradle/api/internal/tasks/testing/TestClassProcessor
Event: 920.807 loading class org/gradle/api/internal/tasks/testing/TestClassProcessor done
Event: 920.817 Thread 0x000001822c956000 Thread added: 0x000001822c956000
Event: 920.822 Thread 0x000001822c954800 Thread added: 0x000001822c954800


Dynamic libraries:
0x00007ff756eb0000 - 0x00007ff756eba000 	C:\Program Files\JetBrains\IntelliJ IDEA Community Edition 2022.1\jbr\bin\java.exe
0x00007ffcbe410000 - 0x00007ffcbe605000 	C:\Windows\SYSTEM32\ntdll.dll
0x00007ffcbdb70000 - 0x00007ffcbdc2e000 	C:\Windows\System32\KERNEL32.DLL
0x00007ffcbbe90000 - 0x00007ffcbc159000 	C:\Windows\System32\KERNELBASE.dll
0x00007ffcbc160000 - 0x00007ffcbc260000 	C:\Windows\System32\ucrtbase.dll
0x00007ffcaccd0000 - 0x00007ffcacce6000 	C:\Program Files\JetBrains\IntelliJ IDEA Community Edition 2022.1\jbr\bin\VCRUNTIME140.dll
0x00007ffcb3390000 - 0x00007ffcb33a9000 	C:\Program Files\JetBrains\IntelliJ IDEA Community Edition 2022.1\jbr\bin\jli.dll
0x00007ffcbd3d0000 - 0x00007ffcbd571000 	C:\Windows\System32\USER32.dll
0x00007ffcbbd50000 - 0x00007ffcbbd72000 	C:\Windows\System32\win32u.dll
0x00007ffca9540000 - 0x00007ffca97da000 	C:\Windows\WinSxS\amd64_microsoft.windows.common-controls_6595b64144ccf1df_6.0.19041.1110_none_60b5254171f9507e\COMCTL32.dll
0x00007ffcbdf20000 - 0x00007ffcbdf4b000 	C:\Windows\System32\GDI32.dll
0x00007ffcbc460000 - 0x00007ffcbc4fe000 	C:\Windows\System32\msvcrt.dll
0x00007ffcbbc40000 - 0x00007ffcbbd4b000 	C:\Windows\System32\gdi32full.dll
0x00007ffcbc3c0000 - 0x00007ffcbc45d000 	C:\Windows\System32\msvcp_win.dll
0x00007ffcbd580000 - 0x00007ffcbd5b0000 	C:\Windows\System32\IMM32.DLL
0x00007ffc8e610000 - 0x00007ffc8e6ba000 	C:\Program Files\JetBrains\IntelliJ IDEA Community Edition 2022.1\jbr\bin\msvcp140.dll
0x00007ffc774d0000 - 0x00007ffc7804a000 	C:\Program Files\JetBrains\IntelliJ IDEA Community Edition 2022.1\jbr\bin\server\jvm.dll
0x00007ffcbd620000 - 0x00007ffcbd6cc000 	C:\Windows\System32\ADVAPI32.dll
0x00007ffcbd940000 - 0x00007ffcbd9db000 	C:\Windows\System32\sechost.dll
0x00007ffcbdce0000 - 0x00007ffcbde0a000 	C:\Windows\System32\RPCRT4.dll
0x00007ffcbd1b0000 - 0x00007ffcbd1b8000 	C:\Windows\System32\PSAPI.DLL
0x00007ffcb6650000 - 0x00007ffcb6659000 	C:\Windows\SYSTEM32\WSOCK32.dll
0x00007ffcab3e0000 - 0x00007ffcab407000 	C:\Windows\SYSTEM32\WINMM.dll
0x00007ffcbdb00000 - 0x00007ffcbdb6b000 	C:\Windows\System32\WS2_32.dll
0x00007ffcb4f60000 - 0x00007ffcb4f6a000 	C:\Windows\SYSTEM32\VERSION.dll
0x00007ffcb9a30000 - 0x00007ffcb9a42000 	C:\Windows\SYSTEM32\kernel.appcore.dll
0x00007ffcb6630000 - 0x00007ffcb6641000 	C:\Program Files\JetBrains\IntelliJ IDEA Community Edition 2022.1\jbr\bin\verify.dll
0x00007ffc9ce50000 - 0x00007ffc9d034000 	C:\Windows\SYSTEM32\DBGHELP.DLL
0x00007ffc9cc90000 - 0x00007ffc9ccbc000 	C:\Windows\SYSTEM32\dbgcore.DLL
0x00007ffcbbb30000 - 0x00007ffcbbbb3000 	C:\Windows\System32\bcryptPrimitives.dll
0x00007ffcb4e70000 - 0x00007ffcb4e99000 	C:\Program Files\JetBrains\IntelliJ IDEA Community Edition 2022.1\jbr\bin\java.dll
0x00007ffcb6620000 - 0x00007ffcb662b000 	C:\Program Files\JetBrains\IntelliJ IDEA Community Edition 2022.1\jbr\bin\jimage.dll
0x00007ffcb4030000 - 0x00007ffcb4049000 	C:\Program Files\JetBrains\IntelliJ IDEA Community Edition 2022.1\jbr\bin\zip.dll
0x00007ffcbc5e0000 - 0x00007ffcbcd1f000 	C:\Windows\System32\SHELL32.dll
0x00007ffcb9c30000 - 0x00007ffcba3c0000 	C:\Windows\SYSTEM32\windows.storage.dll
0x00007ffcbcd20000 - 0x00007ffcbd075000 	C:\Windows\System32\combase.dll
0x00007ffcbb580000 - 0x00007ffcbb5ac000 	C:\Windows\SYSTEM32\Wldp.dll
0x00007ffcbde10000 - 0x00007ffcbdebe000 	C:\Windows\System32\SHCORE.dll
0x00007ffcbdec0000 - 0x00007ffcbdf15000 	C:\Windows\System32\shlwapi.dll
0x00007ffcbba70000 - 0x00007ffcbba8f000 	C:\Windows\SYSTEM32\profapi.dll
0x00007ffcb4010000 - 0x00007ffcb402a000 	C:\Program Files\JetBrains\IntelliJ IDEA Community Edition 2022.1\jbr\bin\net.dll
0x00007ffca8bf0000 - 0x00007ffca8cf8000 	C:\Windows\SYSTEM32\WINHTTP.dll
0x00007ffcbb2e0000 - 0x00007ffcbb34a000 	C:\Windows\system32\mswsock.dll
0x00007ffcb3ea0000 - 0x00007ffcb3eb4000 	C:\Program Files\JetBrains\IntelliJ IDEA Community Edition 2022.1\jbr\bin\nio.dll
0x00007ffca7e80000 - 0x00007ffca7ea7000 	C:\Users\Lenovo\.gradle\native\e1d6ef7f7dcc3fd88c89a11ec53ec762bb8ba0a96d01ffa2cd45eb1d1d8dd5c5\windows-amd64\native-platform.dll
0x00007ffc737b0000 - 0x00007ffc738f4000 	C:\Users\Lenovo\.gradle\native\5664cfc778a61ccfe75a443a1ab52a65af34e5dc3c78e0209fed803814484fcb\windows-amd64\native-platform-file-events.dll
0x00007ffcb65b0000 - 0x00007ffcb65ba000 	C:\Program Files\JetBrains\IntelliJ IDEA Community Edition 2022.1\jbr\bin\management.dll
0x00007ffcb5fc0000 - 0x00007ffcb5fcd000 	C:\Program Files\JetBrains\IntelliJ IDEA Community Edition 2022.1\jbr\bin\management_ext.dll
0x00007ffcbb4e0000 - 0x00007ffcbb4f8000 	C:\Windows\SYSTEM32\CRYPTSP.dll
0x00007ffcbabf0000 - 0x00007ffcbac24000 	C:\Windows\system32\rsaenh.dll
0x00007ffcbbbc0000 - 0x00007ffcbbbe7000 	C:\Windows\System32\bcrypt.dll
0x00007ffcbba30000 - 0x00007ffcbba5e000 	C:\Windows\SYSTEM32\USERENV.dll
0x00007ffcbb4d0000 - 0x00007ffcbb4dc000 	C:\Windows\SYSTEM32\CRYPTBASE.dll
0x00007ffcbaf80000 - 0x00007ffcbafbb000 	C:\Windows\SYSTEM32\IPHLPAPI.DLL
0x00007ffcbd5b0000 - 0x00007ffcbd5b8000 	C:\Windows\System32\NSI.dll
0x00007ffcb0650000 - 0x00007ffcb0667000 	C:\Windows\SYSTEM32\dhcpcsvc6.DLL
0x00007ffcb1fe0000 - 0x00007ffcb1ffd000 	C:\Windows\SYSTEM32\dhcpcsvc.DLL
0x00007ffcbafd0000 - 0x00007ffcbb09c000 	C:\Windows\SYSTEM32\DNSAPI.dll

dbghelp: loaded successfully - version: 4.0.5 - missing functions: none
symbol engine: initialized successfully - sym options: 0x614 - pdb path: .;C:\Program Files\JetBrains\IntelliJ IDEA Community Edition 2022.1\jbr\bin;C:\Windows\SYSTEM32;C:\Windows\WinSxS\amd64_microsoft.windows.common-controls_6595b64144ccf1df_6.0.19041.1110_none_60b5254171f9507e;C:\Program Files\JetBrains\IntelliJ IDEA Community Edition 2022.1\jbr\bin\server;C:\Users\Lenovo\.gradle\native\e1d6ef7f7dcc3fd88c89a11ec53ec762bb8ba0a96d01ffa2cd45eb1d1d8dd5c5\windows-amd64;C:\Users\Lenovo\.gradle\native\5664cfc778a61ccfe75a443a1ab52a65af34e5dc3c78e0209fed803814484fcb\windows-amd64

VM Arguments:
jvm_args: --add-opens=java.base/java.util=ALL-UNNAMED --add-opens=java.base/java.lang=ALL-UNNAMED --add-opens=java.base/java.lang.invoke=ALL-UNNAMED --add-opens=java.base/java.util=ALL-UNNAMED --add-opens=java.prefs/java.util.prefs=ALL-UNNAMED --add-opens=java.prefs/java.util.prefs=ALL-UNNAMED --add-opens=java.base/java.nio.charset=ALL-UNNAMED --add-opens=java.base/java.net=ALL-UNNAMED --add-opens=java.base/java.util.concurrent.atomic=ALL-UNNAMED -XX:MaxMetaspaceSize=256m -XX:+HeapDumpOnOutOfMemoryError -Xms256m -Xmx512m -Dfile.encoding=windows-1251 -Duser.country=RU -Duser.language=ru -Duser.variant 
java_command: org.gradle.launcher.daemon.bootstrap.GradleDaemon 7.2
java_class_path (initial): C:\Users\Lenovo\.gradle\wrapper\dists\gradle-7.2-bin\2dnblmf4td7x66yl1d74lt32g\gradle-7.2\lib\gradle-launcher-7.2.jar
Launcher Type: SUN_STANDARD

[Global flags]
     intx CICompilerCount                          = 3                                         {product} {ergonomic}
   size_t CompressedClassSpaceSize                 = 260046848                                 {product} {ergonomic}
     uint ConcGCThreads                            = 1                                         {product} {ergonomic}
     uint G1ConcRefinementThreads                  = 4                                         {product} {ergonomic}
   size_t G1HeapRegionSize                         = 1048576                                   {product} {ergonomic}
    uintx GCDrainStackTargetSize                   = 64                                        {product} {ergonomic}
     bool HeapDumpOnOutOfMemoryError               = true                                   {manageable} {command line}
   size_t InitialHeapSize                          = 268435456                                 {product} {command line}
   size_t MarkStackSize                            = 4194304                                   {product} {ergonomic}
   size_t MaxHeapSize                              = 536870912                                 {product} {command line}
   size_t MaxMetaspaceSize                         = 268435456                                 {product} {command line}
   size_t MaxNewSize                               = 321912832                                 {product} {ergonomic}
   size_t MinHeapDeltaBytes                        = 1048576                                   {product} {ergonomic}
    uintx NonNMethodCodeHeapSize                   = 5830732                                {pd product} {ergonomic}
    uintx NonProfiledCodeHeapSize                  = 122913754                              {pd product} {ergonomic}
    uintx ProfiledCodeHeapSize                     = 122913754                              {pd product} {ergonomic}
    uintx ReservedCodeCacheSize                    = 251658240                              {pd product} {ergonomic}
     bool SegmentedCodeCache                       = true                                      {product} {ergonomic}
     bool UseCompressedClassPointers               = true                                 {lp64_product} {ergonomic}
     bool UseCompressedOops                        = true                                 {lp64_product} {ergonomic}
     bool UseG1GC                                  = true                                      {product} {ergonomic}
     bool UseLargePagesIndividualAllocation        = false                                  {pd product} {ergonomic}

Logging:
Log output configuration:
 #0: stdout all=warning uptime,level,tags
 #1: stderr all=off uptime,level,tags

Environment Variables:
JAVA_HOME=C:\Program Files\Java\jdk-17.0.2
PATH=C:\Program Files\Common Files\Oracle\Java\javapath;C:\Windows\system32;C:\Windows;C:\Windows\System32\Wbem;C:\Windows\System32\WindowsPowerShell\v1.0\;C:\Program Files\Git\cmd;C:\Users\Lenovo\AppData\Roaming\Microsoft\Windows\Start Menu\Programs\Python 3.10;C:\Users\Lenovo\AppData\Local\Programs\Python\Python310\Scripts\;C:\Users\Lenovo\AppData\Local\Programs\Python\Python310\;C:\Users\Lenovo\AppData\Local\Microsoft\WindowsApps;C:\Program Files\Java\jdk-17.0.2\bin;C:\Users\Lenovo\AppData\Local\Pandoc\;C:\Users\Lenovo\AppData\Roaming\Microsoft\Windows\Start Menu\Programs\Python 3.10;
USERNAME=Lenovo
OS=Windows_NT
PROCESSOR_IDENTIFIER=Intel64 Family 6 Model 142 Stepping 9, GenuineIntel



---------------  S Y S T E M  ---------------

OS: Windows 10 , 64 bit Build 19041 (10.0.19041.1202)
OS uptime: 2 days 3:06 hours

CPU:total 4 (initial active 4) (2 cores per cpu, 2 threads per core) family 6 model 142 stepping 9 microcode 0xb4, cmov, cx8, fxsr, mmx, sse, sse2, sse3, ssse3, sse4.1, sse4.2, popcnt, avx, avx2, aes, clmul, erms, 3dnowpref, lzcnt, ht, tsc, tscinvbit, bmi1, bmi2, adx, fma

Memory: 4k page, system-wide physical 8050M (222M free)
TotalPageFile size 8050M (AvailPageFile size 190M)
current process WorkingSet (physical memory assigned to process): 408M, peak: 418M
current process commit charge ("private bytes"): 500M, peak: 508M

vm_info: OpenJDK 64-Bit Server VM (11.0.14.1+1-b2043.25) for windows-amd64 JRE (11.0.14.1+1-b2043.25), built on Mar 30 2022 06:22:56 by "" with MS VC++ 14.0 (VS2015)

END.
