#
# There is insufficient memory for the Java Runtime Environment to continue.
# Native memory allocation (malloc) failed to allocate 1158176 bytes for Chunk::new
# Possible reasons:
#   The system is out of physical RAM or swap space
#   The process is running with CompressedOops enabled, and the Java Heap may be blocking the growth of the native heap
# Possible solutions:
#   Reduce memory load on the system
#   Increase physical memory or swap space
#   Check if swap backing store is full
#   Decrease Java heap size (-Xmx/-Xms)
#   Decrease number of Java threads
#   Decrease Java thread stack sizes (-Xss)
#   Set larger code cache with -XX:ReservedCodeCacheSize=
#   JVM is running with Unscaled Compressed Oops mode in which the Java heap is
#     placed in the first 4GB address space. The Java Heap base address is the
#     maximum limit for the native heap growth. Please use -XX:HeapBaseMinAddress
#     to set the Java Heap base and to place the Java Heap above 4GB virtual address.
# This output file may be truncated or incomplete.
#
#  Out of Memory Error (src/hotspot/share/memory/arena.cpp:197), pid=10364, tid=11136
#
# JRE version: OpenJDK Runtime Environment JBR-11.0.14.1.1-2043.25-jcef (11.0.14.1+1) (build 11.0.14.1+1-b2043.25)
# Java VM: OpenJDK 64-Bit Server VM JBR-11.0.14.1.1-2043.25-jcef (11.0.14.1+1-b2043.25, mixed mode, tiered, compressed oops, g1 gc, windows-amd64)
# No core dump will be written. Minidumps are not enabled by default on client versions of Windows
#

---------------  S U M M A R Y ------------

Command Line: --add-opens=java.base/java.util=ALL-UNNAMED --add-opens=java.base/java.lang=ALL-UNNAMED --add-opens=java.base/java.lang.invoke=ALL-UNNAMED --add-opens=java.base/java.util=ALL-UNNAMED --add-opens=java.prefs/java.util.prefs=ALL-UNNAMED --add-opens=java.prefs/java.util.prefs=ALL-UNNAMED --add-opens=java.base/java.nio.charset=ALL-UNNAMED --add-opens=java.base/java.net=ALL-UNNAMED --add-opens=java.base/java.util.concurrent.atomic=ALL-UNNAMED -XX:MaxMetaspaceSize=256m -XX:+HeapDumpOnOutOfMemoryError -Xms256m -Xmx512m -Dfile.encoding=windows-1251 -Duser.country=RU -Duser.language=ru -Duser.variant org.gradle.launcher.daemon.bootstrap.GradleDaemon 7.2

Host: Intel(R) Core(TM) i7-7500U CPU @ 2.70GHz, 4 cores, 7G,  Windows 10 , 64 bit Build 19041 (10.0.19041.1202)
Time: Wed Jun  1 21:19:31 2022 RTZ 2 (зима) elapsed time: 9.990748 seconds (0d 0h 0m 9s)

---------------  T H R E A D  ---------------

Current thread (0x000001e9a602e800):  JavaThread "C2 CompilerThread0" daemon [_thread_in_native, id=11136, stack(0x0000008c35a00000,0x0000008c35b00000)]


Current CompileTask:
C2:   9990 6134 %     4       groovy.lang.MetaClassImpl::inheritInterfaceNewMetaMethods @ 100 (195 bytes)

Stack: [0x0000008c35a00000,0x0000008c35b00000]
Native frames: (J=compiled Java code, j=interpreted, Vv=VM code, C=native code)
V  [jvm.dll+0x61618a]
V  [jvm.dll+0x79c450]
V  [jvm.dll+0x79da6d]
V  [jvm.dll+0x79e143]
V  [jvm.dll+0x24c968]
V  [jvm.dll+0xc13dc]
V  [jvm.dll+0xc190c]
V  [jvm.dll+0x2c1f24]
V  [jvm.dll+0x528d6b]
V  [jvm.dll+0x20cd23]
V  [jvm.dll+0x2067c0]
V  [jvm.dll+0x203ee2]
V  [jvm.dll+0x18b5e1]
V  [jvm.dll+0x212c6f]
V  [jvm.dll+0x211511]
V  [jvm.dll+0x762b9f]
V  [jvm.dll+0x75b755]
V  [jvm.dll+0x614df6]
C  [ucrtbase.dll+0x21bb2]
C  [KERNEL32.DLL+0x17034]
C  [ntdll.dll+0x52651]


---------------  P R O C E S S  ---------------

Threads class SMR info:
_java_thread_list=0x000001e9af1c7da0, length=91, elements={
0x000001e98d42a800, 0x000001e9a5fe3000, 0x000001e9a579f000, 0x000001e9a6026800,
0x000001e9a6027800, 0x000001e9a6029800, 0x000001e9a602e800, 0x000001e9a602f800,
0x000001e9a6046800, 0x000001e9a6199000, 0x000001e9a6386800, 0x000001e9a7c85800,
0x000001e9a87f3000, 0x000001e9a906e800, 0x000001e9a8ea4800, 0x000001e9a8434800,
0x000001e9a84a5800, 0x000001e9a7a51800, 0x000001e9a7a52800, 0x000001e9a8685800,
0x000001e9a8686000, 0x000001e9a823d000, 0x000001e9a8241000, 0x000001e9a823f800,
0x000001e9a823d800, 0x000001e9a8240000, 0x000001e9a823e800, 0x000001e9a8242000,
0x000001e9a823c000, 0x000001e9a8242800, 0x000001e9aa150800, 0x000001e9aa154800,
0x000001e9aa151000, 0x000001e9aa14e800, 0x000001e9aa153000, 0x000001e9aa153800,
0x000001e9aa14f800, 0x000001e9aa15c000, 0x000001e9aa156000, 0x000001e9aa15c800,
0x000001e9aa159800, 0x000001e9aa157000, 0x000001e9aa15b000, 0x000001e9aa15a000,
0x000001e9aa15d800, 0x000001e9aa157800, 0x000001e9aa158800, 0x000001e9aba66800,
0x000001e9aba67800, 0x000001e9aba63800, 0x000001e9aba66000, 0x000001e9aba62000,
0x000001e9aba68800, 0x000001e9aba62800, 0x000001e9aba65000, 0x000001e9aba69000,
0x000001e9aba6a000, 0x000001e9aba64800, 0x000001e9aba6b800, 0x000001e9aba6f000,
0x000001e9aba6c800, 0x000001e9aba6d800, 0x000001e9aba6b000, 0x000001e9aba6e000,
0x000001e9aba6f800, 0x000001e9aba70800, 0x000001e9ab5c4000, 0x000001e9ab5c5000,
0x000001e9ab5c2800, 0x000001e9ab5c1800, 0x000001e9ab5c3800, 0x000001e9ab5c6000,
0x000001e9ab5c1000, 0x000001e9ab5c0000, 0x000001e9ab5c7800, 0x000001e9ab5c8800,
0x000001e9ab5c9000, 0x000001e9ab5cc800, 0x000001e9ab5ca000, 0x000001e9ab5cb800,
0x000001e9ab5ca800, 0x000001e9ab5c6800, 0x000001e9ab5cf000, 0x000001e9ab5cd000,
0x000001e9ab5ce000, 0x000001e9af3cb000, 0x000001e9af3cc000, 0x000001e9af3cd800,
0x000001e9af3cc800, 0x000001e9af3ce800, 0x000001e9af3c9800
}

Java Threads: ( => current thread )
  0x000001e98d42a800 JavaThread "main" [_thread_blocked, id=7824, stack(0x0000008c34e00000,0x0000008c34f00000)]
  0x000001e9a5fe3000 JavaThread "Reference Handler" daemon [_thread_blocked, id=10820, stack(0x0000008c35500000,0x0000008c35600000)]
  0x000001e9a579f000 JavaThread "Finalizer" daemon [_thread_blocked, id=11840, stack(0x0000008c35600000,0x0000008c35700000)]
  0x000001e9a6026800 JavaThread "Signal Dispatcher" daemon [_thread_blocked, id=11128, stack(0x0000008c35700000,0x0000008c35800000)]
  0x000001e9a6027800 JavaThread "Attach Listener" daemon [_thread_blocked, id=10608, stack(0x0000008c35800000,0x0000008c35900000)]
  0x000001e9a6029800 JavaThread "Service Thread" daemon [_thread_blocked, id=12276, stack(0x0000008c35900000,0x0000008c35a00000)]
=>0x000001e9a602e800 JavaThread "C2 CompilerThread0" daemon [_thread_in_native, id=11136, stack(0x0000008c35a00000,0x0000008c35b00000)]
  0x000001e9a602f800 JavaThread "C1 CompilerThread0" daemon [_thread_blocked, id=12072, stack(0x0000008c35b00000,0x0000008c35c00000)]
  0x000001e9a6046800 JavaThread "Sweeper thread" daemon [_thread_blocked, id=12024, stack(0x0000008c35c00000,0x0000008c35d00000)]
  0x000001e9a6199000 JavaThread "Common-Cleaner" daemon [_thread_blocked, id=8376, stack(0x0000008c35d00000,0x0000008c35e00000)]
  0x000001e9a6386800 JavaThread "C2 CompilerThread1" daemon [_thread_in_native, id=10320, stack(0x0000008c35f00000,0x0000008c36000000)]
  0x000001e9a7c85800 JavaThread "Daemon health stats" [_thread_blocked, id=12008, stack(0x0000008c36300000,0x0000008c36400000)]
  0x000001e9a87f3000 JavaThread "Incoming local TCP Connector on port 63028" [_thread_in_native, id=11868, stack(0x0000008c36400000,0x0000008c36500000)]
  0x000001e9a906e800 JavaThread "Daemon periodic checks" [_thread_blocked, id=4448, stack(0x0000008c36500000,0x0000008c36600000)]
  0x000001e9a8ea4800 JavaThread "Daemon" [_thread_blocked, id=10444, stack(0x0000008c36600000,0x0000008c36700000)]
  0x000001e9a8434800 JavaThread "Handler for socket connection from /127.0.0.1:63028 to /127.0.0.1:63029" [_thread_in_native, id=7288, stack(0x0000008c36700000,0x0000008c36800000)]
  0x000001e9a84a5800 JavaThread "Cancel handler" [_thread_blocked, id=2196, stack(0x0000008c36800000,0x0000008c36900000)]
  0x000001e9a7a51800 JavaThread "Daemon worker" [_thread_blocked, id=4828, stack(0x0000008c36900000,0x0000008c36a00000)]
  0x000001e9a7a52800 JavaThread "Asynchronous log dispatcher for DefaultDaemonConnection: socket connection from /127.0.0.1:63028 to /127.0.0.1:63029" [_thread_blocked, id=660, stack(0x0000008c36a00000,0x0000008c36b00000)]
  0x000001e9a8685800 JavaThread "Stdin handler" [_thread_blocked, id=12532, stack(0x0000008c36b00000,0x0000008c36c00000)]
  0x000001e9a8686000 JavaThread "Daemon client event forwarder" [_thread_blocked, id=11848, stack(0x0000008c36c00000,0x0000008c36d00000)]
  0x000001e9a823d000 JavaThread "Cache worker for journal cache (C:\Users\Lenovo\.gradle\caches\journal-1)" [_thread_blocked, id=12348, stack(0x0000008c36d00000,0x0000008c36e00000)]
  0x000001e9a8241000 JavaThread "File lock request listener" [_thread_in_native, id=5920, stack(0x0000008c36e00000,0x0000008c36f00000)]
  0x000001e9a823f800 JavaThread "Cache worker for file hash cache (C:\Users\Lenovo\.gradle\caches\7.2\fileHashes)" [_thread_blocked, id=12960, stack(0x0000008c36f00000,0x0000008c37000000)]
  0x000001e9a823d800 JavaThread "Cache worker for file hash cache (C:\Users\Lenovo\IdeaProjects\softdev-2022-spring-task-3\.gradle\7.2\fileHashes)" [_thread_blocked, id=10776, stack(0x0000008c37000000,0x0000008c37100000)]
  0x000001e9a8240000 JavaThread "File watcher server" daemon [_thread_in_native, id=9944, stack(0x0000008c37100000,0x0000008c37200000)]
  0x000001e9a823e800 JavaThread "File watcher consumer" daemon [_thread_blocked, id=12420, stack(0x0000008c37200000,0x0000008c37300000)]
  0x000001e9a8242000 JavaThread "Cache worker for checksums cache (C:\Users\Lenovo\IdeaProjects\softdev-2022-spring-task-3\.gradle\checksums)" [_thread_blocked, id=11404, stack(0x0000008c37300000,0x0000008c37400000)]
  0x000001e9a823c000 JavaThread "Cache worker for cache directory md-supplier (C:\Users\Lenovo\.gradle\caches\7.2\md-supplier)" [_thread_blocked, id=8316, stack(0x0000008c37400000,0x0000008c37500000)]
  0x000001e9a8242800 JavaThread "Cache worker for cache directory md-rule (C:\Users\Lenovo\.gradle\caches\7.2\md-rule)" [_thread_blocked, id=11752, stack(0x0000008c37500000,0x0000008c37600000)]
  0x000001e9aa150800 JavaThread "Cache worker for execution history cache (C:\Users\Lenovo\.gradle\caches\7.2\executionHistory)" [_thread_blocked, id=10780, stack(0x0000008c37600000,0x0000008c37700000)]
  0x000001e9aa154800 JavaThread "jar transforms" [_thread_blocked, id=8508, stack(0x0000008c37700000,0x0000008c37800000)]
  0x000001e9aa151000 JavaThread "jar transforms Thread 2" [_thread_blocked, id=9168, stack(0x0000008c37800000,0x0000008c37900000)]
  0x000001e9aa14e800 JavaThread "Cache worker for file content cache (C:\Users\Lenovo\.gradle\caches\7.2\fileContent)" [_thread_blocked, id=11672, stack(0x0000008c37900000,0x0000008c37a00000)]
  0x000001e9aa153000 JavaThread "jar transforms Thread 3" [_thread_blocked, id=1768, stack(0x0000008c37a00000,0x0000008c37b00000)]
  0x000001e9aa153800 JavaThread "jar transforms Thread 4" [_thread_blocked, id=10580, stack(0x0000008c37b00000,0x0000008c37c00000)]
  0x000001e9aa14f800 JavaThread "Cache worker for dependencies-accessors (C:\Users\Lenovo\IdeaProjects\softdev-2022-spring-task-3\.gradle\7.2\dependencies-accessors)" [_thread_blocked, id=8324, stack(0x0000008c37c00000,0x0000008c37d00000)]
  0x000001e9aa15c000 JavaThread "Cache worker for Build Output Cleanup Cache (C:\Users\Lenovo\IdeaProjects\softdev-2022-spring-task-3\.gradle\buildOutputCleanup)" [_thread_blocked, id=12732, stack(0x0000008c37d00000,0x0000008c37e00000)]
  0x000001e9aa156000 JavaThread "Unconstrained build operations" [_thread_blocked, id=4732, stack(0x0000008c37e00000,0x0000008c37f00000)]
  0x000001e9aa15c800 JavaThread "Unconstrained build operations Thread 2" [_thread_blocked, id=3084, stack(0x0000008c37f00000,0x0000008c38000000)]
  0x000001e9aa159800 JavaThread "Unconstrained build operations Thread 3" [_thread_blocked, id=4684, stack(0x0000008c38000000,0x0000008c38100000)]
  0x000001e9aa157000 JavaThread "Unconstrained build operations Thread 4" [_thread_blocked, id=10836, stack(0x0000008c38100000,0x0000008c38200000)]
  0x000001e9aa15b000 JavaThread "Unconstrained build operations Thread 5" [_thread_blocked, id=3624, stack(0x0000008c38200000,0x0000008c38300000)]
  0x000001e9aa15a000 JavaThread "Unconstrained build operations Thread 6" [_thread_blocked, id=5888, stack(0x0000008c38300000,0x0000008c38400000)]
  0x000001e9aa15d800 JavaThread "Unconstrained build operations Thread 7" [_thread_blocked, id=10732, stack(0x0000008c38400000,0x0000008c38500000)]
  0x000001e9aa157800 JavaThread "Unconstrained build operations Thread 8" [_thread_blocked, id=11908, stack(0x0000008c38500000,0x0000008c38600000)]
  0x000001e9aa158800 JavaThread "Unconstrained build operations Thread 9" [_thread_blocked, id=12064, stack(0x0000008c38600000,0x0000008c38700000)]
  0x000001e9aba66800 JavaThread "Unconstrained build operations Thread 10" [_thread_blocked, id=7448, stack(0x0000008c38700000,0x0000008c38800000)]
  0x000001e9aba67800 JavaThread "Unconstrained build operations Thread 11" [_thread_blocked, id=7496, stack(0x0000008c38800000,0x0000008c38900000)]
  0x000001e9aba63800 JavaThread "Unconstrained build operations Thread 12" [_thread_blocked, id=3308, stack(0x0000008c38900000,0x0000008c38a00000)]
  0x000001e9aba66000 JavaThread "Unconstrained build operations Thread 13" [_thread_blocked, id=12796, stack(0x0000008c38a00000,0x0000008c38b00000)]
  0x000001e9aba62000 JavaThread "Memory manager" [_thread_blocked, id=11288, stack(0x0000008c38b00000,0x0000008c38c00000)]
  0x000001e9aba68800 JavaThread "Execution worker for ':'" [_thread_blocked, id=7204, stack(0x0000008c38c00000,0x0000008c38d00000)]
  0x000001e9aba62800 JavaThread "Execution worker for ':' Thread 2" [_thread_blocked, id=5348, stack(0x0000008c38d00000,0x0000008c38e00000)]
  0x000001e9aba65000 JavaThread "Execution worker for ':' Thread 3" [_thread_blocked, id=916, stack(0x0000008c38e00000,0x0000008c38f00000)]
  0x000001e9aba69000 JavaThread "Cache worker for execution history cache (C:\Users\Lenovo\IdeaProjects\softdev-2022-spring-task-3\.gradle\7.2\executionHistory)" [_thread_blocked, id=11072, stack(0x0000008c38f00000,0x0000008c39000000)]
  0x000001e9aba6a000 JavaThread "Unconstrained build operations Thread 14" [_thread_blocked, id=10728, stack(0x0000008c39000000,0x0000008c39100000)]
  0x000001e9aba64800 JavaThread "Unconstrained build operations Thread 15" [_thread_blocked, id=12672, stack(0x0000008c39100000,0x0000008c39200000)]
  0x000001e9aba6b800 JavaThread "Unconstrained build operations Thread 16" [_thread_blocked, id=8708, stack(0x0000008c39200000,0x0000008c39300000)]
  0x000001e9aba6f000 JavaThread "Unconstrained build operations Thread 17" [_thread_blocked, id=12096, stack(0x0000008c39300000,0x0000008c39400000)]
  0x000001e9aba6c800 JavaThread "Unconstrained build operations Thread 18" [_thread_blocked, id=2668, stack(0x0000008c39400000,0x0000008c39500000)]
  0x000001e9aba6d800 JavaThread "Unconstrained build operations Thread 19" [_thread_blocked, id=5064, stack(0x0000008c39500000,0x0000008c39600000)]
  0x000001e9aba6b000 JavaThread "Unconstrained build operations Thread 20" [_thread_blocked, id=12856, stack(0x0000008c39600000,0x0000008c39700000)]
  0x000001e9aba6e000 JavaThread "Unconstrained build operations Thread 21" [_thread_blocked, id=11352, stack(0x0000008c39700000,0x0000008c39800000)]
  0x000001e9aba6f800 JavaThread "Unconstrained build operations Thread 22" [_thread_blocked, id=12088, stack(0x0000008c39800000,0x0000008c39900000)]
  0x000001e9aba70800 JavaThread "Unconstrained build operations Thread 23" [_thread_blocked, id=10652, stack(0x0000008c39900000,0x0000008c39a00000)]
  0x000001e9ab5c4000 JavaThread "Unconstrained build operations Thread 24" [_thread_blocked, id=12860, stack(0x0000008c39a00000,0x0000008c39b00000)]
  0x000001e9ab5c5000 JavaThread "Unconstrained build operations Thread 25" [_thread_blocked, id=11824, stack(0x0000008c39b00000,0x0000008c39c00000)]
  0x000001e9ab5c2800 JavaThread "Unconstrained build operations Thread 26" [_thread_blocked, id=12896, stack(0x0000008c39c00000,0x0000008c39d00000)]
  0x000001e9ab5c1800 JavaThread "Unconstrained build operations Thread 27" [_thread_blocked, id=3928, stack(0x0000008c39d00000,0x0000008c39e00000)]
  0x000001e9ab5c3800 JavaThread "Unconstrained build operations Thread 28" [_thread_blocked, id=1340, stack(0x0000008c39e00000,0x0000008c39f00000)]
  0x000001e9ab5c6000 JavaThread "Unconstrained build operations Thread 29" [_thread_blocked, id=12708, stack(0x0000008c39f00000,0x0000008c3a000000)]
  0x000001e9ab5c1000 JavaThread "Unconstrained build operations Thread 30" [_thread_blocked, id=11168, stack(0x0000008c3a000000,0x0000008c3a100000)]
  0x000001e9ab5c0000 JavaThread "Unconstrained build operations Thread 31" [_thread_blocked, id=11532, stack(0x0000008c3a100000,0x0000008c3a200000)]
  0x000001e9ab5c7800 JavaThread "Unconstrained build operations Thread 32" [_thread_blocked, id=9804, stack(0x0000008c3a200000,0x0000008c3a300000)]
  0x000001e9ab5c8800 JavaThread "Unconstrained build operations Thread 33" [_thread_blocked, id=11732, stack(0x0000008c3a300000,0x0000008c3a400000)]
  0x000001e9ab5c9000 JavaThread "Unconstrained build operations Thread 34" [_thread_blocked, id=13140, stack(0x0000008c3a400000,0x0000008c3a500000)]
  0x000001e9ab5cc800 JavaThread "Unconstrained build operations Thread 35" [_thread_blocked, id=12900, stack(0x0000008c3a500000,0x0000008c3a600000)]
  0x000001e9ab5ca000 JavaThread "Unconstrained build operations Thread 36" [_thread_blocked, id=9328, stack(0x0000008c3a600000,0x0000008c3a700000)]
  0x000001e9ab5cb800 JavaThread "Unconstrained build operations Thread 37" [_thread_blocked, id=11976, stack(0x0000008c3a700000,0x0000008c3a800000)]
  0x000001e9ab5ca800 JavaThread "Unconstrained build operations Thread 38" [_thread_blocked, id=10696, stack(0x0000008c3a800000,0x0000008c3a900000)]
  0x000001e9ab5c6800 JavaThread "Unconstrained build operations Thread 39" [_thread_blocked, id=8356, stack(0x0000008c3a900000,0x0000008c3aa00000)]
  0x000001e9ab5cf000 JavaThread "Unconstrained build operations Thread 40" [_thread_blocked, id=11792, stack(0x0000008c3aa00000,0x0000008c3ab00000)]
  0x000001e9ab5cd000 JavaThread "Dispatch org.gradle.api.internal.tasks.testing.results.AttachParentTestResultProcessor@10164b6c" [_thread_blocked, id=2304, stack(0x0000008c3ab00000,0x0000008c3ac00000)]
  0x000001e9ab5ce000 JavaThread "Dispatch org.gradle.api.internal.tasks.testing.processors.RestartEveryNTestClassProcessor@6c8a7b47" [_thread_blocked, id=11292, stack(0x0000008c3ac00000,0x0000008c3ad00000)]
  0x000001e9af3cb000 JavaThread "Incoming local TCP Connector on port 63035" [_thread_in_native, id=11100, stack(0x0000008c3ad00000,0x0000008c3ae00000)]
  0x000001e9af3cc000 JavaThread "Exec process" [_thread_in_native, id=11604, stack(0x0000008c3ae00000,0x0000008c3af00000)]
  0x000001e9af3cd800 JavaThread "DisconnectableInputStream source reader" daemon [_thread_blocked, id=7600, stack(0x0000008c3af00000,0x0000008c3b000000)]
  0x000001e9af3cc800 JavaThread "Exec process Thread 2" [_thread_in_native, id=968, stack(0x0000008c3b000000,0x0000008c3b100000)]
  0x000001e9af3ce800 JavaThread "Exec process Thread 3" [_thread_in_native, id=11396, stack(0x0000008c3b100000,0x0000008c3b200000)]
  0x000001e9af3c9800 JavaThread "Exec process Thread 4" [_thread_in_native, id=8932, stack(0x0000008c3b200000,0x0000008c3b300000)]

Other Threads:
  0x000001e9a579e800 VMThread "VM Thread" [stack: 0x0000008c35400000,0x0000008c35500000] [id=13260]
  0x000001e9a61d1800 WatcherThread [stack: 0x0000008c35e00000,0x0000008c35f00000] [id=5680]
  0x000001e98d444000 GCTaskThread "GC Thread#0" [stack: 0x0000008c34f00000,0x0000008c35000000] [id=12628]
  0x000001e9a6c05800 GCTaskThread "GC Thread#1" [stack: 0x0000008c36000000,0x0000008c36100000] [id=9232]
  0x000001e9a65ba000 GCTaskThread "GC Thread#2" [stack: 0x0000008c36100000,0x0000008c36200000] [id=4904]
  0x000001e9a6a66000 GCTaskThread "GC Thread#3" [stack: 0x0000008c36200000,0x0000008c36300000] [id=11448]
  0x000001e98d455800 ConcurrentGCThread "G1 Main Marker" [stack: 0x0000008c35000000,0x0000008c35100000] [id=12204]
  0x000001e98d458800 ConcurrentGCThread "G1 Conc#0" [stack: 0x0000008c35100000,0x0000008c35200000] [id=12028]
  0x000001e98d50e000 ConcurrentGCThread "G1 Refine#0" [stack: 0x0000008c35200000,0x0000008c35300000] [id=11152]
  0x000001e9a5632800 ConcurrentGCThread "G1 Young RemSet Sampling" [stack: 0x0000008c35300000,0x0000008c35400000] [id=12472]

Threads with active compile tasks:
C2 CompilerThread0  10009 6134 %     4       groovy.lang.MetaClassImpl::inheritInterfaceNewMetaMethods @ 100 (195 bytes)
C2 CompilerThread1  10009 6139       4       java.net.URLClassLoader$1::run (5 bytes)

VM state:not at safepoint (normal execution)

VM Mutex/Monitor currently owned by a thread: None

Heap address: 0x00000000e0000000, size: 512 MB, Compressed Oops mode: 32-bit
Narrow klass base: 0x0000000000000000, Narrow klass shift: 3
Compressed class space size: 260046848 Address: 0x0000000100000000

Heap:
 garbage-first heap   total 262144K, used 90033K [0x00000000e0000000, 0x0000000100000000)
  region size 1024K, 52 young (53248K), 8 survivors (8192K)
 Metaspace       used 61404K, capacity 63503K, committed 63644K, reserved 309248K
  class space    used 8162K, capacity 8967K, committed 9036K, reserved 253952K
Heap Regions: E=young(eden), S=young(survivor), O=old, HS=humongous(starts), HC=humongous(continues), CS=collection set, F=free, A=archive, TAMS=top-at-mark-start (previous, next)
|   0|0x00000000e0000000, 0x00000000e0100000, 0x00000000e0100000|100%| O|  |TAMS 0x00000000e0100000, 0x00000000e0000000| Untracked 
|   1|0x00000000e0100000, 0x00000000e0200000, 0x00000000e0200000|100%| O|  |TAMS 0x00000000e0200000, 0x00000000e0100000| Untracked 
|   2|0x00000000e0200000, 0x00000000e0300000, 0x00000000e0300000|100%| O|  |TAMS 0x00000000e0300000, 0x00000000e0200000| Untracked 
|   3|0x00000000e0300000, 0x00000000e0400000, 0x00000000e0400000|100%|HS|  |TAMS 0x00000000e0400000, 0x00000000e0300000| Complete 
|   4|0x00000000e0400000, 0x00000000e0500000, 0x00000000e0500000|100%|HC|  |TAMS 0x00000000e0500000, 0x00000000e0400000| Complete 
|   5|0x00000000e0500000, 0x00000000e0600000, 0x00000000e0600000|100%|HC|  |TAMS 0x00000000e0600000, 0x00000000e0500000| Complete 
|   6|0x00000000e0600000, 0x00000000e0700000, 0x00000000e0700000|100%| O|  |TAMS 0x00000000e0700000, 0x00000000e0600000| Untracked 
|   7|0x00000000e0700000, 0x00000000e0800000, 0x00000000e0800000|100%| O|  |TAMS 0x00000000e0800000, 0x00000000e0700000| Untracked 
|   8|0x00000000e0800000, 0x00000000e0900000, 0x00000000e0900000|100%| O|  |TAMS 0x00000000e0900000, 0x00000000e0800000| Untracked 
|   9|0x00000000e0900000, 0x00000000e0a00000, 0x00000000e0a00000|100%| O|  |TAMS 0x00000000e0a00000, 0x00000000e0900000| Untracked 
|  10|0x00000000e0a00000, 0x00000000e0b00000, 0x00000000e0b00000|100%| O|  |TAMS 0x00000000e0b00000, 0x00000000e0a00000| Untracked 
|  11|0x00000000e0b00000, 0x00000000e0c00000, 0x00000000e0c00000|100%| O|  |TAMS 0x00000000e0c00000, 0x00000000e0b00000| Untracked 
|  12|0x00000000e0c00000, 0x00000000e0d00000, 0x00000000e0d00000|100%| O|  |TAMS 0x00000000e0d00000, 0x00000000e0c00000| Untracked 
|  13|0x00000000e0d00000, 0x00000000e0e00000, 0x00000000e0e00000|100%| O|  |TAMS 0x00000000e0e00000, 0x00000000e0d00000| Untracked 
|  14|0x00000000e0e00000, 0x00000000e0f00000, 0x00000000e0f00000|100%| O|  |TAMS 0x00000000e0f00000, 0x00000000e0e00000| Untracked 
|  15|0x00000000e0f00000, 0x00000000e1000000, 0x00000000e1000000|100%| O|  |TAMS 0x00000000e1000000, 0x00000000e0f00000| Untracked 
|  16|0x00000000e1000000, 0x00000000e1100000, 0x00000000e1100000|100%| O|  |TAMS 0x00000000e1100000, 0x00000000e1000000| Untracked 
|  17|0x00000000e1100000, 0x00000000e1200000, 0x00000000e1200000|100%| O|  |TAMS 0x00000000e1200000, 0x00000000e1100000| Untracked 
|  18|0x00000000e1200000, 0x00000000e1300000, 0x00000000e1300000|100%| O|  |TAMS 0x00000000e1300000, 0x00000000e1200000| Untracked 
|  19|0x00000000e1300000, 0x00000000e1400000, 0x00000000e1400000|100%| O|  |TAMS 0x00000000e1400000, 0x00000000e1300000| Untracked 
|  20|0x00000000e1400000, 0x00000000e1500000, 0x00000000e1500000|100%| O|  |TAMS 0x00000000e1500000, 0x00000000e1400000| Untracked 
|  21|0x00000000e1500000, 0x00000000e1600000, 0x00000000e1600000|100%| O|  |TAMS 0x00000000e1600000, 0x00000000e1500000| Untracked 
|  22|0x00000000e1600000, 0x00000000e1700000, 0x00000000e1700000|100%| O|  |TAMS 0x00000000e1700000, 0x00000000e1600000| Untracked 
|  23|0x00000000e1700000, 0x00000000e1800000, 0x00000000e1800000|100%| O|  |TAMS 0x00000000e1800000, 0x00000000e1700000| Untracked 
|  24|0x00000000e1800000, 0x00000000e1900000, 0x00000000e1900000|100%| O|  |TAMS 0x00000000e1900000, 0x00000000e1800000| Untracked 
|  25|0x00000000e1900000, 0x00000000e1a00000, 0x00000000e1a00000|100%| O|  |TAMS 0x00000000e1a00000, 0x00000000e1900000| Untracked 
|  26|0x00000000e1a00000, 0x00000000e1b00000, 0x00000000e1b00000|100%| O|  |TAMS 0x00000000e1b00000, 0x00000000e1a00000| Untracked 
|  27|0x00000000e1b00000, 0x00000000e1c00000, 0x00000000e1c00000|100%| O|  |TAMS 0x00000000e1c00000, 0x00000000e1b00000| Untracked 
|  28|0x00000000e1c00000, 0x00000000e1d00000, 0x00000000e1d00000|100%| O|  |TAMS 0x00000000e1d00000, 0x00000000e1c00000| Untracked 
|  29|0x00000000e1d00000, 0x00000000e1e00000, 0x00000000e1e00000|100%| O|  |TAMS 0x00000000e1e00000, 0x00000000e1d00000| Untracked 
|  30|0x00000000e1e00000, 0x00000000e1f00000, 0x00000000e1f00000|100%| O|  |TAMS 0x00000000e1f00000, 0x00000000e1e00000| Untracked 
|  31|0x00000000e1f00000, 0x00000000e2000000, 0x00000000e2000000|100%| O|  |TAMS 0x00000000e2000000, 0x00000000e1f00000| Untracked 
|  32|0x00000000e2000000, 0x00000000e2100000, 0x00000000e2100000|100%| O|  |TAMS 0x00000000e2100000, 0x00000000e2000000| Untracked 
|  33|0x00000000e2100000, 0x00000000e2200000, 0x00000000e2200000|100%| O|  |TAMS 0x00000000e2200000, 0x00000000e2100000| Untracked 
|  34|0x00000000e2200000, 0x00000000e2300000, 0x00000000e2300000|100%| O|  |TAMS 0x00000000e2300000, 0x00000000e2200000| Untracked 
|  35|0x00000000e2300000, 0x00000000e2400000, 0x00000000e2400000|100%| O|  |TAMS 0x00000000e2400000, 0x00000000e2300000| Untracked 
|  36|0x00000000e2400000, 0x00000000e2500000, 0x00000000e2500000|100%| O|  |TAMS 0x00000000e2500000, 0x00000000e2400000| Untracked 
|  37|0x00000000e2500000, 0x00000000e25ec600, 0x00000000e2600000| 92%| O|  |TAMS 0x00000000e25ec600, 0x00000000e2500000| Untracked 
|  38|0x00000000e2600000, 0x00000000e2600000, 0x00000000e2700000|  0%| F|  |TAMS 0x00000000e2600000, 0x00000000e2600000| Untracked 
|  39|0x00000000e2700000, 0x00000000e2700000, 0x00000000e2800000|  0%| F|  |TAMS 0x00000000e2700000, 0x00000000e2700000| Untracked 
|  40|0x00000000e2800000, 0x00000000e2800000, 0x00000000e2900000|  0%| F|  |TAMS 0x00000000e2800000, 0x00000000e2800000| Untracked 
|  41|0x00000000e2900000, 0x00000000e2900000, 0x00000000e2a00000|  0%| F|  |TAMS 0x00000000e2900000, 0x00000000e2900000| Untracked 
|  42|0x00000000e2a00000, 0x00000000e2a00000, 0x00000000e2b00000|  0%| F|  |TAMS 0x00000000e2a00000, 0x00000000e2a00000| Untracked 
|  43|0x00000000e2b00000, 0x00000000e2b00000, 0x00000000e2c00000|  0%| F|  |TAMS 0x00000000e2b00000, 0x00000000e2b00000| Untracked 
|  44|0x00000000e2c00000, 0x00000000e2c00000, 0x00000000e2d00000|  0%| F|  |TAMS 0x00000000e2c00000, 0x00000000e2c00000| Untracked 
|  45|0x00000000e2d00000, 0x00000000e2d00000, 0x00000000e2e00000|  0%| F|  |TAMS 0x00000000e2d00000, 0x00000000e2d00000| Untracked 
|  46|0x00000000e2e00000, 0x00000000e2e00000, 0x00000000e2f00000|  0%| F|  |TAMS 0x00000000e2e00000, 0x00000000e2e00000| Untracked 
|  47|0x00000000e2f00000, 0x00000000e2f00000, 0x00000000e3000000|  0%| F|  |TAMS 0x00000000e2f00000, 0x00000000e2f00000| Untracked 
|  48|0x00000000e3000000, 0x00000000e3000000, 0x00000000e3100000|  0%| F|  |TAMS 0x00000000e3000000, 0x00000000e3000000| Untracked 
|  49|0x00000000e3100000, 0x00000000e3100000, 0x00000000e3200000|  0%| F|  |TAMS 0x00000000e3100000, 0x00000000e3100000| Untracked 
|  50|0x00000000e3200000, 0x00000000e3200000, 0x00000000e3300000|  0%| F|  |TAMS 0x00000000e3200000, 0x00000000e3200000| Untracked 
|  51|0x00000000e3300000, 0x00000000e3300000, 0x00000000e3400000|  0%| F|  |TAMS 0x00000000e3300000, 0x00000000e3300000| Untracked 
|  52|0x00000000e3400000, 0x00000000e3400000, 0x00000000e3500000|  0%| F|  |TAMS 0x00000000e3400000, 0x00000000e3400000| Untracked 
|  53|0x00000000e3500000, 0x00000000e3500000, 0x00000000e3600000|  0%| F|  |TAMS 0x00000000e3500000, 0x00000000e3500000| Untracked 
|  54|0x00000000e3600000, 0x00000000e3600000, 0x00000000e3700000|  0%| F|  |TAMS 0x00000000e3600000, 0x00000000e3600000| Untracked 
|  55|0x00000000e3700000, 0x00000000e3700000, 0x00000000e3800000|  0%| F|  |TAMS 0x00000000e3700000, 0x00000000e3700000| Untracked 
|  56|0x00000000e3800000, 0x00000000e3800000, 0x00000000e3900000|  0%| F|  |TAMS 0x00000000e3800000, 0x00000000e3800000| Untracked 
|  57|0x00000000e3900000, 0x00000000e3900000, 0x00000000e3a00000|  0%| F|  |TAMS 0x00000000e3900000, 0x00000000e3900000| Untracked 
|  58|0x00000000e3a00000, 0x00000000e3a00000, 0x00000000e3b00000|  0%| F|  |TAMS 0x00000000e3a00000, 0x00000000e3a00000| Untracked 
|  59|0x00000000e3b00000, 0x00000000e3b00000, 0x00000000e3c00000|  0%| F|  |TAMS 0x00000000e3b00000, 0x00000000e3b00000| Untracked 
|  60|0x00000000e3c00000, 0x00000000e3c00000, 0x00000000e3d00000|  0%| F|  |TAMS 0x00000000e3c00000, 0x00000000e3c00000| Untracked 
|  61|0x00000000e3d00000, 0x00000000e3d00000, 0x00000000e3e00000|  0%| F|  |TAMS 0x00000000e3d00000, 0x00000000e3d00000| Untracked 
|  62|0x00000000e3e00000, 0x00000000e3e00000, 0x00000000e3f00000|  0%| F|  |TAMS 0x00000000e3e00000, 0x00000000e3e00000| Untracked 
|  63|0x00000000e3f00000, 0x00000000e3f00000, 0x00000000e4000000|  0%| F|  |TAMS 0x00000000e3f00000, 0x00000000e3f00000| Untracked 
|  64|0x00000000e4000000, 0x00000000e4000000, 0x00000000e4100000|  0%| F|  |TAMS 0x00000000e4000000, 0x00000000e4000000| Untracked 
|  65|0x00000000e4100000, 0x00000000e4100000, 0x00000000e4200000|  0%| F|  |TAMS 0x00000000e4100000, 0x00000000e4100000| Untracked 
|  66|0x00000000e4200000, 0x00000000e4200000, 0x00000000e4300000|  0%| F|  |TAMS 0x00000000e4200000, 0x00000000e4200000| Untracked 
|  67|0x00000000e4300000, 0x00000000e4300000, 0x00000000e4400000|  0%| F|  |TAMS 0x00000000e4300000, 0x00000000e4300000| Untracked 
|  68|0x00000000e4400000, 0x00000000e4400000, 0x00000000e4500000|  0%| F|  |TAMS 0x00000000e4400000, 0x00000000e4400000| Untracked 
|  69|0x00000000e4500000, 0x00000000e4500000, 0x00000000e4600000|  0%| F|  |TAMS 0x00000000e4500000, 0x00000000e4500000| Untracked 
|  70|0x00000000e4600000, 0x00000000e4600000, 0x00000000e4700000|  0%| F|  |TAMS 0x00000000e4600000, 0x00000000e4600000| Untracked 
|  71|0x00000000e4700000, 0x00000000e4700000, 0x00000000e4800000|  0%| F|  |TAMS 0x00000000e4700000, 0x00000000e4700000| Untracked 
|  72|0x00000000e4800000, 0x00000000e4800000, 0x00000000e4900000|  0%| F|  |TAMS 0x00000000e4800000, 0x00000000e4800000| Untracked 
|  73|0x00000000e4900000, 0x00000000e4900000, 0x00000000e4a00000|  0%| F|  |TAMS 0x00000000e4900000, 0x00000000e4900000| Untracked 
|  74|0x00000000e4a00000, 0x00000000e4a00000, 0x00000000e4b00000|  0%| F|  |TAMS 0x00000000e4a00000, 0x00000000e4a00000| Untracked 
|  75|0x00000000e4b00000, 0x00000000e4b00000, 0x00000000e4c00000|  0%| F|  |TAMS 0x00000000e4b00000, 0x00000000e4b00000| Untracked 
|  76|0x00000000e4c00000, 0x00000000e4c00000, 0x00000000e4d00000|  0%| F|  |TAMS 0x00000000e4c00000, 0x00000000e4c00000| Untracked 
|  77|0x00000000e4d00000, 0x00000000e4d00000, 0x00000000e4e00000|  0%| F|  |TAMS 0x00000000e4d00000, 0x00000000e4d00000| Untracked 
|  78|0x00000000e4e00000, 0x00000000e4e00000, 0x00000000e4f00000|  0%| F|  |TAMS 0x00000000e4e00000, 0x00000000e4e00000| Untracked 
|  79|0x00000000e4f00000, 0x00000000e4f00000, 0x00000000e5000000|  0%| F|  |TAMS 0x00000000e4f00000, 0x00000000e4f00000| Untracked 
|  80|0x00000000e5000000, 0x00000000e5000000, 0x00000000e5100000|  0%| F|  |TAMS 0x00000000e5000000, 0x00000000e5000000| Untracked 
|  81|0x00000000e5100000, 0x00000000e5100000, 0x00000000e5200000|  0%| F|  |TAMS 0x00000000e5100000, 0x00000000e5100000| Untracked 
|  82|0x00000000e5200000, 0x00000000e5200000, 0x00000000e5300000|  0%| F|  |TAMS 0x00000000e5200000, 0x00000000e5200000| Untracked 
|  83|0x00000000e5300000, 0x00000000e5300000, 0x00000000e5400000|  0%| F|  |TAMS 0x00000000e5300000, 0x00000000e5300000| Untracked 
|  84|0x00000000e5400000, 0x00000000e5400000, 0x00000000e5500000|  0%| F|  |TAMS 0x00000000e5400000, 0x00000000e5400000| Untracked 
|  85|0x00000000e5500000, 0x00000000e5500000, 0x00000000e5600000|  0%| F|  |TAMS 0x00000000e5500000, 0x00000000e5500000| Untracked 
|  86|0x00000000e5600000, 0x00000000e5600000, 0x00000000e5700000|  0%| F|  |TAMS 0x00000000e5600000, 0x00000000e5600000| Untracked 
|  87|0x00000000e5700000, 0x00000000e5700000, 0x00000000e5800000|  0%| F|  |TAMS 0x00000000e5700000, 0x00000000e5700000| Untracked 
|  88|0x00000000e5800000, 0x00000000e5800000, 0x00000000e5900000|  0%| F|  |TAMS 0x00000000e5800000, 0x00000000e5800000| Untracked 
|  89|0x00000000e5900000, 0x00000000e5900000, 0x00000000e5a00000|  0%| F|  |TAMS 0x00000000e5900000, 0x00000000e5900000| Untracked 
|  90|0x00000000e5a00000, 0x00000000e5a00000, 0x00000000e5b00000|  0%| F|  |TAMS 0x00000000e5a00000, 0x00000000e5a00000| Untracked 
|  91|0x00000000e5b00000, 0x00000000e5b00000, 0x00000000e5c00000|  0%| F|  |TAMS 0x00000000e5b00000, 0x00000000e5b00000| Untracked 
|  92|0x00000000e5c00000, 0x00000000e5c00000, 0x00000000e5d00000|  0%| F|  |TAMS 0x00000000e5c00000, 0x00000000e5c00000| Untracked 
|  93|0x00000000e5d00000, 0x00000000e5d00000, 0x00000000e5e00000|  0%| F|  |TAMS 0x00000000e5d00000, 0x00000000e5d00000| Untracked 
|  94|0x00000000e5e00000, 0x00000000e5e00000, 0x00000000e5f00000|  0%| F|  |TAMS 0x00000000e5e00000, 0x00000000e5e00000| Untracked 
|  95|0x00000000e5f00000, 0x00000000e5f00000, 0x00000000e6000000|  0%| F|  |TAMS 0x00000000e5f00000, 0x00000000e5f00000| Untracked 
|  96|0x00000000e6000000, 0x00000000e6000000, 0x00000000e6100000|  0%| F|  |TAMS 0x00000000e6000000, 0x00000000e6000000| Untracked 
|  97|0x00000000e6100000, 0x00000000e6100000, 0x00000000e6200000|  0%| F|  |TAMS 0x00000000e6100000, 0x00000000e6100000| Untracked 
|  98|0x00000000e6200000, 0x00000000e6200000, 0x00000000e6300000|  0%| F|  |TAMS 0x00000000e6200000, 0x00000000e6200000| Untracked 
|  99|0x00000000e6300000, 0x00000000e6300000, 0x00000000e6400000|  0%| F|  |TAMS 0x00000000e6300000, 0x00000000e6300000| Untracked 
| 100|0x00000000e6400000, 0x00000000e6400000, 0x00000000e6500000|  0%| F|  |TAMS 0x00000000e6400000, 0x00000000e6400000| Untracked 
| 101|0x00000000e6500000, 0x00000000e6500000, 0x00000000e6600000|  0%| F|  |TAMS 0x00000000e6500000, 0x00000000e6500000| Untracked 
| 102|0x00000000e6600000, 0x00000000e6600000, 0x00000000e6700000|  0%| F|  |TAMS 0x00000000e6600000, 0x00000000e6600000| Untracked 
| 103|0x00000000e6700000, 0x00000000e6700000, 0x00000000e6800000|  0%| F|  |TAMS 0x00000000e6700000, 0x00000000e6700000| Untracked 
| 104|0x00000000e6800000, 0x00000000e6800000, 0x00000000e6900000|  0%| F|  |TAMS 0x00000000e6800000, 0x00000000e6800000| Untracked 
| 105|0x00000000e6900000, 0x00000000e6900000, 0x00000000e6a00000|  0%| F|  |TAMS 0x00000000e6900000, 0x00000000e6900000| Untracked 
| 106|0x00000000e6a00000, 0x00000000e6a00000, 0x00000000e6b00000|  0%| F|  |TAMS 0x00000000e6a00000, 0x00000000e6a00000| Untracked 
| 107|0x00000000e6b00000, 0x00000000e6b00000, 0x00000000e6c00000|  0%| F|  |TAMS 0x00000000e6b00000, 0x00000000e6b00000| Untracked 
| 108|0x00000000e6c00000, 0x00000000e6c00000, 0x00000000e6d00000|  0%| F|  |TAMS 0x00000000e6c00000, 0x00000000e6c00000| Untracked 
| 109|0x00000000e6d00000, 0x00000000e6d00000, 0x00000000e6e00000|  0%| F|  |TAMS 0x00000000e6d00000, 0x00000000e6d00000| Untracked 
| 110|0x00000000e6e00000, 0x00000000e6e00000, 0x00000000e6f00000|  0%| F|  |TAMS 0x00000000e6e00000, 0x00000000e6e00000| Untracked 
| 111|0x00000000e6f00000, 0x00000000e6f00000, 0x00000000e7000000|  0%| F|  |TAMS 0x00000000e6f00000, 0x00000000e6f00000| Untracked 
| 112|0x00000000e7000000, 0x00000000e7000000, 0x00000000e7100000|  0%| F|  |TAMS 0x00000000e7000000, 0x00000000e7000000| Untracked 
| 113|0x00000000e7100000, 0x00000000e7100000, 0x00000000e7200000|  0%| F|  |TAMS 0x00000000e7100000, 0x00000000e7100000| Untracked 
| 114|0x00000000e7200000, 0x00000000e7200000, 0x00000000e7300000|  0%| F|  |TAMS 0x00000000e7200000, 0x00000000e7200000| Untracked 
| 115|0x00000000e7300000, 0x00000000e7300000, 0x00000000e7400000|  0%| F|  |TAMS 0x00000000e7300000, 0x00000000e7300000| Untracked 
| 116|0x00000000e7400000, 0x00000000e7400000, 0x00000000e7500000|  0%| F|  |TAMS 0x00000000e7400000, 0x00000000e7400000| Untracked 
| 117|0x00000000e7500000, 0x00000000e7500000, 0x00000000e7600000|  0%| F|  |TAMS 0x00000000e7500000, 0x00000000e7500000| Untracked 
| 118|0x00000000e7600000, 0x00000000e7600000, 0x00000000e7700000|  0%| F|  |TAMS 0x00000000e7600000, 0x00000000e7600000| Untracked 
| 119|0x00000000e7700000, 0x00000000e7700000, 0x00000000e7800000|  0%| F|  |TAMS 0x00000000e7700000, 0x00000000e7700000| Untracked 
| 120|0x00000000e7800000, 0x00000000e7800000, 0x00000000e7900000|  0%| F|  |TAMS 0x00000000e7800000, 0x00000000e7800000| Untracked 
| 121|0x00000000e7900000, 0x00000000e7900000, 0x00000000e7a00000|  0%| F|  |TAMS 0x00000000e7900000, 0x00000000e7900000| Untracked 
| 122|0x00000000e7a00000, 0x00000000e7a00000, 0x00000000e7b00000|  0%| F|  |TAMS 0x00000000e7a00000, 0x00000000e7a00000| Untracked 
| 123|0x00000000e7b00000, 0x00000000e7b00000, 0x00000000e7c00000|  0%| F|  |TAMS 0x00000000e7b00000, 0x00000000e7b00000| Untracked 
| 124|0x00000000e7c00000, 0x00000000e7c00000, 0x00000000e7d00000|  0%| F|  |TAMS 0x00000000e7c00000, 0x00000000e7c00000| Untracked 
| 125|0x00000000e7d00000, 0x00000000e7d00000, 0x00000000e7e00000|  0%| F|  |TAMS 0x00000000e7d00000, 0x00000000e7d00000| Untracked 
| 126|0x00000000e7e00000, 0x00000000e7e00000, 0x00000000e7f00000|  0%| F|  |TAMS 0x00000000e7e00000, 0x00000000e7e00000| Untracked 
| 127|0x00000000e7f00000, 0x00000000e7f00000, 0x00000000e8000000|  0%| F|  |TAMS 0x00000000e7f00000, 0x00000000e7f00000| Untracked 
| 128|0x00000000e8000000, 0x00000000e8000000, 0x00000000e8100000|  0%| F|  |TAMS 0x00000000e8000000, 0x00000000e8000000| Untracked 
| 129|0x00000000e8100000, 0x00000000e8100000, 0x00000000e8200000|  0%| F|  |TAMS 0x00000000e8100000, 0x00000000e8100000| Untracked 
| 130|0x00000000e8200000, 0x00000000e8200000, 0x00000000e8300000|  0%| F|  |TAMS 0x00000000e8200000, 0x00000000e8200000| Untracked 
| 131|0x00000000e8300000, 0x00000000e8300000, 0x00000000e8400000|  0%| F|  |TAMS 0x00000000e8300000, 0x00000000e8300000| Untracked 
| 132|0x00000000e8400000, 0x00000000e8400000, 0x00000000e8500000|  0%| F|  |TAMS 0x00000000e8400000, 0x00000000e8400000| Untracked 
| 133|0x00000000e8500000, 0x00000000e8500000, 0x00000000e8600000|  0%| F|  |TAMS 0x00000000e8500000, 0x00000000e8500000| Untracked 
| 134|0x00000000e8600000, 0x00000000e8600000, 0x00000000e8700000|  0%| F|  |TAMS 0x00000000e8600000, 0x00000000e8600000| Untracked 
| 135|0x00000000e8700000, 0x00000000e8700000, 0x00000000e8800000|  0%| F|  |TAMS 0x00000000e8700000, 0x00000000e8700000| Untracked 
| 136|0x00000000e8800000, 0x00000000e8800000, 0x00000000e8900000|  0%| F|  |TAMS 0x00000000e8800000, 0x00000000e8800000| Untracked 
| 137|0x00000000e8900000, 0x00000000e8900000, 0x00000000e8a00000|  0%| F|  |TAMS 0x00000000e8900000, 0x00000000e8900000| Untracked 
| 138|0x00000000e8a00000, 0x00000000e8a00000, 0x00000000e8b00000|  0%| F|  |TAMS 0x00000000e8a00000, 0x00000000e8a00000| Untracked 
| 139|0x00000000e8b00000, 0x00000000e8b00000, 0x00000000e8c00000|  0%| F|  |TAMS 0x00000000e8b00000, 0x00000000e8b00000| Untracked 
| 140|0x00000000e8c00000, 0x00000000e8c00000, 0x00000000e8d00000|  0%| F|  |TAMS 0x00000000e8c00000, 0x00000000e8c00000| Untracked 
| 141|0x00000000e8d00000, 0x00000000e8d00000, 0x00000000e8e00000|  0%| F|  |TAMS 0x00000000e8d00000, 0x00000000e8d00000| Untracked 
| 142|0x00000000e8e00000, 0x00000000e8e00000, 0x00000000e8f00000|  0%| F|  |TAMS 0x00000000e8e00000, 0x00000000e8e00000| Untracked 
| 143|0x00000000e8f00000, 0x00000000e8f00000, 0x00000000e9000000|  0%| F|  |TAMS 0x00000000e8f00000, 0x00000000e8f00000| Untracked 
| 144|0x00000000e9000000, 0x00000000e9000000, 0x00000000e9100000|  0%| F|  |TAMS 0x00000000e9000000, 0x00000000e9000000| Untracked 
| 145|0x00000000e9100000, 0x00000000e9100000, 0x00000000e9200000|  0%| F|  |TAMS 0x00000000e9100000, 0x00000000e9100000| Untracked 
| 146|0x00000000e9200000, 0x00000000e9200000, 0x00000000e9300000|  0%| F|  |TAMS 0x00000000e9200000, 0x00000000e9200000| Untracked 
| 147|0x00000000e9300000, 0x00000000e9300000, 0x00000000e9400000|  0%| F|  |TAMS 0x00000000e9300000, 0x00000000e9300000| Untracked 
| 148|0x00000000e9400000, 0x00000000e9400000, 0x00000000e9500000|  0%| F|  |TAMS 0x00000000e9400000, 0x00000000e9400000| Untracked 
| 149|0x00000000e9500000, 0x00000000e9500000, 0x00000000e9600000|  0%| F|  |TAMS 0x00000000e9500000, 0x00000000e9500000| Untracked 
| 150|0x00000000e9600000, 0x00000000e9600000, 0x00000000e9700000|  0%| F|  |TAMS 0x00000000e9600000, 0x00000000e9600000| Untracked 
| 151|0x00000000e9700000, 0x00000000e9700000, 0x00000000e9800000|  0%| F|  |TAMS 0x00000000e9700000, 0x00000000e9700000| Untracked 
| 152|0x00000000e9800000, 0x00000000e9800000, 0x00000000e9900000|  0%| F|  |TAMS 0x00000000e9800000, 0x00000000e9800000| Untracked 
| 153|0x00000000e9900000, 0x00000000e9900000, 0x00000000e9a00000|  0%| F|  |TAMS 0x00000000e9900000, 0x00000000e9900000| Untracked 
| 154|0x00000000e9a00000, 0x00000000e9a00000, 0x00000000e9b00000|  0%| F|  |TAMS 0x00000000e9a00000, 0x00000000e9a00000| Untracked 
| 155|0x00000000e9b00000, 0x00000000e9b00000, 0x00000000e9c00000|  0%| F|  |TAMS 0x00000000e9b00000, 0x00000000e9b00000| Untracked 
| 156|0x00000000e9c00000, 0x00000000e9c00000, 0x00000000e9d00000|  0%| F|  |TAMS 0x00000000e9c00000, 0x00000000e9c00000| Untracked 
| 157|0x00000000e9d00000, 0x00000000e9d00000, 0x00000000e9e00000|  0%| F|  |TAMS 0x00000000e9d00000, 0x00000000e9d00000| Untracked 
| 158|0x00000000e9e00000, 0x00000000e9e00000, 0x00000000e9f00000|  0%| F|  |TAMS 0x00000000e9e00000, 0x00000000e9e00000| Untracked 
| 159|0x00000000e9f00000, 0x00000000e9f00000, 0x00000000ea000000|  0%| F|  |TAMS 0x00000000e9f00000, 0x00000000e9f00000| Untracked 
| 160|0x00000000ea000000, 0x00000000ea000000, 0x00000000ea100000|  0%| F|  |TAMS 0x00000000ea000000, 0x00000000ea000000| Untracked 
| 161|0x00000000ea100000, 0x00000000ea100000, 0x00000000ea200000|  0%| F|  |TAMS 0x00000000ea100000, 0x00000000ea100000| Untracked 
| 162|0x00000000ea200000, 0x00000000ea200000, 0x00000000ea300000|  0%| F|  |TAMS 0x00000000ea200000, 0x00000000ea200000| Untracked 
| 163|0x00000000ea300000, 0x00000000ea300000, 0x00000000ea400000|  0%| F|  |TAMS 0x00000000ea300000, 0x00000000ea300000| Untracked 
| 164|0x00000000ea400000, 0x00000000ea400000, 0x00000000ea500000|  0%| F|  |TAMS 0x00000000ea400000, 0x00000000ea400000| Untracked 
| 165|0x00000000ea500000, 0x00000000ea500000, 0x00000000ea600000|  0%| F|  |TAMS 0x00000000ea500000, 0x00000000ea500000| Untracked 
| 166|0x00000000ea600000, 0x00000000ea600000, 0x00000000ea700000|  0%| F|  |TAMS 0x00000000ea600000, 0x00000000ea600000| Untracked 
| 167|0x00000000ea700000, 0x00000000ea700000, 0x00000000ea800000|  0%| F|  |TAMS 0x00000000ea700000, 0x00000000ea700000| Untracked 
| 168|0x00000000ea800000, 0x00000000ea800000, 0x00000000ea900000|  0%| F|  |TAMS 0x00000000ea800000, 0x00000000ea800000| Untracked 
| 169|0x00000000ea900000, 0x00000000ea900000, 0x00000000eaa00000|  0%| F|  |TAMS 0x00000000ea900000, 0x00000000ea900000| Untracked 
| 170|0x00000000eaa00000, 0x00000000eab00000, 0x00000000eab00000|100%| S|CS|TAMS 0x00000000eaa00000, 0x00000000eaa00000| Complete 
| 171|0x00000000eab00000, 0x00000000eac00000, 0x00000000eac00000|100%| S|CS|TAMS 0x00000000eab00000, 0x00000000eab00000| Complete 
| 172|0x00000000eac00000, 0x00000000ead00000, 0x00000000ead00000|100%| S|CS|TAMS 0x00000000eac00000, 0x00000000eac00000| Complete 
| 173|0x00000000ead00000, 0x00000000eae00000, 0x00000000eae00000|100%| S|CS|TAMS 0x00000000ead00000, 0x00000000ead00000| Complete 
| 174|0x00000000eae00000, 0x00000000eaf00000, 0x00000000eaf00000|100%| S|CS|TAMS 0x00000000eae00000, 0x00000000eae00000| Complete 
| 175|0x00000000eaf00000, 0x00000000eb000000, 0x00000000eb000000|100%| S|CS|TAMS 0x00000000eaf00000, 0x00000000eaf00000| Complete 
| 176|0x00000000eb000000, 0x00000000eb100000, 0x00000000eb100000|100%| S|CS|TAMS 0x00000000eb000000, 0x00000000eb000000| Complete 
| 177|0x00000000eb100000, 0x00000000eb200000, 0x00000000eb200000|100%| S|CS|TAMS 0x00000000eb100000, 0x00000000eb100000| Complete 
| 178|0x00000000eb200000, 0x00000000eb200000, 0x00000000eb300000|  0%| F|  |TAMS 0x00000000eb200000, 0x00000000eb200000| Untracked 
| 179|0x00000000eb300000, 0x00000000eb300000, 0x00000000eb400000|  0%| F|  |TAMS 0x00000000eb300000, 0x00000000eb300000| Untracked 
| 180|0x00000000eb400000, 0x00000000eb400000, 0x00000000eb500000|  0%| F|  |TAMS 0x00000000eb400000, 0x00000000eb400000| Untracked 
| 181|0x00000000eb500000, 0x00000000eb500000, 0x00000000eb600000|  0%| F|  |TAMS 0x00000000eb500000, 0x00000000eb500000| Untracked 
| 182|0x00000000eb600000, 0x00000000eb600000, 0x00000000eb700000|  0%| F|  |TAMS 0x00000000eb600000, 0x00000000eb600000| Untracked 
| 183|0x00000000eb700000, 0x00000000eb700000, 0x00000000eb800000|  0%| F|  |TAMS 0x00000000eb700000, 0x00000000eb700000| Untracked 
| 184|0x00000000eb800000, 0x00000000eb800000, 0x00000000eb900000|  0%| F|  |TAMS 0x00000000eb800000, 0x00000000eb800000| Untracked 
| 185|0x00000000eb900000, 0x00000000eb900000, 0x00000000eba00000|  0%| F|  |TAMS 0x00000000eb900000, 0x00000000eb900000| Untracked 
| 186|0x00000000eba00000, 0x00000000eba00000, 0x00000000ebb00000|  0%| F|  |TAMS 0x00000000eba00000, 0x00000000eba00000| Untracked 
| 187|0x00000000ebb00000, 0x00000000ebb00000, 0x00000000ebc00000|  0%| F|  |TAMS 0x00000000ebb00000, 0x00000000ebb00000| Untracked 
| 188|0x00000000ebc00000, 0x00000000ebc00000, 0x00000000ebd00000|  0%| F|  |TAMS 0x00000000ebc00000, 0x00000000ebc00000| Untracked 
| 189|0x00000000ebd00000, 0x00000000ebd00000, 0x00000000ebe00000|  0%| F|  |TAMS 0x00000000ebd00000, 0x00000000ebd00000| Untracked 
| 190|0x00000000ebe00000, 0x00000000ebe00000, 0x00000000ebf00000|  0%| F|  |TAMS 0x00000000ebe00000, 0x00000000ebe00000| Untracked 
| 191|0x00000000ebf00000, 0x00000000ebf00000, 0x00000000ec000000|  0%| F|  |TAMS 0x00000000ebf00000, 0x00000000ebf00000| Untracked 
| 192|0x00000000ec000000, 0x00000000ec000000, 0x00000000ec100000|  0%| F|  |TAMS 0x00000000ec000000, 0x00000000ec000000| Untracked 
| 193|0x00000000ec100000, 0x00000000ec100000, 0x00000000ec200000|  0%| F|  |TAMS 0x00000000ec100000, 0x00000000ec100000| Untracked 
| 194|0x00000000ec200000, 0x00000000ec200000, 0x00000000ec300000|  0%| F|  |TAMS 0x00000000ec200000, 0x00000000ec200000| Untracked 
| 195|0x00000000ec300000, 0x00000000ec300000, 0x00000000ec400000|  0%| F|  |TAMS 0x00000000ec300000, 0x00000000ec300000| Untracked 
| 196|0x00000000ec400000, 0x00000000ec400000, 0x00000000ec500000|  0%| F|  |TAMS 0x00000000ec400000, 0x00000000ec400000| Untracked 
| 197|0x00000000ec500000, 0x00000000ec500000, 0x00000000ec600000|  0%| F|  |TAMS 0x00000000ec500000, 0x00000000ec500000| Untracked 
| 198|0x00000000ec600000, 0x00000000ec600000, 0x00000000ec700000|  0%| F|  |TAMS 0x00000000ec600000, 0x00000000ec600000| Untracked 
| 199|0x00000000ec700000, 0x00000000ec700000, 0x00000000ec800000|  0%| F|  |TAMS 0x00000000ec700000, 0x00000000ec700000| Untracked 
| 200|0x00000000ec800000, 0x00000000ec800000, 0x00000000ec900000|  0%| F|  |TAMS 0x00000000ec800000, 0x00000000ec800000| Untracked 
| 201|0x00000000ec900000, 0x00000000ec900000, 0x00000000eca00000|  0%| F|  |TAMS 0x00000000ec900000, 0x00000000ec900000| Untracked 
| 202|0x00000000eca00000, 0x00000000eca00000, 0x00000000ecb00000|  0%| F|  |TAMS 0x00000000eca00000, 0x00000000eca00000| Untracked 
| 203|0x00000000ecb00000, 0x00000000ecb00000, 0x00000000ecc00000|  0%| F|  |TAMS 0x00000000ecb00000, 0x00000000ecb00000| Untracked 
| 204|0x00000000ecc00000, 0x00000000ecc00000, 0x00000000ecd00000|  0%| F|  |TAMS 0x00000000ecc00000, 0x00000000ecc00000| Untracked 
| 205|0x00000000ecd00000, 0x00000000ecd00000, 0x00000000ece00000|  0%| F|  |TAMS 0x00000000ecd00000, 0x00000000ecd00000| Untracked 
| 206|0x00000000ece00000, 0x00000000ece00000, 0x00000000ecf00000|  0%| F|  |TAMS 0x00000000ece00000, 0x00000000ece00000| Untracked 
| 207|0x00000000ecf00000, 0x00000000ecf00000, 0x00000000ed000000|  0%| F|  |TAMS 0x00000000ecf00000, 0x00000000ecf00000| Untracked 
| 208|0x00000000ed000000, 0x00000000ed000000, 0x00000000ed100000|  0%| F|  |TAMS 0x00000000ed000000, 0x00000000ed000000| Untracked 
| 209|0x00000000ed100000, 0x00000000ed100000, 0x00000000ed200000|  0%| F|  |TAMS 0x00000000ed100000, 0x00000000ed100000| Untracked 
| 210|0x00000000ed200000, 0x00000000ed200000, 0x00000000ed300000|  0%| F|  |TAMS 0x00000000ed200000, 0x00000000ed200000| Untracked 
| 211|0x00000000ed300000, 0x00000000ed300000, 0x00000000ed400000|  0%| F|  |TAMS 0x00000000ed300000, 0x00000000ed300000| Untracked 
| 212|0x00000000ed400000, 0x00000000ed499ea8, 0x00000000ed500000| 60%| E|  |TAMS 0x00000000ed400000, 0x00000000ed400000| Complete 
| 213|0x00000000ed500000, 0x00000000ed600000, 0x00000000ed600000|100%| E|CS|TAMS 0x00000000ed500000, 0x00000000ed500000| Complete 
| 214|0x00000000ed600000, 0x00000000ed700000, 0x00000000ed700000|100%| E|CS|TAMS 0x00000000ed600000, 0x00000000ed600000| Complete 
| 215|0x00000000ed700000, 0x00000000ed800000, 0x00000000ed800000|100%| E|CS|TAMS 0x00000000ed700000, 0x00000000ed700000| Complete 
| 216|0x00000000ed800000, 0x00000000ed900000, 0x00000000ed900000|100%| E|CS|TAMS 0x00000000ed800000, 0x00000000ed800000| Complete 
| 217|0x00000000ed900000, 0x00000000eda00000, 0x00000000eda00000|100%| E|CS|TAMS 0x00000000ed900000, 0x00000000ed900000| Complete 
| 218|0x00000000eda00000, 0x00000000edb00000, 0x00000000edb00000|100%| E|CS|TAMS 0x00000000eda00000, 0x00000000eda00000| Complete 
| 219|0x00000000edb00000, 0x00000000edc00000, 0x00000000edc00000|100%| E|CS|TAMS 0x00000000edb00000, 0x00000000edb00000| Complete 
| 220|0x00000000edc00000, 0x00000000edd00000, 0x00000000edd00000|100%| E|CS|TAMS 0x00000000edc00000, 0x00000000edc00000| Complete 
| 221|0x00000000edd00000, 0x00000000ede00000, 0x00000000ede00000|100%| E|CS|TAMS 0x00000000edd00000, 0x00000000edd00000| Complete 
| 222|0x00000000ede00000, 0x00000000edf00000, 0x00000000edf00000|100%| E|CS|TAMS 0x00000000ede00000, 0x00000000ede00000| Complete 
| 223|0x00000000edf00000, 0x00000000ee000000, 0x00000000ee000000|100%| E|CS|TAMS 0x00000000edf00000, 0x00000000edf00000| Complete 
| 224|0x00000000ee000000, 0x00000000ee100000, 0x00000000ee100000|100%| E|CS|TAMS 0x00000000ee000000, 0x00000000ee000000| Complete 
| 225|0x00000000ee100000, 0x00000000ee200000, 0x00000000ee200000|100%| E|CS|TAMS 0x00000000ee100000, 0x00000000ee100000| Complete 
| 226|0x00000000ee200000, 0x00000000ee300000, 0x00000000ee300000|100%| E|CS|TAMS 0x00000000ee200000, 0x00000000ee200000| Complete 
| 227|0x00000000ee300000, 0x00000000ee400000, 0x00000000ee400000|100%| E|CS|TAMS 0x00000000ee300000, 0x00000000ee300000| Complete 
| 228|0x00000000ee400000, 0x00000000ee500000, 0x00000000ee500000|100%| E|CS|TAMS 0x00000000ee400000, 0x00000000ee400000| Complete 
| 229|0x00000000ee500000, 0x00000000ee600000, 0x00000000ee600000|100%| E|CS|TAMS 0x00000000ee500000, 0x00000000ee500000| Complete 
| 230|0x00000000ee600000, 0x00000000ee700000, 0x00000000ee700000|100%| E|CS|TAMS 0x00000000ee600000, 0x00000000ee600000| Complete 
| 231|0x00000000ee700000, 0x00000000ee800000, 0x00000000ee800000|100%| E|CS|TAMS 0x00000000ee700000, 0x00000000ee700000| Complete 
| 232|0x00000000ee800000, 0x00000000ee900000, 0x00000000ee900000|100%| E|CS|TAMS 0x00000000ee800000, 0x00000000ee800000| Complete 
| 233|0x00000000ee900000, 0x00000000eea00000, 0x00000000eea00000|100%| E|CS|TAMS 0x00000000ee900000, 0x00000000ee900000| Complete 
| 234|0x00000000eea00000, 0x00000000eeb00000, 0x00000000eeb00000|100%| E|CS|TAMS 0x00000000eea00000, 0x00000000eea00000| Complete 
| 235|0x00000000eeb00000, 0x00000000eec00000, 0x00000000eec00000|100%| E|CS|TAMS 0x00000000eeb00000, 0x00000000eeb00000| Complete 
| 236|0x00000000eec00000, 0x00000000eed00000, 0x00000000eed00000|100%| E|CS|TAMS 0x00000000eec00000, 0x00000000eec00000| Complete 
| 237|0x00000000eed00000, 0x00000000eee00000, 0x00000000eee00000|100%| E|CS|TAMS 0x00000000eed00000, 0x00000000eed00000| Complete 
| 238|0x00000000eee00000, 0x00000000eef00000, 0x00000000eef00000|100%| E|CS|TAMS 0x00000000eee00000, 0x00000000eee00000| Complete 
| 239|0x00000000eef00000, 0x00000000ef000000, 0x00000000ef000000|100%| E|CS|TAMS 0x00000000eef00000, 0x00000000eef00000| Complete 
| 240|0x00000000ef000000, 0x00000000ef100000, 0x00000000ef100000|100%| E|CS|TAMS 0x00000000ef000000, 0x00000000ef000000| Complete 
| 241|0x00000000ef100000, 0x00000000ef200000, 0x00000000ef200000|100%| E|CS|TAMS 0x00000000ef100000, 0x00000000ef100000| Complete 
| 242|0x00000000ef200000, 0x00000000ef300000, 0x00000000ef300000|100%| E|CS|TAMS 0x00000000ef200000, 0x00000000ef200000| Complete 
| 243|0x00000000ef300000, 0x00000000ef400000, 0x00000000ef400000|100%| E|  |TAMS 0x00000000ef300000, 0x00000000ef300000| Complete 
| 244|0x00000000ef400000, 0x00000000ef500000, 0x00000000ef500000|100%| E|CS|TAMS 0x00000000ef400000, 0x00000000ef400000| Complete 
| 245|0x00000000ef500000, 0x00000000ef600000, 0x00000000ef600000|100%| E|CS|TAMS 0x00000000ef500000, 0x00000000ef500000| Complete 
| 246|0x00000000ef600000, 0x00000000ef700000, 0x00000000ef700000|100%| E|CS|TAMS 0x00000000ef600000, 0x00000000ef600000| Complete 
| 247|0x00000000ef700000, 0x00000000ef800000, 0x00000000ef800000|100%| E|CS|TAMS 0x00000000ef700000, 0x00000000ef700000| Complete 
| 248|0x00000000ef800000, 0x00000000ef900000, 0x00000000ef900000|100%| E|CS|TAMS 0x00000000ef800000, 0x00000000ef800000| Complete 
| 249|0x00000000ef900000, 0x00000000efa00000, 0x00000000efa00000|100%| E|CS|TAMS 0x00000000ef900000, 0x00000000ef900000| Complete 
| 250|0x00000000efa00000, 0x00000000efb00000, 0x00000000efb00000|100%| E|CS|TAMS 0x00000000efa00000, 0x00000000efa00000| Complete 
| 251|0x00000000efb00000, 0x00000000efc00000, 0x00000000efc00000|100%| E|CS|TAMS 0x00000000efb00000, 0x00000000efb00000| Complete 
| 252|0x00000000efc00000, 0x00000000efd00000, 0x00000000efd00000|100%| E|CS|TAMS 0x00000000efc00000, 0x00000000efc00000| Complete 
| 253|0x00000000efd00000, 0x00000000efe00000, 0x00000000efe00000|100%| E|CS|TAMS 0x00000000efd00000, 0x00000000efd00000| Complete 
| 254|0x00000000efe00000, 0x00000000eff00000, 0x00000000eff00000|100%| E|CS|TAMS 0x00000000efe00000, 0x00000000efe00000| Complete 
| 255|0x00000000eff00000, 0x00000000f0000000, 0x00000000f0000000|100%| E|CS|TAMS 0x00000000eff00000, 0x00000000eff00000| Complete 

Card table byte_map: [0x000001e9a1f80000,0x000001e9a2080000] _byte_map_base: 0x000001e9a1880000

Marking Bits (Prev, Next): (CMBitMap*) 0x000001e98d452930, (CMBitMap*) 0x000001e98d4528f8
 Prev Bits: [0x000001e9a2980000, 0x000001e9a3180000)
 Next Bits: [0x000001e9a2180000, 0x000001e9a2980000)

Polling page: 0x000001e98d290000

Metaspace:

Usage:
  Non-class:     53.26 MB capacity,    52.00 MB ( 98%) used,     1.06 MB (  2%) free+waste,   209.94 KB ( <1%) overhead. 
      Class:      8.76 MB capacity,     7.97 MB ( 91%) used,   701.27 KB (  8%) free+waste,   103.56 KB (  1%) overhead. 
       Both:     62.01 MB capacity,    59.97 MB ( 97%) used,     1.74 MB (  3%) free+waste,   313.50 KB ( <1%) overhead. 

Virtual space:
  Non-class space:       54.00 MB reserved,      53.33 MB ( 99%) committed 
      Class space:      248.00 MB reserved,       8.82 MB (  4%) committed 
             Both:      302.00 MB reserved,      62.15 MB ( 21%) committed 

Chunk freelists:
   Non-Class:  8.00 KB
       Class:  0 bytes
        Both:  8.00 KB

MaxMetaspaceSize: 256.00 MB
CompressedClassSpaceSize: 248.00 MB
Initial GC threshold: 20.80 MB
Current GC threshold: 98.68 MB
CDS: off

CodeHeap 'non-profiled nmethods': size=120064Kb used=3635Kb max_used=3635Kb free=116428Kb
 bounds [0x000001e99a310000, 0x000001e99a6a0000, 0x000001e9a1850000]
CodeHeap 'profiled nmethods': size=120000Kb used=12980Kb max_used=12980Kb free=107020Kb
 bounds [0x000001e992de0000, 0x000001e993a90000, 0x000001e99a310000]
CodeHeap 'non-nmethods': size=5696Kb used=2309Kb max_used=2376Kb free=3386Kb
 bounds [0x000001e992850000, 0x000001e992ac0000, 0x000001e992de0000]
 total_blobs=7000 nmethods=6188 adapters=724
 compilation: enabled
              stopped_count=0, restarted_count=0
 full_count=0

Compilation events (20 events):
Event: 9.880 Thread 0x000001e9a602f800 6207   !   3       java.io.ObjectStreamClass::lookup (334 bytes)
Event: 9.883 Thread 0x000001e9a602f800 nmethod 6207 0x000001e993a81390 code [0x000001e993a818e0, 0x000001e993a84cc8]
Event: 9.884 Thread 0x000001e9a602f800 6208       3       java.io.ObjectStreamField::appendClassSignature (69 bytes)
Event: 9.884 Thread 0x000001e9a602f800 nmethod 6208 0x000001e993a85a90 code [0x000001e993a85d20, 0x000001e993a864d8]
Event: 9.892 Thread 0x000001e9a602f800 6209 %     3       java.io.ObjectOutputStream$BlockDataOutputStream::getUTFLength @ 47 (124 bytes)
Event: 9.893 Thread 0x000001e9a602f800 nmethod 6209% 0x000001e993a86890 code [0x000001e993a86aa0, 0x000001e993a87148]
Event: 9.893 Thread 0x000001e9a602f800 6210 %     3       java.io.ObjectOutputStream$BlockDataOutputStream::writeBytes @ 95 (144 bytes)
Event: 9.894 Thread 0x000001e9a602f800 nmethod 6210% 0x000001e993a87410 code [0x000001e993a87640, 0x000001e993a87df8]
Event: 9.894 Thread 0x000001e9a602f800 6211       3       java.io.ObjectOutputStream::writeClassDesc (60 bytes)
Event: 9.894 Thread 0x000001e9a602f800 nmethod 6211 0x000001e993a88190 code [0x000001e993a883e0, 0x000001e993a88a68]
Event: 9.897 Thread 0x000001e9a602f800 6212       3       org.gradle.api.internal.provider.AbstractProperty::calculateOwnValue (15 bytes)
Event: 9.898 Thread 0x000001e9a602f800 nmethod 6212 0x000001e993a88d90 code [0x000001e993a88fa0, 0x000001e993a89478]
Event: 9.909 Thread 0x000001e9a602f800 6213       3       java.lang.ProcessEnvironment$CheckedEntrySet$1::hasNext (10 bytes)
Event: 9.909 Thread 0x000001e9a602f800 nmethod 6213 0x000001e993a89610 code [0x000001e993a897c0, 0x000001e993a89988]
Event: 9.909 Thread 0x000001e9a602f800 6214       3       java.lang.ProcessEnvironment$CheckedEntry::getKey (5 bytes)
Event: 9.909 Thread 0x000001e9a602f800 nmethod 6214 0x000001e993a89a90 code [0x000001e993a89c60, 0x000001e993a89f68]
Event: 9.919 Thread 0x000001e9a602f800 6221       3       java.lang.invoke.InvokerBytecodeGenerator::lookupPregenerated (292 bytes)
Event: 9.920 Thread 0x000001e9a602f800 nmethod 6221 0x000001e993a8a090 code [0x000001e993a8a460, 0x000001e993a8be48]
Event: 9.923 Thread 0x000001e9a602f800 6224  s    2       java.io.DataOutputStream::write (14 bytes)
Event: 9.923 Thread 0x000001e9a602f800 nmethod 6224 0x000001e993a8c610 code [0x000001e993a8c7c0, 0x000001e993a8ca68]

GC Heap History (20 events):
Event: 0.553 GC heap before
{Heap before GC invocations=0 (full 0):
 garbage-first heap   total 262144K, used 19456K [0x00000000e0000000, 0x0000000100000000)
  region size 1024K, 14 young (14336K), 0 survivors (0K)
 Metaspace       used 6759K, capacity 6985K, committed 7168K, reserved 262144K
  class space    used 572K, capacity 650K, committed 768K, reserved 253952K
}
Event: 0.565 GC heap after
{Heap after GC invocations=1 (full 0):
 garbage-first heap   total 262144K, used 7807K [0x00000000e0000000, 0x0000000100000000)
  region size 1024K, 2 young (2048K), 2 survivors (2048K)
 Metaspace       used 6759K, capacity 6985K, committed 7168K, reserved 262144K
  class space    used 572K, capacity 650K, committed 768K, reserved 253952K
}
Event: 0.938 GC heap before
{Heap before GC invocations=1 (full 0):
 garbage-first heap   total 262144K, used 19071K [0x00000000e0000000, 0x0000000100000000)
  region size 1024K, 13 young (13312K), 2 survivors (2048K)
 Metaspace       used 10266K, capacity 10549K, committed 10624K, reserved 264192K
  class space    used 1052K, capacity 1139K, committed 1152K, reserved 253952K
}
Event: 0.942 GC heap after
{Heap after GC invocations=2 (full 0):
 garbage-first heap   total 262144K, used 9481K [0x00000000e0000000, 0x0000000100000000)
  region size 1024K, 2 young (2048K), 2 survivors (2048K)
 Metaspace       used 10266K, capacity 10549K, committed 10624K, reserved 264192K
  class space    used 1052K, capacity 1139K, committed 1152K, reserved 253952K
}
Event: 1.409 GC heap before
{Heap before GC invocations=2 (full 0):
 garbage-first heap   total 262144K, used 40201K [0x00000000e0000000, 0x0000000100000000)
  region size 1024K, 31 young (31744K), 2 survivors (2048K)
 Metaspace       used 11293K, capacity 11568K, committed 11776K, reserved 266240K
  class space    used 1155K, capacity 1244K, committed 1280K, reserved 253952K
}
Event: 1.415 GC heap after
{Heap after GC invocations=3 (full 0):
 garbage-first heap   total 262144K, used 13703K [0x00000000e0000000, 0x0000000100000000)
  region size 1024K, 4 young (4096K), 4 survivors (4096K)
 Metaspace       used 11293K, capacity 11568K, committed 11776K, reserved 266240K
  class space    used 1155K, capacity 1244K, committed 1280K, reserved 253952K
}
Event: 2.373 GC heap before
{Heap before GC invocations=3 (full 0):
 garbage-first heap   total 262144K, used 55687K [0x00000000e0000000, 0x0000000100000000)
  region size 1024K, 45 young (46080K), 4 survivors (4096K)
 Metaspace       used 18632K, capacity 19092K, committed 19328K, reserved 272384K
  class space    used 2199K, capacity 2353K, committed 2432K, reserved 253952K
}
Event: 2.378 GC heap after
{Heap after GC invocations=4 (full 0):
 garbage-first heap   total 262144K, used 16862K [0x00000000e0000000, 0x0000000100000000)
  region size 1024K, 6 young (6144K), 6 survivors (6144K)
 Metaspace       used 18632K, capacity 19092K, committed 19328K, reserved 272384K
  class space    used 2199K, capacity 2353K, committed 2432K, reserved 253952K
}
Event: 2.560 GC heap before
{Heap before GC invocations=4 (full 0):
 garbage-first heap   total 262144K, used 34270K [0x00000000e0000000, 0x0000000100000000)
  region size 1024K, 25 young (25600K), 6 survivors (6144K)
 Metaspace       used 20685K, capacity 21147K, committed 21296K, reserved 274432K
  class space    used 2496K, capacity 2633K, committed 2688K, reserved 253952K
}
Event: 2.570 GC heap after
{Heap after GC invocations=5 (full 0):
 garbage-first heap   total 262144K, used 17665K [0x00000000e0000000, 0x0000000100000000)
  region size 1024K, 4 young (4096K), 4 survivors (4096K)
 Metaspace       used 20685K, capacity 21147K, committed 21296K, reserved 274432K
  class space    used 2496K, capacity 2633K, committed 2688K, reserved 253952K
}
Event: 3.390 GC heap before
{Heap before GC invocations=6 (full 0):
 garbage-first heap   total 262144K, used 76033K [0x00000000e0000000, 0x0000000100000000)
  region size 1024K, 61 young (62464K), 4 survivors (4096K)
 Metaspace       used 26462K, capacity 27088K, committed 27184K, reserved 278528K
  class space    used 3415K, capacity 3620K, committed 3712K, reserved 253952K
}
Event: 3.396 GC heap after
{Heap after GC invocations=7 (full 0):
 garbage-first heap   total 262144K, used 19478K [0x00000000e0000000, 0x0000000100000000)
  region size 1024K, 6 young (6144K), 6 survivors (6144K)
 Metaspace       used 26462K, capacity 27088K, committed 27184K, reserved 278528K
  class space    used 3415K, capacity 3620K, committed 3712K, reserved 253952K
}
Event: 4.236 GC heap before
{Heap before GC invocations=7 (full 0):
 garbage-first heap   total 262144K, used 72726K [0x00000000e0000000, 0x0000000100000000)
  region size 1024K, 59 young (60416K), 6 survivors (6144K)
 Metaspace       used 35009K, capacity 35795K, committed 35920K, reserved 286720K
  class space    used 4497K, capacity 4825K, committed 4864K, reserved 253952K
}
Event: 4.248 GC heap after
{Heap after GC invocations=8 (full 0):
 garbage-first heap   total 262144K, used 22713K [0x00000000e0000000, 0x0000000100000000)
  region size 1024K, 9 young (9216K), 9 survivors (9216K)
 Metaspace       used 35009K, capacity 35795K, committed 35920K, reserved 286720K
  class space    used 4497K, capacity 4825K, committed 4864K, reserved 253952K
}
Event: 5.961 GC heap before
{Heap before GC invocations=9 (full 0):
 garbage-first heap   total 262144K, used 146617K [0x00000000e0000000, 0x0000000100000000)
  region size 1024K, 127 young (130048K), 9 survivors (9216K)
 Metaspace       used 45843K, capacity 46927K, committed 47056K, reserved 294912K
  class space    used 5795K, capacity 6181K, committed 6272K, reserved 253952K
}
Event: 5.978 GC heap after
{Heap after GC invocations=10 (full 0):
 garbage-first heap   total 262144K, used 29621K [0x00000000e0000000, 0x0000000100000000)
  region size 1024K, 13 young (13312K), 13 survivors (13312K)
 Metaspace       used 45843K, capacity 46927K, committed 47056K, reserved 294912K
  class space    used 5795K, capacity 6181K, committed 6272K, reserved 253952K
}
Event: 8.006 GC heap before
{Heap before GC invocations=10 (full 0):
 garbage-first heap   total 262144K, used 172981K [0x00000000e0000000, 0x0000000100000000)
  region size 1024K, 153 young (156672K), 13 survivors (13312K)
 Metaspace       used 56100K, capacity 57811K, committed 58064K, reserved 305152K
  class space    used 7325K, capacity 7954K, committed 8064K, reserved 253952K
}
Event: 8.032 GC heap after
{Heap after GC invocations=11 (full 0):
 garbage-first heap   total 262144K, used 39754K [0x00000000e0000000, 0x0000000100000000)
  region size 1024K, 20 young (20480K), 20 survivors (20480K)
 Metaspace       used 56100K, capacity 57811K, committed 58064K, reserved 305152K
  class space    used 7325K, capacity 7954K, committed 8064K, reserved 253952K
}
Event: 8.808 GC heap before
{Heap before GC invocations=11 (full 0):
 garbage-first heap   total 262144K, used 118602K [0x00000000e0000000, 0x0000000100000000)
  region size 1024K, 98 young (100352K), 20 survivors (20480K)
 Metaspace       used 58440K, capacity 60230K, committed 60296K, reserved 307200K
  class space    used 7724K, capacity 8434K, committed 8448K, reserved 253952K
}
Event: 8.867 GC heap after
{Heap after GC invocations=12 (full 0):
 garbage-first heap   total 262144K, used 47025K [0x00000000e0000000, 0x0000000100000000)
  region size 1024K, 8 young (8192K), 8 survivors (8192K)
 Metaspace       used 58440K, capacity 60230K, committed 60296K, reserved 307200K
  class space    used 7724K, capacity 8434K, committed 8448K, reserved 253952K
}

Deoptimization events (20 events):
Event: 9.830 Thread 0x000001e9ab5ce000 DEOPT PACKING pc=0x000001e992e79cb4 sp=0x0000008c3acfdd60
Event: 9.830 Thread 0x000001e9ab5ce000 DEOPT UNPACKING pc=0x000001e99289a95e sp=0x0000008c3acfd2b0 mode 0
Event: 9.830 Thread 0x000001e9ab5ce000 DEOPT PACKING pc=0x000001e9936264f1 sp=0x0000008c3acfdd20
Event: 9.830 Thread 0x000001e9ab5ce000 DEOPT UNPACKING pc=0x000001e99289a95e sp=0x0000008c3acfd218 mode 0
Event: 9.869 Thread 0x000001e9ab5ce000 Uncommon trap: trap_request=0xffffffde fr.pc=0x000001e99a438914 relative=0x0000000000000334
Event: 9.869 Thread 0x000001e9ab5ce000 Uncommon trap: reason=class_check action=maybe_recompile pc=0x000001e99a438914 method=java.io.DataOutputStream.write(I)V @ 5 c2
Event: 9.869 Thread 0x000001e9ab5ce000 DEOPT PACKING pc=0x000001e99a438914 sp=0x0000008c3acfdfb0
Event: 9.869 Thread 0x000001e9ab5ce000 DEOPT UNPACKING pc=0x000001e99289a1af sp=0x0000008c3acfdf88 mode 2
Event: 9.869 Thread 0x000001e9ab5ce000 Uncommon trap: trap_request=0xffffffde fr.pc=0x000001e99a438914 relative=0x0000000000000334
Event: 9.869 Thread 0x000001e9ab5ce000 Uncommon trap: reason=class_check action=maybe_recompile pc=0x000001e99a438914 method=java.io.DataOutputStream.write(I)V @ 5 c2
Event: 9.869 Thread 0x000001e9ab5ce000 DEOPT PACKING pc=0x000001e99a438914 sp=0x0000008c3acfdfb0
Event: 9.869 Thread 0x000001e9ab5ce000 DEOPT UNPACKING pc=0x000001e99289a1af sp=0x0000008c3acfdf88 mode 2
Event: 9.869 Thread 0x000001e9ab5ce000 Uncommon trap: trap_request=0xffffffde fr.pc=0x000001e99a438914 relative=0x0000000000000334
Event: 9.869 Thread 0x000001e9ab5ce000 Uncommon trap: reason=class_check action=maybe_recompile pc=0x000001e99a438914 method=java.io.DataOutputStream.write(I)V @ 5 c2
Event: 9.869 Thread 0x000001e9ab5ce000 DEOPT PACKING pc=0x000001e99a438914 sp=0x0000008c3acfdfb0
Event: 9.869 Thread 0x000001e9ab5ce000 DEOPT UNPACKING pc=0x000001e99289a1af sp=0x0000008c3acfdf88 mode 2
Event: 9.869 Thread 0x000001e9ab5ce000 Uncommon trap: trap_request=0xffffffde fr.pc=0x000001e99a438914 relative=0x0000000000000334
Event: 9.869 Thread 0x000001e9ab5ce000 Uncommon trap: reason=class_check action=maybe_recompile pc=0x000001e99a438914 method=java.io.DataOutputStream.write(I)V @ 5 c2
Event: 9.869 Thread 0x000001e9ab5ce000 DEOPT PACKING pc=0x000001e99a438914 sp=0x0000008c3acfdfb0
Event: 9.869 Thread 0x000001e9ab5ce000 DEOPT UNPACKING pc=0x000001e99289a1af sp=0x0000008c3acfdf88 mode 2

Classes redefined (0 events):
No events

Internal exceptions (20 events):
Event: 9.672 Thread 0x000001e9a7a51800 Exception <a 'java/lang/ClassNotFoundException'{0x00000000ee18f5d0}: org/gradle/launcher/daemon/bootstrap/DaemonMainCustomizer> (0x00000000ee18f5d0) thrown at [src/hotspot/share/classfile/systemDictionary.cpp, line 230]
Event: 9.678 Thread 0x000001e9a7a51800 Exception <a 'java/lang/ClassNotFoundException'{0x00000000ee1fd7b8}: org/gradle/internal/classloader/VisitableURLClassLoaderBeanInfo> (0x00000000ee1fd7b8) thrown at [src/hotspot/share/classfile/systemDictionary.cpp, line 230]
Event: 9.678 Thread 0x000001e9a7a51800 Exception <a 'java/lang/ClassNotFoundException'{0x00000000ee005a88}: java/net/URLClassLoaderBeanInfo> (0x00000000ee005a88) thrown at [src/hotspot/share/classfile/systemDictionary.cpp, line 230]
Event: 9.678 Thread 0x000001e9a7a51800 Exception <a 'java/lang/ClassNotFoundException'{0x00000000ee00dbb8}: java/security/SecureClassLoaderBeanInfo> (0x00000000ee00dbb8) thrown at [src/hotspot/share/classfile/systemDictionary.cpp, line 230]
Event: 9.679 Thread 0x000001e9a7a51800 Exception <a 'java/lang/ClassNotFoundException'{0x00000000ee0161d0}: java/lang/ClassLoaderBeanInfo> (0x00000000ee0161d0) thrown at [src/hotspot/share/classfile/systemDictionary.cpp, line 230]
Event: 9.679 Thread 0x000001e9a7a51800 Exception <a 'java/lang/ClassNotFoundException'{0x00000000ee01e268}: java/lang/ClassLoaderCustomizer> (0x00000000ee01e268) thrown at [src/hotspot/share/classfile/systemDictionary.cpp, line 230]
Event: 9.680 Thread 0x000001e9a7a51800 Exception <a 'java/lang/ClassNotFoundException'{0x00000000ee035290}: java/security/SecureClassLoaderCustomizer> (0x00000000ee035290) thrown at [src/hotspot/share/classfile/systemDictionary.cpp, line 230]
Event: 9.680 Thread 0x000001e9a7a51800 Exception <a 'java/lang/ClassNotFoundException'{0x00000000ee03f180}: java/net/URLClassLoaderCustomizer> (0x00000000ee03f180) thrown at [src/hotspot/share/classfile/systemDictionary.cpp, line 230]
Event: 9.681 Thread 0x000001e9a7a51800 Exception <a 'java/lang/ClassNotFoundException'{0x00000000ee0679d8}: org/gradle/internal/classloader/VisitableURLClassLoaderCustomizer> (0x00000000ee0679d8) thrown at [src/hotspot/share/classfile/systemDictionary.cpp, line 230]
Event: 9.765 Thread 0x000001e9a7a51800 Exception <a 'java/lang/ClassNotFoundException'{0x00000000edbb6d28}: org/gradle/api/internal/tasks/testing/DecoratingTestDescriptorBeanInfo> (0x00000000edbb6d28) thrown at [src/hotspot/share/classfile/systemDictionary.cpp, line 230]
Event: 9.765 Thread 0x000001e9a7a51800 Exception <a 'java/lang/ClassNotFoundException'{0x00000000edbf11f0}: org/gradle/api/internal/tasks/testing/DecoratingTestDescriptorCustomizer> (0x00000000edbf11f0) thrown at [src/hotspot/share/classfile/systemDictionary.cpp, line 230]
Event: 9.875 Thread 0x000001e9ab5ce000 Exception <a 'java/lang/NoSuchMethodError'{0x00000000ed6db5c8}: <clinit>> (0x00000000ed6db5c8) thrown at [src/hotspot/share/prims/jni.cpp, line 1366]
Event: 9.876 Thread 0x000001e9ab5ce000 Exception <a 'java/lang/NoSuchMethodError'{0x00000000ed6ee550}: <clinit>> (0x00000000ed6ee550) thrown at [src/hotspot/share/prims/jni.cpp, line 1366]
Event: 9.877 Thread 0x000001e9ab5ce000 Exception <a 'java/lang/NoSuchMethodError'{0x00000000ed6f0578}: <clinit>> (0x00000000ed6f0578) thrown at [src/hotspot/share/prims/jni.cpp, line 1366]
Event: 9.885 Thread 0x000001e9ab5ce000 Exception <a 'java/lang/NoSuchMethodError'{0x00000000ed500328}: <clinit>> (0x00000000ed500328) thrown at [src/hotspot/share/prims/jni.cpp, line 1366]
Event: 9.913 Thread 0x000001e9af3cc000 Exception <a 'java/lang/NoSuchMethodError'{0x00000000ed5a1cc0}: 'void java.lang.invoke.DirectMethodHandle$Holder.invokeStatic(java.lang.Object, long)'> (0x00000000ed5a1cc0) thrown at [src/hotspot/share/interpreter/linkResolver.cpp, line 773]
Event: 9.914 Thread 0x000001e9af3cc000 Exception <a 'java/lang/NoSuchMethodError'{0x00000000ed5a6ed8}: 'java.lang.Object java.lang.invoke.DirectMethodHandle$Holder.invokeStatic(java.lang.Object, long)'> (0x00000000ed5a6ed8) thrown at [src/hotspot/share/interpreter/linkResolver.cpp, line 773]
Event: 9.918 Thread 0x000001e9af3cc000 Exception <a 'java/lang/NoSuchMethodError'{0x00000000ed5b4f98}: 'java.lang.Object java.lang.invoke.DirectMethodHandle$Holder.invokeStaticInit(java.lang.Object, java.lang.Object, long, java.lang.Object)'> (0x00000000ed5b4f98) thrown at [src/hotspot/share/interpreter/linkResolver.cpp, line 773]
Event: 9.919 Thread 0x000001e9af3cc000 Exception <a 'java/lang/NoSuchMethodError'{0x00000000ed5bae88}: 'java.lang.Object java.lang.invoke.DirectMethodHandle$Holder.invokeStatic(java.lang.Object, java.lang.Object, long)'> (0x00000000ed5bae88) thrown at [src/hotspot/share/interpreter/linkResolver.cpp, line 773]
Event: 9.919 Thread 0x000001e9af3cc000 Exception <a 'java/lang/NoSuchMethodError'{0x00000000ed5c1158}: 'java.lang.Object java.lang.invoke.Invokers$Holder.linkToTargetMethod(java.lang.Object, long, java.lang.Object)'> (0x00000000ed5c1158) thrown at [src/hotspot/share/interpreter/linkResolver.cpp, line 773]

Events (20 events):
Event: 9.907 loading class net/rubygrapefruit/platform/internal/jni/WindowsHandleFunctions
Event: 9.907 loading class net/rubygrapefruit/platform/internal/jni/WindowsHandleFunctions done
Event: 9.908 loading class java/lang/ProcessImpl
Event: 9.909 loading class java/lang/ProcessImpl done
Event: 9.914 loading class java/lang/ProcessHandleImpl
Event: 9.915 loading class java/lang/ProcessHandleImpl done
Event: 9.920 loading class java/lang/ProcessImpl$2
Event: 9.920 loading class java/lang/ProcessImpl$2 done
Event: 9.920 loading class java/lang/Process$PipeInputStream
Event: 9.920 loading class java/lang/Process$PipeInputStream done
Event: 9.920 loading class org/gradle/util/internal/DisconnectableInputStream$ThreadExecuter
Event: 9.920 loading class org/gradle/util/internal/DisconnectableInputStream$ThreadExecuter done
Event: 9.921 loading class org/gradle/util/internal/DisconnectableInputStream$1
Event: 9.921 loading class org/gradle/util/internal/DisconnectableInputStream$1 done
Event: 9.921 Thread 0x000001e9af3cd800 Thread added: 0x000001e9af3cd800
Event: 9.921 loading class org/gradle/process/internal/streams/ExecOutputHandleRunner
Event: 9.921 loading class org/gradle/process/internal/streams/ExecOutputHandleRunner done
Event: 9.924 Thread 0x000001e9af3cc800 Thread added: 0x000001e9af3cc800
Event: 9.924 Thread 0x000001e9af3ce800 Thread added: 0x000001e9af3ce800
Event: 9.924 Thread 0x000001e9af3c9800 Thread added: 0x000001e9af3c9800


Dynamic libraries:
0x00007ff756eb0000 - 0x00007ff756eba000 	C:\Program Files\JetBrains\IntelliJ IDEA Community Edition 2022.1\jbr\bin\java.exe
0x00007ffcbe410000 - 0x00007ffcbe605000 	C:\Windows\SYSTEM32\ntdll.dll
0x00007ffcbdb70000 - 0x00007ffcbdc2e000 	C:\Windows\System32\KERNEL32.DLL
0x00007ffcbbe90000 - 0x00007ffcbc159000 	C:\Windows\System32\KERNELBASE.dll
0x00007ffcbc160000 - 0x00007ffcbc260000 	C:\Windows\System32\ucrtbase.dll
0x00007ffcaccd0000 - 0x00007ffcacce6000 	C:\Program Files\JetBrains\IntelliJ IDEA Community Edition 2022.1\jbr\bin\VCRUNTIME140.dll
0x00007ffcb3390000 - 0x00007ffcb33a9000 	C:\Program Files\JetBrains\IntelliJ IDEA Community Edition 2022.1\jbr\bin\jli.dll
0x00007ffcbd3d0000 - 0x00007ffcbd571000 	C:\Windows\System32\USER32.dll
0x00007ffca9540000 - 0x00007ffca97da000 	C:\Windows\WinSxS\amd64_microsoft.windows.common-controls_6595b64144ccf1df_6.0.19041.1110_none_60b5254171f9507e\COMCTL32.dll
0x00007ffcbbd50000 - 0x00007ffcbbd72000 	C:\Windows\System32\win32u.dll
0x00007ffcbc460000 - 0x00007ffcbc4fe000 	C:\Windows\System32\msvcrt.dll
0x00007ffcbdf20000 - 0x00007ffcbdf4b000 	C:\Windows\System32\GDI32.dll
0x00007ffcbbc40000 - 0x00007ffcbbd4b000 	C:\Windows\System32\gdi32full.dll
0x00007ffcbc3c0000 - 0x00007ffcbc45d000 	C:\Windows\System32\msvcp_win.dll
0x00007ffcbd580000 - 0x00007ffcbd5b0000 	C:\Windows\System32\IMM32.DLL
0x00007ffc8e610000 - 0x00007ffc8e6ba000 	C:\Program Files\JetBrains\IntelliJ IDEA Community Edition 2022.1\jbr\bin\msvcp140.dll
0x00007ffc774d0000 - 0x00007ffc7804a000 	C:\Program Files\JetBrains\IntelliJ IDEA Community Edition 2022.1\jbr\bin\server\jvm.dll
0x00007ffcbd620000 - 0x00007ffcbd6cc000 	C:\Windows\System32\ADVAPI32.dll
0x00007ffcbd940000 - 0x00007ffcbd9db000 	C:\Windows\System32\sechost.dll
0x00007ffcbdce0000 - 0x00007ffcbde0a000 	C:\Windows\System32\RPCRT4.dll
0x00007ffcbd1b0000 - 0x00007ffcbd1b8000 	C:\Windows\System32\PSAPI.DLL
0x00007ffcab3e0000 - 0x00007ffcab407000 	C:\Windows\SYSTEM32\WINMM.dll
0x00007ffcb6650000 - 0x00007ffcb6659000 	C:\Windows\SYSTEM32\WSOCK32.dll
0x00007ffcb4f60000 - 0x00007ffcb4f6a000 	C:\Windows\SYSTEM32\VERSION.dll
0x00007ffcbdb00000 - 0x00007ffcbdb6b000 	C:\Windows\System32\WS2_32.dll
0x00007ffcb9a30000 - 0x00007ffcb9a42000 	C:\Windows\SYSTEM32\kernel.appcore.dll
0x00007ffcb6630000 - 0x00007ffcb6641000 	C:\Program Files\JetBrains\IntelliJ IDEA Community Edition 2022.1\jbr\bin\verify.dll
0x00007ffc9ce50000 - 0x00007ffc9d034000 	C:\Windows\SYSTEM32\DBGHELP.DLL
0x00007ffc9cc90000 - 0x00007ffc9ccbc000 	C:\Windows\SYSTEM32\dbgcore.DLL
0x00007ffcbbb30000 - 0x00007ffcbbbb3000 	C:\Windows\System32\bcryptPrimitives.dll
0x00007ffcb4e70000 - 0x00007ffcb4e99000 	C:\Program Files\JetBrains\IntelliJ IDEA Community Edition 2022.1\jbr\bin\java.dll
0x00007ffcb6620000 - 0x00007ffcb662b000 	C:\Program Files\JetBrains\IntelliJ IDEA Community Edition 2022.1\jbr\bin\jimage.dll
0x00007ffcb4030000 - 0x00007ffcb4049000 	C:\Program Files\JetBrains\IntelliJ IDEA Community Edition 2022.1\jbr\bin\zip.dll
0x00007ffcbc5e0000 - 0x00007ffcbcd1f000 	C:\Windows\System32\SHELL32.dll
0x00007ffcb9c30000 - 0x00007ffcba3c0000 	C:\Windows\SYSTEM32\windows.storage.dll
0x00007ffcbcd20000 - 0x00007ffcbd075000 	C:\Windows\System32\combase.dll
0x00007ffcbb580000 - 0x00007ffcbb5ac000 	C:\Windows\SYSTEM32\Wldp.dll
0x00007ffcbde10000 - 0x00007ffcbdebe000 	C:\Windows\System32\SHCORE.dll
0x00007ffcbdec0000 - 0x00007ffcbdf15000 	C:\Windows\System32\shlwapi.dll
0x00007ffcbba70000 - 0x00007ffcbba8f000 	C:\Windows\SYSTEM32\profapi.dll
0x00007ffcb4010000 - 0x00007ffcb402a000 	C:\Program Files\JetBrains\IntelliJ IDEA Community Edition 2022.1\jbr\bin\net.dll
0x00007ffca8bf0000 - 0x00007ffca8cf8000 	C:\Windows\SYSTEM32\WINHTTP.dll
0x00007ffcbb2e0000 - 0x00007ffcbb34a000 	C:\Windows\system32\mswsock.dll
0x00007ffcb3ea0000 - 0x00007ffcb3eb4000 	C:\Program Files\JetBrains\IntelliJ IDEA Community Edition 2022.1\jbr\bin\nio.dll
0x00007ffca7e80000 - 0x00007ffca7ea7000 	C:\Users\Lenovo\.gradle\native\e1d6ef7f7dcc3fd88c89a11ec53ec762bb8ba0a96d01ffa2cd45eb1d1d8dd5c5\windows-amd64\native-platform.dll
0x00007ffc737b0000 - 0x00007ffc738f4000 	C:\Users\Lenovo\.gradle\native\5664cfc778a61ccfe75a443a1ab52a65af34e5dc3c78e0209fed803814484fcb\windows-amd64\native-platform-file-events.dll
0x00007ffcb65b0000 - 0x00007ffcb65ba000 	C:\Program Files\JetBrains\IntelliJ IDEA Community Edition 2022.1\jbr\bin\management.dll
0x00007ffcb5fc0000 - 0x00007ffcb5fcd000 	C:\Program Files\JetBrains\IntelliJ IDEA Community Edition 2022.1\jbr\bin\management_ext.dll
0x00007ffcbb4e0000 - 0x00007ffcbb4f8000 	C:\Windows\SYSTEM32\CRYPTSP.dll
0x00007ffcbabf0000 - 0x00007ffcbac24000 	C:\Windows\system32\rsaenh.dll
0x00007ffcbbbc0000 - 0x00007ffcbbbe7000 	C:\Windows\System32\bcrypt.dll
0x00007ffcbba30000 - 0x00007ffcbba5e000 	C:\Windows\SYSTEM32\USERENV.dll
0x00007ffcbb4d0000 - 0x00007ffcbb4dc000 	C:\Windows\SYSTEM32\CRYPTBASE.dll
0x00007ffcbaf80000 - 0x00007ffcbafbb000 	C:\Windows\SYSTEM32\IPHLPAPI.DLL
0x00007ffcbd5b0000 - 0x00007ffcbd5b8000 	C:\Windows\System32\NSI.dll
0x00007ffcb0650000 - 0x00007ffcb0667000 	C:\Windows\SYSTEM32\dhcpcsvc6.DLL
0x00007ffcb1fe0000 - 0x00007ffcb1ffd000 	C:\Windows\SYSTEM32\dhcpcsvc.DLL
0x00007ffcbafd0000 - 0x00007ffcbb09c000 	C:\Windows\SYSTEM32\DNSAPI.dll

dbghelp: loaded successfully - version: 4.0.5 - missing functions: none
symbol engine: initialized successfully - sym options: 0x614 - pdb path: .;C:\Program Files\JetBrains\IntelliJ IDEA Community Edition 2022.1\jbr\bin;C:\Windows\SYSTEM32;C:\Windows\WinSxS\amd64_microsoft.windows.common-controls_6595b64144ccf1df_6.0.19041.1110_none_60b5254171f9507e;C:\Program Files\JetBrains\IntelliJ IDEA Community Edition 2022.1\jbr\bin\server;C:\Users\Lenovo\.gradle\native\e1d6ef7f7dcc3fd88c89a11ec53ec762bb8ba0a96d01ffa2cd45eb1d1d8dd5c5\windows-amd64;C:\Users\Lenovo\.gradle\native\5664cfc778a61ccfe75a443a1ab52a65af34e5dc3c78e0209fed803814484fcb\windows-amd64

VM Arguments:
jvm_args: --add-opens=java.base/java.util=ALL-UNNAMED --add-opens=java.base/java.lang=ALL-UNNAMED --add-opens=java.base/java.lang.invoke=ALL-UNNAMED --add-opens=java.base/java.util=ALL-UNNAMED --add-opens=java.prefs/java.util.prefs=ALL-UNNAMED --add-opens=java.prefs/java.util.prefs=ALL-UNNAMED --add-opens=java.base/java.nio.charset=ALL-UNNAMED --add-opens=java.base/java.net=ALL-UNNAMED --add-opens=java.base/java.util.concurrent.atomic=ALL-UNNAMED -XX:MaxMetaspaceSize=256m -XX:+HeapDumpOnOutOfMemoryError -Xms256m -Xmx512m -Dfile.encoding=windows-1251 -Duser.country=RU -Duser.language=ru -Duser.variant 
java_command: org.gradle.launcher.daemon.bootstrap.GradleDaemon 7.2
java_class_path (initial): C:\Users\Lenovo\.gradle\wrapper\dists\gradle-7.2-bin\2dnblmf4td7x66yl1d74lt32g\gradle-7.2\lib\gradle-launcher-7.2.jar
Launcher Type: SUN_STANDARD

[Global flags]
     intx CICompilerCount                          = 3                                         {product} {ergonomic}
   size_t CompressedClassSpaceSize                 = 260046848                                 {product} {ergonomic}
     uint ConcGCThreads                            = 1                                         {product} {ergonomic}
     uint G1ConcRefinementThreads                  = 4                                         {product} {ergonomic}
   size_t G1HeapRegionSize                         = 1048576                                   {product} {ergonomic}
    uintx GCDrainStackTargetSize                   = 64                                        {product} {ergonomic}
     bool HeapDumpOnOutOfMemoryError               = true                                   {manageable} {command line}
   size_t InitialHeapSize                          = 268435456                                 {product} {command line}
   size_t MarkStackSize                            = 4194304                                   {product} {ergonomic}
   size_t MaxHeapSize                              = 536870912                                 {product} {command line}
   size_t MaxMetaspaceSize                         = 268435456                                 {product} {command line}
   size_t MaxNewSize                               = 321912832                                 {product} {ergonomic}
   size_t MinHeapDeltaBytes                        = 1048576                                   {product} {ergonomic}
    uintx NonNMethodCodeHeapSize                   = 5830732                                {pd product} {ergonomic}
    uintx NonProfiledCodeHeapSize                  = 122913754                              {pd product} {ergonomic}
    uintx ProfiledCodeHeapSize                     = 122913754                              {pd product} {ergonomic}
    uintx ReservedCodeCacheSize                    = 251658240                              {pd product} {ergonomic}
     bool SegmentedCodeCache                       = true                                      {product} {ergonomic}
     bool UseCompressedClassPointers               = true                                 {lp64_product} {ergonomic}
     bool UseCompressedOops                        = true                                 {lp64_product} {ergonomic}
     bool UseG1GC                                  = true                                      {product} {ergonomic}
     bool UseLargePagesIndividualAllocation        = false                                  {pd product} {ergonomic}

Logging:
Log output configuration:
 #0: stdout all=warning uptime,level,tags
 #1: stderr all=off uptime,level,tags

Environment Variables:
JAVA_HOME=C:\Program Files\Java\jdk-17.0.2
PATH=C:\Program Files\Common Files\Oracle\Java\javapath;C:\Windows\system32;C:\Windows;C:\Windows\System32\Wbem;C:\Windows\System32\WindowsPowerShell\v1.0\;C:\Program Files\Git\cmd;C:\Users\Lenovo\AppData\Roaming\Microsoft\Windows\Start Menu\Programs\Python 3.10;C:\Users\Lenovo\AppData\Local\Programs\Python\Python310\Scripts\;C:\Users\Lenovo\AppData\Local\Programs\Python\Python310\;C:\Users\Lenovo\AppData\Local\Microsoft\WindowsApps;C:\Program Files\Java\jdk-17.0.2\bin;C:\Users\Lenovo\AppData\Local\Pandoc\;C:\Users\Lenovo\AppData\Roaming\Microsoft\Windows\Start Menu\Programs\Python 3.10;
USERNAME=Lenovo
OS=Windows_NT
PROCESSOR_IDENTIFIER=Intel64 Family 6 Model 142 Stepping 9, GenuineIntel



---------------  S Y S T E M  ---------------

OS: Windows 10 , 64 bit Build 19041 (10.0.19041.1202)
OS uptime: 2 days 3:07 hours

CPU:total 4 (initial active 4) (2 cores per cpu, 2 threads per core) family 6 model 142 stepping 9 microcode 0xb4, cmov, cx8, fxsr, mmx, sse, sse2, sse3, ssse3, sse4.1, sse4.2, popcnt, avx, avx2, aes, clmul, erms, 3dnowpref, lzcnt, ht, tsc, tscinvbit, bmi1, bmi2, adx, fma

Memory: 4k page, system-wide physical 8050M (223M free)
TotalPageFile size 8050M (AvailPageFile size 5M)
current process WorkingSet (physical memory assigned to process): 400M, peak: 402M
current process commit charge ("private bytes"): 498M, peak: 499M

vm_info: OpenJDK 64-Bit Server VM (11.0.14.1+1-b2043.25) for windows-amd64 JRE (11.0.14.1+1-b2043.25), built on Mar 30 2022 06:22:56 by "" with MS VC++ 14.0 (VS2015)

END.
